24128,Security,Microsoft-Windows-Security-Auditing,SUCCESS AUDIT,BlackBox,10/31/2015 12:04:03 PM,4688,None,"A new process has been created.    Creator Subject:   Security ID:  S-1-5-18   Account Name:  -   Account Domain:  -   Logon ID:  0x3e7    Target Subject:   Security ID:  S-1-0-0   Account Name:  -   Account Domain:  -   Logon ID:  0x0    Process Information:   New Process ID:  0x2b4   New Process Name: ??????????????e??? ??   Token Elevation Type: TokenElevationTypeDefault (1)     Mandatory Label:  S-1-16-16384   Creator Process ID: 0x2a4   Creator Process Name: ????????????????????4?   Process Command Line: ?????? ???????????????e??????    Token Elevation Type indicates the type of token that was assigned to the new process in accordance with User Account Control policy.    Type 1 is a full token with no privileges removed or groups disabled.  A full token is only used if User Account Control is disabled or if the user is the built-in Administrator account or a service account.    Type 2 is an elevated token with no privileges removed or groups disabled.  An elevated token is used when User Account Control is enabled and the user chooses to start the program using Run as administrator.  An elevated token is also used when an application is configured to always require administrative privilege or to always require maximum privilege, and the user is a member of the Administrators group.    Type 3 is a limited token with administrative privileges removed and administrative groups disabled.  The limited token is used when User Account Control is enabled, the application does not require administrative privilege, and the user does not choose to start the program using Run as administrator.  "
24127,Security,Microsoft-Windows-Security-Auditing,SUCCESS AUDIT,BlackBox,10/31/2015 12:04:03 PM,4688,None,"A new process has been created.    Creator Subject:   Security ID:  S-1-5-18   Account Name:  -   Account Domain:  -   Logon ID:  0x3e7    Target Subject:   Security ID:  S-1-0-0   Account Name:  -   Account Domain:  -   Logon ID:  0x0    Process Information:   New Process ID:  0x2ac   New Process Name: ???????????????e??? ??   Token Elevation Type: TokenElevationTypeDefault (1)     Mandatory Label:  S-1-16-16384   Creator Process ID: 0x20c   Creator Process Name: ????????????????????4   Process Command Line: ?????? ???????????????e??????    Token Elevation Type indicates the type of token that was assigned to the new process in accordance with User Account Control policy.    Type 1 is a full token with no privileges removed or groups disabled.  A full token is only used if User Account Control is disabled or if the user is the built-in Administrator account or a service account.    Type 2 is an elevated token with no privileges removed or groups disabled.  An elevated token is used when User Account Control is enabled and the user chooses to start the program using Run as administrator.  An elevated token is also used when an application is configured to always require administrative privilege or to always require maximum privilege, and the user is a member of the Administrators group.    Type 3 is a limited token with administrative privileges removed and administrative groups disabled.  The limited token is used when User Account Control is enabled, the application does not require administrative privilege, and the user does not choose to start the program using Run as administrator.  "
24126,Security,Microsoft-Windows-Security-Auditing,SUCCESS AUDIT,BlackBox,10/31/2015 12:04:03 PM,4688,None,"A new process has been created.    Creator Subject:   Security ID:  S-1-5-18   Account Name:  -   Account Domain:  -   Logon ID:  0x3e7    Target Subject:   Security ID:  S-1-0-0   Account Name:  -   Account Domain:  -   Logon ID:  0x0    Process Information:   New Process ID:  0x2a4   New Process Name: ??????????????-??6??c?????? ???????????????e??????   Token Elevation Type: TokenElevationTypeDefault (1)     Mandatory Label:  S-1-16-16384   Creator Process ID: 0x1bc   Creator Process Name: ????????????????????4   Process Command Line: ?????? ???????????????e??????    Token Elevation Type indicates the type of token that was assigned to the new process in accordance with User Account Control policy.    Type 1 is a full token with no privileges removed or groups disabled.  A full token is only used if User Account Control is disabled or if the user is the built-in Administrator account or a service account.    Type 2 is an elevated token with no privileges removed or groups disabled.  An elevated token is used when User Account Control is enabled and the user chooses to start the program using Run as administrator.  An elevated token is also used when an application is configured to always require administrative privilege or to always require maximum privilege, and the user is a member of the Administrators group.    Type 3 is a limited token with administrative privileges removed and administrative groups disabled.  The limited token is used when User Account Control is enabled, the application does not require administrative privilege, and the user does not choose to start the program using Run as administrator.  "
24125,Security,Microsoft-Windows-Security-Auditing,SUCCESS AUDIT,BlackBox,10/31/2015 12:04:01 PM,4688,None,"A new process has been created.    Creator Subject:   Security ID:  S-1-5-18   Account Name:  -   Account Domain:  -   Logon ID:  0x3e7    Target Subject:   Security ID:  S-1-0-0   Account Name:  -   Account Domain:  -   Logon ID:  0x0    Process Information:   New Process ID:  0x250   New Process Name: ??????????????e??? ??   Token Elevation Type: TokenElevationTypeDefault (1)     Mandatory Label:  S-1-16-16384   Creator Process ID: 0x20c   Creator Process Name: ????????????????????4?   Process Command Line: ?????? ???????????????e??????    Token Elevation Type indicates the type of token that was assigned to the new process in accordance with User Account Control policy.    Type 1 is a full token with no privileges removed or groups disabled.  A full token is only used if User Account Control is disabled or if the user is the built-in Administrator account or a service account.    Type 2 is an elevated token with no privileges removed or groups disabled.  An elevated token is used when User Account Control is enabled and the user chooses to start the program using Run as administrator.  An elevated token is also used when an application is configured to always require administrative privilege or to always require maximum privilege, and the user is a member of the Administrators group.    Type 3 is a limited token with administrative privileges removed and administrative groups disabled.  The limited token is used when User Account Control is enabled, the application does not require administrative privilege, and the user does not choose to start the program using Run as administrator.  "
24124,Security,Microsoft-Windows-Security-Auditing,SUCCESS AUDIT,BlackBox,10/31/2015 12:04:01 PM,4688,None,"A new process has been created.    Creator Subject:   Security ID:  S-1-5-18   Account Name:  -   Account Domain:  -   Logon ID:  0x3e7    Target Subject:   Security ID:  S-1-0-0   Account Name:  -   Account Domain:  -   Logon ID:  0x0    Process Information:   New Process ID:  0x20c   New Process Name: ??????????????-??6??c?????? ???????????????e??????   Token Elevation Type: TokenElevationTypeDefault (1)     Mandatory Label:  S-1-16-16384   Creator Process ID: 0x1bc   Creator Process Name: ????????????????????4   Process Command Line: ?????? ???????????????e??????    Token Elevation Type indicates the type of token that was assigned to the new process in accordance with User Account Control policy.    Type 1 is a full token with no privileges removed or groups disabled.  A full token is only used if User Account Control is disabled or if the user is the built-in Administrator account or a service account.    Type 2 is an elevated token with no privileges removed or groups disabled.  An elevated token is used when User Account Control is enabled and the user chooses to start the program using Run as administrator.  An elevated token is also used when an application is configured to always require administrative privilege or to always require maximum privilege, and the user is a member of the Administrators group.    Type 3 is a limited token with administrative privileges removed and administrative groups disabled.  The limited token is used when User Account Control is enabled, the application does not require administrative privilege, and the user does not choose to start the program using Run as administrator.  "
24123,Security,Microsoft-Windows-Security-Auditing,SUCCESS AUDIT,BlackBox,10/31/2015 12:03:59 PM,4688,None,"A new process has been created.    Creator Subject:   Security ID:  S-1-5-18   Account Name:  -   Account Domain:  -   Logon ID:  0x3e7    Target Subject:   Security ID:  S-1-0-0   Account Name:  -   Account Domain:  -   Logon ID:  0x0    Process Information:   New Process ID:  0x1c8   New Process Name: ???????????????e??? ??   Token Elevation Type: TokenElevationTypeDefault (1)     Mandatory Label:  S-1-16-16384   Creator Process ID: 0x1bc   Creator Process Name: ????????????????????4   Process Command Line: ?????? ???????????????e??????    Token Elevation Type indicates the type of token that was assigned to the new process in accordance with User Account Control policy.    Type 1 is a full token with no privileges removed or groups disabled.  A full token is only used if User Account Control is disabled or if the user is the built-in Administrator account or a service account.    Type 2 is an elevated token with no privileges removed or groups disabled.  An elevated token is used when User Account Control is enabled and the user chooses to start the program using Run as administrator.  An elevated token is also used when an application is configured to always require administrative privilege or to always require maximum privilege, and the user is a member of the Administrators group.    Type 3 is a limited token with administrative privileges removed and administrative groups disabled.  The limited token is used when User Account Control is enabled, the application does not require administrative privilege, and the user does not choose to start the program using Run as administrator.  "
24122,Security,Microsoft-Windows-Security-Auditing,SUCCESS AUDIT,BlackBox,10/31/2015 12:03:59 PM,4688,None,"A new process has been created.    Creator Subject:   Security ID:  S-1-5-18   Account Name:  -   Account Domain:  -   Logon ID:  0x3e7    Target Subject:   Security ID:  S-1-0-0   Account Name:  -   Account Domain:  -   Logon ID:  0x0    Process Information:   New Process ID:  0x1bc   New Process Name: ??????????????-??6?4?????? ?   Token Elevation Type: TokenElevationTypeDefault (1)     Mandatory Label:  S-1-16-16384   Creator Process ID: 0x4   Creator Process Name: ??????4   Process Command Line: ?????? ?    Token Elevation Type indicates the type of token that was assigned to the new process in accordance with User Account Control policy.    Type 1 is a full token with no privileges removed or groups disabled.  A full token is only used if User Account Control is disabled or if the user is the built-in Administrator account or a service account.    Type 2 is an elevated token with no privileges removed or groups disabled.  An elevated token is used when User Account Control is enabled and the user chooses to start the program using Run as administrator.  An elevated token is also used when an application is configured to always require administrative privilege or to always require maximum privilege, and the user is a member of the Administrators group.    Type 3 is a limited token with administrative privileges removed and administrative groups disabled.  The limited token is used when User Account Control is enabled, the application does not require administrative privilege, and the user does not choose to start the program using Run as administrator.  "
24121,Security,Microsoft-Windows-Security-Auditing,SUCCESS AUDIT,BlackBox,10/31/2015 12:03:59 PM,4826,None,"Boot Configuration Data loaded.    Subject:   Security ID:  S-1-5-18   Account Name:  -   Account Domain:  -   Logon ID:  0x3e7    General Settings:   Load Options:  -   Advanced Options:  No     Configuration Access Policy: Default     System Event Logging: No     Kernel Debugging: No     VSM Launch Type: Off      Signature Settings:   Test Signing:  No     Flight Signing:  No     Disable Integrity Checks: No      HyperVisor Settings:   HyperVisor Load Options: -   HyperVisor Launch Type: Off     HyperVisor Debugging: No    "
24120,Security,Microsoft-Windows-Eventlog,SUCCESS AUDIT,BlackBox,10/31/2015 4:14:02 AM,1100,None,"The event logging service has shut down.  "
24119,Security,Microsoft-Windows-Security-Auditing,SUCCESS AUDIT,BlackBox,10/31/2015 4:13:55 AM,4907,None,"Auditing settings on object were changed.    Subject:   Security ID:  S-1-5-18   Account Name:  BLACKBOX$   Account Domain:  WORKGROUP   Logon ID:  0x3e7    Object:   Object Server: Security   Object Type: File   Object Name: C:\Windows\SysWOW64\Speech_OneCore\Common\sapi_onecore.dll   Handle ID: 0x210    Process Information:   Process ID: 0x2b68   Process Name: C:\Windows\System32\poqexec.exe    Auditing Settings:   Original Security Descriptor: S:AI   New Security Descriptor:  S:ARAI(AU;SAFA;DCLCRPCRSDWDWO;;;WD)  "
24118,Security,Microsoft-Windows-Security-Auditing,SUCCESS AUDIT,BlackBox,10/31/2015 4:13:55 AM,4907,None,"Auditing settings on object were changed.    Subject:   Security ID:  S-1-5-18   Account Name:  BLACKBOX$   Account Domain:  WORKGROUP   Logon ID:  0x3e7    Object:   Object Server: Security   Object Type: File   Object Name: C:\Windows\SysWOW64\en-US\tzres.dll.mui   Handle ID: 0x208    Process Information:   Process ID: 0x2b68   Process Name: C:\Windows\System32\poqexec.exe    Auditing Settings:   Original Security Descriptor: S:AI   New Security Descriptor:  S:ARAI(AU;SAFA;DCLCRPCRSDWDWO;;;WD)  "
24117,Security,Microsoft-Windows-Security-Auditing,SUCCESS AUDIT,BlackBox,10/31/2015 4:13:55 AM,4907,None,"Auditing settings on object were changed.    Subject:   Security ID:  S-1-5-18   Account Name:  BLACKBOX$   Account Domain:  WORKGROUP   Logon ID:  0x3e7    Object:   Object Server: Security   Object Type: File   Object Name: C:\Windows\SysWOW64\Windows.UI.dll   Handle ID: 0x208    Process Information:   Process ID: 0x2b68   Process Name: C:\Windows\System32\poqexec.exe    Auditing Settings:   Original Security Descriptor: S:AI   New Security Descriptor:  S:ARAI(AU;SAFA;DCLCRPCRSDWDWO;;;WD)  "
24116,Security,Microsoft-Windows-Security-Auditing,SUCCESS AUDIT,BlackBox,10/31/2015 4:13:55 AM,4907,None,"Auditing settings on object were changed.    Subject:   Security ID:  S-1-5-18   Account Name:  BLACKBOX$   Account Domain:  WORKGROUP   Logon ID:  0x3e7    Object:   Object Server: Security   Object Type: File   Object Name: C:\Windows\SysWOW64\Windows.StateRepository.dll   Handle ID: 0x200    Process Information:   Process ID: 0x2b68   Process Name: C:\Windows\System32\poqexec.exe    Auditing Settings:   Original Security Descriptor: S:AI   New Security Descriptor:  S:ARAI(AU;SAFA;DCLCRPCRSDWDWO;;;WD)  "
24115,Security,Microsoft-Windows-Security-Auditing,SUCCESS AUDIT,BlackBox,10/31/2015 4:13:55 AM,4907,None,"Auditing settings on object were changed.    Subject:   Security ID:  S-1-5-18   Account Name:  BLACKBOX$   Account Domain:  WORKGROUP   Logon ID:  0x3e7    Object:   Object Server: Security   Object Type: File   Object Name: C:\Windows\SysWOW64\Windows.Media.dll   Handle ID: 0x1fc    Process Information:   Process ID: 0x2b68   Process Name: C:\Windows\System32\poqexec.exe    Auditing Settings:   Original Security Descriptor: S:AI   New Security Descriptor:  S:ARAI(AU;SAFA;DCLCRPCRSDWDWO;;;WD)  "
24114,Security,Microsoft-Windows-Security-Auditing,SUCCESS AUDIT,BlackBox,10/31/2015 4:13:55 AM,4907,None,"Auditing settings on object were changed.    Subject:   Security ID:  S-1-5-18   Account Name:  BLACKBOX$   Account Domain:  WORKGROUP   Logon ID:  0x3e7    Object:   Object Server: Security   Object Type: File   Object Name: C:\Windows\SysWOW64\Windows.Devices.Usb.dll   Handle ID: 0x1fc    Process Information:   Process ID: 0x2b68   Process Name: C:\Windows\System32\poqexec.exe    Auditing Settings:   Original Security Descriptor: S:AI   New Security Descriptor:  S:ARAI(AU;SAFA;DCLCRPCRSDWDWO;;;WD)  "
24113,Security,Microsoft-Windows-Security-Auditing,SUCCESS AUDIT,BlackBox,10/31/2015 4:13:55 AM,4907,None,"Auditing settings on object were changed.    Subject:   Security ID:  S-1-5-18   Account Name:  BLACKBOX$   Account Domain:  WORKGROUP   Logon ID:  0x3e7    Object:   Object Server: Security   Object Type: File   Object Name: C:\Windows\SysWOW64\urlmon.dll   Handle ID: 0x1f4    Process Information:   Process ID: 0x2b68   Process Name: C:\Windows\System32\poqexec.exe    Auditing Settings:   Original Security Descriptor: S:AI   New Security Descriptor:  S:ARAI(AU;SAFA;DCLCRPCRSDWDWO;;;WD)  "
24112,Security,Microsoft-Windows-Security-Auditing,SUCCESS AUDIT,BlackBox,10/31/2015 4:13:55 AM,4907,None,"Auditing settings on object were changed.    Subject:   Security ID:  S-1-5-18   Account Name:  BLACKBOX$   Account Domain:  WORKGROUP   Logon ID:  0x3e7    Object:   Object Server: Security   Object Type: File   Object Name: C:\Windows\SysWOW64\mshtml.dll   Handle ID: 0x1f4    Process Information:   Process ID: 0x2b68   Process Name: C:\Windows\System32\poqexec.exe    Auditing Settings:   Original Security Descriptor: S:AI   New Security Descriptor:  S:ARAI(AU;SAFA;DCLCRPCRSDWDWO;;;WD)  "
24111,Security,Microsoft-Windows-Security-Auditing,SUCCESS AUDIT,BlackBox,10/31/2015 4:13:55 AM,4907,None,"Auditing settings on object were changed.    Subject:   Security ID:  S-1-5-18   Account Name:  BLACKBOX$   Account Domain:  WORKGROUP   Logon ID:  0x3e7    Object:   Object Server: Security   Object Type: File   Object Name: C:\Windows\SysWOW64\MFMediaEngine.dll   Handle ID: 0x1f4    Process Information:   Process ID: 0x2b68   Process Name: C:\Windows\System32\poqexec.exe    Auditing Settings:   Original Security Descriptor: S:AI   New Security Descriptor:  S:ARAI(AU;SAFA;DCLCRPCRSDWDWO;;;WD)  "
24110,Security,Microsoft-Windows-Security-Auditing,SUCCESS AUDIT,BlackBox,10/31/2015 4:13:55 AM,4907,None,"Auditing settings on object were changed.    Subject:   Security ID:  S-1-5-18   Account Name:  BLACKBOX$   Account Domain:  WORKGROUP   Logon ID:  0x3e7    Object:   Object Server: Security   Object Type: File   Object Name: C:\Windows\SysWOW64\LicenseManager.dll   Handle ID: 0x1f4    Process Information:   Process ID: 0x2b68   Process Name: C:\Windows\System32\poqexec.exe    Auditing Settings:   Original Security Descriptor: S:AI   New Security Descriptor:  S:ARAI(AU;SAFA;DCLCRPCRSDWDWO;;;WD)  "
24109,Security,Microsoft-Windows-Security-Auditing,SUCCESS AUDIT,BlackBox,10/31/2015 4:13:55 AM,4907,None,"Auditing settings on object were changed.    Subject:   Security ID:  S-1-5-18   Account Name:  BLACKBOX$   Account Domain:  WORKGROUP   Logon ID:  0x3e7    Object:   Object Server: Security   Object Type: File   Object Name: C:\Windows\SysWOW64\iertutil.dll   Handle ID: 0x1ec    Process Information:   Process ID: 0x2b68   Process Name: C:\Windows\System32\poqexec.exe    Auditing Settings:   Original Security Descriptor: S:AI   New Security Descriptor:  S:ARAI(AU;SAFA;DCLCRPCRSDWDWO;;;WD)  "
24108,Security,Microsoft-Windows-Security-Auditing,SUCCESS AUDIT,BlackBox,10/31/2015 4:13:55 AM,4907,None,"Auditing settings on object were changed.    Subject:   Security ID:  S-1-5-18   Account Name:  BLACKBOX$   Account Domain:  WORKGROUP   Logon ID:  0x3e7    Object:   Object Server: Security   Object Type: File   Object Name: C:\Windows\SysWOW64\esent.dll   Handle ID: 0x1f4    Process Information:   Process ID: 0x2b68   Process Name: C:\Windows\System32\poqexec.exe    Auditing Settings:   Original Security Descriptor: S:AI   New Security Descriptor:  S:ARAI(AU;SAFA;DCLCRPCRSDWDWO;;;WD)  "
24107,Security,Microsoft-Windows-Security-Auditing,SUCCESS AUDIT,BlackBox,10/31/2015 4:13:55 AM,4907,None,"Auditing settings on object were changed.    Subject:   Security ID:  S-1-5-18   Account Name:  BLACKBOX$   Account Domain:  WORKGROUP   Logon ID:  0x3e7    Object:   Object Server: Security   Object Type: File   Object Name: C:\Windows\SysWOW64\edgehtml.dll   Handle ID: 0x1f4    Process Information:   Process ID: 0x2b68   Process Name: C:\Windows\System32\poqexec.exe    Auditing Settings:   Original Security Descriptor: S:AI   New Security Descriptor:  S:ARAI(AU;SAFA;DCLCRPCRSDWDWO;;;WD)  "
24106,Security,Microsoft-Windows-Security-Auditing,SUCCESS AUDIT,BlackBox,10/31/2015 4:13:55 AM,4907,None,"Auditing settings on object were changed.    Subject:   Security ID:  S-1-5-18   Account Name:  BLACKBOX$   Account Domain:  WORKGROUP   Logon ID:  0x3e7    Object:   Object Server: Security   Object Type: File   Object Name: C:\Windows\SysWOW64\dlnashext.dll   Handle ID: 0x1ec    Process Information:   Process ID: 0x2b68   Process Name: C:\Windows\System32\poqexec.exe    Auditing Settings:   Original Security Descriptor: S:AI   New Security Descriptor:  S:ARAI(AU;SAFA;DCLCRPCRSDWDWO;;;WD)  "
24105,Security,Microsoft-Windows-Security-Auditing,SUCCESS AUDIT,BlackBox,10/31/2015 4:13:55 AM,4907,None,"Auditing settings on object were changed.    Subject:   Security ID:  S-1-5-18   Account Name:  BLACKBOX$   Account Domain:  WORKGROUP   Logon ID:  0x3e7    Object:   Object Server: Security   Object Type: File   Object Name: C:\Windows\SystemResources\Windows.Data.TimeZones\pris\Windows.Data.TimeZones.zh-TW.pri   Handle ID: 0x1e4    Process Information:   Process ID: 0x2b68   Process Name: C:\Windows\System32\poqexec.exe    Auditing Settings:   Original Security Descriptor: S:AI   New Security Descriptor:  S:ARAI(AU;SAFA;DCLCRPCRSDWDWO;;;WD)  "
24104,Security,Microsoft-Windows-Security-Auditing,SUCCESS AUDIT,BlackBox,10/31/2015 4:13:55 AM,4907,None,"Auditing settings on object were changed.    Subject:   Security ID:  S-1-5-18   Account Name:  BLACKBOX$   Account Domain:  WORKGROUP   Logon ID:  0x3e7    Object:   Object Server: Security   Object Type: File   Object Name: C:\Windows\SystemResources\Windows.Data.TimeZones\pris\Windows.Data.TimeZones.zh-HK.pri   Handle ID: 0x1e4    Process Information:   Process ID: 0x2b68   Process Name: C:\Windows\System32\poqexec.exe    Auditing Settings:   Original Security Descriptor: S:AI   New Security Descriptor:  S:ARAI(AU;SAFA;DCLCRPCRSDWDWO;;;WD)  "
24103,Security,Microsoft-Windows-Security-Auditing,SUCCESS AUDIT,BlackBox,10/31/2015 4:13:55 AM,4907,None,"Auditing settings on object were changed.    Subject:   Security ID:  S-1-5-18   Account Name:  BLACKBOX$   Account Domain:  WORKGROUP   Logon ID:  0x3e7    Object:   Object Server: Security   Object Type: File   Object Name: C:\Windows\SystemResources\Windows.Data.TimeZones\pris\Windows.Data.TimeZones.zh-CN.pri   Handle ID: 0x1dc    Process Information:   Process ID: 0x2b68   Process Name: C:\Windows\System32\poqexec.exe    Auditing Settings:   Original Security Descriptor: S:AI   New Security Descriptor:  S:ARAI(AU;SAFA;DCLCRPCRSDWDWO;;;WD)  "
24102,Security,Microsoft-Windows-Security-Auditing,SUCCESS AUDIT,BlackBox,10/31/2015 4:13:55 AM,4907,None,"Auditing settings on object were changed.    Subject:   Security ID:  S-1-5-18   Account Name:  BLACKBOX$   Account Domain:  WORKGROUP   Logon ID:  0x3e7    Object:   Object Server: Security   Object Type: File   Object Name: C:\Windows\SystemResources\Windows.Data.TimeZones\pris\Windows.Data.TimeZones.uk-UA.pri   Handle ID: 0x1d8    Process Information:   Process ID: 0x2b68   Process Name: C:\Windows\System32\poqexec.exe    Auditing Settings:   Original Security Descriptor: S:AI   New Security Descriptor:  S:ARAI(AU;SAFA;DCLCRPCRSDWDWO;;;WD)  "
24101,Security,Microsoft-Windows-Security-Auditing,SUCCESS AUDIT,BlackBox,10/31/2015 4:13:55 AM,4907,None,"Auditing settings on object were changed.    Subject:   Security ID:  S-1-5-18   Account Name:  BLACKBOX$   Account Domain:  WORKGROUP   Logon ID:  0x3e7    Object:   Object Server: Security   Object Type: File   Object Name: C:\Windows\SystemResources\Windows.Data.TimeZones\pris\Windows.Data.TimeZones.tr-TR.pri   Handle ID: 0x1d0    Process Information:   Process ID: 0x2b68   Process Name: C:\    Auditing Settings:   Original Security Descriptor: S:AI   New Security Descriptor:  S:ARAI(AU;SAFA;DC????CRSDWDWO;;;WD)  "
24100,Security,Microsoft-Windows-Security-Auditing,SUCCESS AUDIT,BlackBox,10/31/2015 4:13:55 AM,4907,None,"Auditing settings on object were changed.    Subject:   Security ID:  S-1-5-18   Account Name:  BLACKBOX$   Account Domain:  WORKGROUP   Logon ID:  0x3e7    Object:   Object Server: Security   Object Type: File   Object Name: C:\Windows\SystemResources\Windows.Data.TimeZones\pris\Windows.Data.TimeZones.th-TH.pri   Handle ID: 0x1c8    Process Information:   Process ID: 0x2b68   Process Name: C:\Windows\System32\poqexec.exe    Auditing Settings:   Original Security Descriptor: S:AI   New Security Descriptor:  S:ARAI(AU;SAFA;DCLCRPCRSDWDWO;;;WD)  "
24099,Security,Microsoft-Windows-Security-Auditing,SUCCESS AUDIT,BlackBox,10/31/2015 4:13:55 AM,4907,None,"Auditing settings on object were changed.    Subject:   Security ID:  S-1-5-18   Account Name:  BLACKBOX$   Account Domain:  WORKGROUP   Logon ID:  0x3e7    Object:   Object Server: Security   Object Type: File   Object Name: C:\Windows\SystemResources\Windows.Data.TimeZones\pris\Windows.Data.TimeZones.sv-SE.pri   Handle ID: 0x1c0    Process Information:   Process ID: 0x2b68   Process Name: C:\Windows\System32\poqexec.exe    Auditing Settings:   Original Security Descriptor: S:AI   New Security Descriptor:  S:ARAI(AU;SAFA;DCLCRPCRSDWDWO;;;WD)  "
24098,Security,Microsoft-Windows-Security-Auditing,SUCCESS AUDIT,BlackBox,10/31/2015 4:13:55 AM,4907,None,"Auditing settings on object were changed.    Subject:   Security ID:  S-1-5-18   Account Name:  BLACKBOX$   Account Domain:  WORKGROUP   Logon ID:  0x3e7    Object:   Object Server: Security   Object Type: File   Object Name: C:\Windows\SystemResources\Windows.Data.TimeZones\pris\Windows.Data.TimeZones.sr-Latn-RS.pri   Handle ID: 0x1b8    Process Information:   Process ID: 0x2b68   Process Name: C:\Windows\System32\poqexec.exe    Auditing Settings:   Original Security Descriptor: S:AI   New Security Descriptor:  S:ARAI(AU;SAFA;DCLCRPCRSDWDWO;;;WD)  "
24097,Security,Microsoft-Windows-Security-Auditing,SUCCESS AUDIT,BlackBox,10/31/2015 4:13:55 AM,4907,None,"Auditing settings on object were changed.    Subject:   Security ID:  S-1-5-18   Account Name:  BLACKBOX$   Account Domain:  WORKGROUP   Logon ID:  0x3e7    Object:   Object Server: Security   Object Type: File   Object Name: C:\Windows\SystemResources\Windows.Data.TimeZones\pris\Windows.Data.TimeZones.sr-Latn-CS.pri   Handle ID: 0x1b0    Process Information:   Process ID: 0x2b68   Process Name: C:\Windows\System32\poqexec.exe    Auditing Settings:   Original Security Descriptor: S:AI   New Security Descriptor:  S:ARAI(AU;SAFA;DCLCRPCRSDWDWO;;;WD)  "
24096,Security,Microsoft-Windows-Security-Auditing,SUCCESS AUDIT,BlackBox,10/31/2015 4:13:55 AM,4907,None,"Auditing settings on object were changed.    Subject:   Security ID:  S-1-5-18   Account Name:  BLACKBOX$   Account Domain:  WORKGROUP   Logon ID:  0x3e7    Object:   Object Server: Security   Object Type: File   Object Name: C:\Windows\SystemResources\Windows.Data.TimeZones\pris\Windows.Data.TimeZones.sl-SI.pri   Handle ID: 0x1a8    Process Information:   Process ID: 0x2b68   Process Name: C:\Windows\System32\poqexec.exe    Auditing Settings:   Original Security Descriptor: S:AI   New Security Descriptor:  S:ARAI(AU;SAFA;DCLCRPCRSDWDWO;;;WD)  "
24095,Security,Microsoft-Windows-Security-Auditing,SUCCESS AUDIT,BlackBox,10/31/2015 4:13:55 AM,4907,None,"Auditing settings on object were changed.    Subject:   Security ID:  S-1-5-18   Account Name:  BLACKBOX$   Account Domain:  WORKGROUP   Logon ID:  0x3e7    Object:   Object Server: Security   Object Type: File   Object Name: C:\Windows\SystemResources\Windows.Data.TimeZones\pris\Windows.Data.TimeZones.sk-SK.pri   Handle ID: 0x1a0    Process Information:   Process ID: 0x2b68   Process Name: C:\Windows\System32\poqexec.exe    Auditing Settings:   Original Security Descriptor: S:AI   New Security Descriptor:  S:ARAI(AU;SAFA;DCLCRPCRSDWDWO;;;WD)  "
24094,Security,Microsoft-Windows-Security-Auditing,SUCCESS AUDIT,BlackBox,10/31/2015 4:13:55 AM,4907,None,"Auditing settings on object were changed.    Subject:   Security ID:  S-1-5-18   Account Name:  BLACKBOX$   Account Domain:  WORKGROUP   Logon ID:  0x3e7    Object:   Object Server: Security   Object Type: File   Object Name: C:\Windows\SystemResources\Windows.Data.TimeZones\pris\Windows.Data.TimeZones.ru-RU.pri   Handle ID: 0x198    Process Information:   Process ID: 0x2b68   Process Name: C:\Windows\System32\poqexec.exe    Auditing Settings:   Original Security Descriptor: S:AI   New Security Descriptor:  S:ARAI(AU;SAFA;DCLCRPCRSDWDWO;;;WD)  "
24093,Security,Microsoft-Windows-Security-Auditing,SUCCESS AUDIT,BlackBox,10/31/2015 4:13:55 AM,4907,None,"Auditing settings on object were changed.    Subject:   Security ID:  S-1-5-18   Account Name:  BLACKBOX$   Account Domain:  WORKGROUP   Logon ID:  0x3e7    Object:   Object Server: Security   Object Type: File   Object Name: C:\Windows\SystemResources\Windows.Data.TimeZones\pris\Windows.Data.TimeZones.ro-RO.pri   Handle ID: 0x190    Process Information:   Process ID: 0x2b68   Process Name: C:\Windows\System32\poqexec.exe    Auditing Settings:   Original Security Descriptor: S:AI   New Security Descriptor:  S:ARAI(AU;SAFA;DCLCRPCRSDWDWO;;;WD)  "
24092,Security,Microsoft-Windows-Security-Auditing,SUCCESS AUDIT,BlackBox,10/31/2015 4:13:55 AM,4907,None,"Auditing settings on object were changed.    Subject:   Security ID:  S-1-5-18   Account Name:  BLACKBOX$   Account Domain:  WORKGROUP   Logon ID:  0x3e7    Object:   Object Server: Security   Object Type: File   Object Name: C:\Windows\SystemResources\Windows.Data.TimeZones\pris\Windows.Data.TimeZones.pt-PT.pri   Handle ID: 0x190    Process Information:   Process ID: 0x2b68   Process Name: C:\Windows\System32\poqexec.exe    Auditing Settings:   Original Security Descriptor: S:AI   New Security Descriptor:  S:ARAI(AU;SAFA;DCLCRPCRSDWDWO;;;WD)  "
24091,Security,Microsoft-Windows-Security-Auditing,SUCCESS AUDIT,BlackBox,10/31/2015 4:13:55 AM,4907,None,"Auditing settings on object were changed.    Subject:   Security ID:  S-1-5-18   Account Name:  BLACKBOX$   Account Domain:  WORKGROUP   Logon ID:  0x3e7    Object:   Object Server: Security   Object Type: File   Object Name: C:\Windows\SystemResources\Windows.Data.TimeZones\pris\Windows.Data.TimeZones.pt-BR.pri   Handle ID: 0x188    Process Information:   Process ID: 0x2b68   Process Name: C:\Windows\System32\poqexec.exe    Auditing Settings:   Original Security Descriptor: S:AI   New Security Descriptor:  S:ARAI(AU;SAFA;DCLCRPCRSDWDWO;;;WD)  "
24090,Security,Microsoft-Windows-Security-Auditing,SUCCESS AUDIT,BlackBox,10/31/2015 4:13:55 AM,4907,None,"Auditing settings on object were changed.    Subject:   Security ID:  S-1-5-18   Account Name:  BLACKBOX$   Account Domain:  WORKGROUP   Logon ID:  0x3e7    Object:   Object Server: Security   Object Type: File   Object Name: C:\Windows\SystemResources\Windows.Data.TimeZones\pris\Windows.Data.TimeZones.pl-PL.pri   Handle ID: 0x180    Process Information:   Process ID: 0x2b68   Process Name: C:\Windows\System32\poqexec.exe    Auditing Settings:   Original Security Descriptor: S:AI   New Security Descriptor:  S:ARAI(AU;SAFA;DCLCRPCRSDWDWO;;;WD)  "
24089,Security,Microsoft-Windows-Security-Auditing,SUCCESS AUDIT,BlackBox,10/31/2015 4:13:55 AM,4907,None,"Auditing settings on object were changed.    Subject:   Security ID:  S-1-5-18   Account Name:  BLACKBOX$   Account Domain:  WORKGROUP   Logon ID:  0x3e7    Object:   Object Server: Security   Object Type: File   Object Name: C:\Windows\SystemResources\Windows.Data.TimeZones\pris\Windows.Data.TimeZones.nl-NL.pri   Handle ID: 0x178    Process Information:   Process ID: 0x2b68   Process Name: C:\Windows\System32\poqexec.exe    Auditing Settings:   Original Security Descriptor: S:AI   New Security Descriptor:  S:ARAI(AU;SAFA;DCLCRPCRSDWDWO;;;WD)  "
24088,Security,Microsoft-Windows-Security-Auditing,SUCCESS AUDIT,BlackBox,10/31/2015 4:13:55 AM,4907,None,"Auditing settings on object were changed.    Subject:   Security ID:  S-1-5-18   Account Name:  BLACKBOX$   Account Domain:  WORKGROUP   Logon ID:  0x3e7    Object:   Object Server: Security   Object Type: File   Object Name: C:\Windows\SystemResources\Windows.Data.TimeZones\pris\Windows.Data.TimeZones.nb-NO.pri   Handle ID: 0x170    Process Information:   Process ID: 0x2b68   Process Name: C:\Windows\System32\poqexec.exe    Auditing Settings:   Original Security Descriptor: S:AI   New Security Descriptor:  S:ARAI(AU;SAFA;DCLCRPCRSDWDWO;;;WD)  "
24087,Security,Microsoft-Windows-Security-Auditing,SUCCESS AUDIT,BlackBox,10/31/2015 4:13:55 AM,4907,None,"Auditing settings on object were changed.    Subject:   Security ID:  S-1-5-18   Account Name:  BLACKBOX$   Account Domain:  WORKGROUP   Logon ID:  0x3e7    Object:   Object Server: Security   Object Type: File   Object Name: C:\Windows\SystemResources\Windows.Data.TimeZones\pris\Windows.Data.TimeZones.lv-LV.pri   Handle ID: 0x168    Process Information:   Process ID: 0x2b68   Process Name: C:\Windows\System32\poqexec.exe    Auditing Settings:   Original Security Descriptor: S:AI   New Security Descriptor:  S:ARAI(AU;SAFA;DCLCRPCRSDWDWO;;;WD)  "
24086,Security,Microsoft-Windows-Security-Auditing,SUCCESS AUDIT,BlackBox,10/31/2015 4:13:55 AM,4907,None,"Auditing settings on object were changed.    Subject:   Security ID:  S-1-5-18   Account Name:  BLACKBOX$   Account Domain:  WORKGROUP   Logon ID:  0x3e7    Object:   Object Server: Security   Object Type: File   Object Name: C:\Windows\SystemResources\Windows.Data.TimeZones\pris\Windows.Data.TimeZones.lt-LT.pri   Handle ID: 0x160    Process Information:   Process ID: 0x2b68   Process Name: C:\Windows\System32\poqexec.exe    Auditing Settings:   Original Security Descriptor: S:AI   New Security Descriptor:  S:ARAI(AU;SAFA;DCLCRPCRSDWDWO;;;WD)  "
24085,Security,Microsoft-Windows-Security-Auditing,SUCCESS AUDIT,BlackBox,10/31/2015 4:13:55 AM,4907,None,"Auditing settings on object were changed.    Subject:   Security ID:  S-1-5-18   Account Name:  BLACKBOX$   Account Domain:  WORKGROUP   Logon ID:  0x3e7    Object:   Object Server: Security   Object Type: File   Object Name: C:\Windows\SystemResources\Windows.Data.TimeZones\pris\Windows.Data.TimeZones.ko-KR.pri   Handle ID: 0x158    Process Information:   Process ID: 0x2b68   Process Name: C:\Windows\System32\poqexec.exe    Auditing Settings:   Original Security Descriptor: S:AI   New Security Descriptor:  S:ARAI(AU;SAFA;DCLCRPCRSDWDWO;;;WD)  "
24084,Security,Microsoft-Windows-Security-Auditing,SUCCESS AUDIT,BlackBox,10/31/2015 4:13:55 AM,4907,None,"Auditing settings on object were changed.    Subject:   Security ID:  S-1-5-18   Account Name:  BLACKBOX$   Account Domain:  WORKGROUP   Logon ID:  0x3e7    Object:   Object Server: Security   Object Type: File   Object Name: C:\Windows\SystemResources\Windows.Data.TimeZones\pris\Windows.Data.TimeZones.ja-JP.pri   Handle ID: 0x150    Process Information:   Process ID: 0x2b68   Process Name: C:\Windows\System32\poqexec.exe    Auditing Settings:   Original Security Descriptor: S:AI   New Security Descriptor:  S:ARAI(AU;SAFA;DCLCRPCRSDWDWO;;;WD)  "
24083,Security,Microsoft-Windows-Security-Auditing,SUCCESS AUDIT,BlackBox,10/31/2015 4:13:55 AM,4907,None,"Auditing settings on object were changed.    Subject:   Security ID:  S-1-5-18   Account Name:  BLACKBOX$   Account Domain:  WORKGROUP   Logon ID:  0x3e7    Object:   Object Server: Security   Object Type: File   Object Name: C:\Windows\SystemResources\Windows.Data.TimeZones\pris\Windows.Data.TimeZones.it-IT.pri   Handle ID: 0x148    Process Information:   Process ID: 0x2b68   Process Name: C:\Windows\System32\poqexec.exe    Auditing Settings:   Original Security Descriptor: S:AI   New Security Descriptor:  S:ARAI(AU;SAFA;DCLCRPCRSDWDWO;;;WD)  "
24082,Security,Microsoft-Windows-Security-Auditing,SUCCESS AUDIT,BlackBox,10/31/2015 4:13:55 AM,4907,None,"Auditing settings on object were changed.    Subject:   Security ID:  S-1-5-18   Account Name:  BLACKBOX$   Account Domain:  WORKGROUP   Logon ID:  0x3e7    Object:   Object Server: Security   Object Type: File   Object Name: C:\Windows\SystemResources\Windows.Data.TimeZones\pris\Windows.Data.TimeZones.hu-HU.pri   Handle ID: 0x140    Process Information:   Process ID: 0x2b68   Process Name: C:\Windows\System32\poqexec.exe    Auditing Settings:   Original Security Descriptor: S:AI   New Security Descriptor:  S:ARAI(AU;SAFA;DCLCRPCRSDWDWO;;;WD)  "
24081,Security,Microsoft-Windows-Security-Auditing,SUCCESS AUDIT,BlackBox,10/31/2015 4:13:55 AM,4907,None,"Auditing settings on object were changed.    Subject:   Security ID:  S-1-5-18   Account Name:  BLACKBOX$   Account Domain:  WORKGROUP   Logon ID:  0x3e7    Object:   Object Server: Security   Object Type: File   Object Name: C:\Windows\SystemResources\Windows.Data.TimeZones\pris\Windows.Data.TimeZones.hr-HR.pri   Handle ID: 0x138    Process Information:   Process ID: 0x2b68   Process Name: C:\Windows\System32\poqexec.exe    Auditing Settings:   Original Security Descriptor: S:AI   New Security Descriptor:  S:ARAI(AU;SAFA;DCLCRPCRSDWDWO;;;WD)  "
24080,Security,Microsoft-Windows-Security-Auditing,SUCCESS AUDIT,BlackBox,10/31/2015 4:13:55 AM,4907,None,"Auditing settings on object were changed.    Subject:   Security ID:  S-1-5-18   Account Name:  BLACKBOX$   Account Domain:  WORKGROUP   Logon ID:  0x3e7    Object:   Object Server: Security   Object Type: File   Object Name: C:\Windows\SystemResources\Windows.Data.TimeZones\pris\Windows.Data.TimeZones.he-IL.pri   Handle ID: 0xc8    Process Information:   Process ID: 0x2b68   Process Name: C:\Windows\System32\poqexec.exe    Auditing Settings:   Original Security Descriptor: S:AI   New Security Descriptor:  S:ARAI(AU;SAFA;DCLCRPCRSDWDWO;;;WD)  "
24079,Security,Microsoft-Windows-Security-Auditing,SUCCESS AUDIT,BlackBox,10/31/2015 4:13:55 AM,4907,None,"Auditing settings on object were changed.    Subject:   Security ID:  S-1-5-18   Account Name:  BLACKBOX$   Account Domain:  WORKGROUP   Logon ID:  0x3e7    Object:   Object Server: Security   Object Type: File   Object Name: C:\Windows\SystemResources\Windows.Data.TimeZones\pris\Windows.Data.TimeZones.fr-FR.pri   Handle ID: 0xc8    Process Information:   Process ID: 0x2b68   Process Name: C:\Windows\System32\poqexec.exe    Auditing Settings:   Original Security Descriptor: S:AI   New Security Descriptor:  S:ARAI(AU;SAFA;DCLCRPCRSDWDWO;;;WD)  "
24078,Security,Microsoft-Windows-Security-Auditing,SUCCESS AUDIT,BlackBox,10/31/2015 4:13:55 AM,4907,None,"Auditing settings on object were changed.    Subject:   Security ID:  S-1-5-18   Account Name:  BLACKBOX$   Account Domain:  WORKGROUP   Logon ID:  0x3e7    Object:   Object Server: Security   Object Type: File   Object Name: C:\Windows\SystemResources\Windows.Data.TimeZones\pris\Windows.Data.TimeZones.fr-CA.pri   Handle ID: 0x130    Process Information:   Process ID: 0x2b68   Process Name: C:\Windows\System32\poqexec.exe    Auditing Settings:   Original Security Descriptor: S:AI   New Security Descriptor:  S:ARAI(AU;SAFA;DCLCRPCRSDWDWO;;;WD)  "
24077,Security,Microsoft-Windows-Security-Auditing,SUCCESS AUDIT,BlackBox,10/31/2015 4:13:55 AM,4907,None,"Auditing settings on object were changed.    Subject:   Security ID:  S-1-5-18   Account Name:  BLACKBOX$   Account Domain:  WORKGROUP   Logon ID:  0x3e7    Object:   Object Server: Security   Object Type: File   Object Name: C:\Windows\SystemResources\Windows.Data.TimeZones\pris\Windows.Data.TimeZones.fi-FI.pri   Handle ID: 0x128    Process Information:   Process ID: 0x2b68   Process Name: C:\Windows\System32\poqexec.exe    Auditing Settings:   Original Security Descriptor: S:AI   New Security Descriptor:  S:ARAI(AU;SAFA;DCLCRPCRSDWDWO;;;WD)  "
24076,Security,Microsoft-Windows-Security-Auditing,SUCCESS AUDIT,BlackBox,10/31/2015 4:13:55 AM,4907,None,"Auditing settings on object were changed.    Subject:   Security ID:  S-1-5-18   Account Name:  BLACKBOX$   Account Domain:  WORKGROUP   Logon ID:  0x3e7    Object:   Object Server: Security   Object Type: File   Object Name: C:\Windows\SystemResources\Windows.Data.TimeZones\pris\Windows.Data.TimeZones.et-EE.pri   Handle ID: 0x120    Process Information:   Process ID: 0x2b68   Process Name: C:\Windows\System32\poqexec.exe    Auditing Settings:   Original Security Descriptor: S:AI   New Security Descriptor:  S:ARAI(AU;SAFA;DCLCRPCRSDWDWO;;;WD)  "
24075,Security,Microsoft-Windows-Security-Auditing,SUCCESS AUDIT,BlackBox,10/31/2015 4:13:55 AM,4907,None,"Auditing settings on object were changed.    Subject:   Security ID:  S-1-5-18   Account Name:  BLACKBOX$   Account Domain:  WORKGROUP   Logon ID:  0x3e7    Object:   Object Server: Security   Object Type: File   Object Name: C:\Windows\SystemResources\Windows.Data.TimeZones\pris\Windows.Data.TimeZones.es-MX.pri   Handle ID: 0x118    Process Information:   Process ID: 0x2b68   Process Name: C:\Windows\System32\poqexec.exe    Auditing Settings:   Original Security Descriptor: S:AI   New Security Descriptor:  S:ARAI(AU;SAFA;DCLCRPCRSDWDWO;;;WD)  "
24074,Security,Microsoft-Windows-Security-Auditing,SUCCESS AUDIT,BlackBox,10/31/2015 4:13:55 AM,4907,None,"Auditing settings on object were changed.    Subject:   Security ID:  S-1-5-18   Account Name:  BLACKBOX$   Account Domain:  WORKGROUP   Logon ID:  0x3e7    Object:   Object Server: Security   Object Type: File   Object Name: C:\Windows\SystemResources\Windows.Data.TimeZones\pris\Windows.Data.TimeZones.es-ES.pri   Handle ID: 0x110    Process Information:   Process ID: 0x2b68   Process Name: C:\Windows\System32\poqexec.exe    Auditing Settings:   Original Security Descriptor: S:AI   New Security Descriptor:  S:ARAI(AU;SAFA;DCLCRPCRSDWDWO;;;WD)  "
24073,Security,Microsoft-Windows-Security-Auditing,SUCCESS AUDIT,BlackBox,10/31/2015 4:13:55 AM,4907,None,"Auditing settings on object were changed.    Subject:   Security ID:  S-1-5-18   Account Name:  BLACKBOX$   Account Domain:  WORKGROUP   Logon ID:  0x3e7    Object:   Object Server: Security   Object Type: File   Object Name: C:\Windows\SystemResources\Windows.Data.TimeZones\pris\Windows.Data.TimeZones.en-US.pri   Handle ID: 0x108    Process Information:   Process ID: 0x2b68   Process Name: C:\Windows\System32\poqexec.exe    Auditing Settings:   Original Security Descriptor: S:AI   New Security Descriptor:  S:ARAI(AU;SAFA;DCLCRPCRSDWDWO;;;WD)  "
24072,Security,Microsoft-Windows-Security-Auditing,SUCCESS AUDIT,BlackBox,10/31/2015 4:13:55 AM,4907,None,"Auditing settings on object were changed.    Subject:   Security ID:  S-1-5-18   Account Name:  BLACKBOX$   Account Domain:  WORKGROUP   Logon ID:  0x3e7    Object:   Object Server: Security   Object Type: File   Object Name: C:\Windows\SystemResources\Windows.Data.TimeZones\pris\Windows.Data.TimeZones.en-GB.pri   Handle ID: 0x100    Process Information:   Process ID: 0x2b68   Process Name: C:\Windows\System32\poqexec.exe    Auditing Settings:   Original Security Descriptor: S:AI   New Security Descriptor:  S:ARAI(AU;SAFA;DCLCRPCRSDWDWO;;;WD)  "
24071,Security,Microsoft-Windows-Security-Auditing,SUCCESS AUDIT,BlackBox,10/31/2015 4:13:55 AM,4907,None,"Auditing settings on object were changed.    Subject:   Security ID:  S-1-5-18   Account Name:  BLACKBOX$   Account Domain:  WORKGROUP   Logon ID:  0x3e7    Object:   Object Server: Security   Object Type: File   Object Name: C:\Windows\SystemResources\Windows.Data.TimeZones\pris\Windows.Data.TimeZones.el-GR.pri   Handle ID: 0xf8    Process Information:   Process ID: 0x2b68   Process Name: C:\Windows\System32\poqexec.exe    Auditing Settings:   Original Security Descriptor: S:AI   New Security Descriptor:  S:ARAI(AU;SAFA;DCLCRPCRSDWDWO;;;WD)  "
24070,Security,Microsoft-Windows-Security-Auditing,SUCCESS AUDIT,BlackBox,10/31/2015 4:13:55 AM,4907,None,"Auditing settings on object were changed.    Subject:   Security ID:  S-1-5-18   Account Name:  BLACKBOX$   Account Domain:  WORKGROUP   Logon ID:  0x3e7    Object:   Object Server: Security   Object Type: File   Object Name: C:\Windows\SystemResources\Windows.Data.TimeZones\pris\Windows.Data.TimeZones.de-DE.pri   Handle ID: 0xf0    Process Information:   Process ID: 0x2b68   Process Name: C:\Windows\System32\poqexec.exe    Auditing Settings:   Original Security Descriptor: S:AI   New Security Descriptor:  S:ARAI(AU;SAFA;DCLCRPCRSDWDWO;;;WD)  "
24069,Security,Microsoft-Windows-Security-Auditing,SUCCESS AUDIT,BlackBox,10/31/2015 4:13:55 AM,4907,None,"Auditing settings on object were changed.    Subject:   Security ID:  S-1-5-18   Account Name:  BLACKBOX$   Account Domain:  WORKGROUP   Logon ID:  0x3e7    Object:   Object Server: Security   Object Type: File   Object Name: C:\Windows\SystemResources\Windows.Data.TimeZones\pris\Windows.Data.TimeZones.da-DK.pri   Handle ID: 0xe8    Process Information:   Process ID: 0x2b68   Process Name: C:\Windows\System32\poqexec.exe    Auditing Settings:   Original Security Descriptor: S:AI   New Security Descriptor:  S:ARAI(AU;SAFA;DCLCRPCRSDWDWO;;;WD)  "
24068,Security,Microsoft-Windows-Security-Auditing,SUCCESS AUDIT,BlackBox,10/31/2015 4:13:55 AM,4907,None,"Auditing settings on object were changed.    Subject:   Security ID:  S-1-5-18   Account Name:  BLACKBOX$   Account Domain:  WORKGROUP   Logon ID:  0x3e7    Object:   Object Server: Security   Object Type: File   Object Name: C:\Windows\SystemResources\Windows.Data.TimeZones\pris\Windows.Data.TimeZones.cs-CZ.pri   Handle ID: 0xe0    Process Information:   Process ID: 0x2b68   Process Name: C:\Windows\System32\poqexec.exe    Auditing Settings:   Original Security Descriptor: S:AI   New Security Descriptor:  S:ARAI(AU;SAFA;DCLCRPCRSDWDWO;;;WD)  "
24067,Security,Microsoft-Windows-Security-Auditing,SUCCESS AUDIT,BlackBox,10/31/2015 4:13:55 AM,4907,None,"Auditing settings on object were changed.    Subject:   Security ID:  S-1-5-18   Account Name:  BLACKBOX$   Account Domain:  WORKGROUP   Logon ID:  0x3e7    Object:   Object Server: Security   Object Type: File   Object Name: C:\Windows\SystemResources\Windows.Data.TimeZones\pris\Windows.Data.TimeZones.bg-BG.pri   Handle ID: 0x30    Process Information:   Process ID: 0x2b68   Process Name: C:\Windows\System32\poqexec.exe    Auditing Settings:   Original Security Descriptor: S:AI   New Security Descriptor:  S:ARAI(AU;SAFA;DCLCRPCRSDWDWO;;;WD)  "
24066,Security,Microsoft-Windows-Security-Auditing,SUCCESS AUDIT,BlackBox,10/31/2015 4:13:55 AM,4907,None,"Auditing settings on object were changed.    Subject:   Security ID:  S-1-5-18   Account Name:  BLACKBOX$   Account Domain:  WORKGROUP   Logon ID:  0x3e7    Object:   Object Server: Security   Object Type: File   Object Name: C:\Windows\SystemResources\Windows.Data.TimeZones\pris\Windows.Data.TimeZones.ar-SA.pri   Handle ID: 0xd8    Process Information:   Process ID: 0x2b68   Process Name: C:\Windows\System32\poqexec.exe    Auditing Settings:   Original Security Descriptor: S:AI   New Security Descriptor:  S:ARAI(AU;SAFA;DCLCRPCRSDWDWO;;;WD)  "
24065,Security,Microsoft-Windows-Security-Auditing,SUCCESS AUDIT,BlackBox,10/31/2015 4:13:55 AM,4907,None,"Auditing settings on object were changed.    Subject:   Security ID:  S-1-5-18   Account Name:  BLACKBOX$   Account Domain:  WORKGROUP   Logon ID:  0x3e7    Object:   Object Server: Security   Object Type: File   Object Name: C:\Windows\SystemResources\Windows.Data.TimeZones\Windows.Data.TimeZones.pri   Handle ID: 0xd4    Process Information:   Process ID: 0x2b68   Process Name: C:\Windows\System32\poqexec.exe    Auditing Settings:   Original Security Descriptor: S:AI   New Security Descriptor:  S:ARAI(AU;SAFA;DCLCRPCRSDWDWO;;;WD)  "
24064,Security,Microsoft-Windows-Security-Auditing,SUCCESS AUDIT,BlackBox,10/31/2015 4:13:55 AM,4907,None,"Auditing settings on object were changed.    Subject:   Security ID:  S-1-5-18   Account Name:  BLACKBOX$   Account Domain:  WORKGROUP   Logon ID:  0x3e7    Object:   Object Server: Security   Object Type: File   Object Name: C:\Windows\SystemApps\Microsoft.MicrosoftEdge_8wekyb3d8bbwe\MicrosoftEdge.exe   Handle ID: 0xd4    Process Information:   Process ID: 0x2b68   Process Name: C:\Windows\System32\poqexec.exe    Auditing Settings:   Original Security Descriptor: S:AI   New Security Descriptor:  S:ARAI(AU;SAFA;DCLCRPCRSDWDWO;;;WD)  "
24063,Security,Microsoft-Windows-Security-Auditing,SUCCESS AUDIT,BlackBox,10/31/2015 4:13:55 AM,4907,None,"Auditing settings on object were changed.    Subject:   Security ID:  S-1-5-18   Account Name:  BLACKBOX$   Account Domain:  WORKGROUP   Logon ID:  0x3e7    Object:   Object Server: Security   Object Type: File   Object Name: C:\Windows\SystemApps\Microsoft.MicrosoftEdge_8wekyb3d8bbwe\eModel.dll   Handle ID: 0xd8    Process Information:   Process ID: 0x2b68   Process Name: C:\Windows\System32\poqexec.exe    Auditing Settings:   Original Security Descriptor: S:AI   New Security Descriptor:  S:ARAI(AU;SAFA;DCLCRPCRSDWDWO;;;WD)  "
