23859,Security,Microsoft-Windows-Security-Auditing,SUCCESS AUDIT,BlackBox,10/30/2015 11:09:08 PM,4798,None,"A user's local group membership was enumerated.    Subject:   Security ID:  S-1-5-21-2685230347-480699911-3812554201-1001   Account Name:  Kaiser   Account Domain:  BLACKBOX   Logon ID:  0x506b1    User:   Security ID:  S-1-5-21-2685230347-480699911-3812554201-1001   Account Name:  Kaiser   Account Domain:  BlackBox    Process Information:   Process ID:  0x1488   Process Name:  C:\Windows\explorer.exe  "
23858,Security,Microsoft-Windows-Security-Auditing,SUCCESS AUDIT,BlackBox,10/30/2015 11:09:08 PM,4797,None,"An attempt was made to query the existence of a blank password for an account.    Subject:   Security ID:  S-1-5-21-2685230347-480699911-3812554201-1001   Account Name:  Kaiser   Account Domain:  BLACKBOX   Logon ID:  0x506b1    Additional Information:   Caller Workstation: BLACKBOX   Target Account Name: HomeGroupUser$   Target Account Domain: BlackBox  "
23857,Security,Microsoft-Windows-Security-Auditing,SUCCESS AUDIT,BlackBox,10/30/2015 11:09:08 PM,4797,None,"An attempt was made to query the existence of a blank password for an account.    Subject:   Security ID:  S-1-5-21-2685230347-480699911-3812554201-1001   Account Name:  Kaiser   Account Domain:  BLACKBOX   Logon ID:  0x506b1    Additional Information:   Caller Workstation: BLACKBOX   Target Account Name: Guest   Target Account Domain: BlackBox  "
23856,Security,Microsoft-Windows-Security-Auditing,SUCCESS AUDIT,BlackBox,10/30/2015 11:09:08 PM,4797,None,"An attempt was made to query the existence of a blank password for an account.    Subject:   Security ID:  S-1-5-21-2685230347-480699911-3812554201-1001   Account Name:  Kaiser   Account Domain:  BLACKBOX   Logon ID:  0x506b1    Additional Information:   Caller Workstation: BLACKBOX   Target Account Name: DefaultAccount   Target Account Domain: BlackBox  "
23855,Security,Microsoft-Windows-Security-Auditing,SUCCESS AUDIT,BlackBox,10/30/2015 11:09:08 PM,4797,None,"An attempt was made to query the existence of a blank password for an account.    Subject:   Security ID:  S-1-5-21-2685230347-480699911-3812554201-1001   Account Name:  Kaiser   Account Domain:  BLACKBOX   Logon ID:  0x506b1    Additional Information:   Caller Workstation: BLACKBOX   Target Account Name: Administrator   Target Account Domain: BlackBox  "
23854,Security,Microsoft-Windows-Security-Auditing,SUCCESS AUDIT,BlackBox,10/30/2015 10:58:13 PM,4672,None,"Special privileges assigned to new logon.    Subject:   Security ID:  S-1-5-18   Account Name:  SYSTEM   Account Domain:  NT AUTHORITY   Logon ID:  0x3e7    Privileges:  SeAssignPrimaryTokenPrivilege     SeTcbPrivilege     SeSecurityPrivilege     SeTakeOwnershipPrivilege     SeLoadDriverPrivilege     SeBackupPrivilege     SeRestorePrivilege     SeDebugPrivilege     SeAuditPrivilege     SeSystemEnvironmentPrivilege     SeImpersonatePrivilege  "
23853,Security,Microsoft-Windows-Security-Auditing,SUCCESS AUDIT,BlackBox,10/30/2015 10:58:13 PM,4624,None,"An account was successfully logged on.    Subject:   Security ID:  S-1-5-18   Account Name:  BLACKBOX$   Account Domain:  WORKGROUP   Logon ID:  0x3e7    Logon Information:   Logon Type:  5   Restricted Admin Mode: -   Virtual Account:  No     Elevated Token:  Yes      Impersonation Level:  Impersonation      New Logon:   Security ID:  S-1-5-18   Account Name:  SYSTEM   Account Domain:  NT AUTHORITY   Logon ID:  0x3e7   Linked Logon ID:  0x0   Network Account Name: -   Network Account Domain: -   Logon GUID:  {00000000-0000-0000-0000-000000000000}    Process Information:   Process ID:  0x2e4   Process Name:  C:\Windows\System32\services.exe    Network Information:   Workstation Name:    Source Network Address: -   Source Port:  -    Detailed Authentication Information:   Logon Process:  Advapi     Authentication Package: Negotiate   Transited Services: -   Package Name (NTLM only): -   Key Length:  0    This event is generated when a logon session is created. It is generated on the computer that was accessed.    The subject fields indicate the account on the local system which requested the logon. This is most commonly a service such as the Server service, or a local process such as Winlogon.exe or Services.exe.    The logon type field indicates the kind of logon that occurred. The most common types are 2 (interactive) and 3 (network).    The New Logon fields indicate the account for whom the new logon was created, i.e. the account that was logged on.    The network fields indicate where a remote logon request originated. Workstation name is not always available and may be left blank in some cases.    The impersonation level field indicates the extent to which a process in the logon session can impersonate.    The authentication information fields provide detailed information about this specific logon request.   - Logon GUID is a unique identifier that can be used to correlate this event with a KDC event.   - Transited services indicate which intermediate services have participated in this logon request.   - Package name indicates which sub-protocol was used among the NTLM protocols.   - Key length indicates the length of the generated session key. This will be 0 if no session key was requested.  "
23852,Security,Microsoft-Windows-Security-Auditing,SUCCESS AUDIT,BlackBox,10/30/2015 10:54:19 PM,4672,None,"Special privileges assigned to new logon.    Subject:   Security ID:  S-1-5-18   Account Name:  SYSTEM   Account Domain:  NT AUTHORITY   Logon ID:  0x3e7    Privileges:  SeAssignPrimaryTokenPrivilege     SeTcbPrivilege     SeSecurityPrivilege     SeTakeOwnershipPrivilege     SeLoadDriverPrivilege     SeBackupPrivilege     SeRestorePrivilege     SeDebugPrivilege     SeAuditPrivilege     SeSystemEnvironmentPrivilege     SeImpersonatePrivilege  "
23851,Security,Microsoft-Windows-Security-Auditing,SUCCESS AUDIT,BlackBox,10/30/2015 10:54:19 PM,4624,None,"An account was successfully logged on.    Subject:   Security ID:  S-1-5-18   Account Name:  BLACKBOX$   Account Domain:  WORKGROUP   Logon ID:  0x3e7    Logon Information:   Logon Type:  5   Restricted Admin Mode: -   Virtual Account:  No     Elevated Token:  Yes      Impersonation Level:  Impersonation      New Logon:   Security ID:  S-1-5-18   Account Name:  SYSTEM   Account Domain:  NT AUTHORITY   Logon ID:  0x3e7   Linked Logon ID:  0x0   Network Account Name: -   Network Account Domain: -   Logon GUID:  {00000000-0000-0000-0000-000000000000}    Process Information:   Process ID:  0x2e4   Process Name:  C:\Windows\System32\services.exe    Network Information:   Workstation Name:    Source Network Address: -   Source Port:  -    Detailed Authentication Information:   Logon Process:  Advapi     Authentication Package: Negotiate   Transited Services: -   Package Name (NTLM only): -   Key Length:  0    This event is generated when a logon session is created. It is generated on the computer that was accessed.    The subject fields indicate the account on the local system which requested the logon. This is most commonly a service such as the Server service, or a local process such as Winlogon.exe or Services.exe.    The logon type field indicates the kind of logon that occurred. The most common types are 2 (interactive) and 3 (network).    The New Logon fields indicate the account for whom the new logon was created, i.e. the account that was logged on.    The network fields indicate where a remote logon request originated. Workstation name is not always available and may be left blank in some cases.    The impersonation level field indicates the extent to which a process in the logon session can impersonate.    The authentication information fields provide detailed information about this specific logon request.   - Logon GUID is a unique identifier that can be used to correlate this event with a KDC event.   - Transited services indicate which intermediate services have participated in this logon request.   - Package name indicates which sub-protocol was used among the NTLM protocols.   - Key length indicates the length of the generated session key. This will be 0 if no session key was requested.  "
23850,Security,Microsoft-Windows-Security-Auditing,FAILURE AUDIT,BlackBox,10/30/2015 10:53:57 PM,5061,None,"Cryptographic operation.    Subject:   Security ID:  S-1-5-18   Account Name:  BLACKBOX$   Account Domain:  WORKGROUP   Logon ID:  0x3e7    Cryptographic Parameters:   Provider Name: Microsoft Software Key Storage Provider   Algorithm Name: RSA   Key Name: 51a92691-66f1-280f-d0db-59fad4f73491   Key Type: User key.      Cryptographic Operation:   Operation: Open Key.     Return Code: 0x80090016  "
23849,Security,Microsoft-Windows-Security-Auditing,SUCCESS AUDIT,BlackBox,10/30/2015 10:53:57 PM,5058,None,"Key file operation.    Subject:   Security ID:  S-1-5-18   Account Name:  BLACKBOX$   Account Domain:  WORKGROUP   Logon ID:  0x3e7    Cryptographic Parameters:   Provider Name: Microsoft Software Key Storage Provider   Algorithm Name: UNKNOWN   Key Name: 51a92691-66f1-280f-d0db-59fad4f73491   Key Type: User key.      Key File Operation Information:   File Path: C:\ProgramData\Microsoft\Crypto\SystemKeys\6d00fa390c15cc4634c8ca8153b76f29_911499c7-ef29-47ed-a64c-6b1751f20848   Operation: Read persisted key from file.     Return Code: 0x0  "
23848,Security,Microsoft-Windows-Security-Auditing,SUCCESS AUDIT,BlackBox,10/30/2015 10:49:19 PM,4672,None,"Special privileges assigned to new logon.    Subject:   Security ID:  S-1-5-18   Account Name:  SYSTEM   Account Domain:  NT AUTHORITY   Logon ID:  0x3e7    Privileges:  SeAssignPrimaryTokenPrivilege     SeTcbPrivilege     SeSecurityPrivilege     SeTakeOwnershipPrivilege     SeLoadDriverPrivilege     SeBackupPrivilege     SeRestorePrivilege     SeDebugPrivilege     SeAuditPrivilege     SeSystemEnvironmentPrivilege     SeImpersonatePrivilege  "
23847,Security,Microsoft-Windows-Security-Auditing,SUCCESS AUDIT,BlackBox,10/30/2015 10:49:19 PM,4624,None,"An account was successfully logged on.    Subject:   Security ID:  S-1-5-18   Account Name:  BLACKBOX$   Account Domain:  WORKGROUP   Logon ID:  0x3e7    Logon Information:   Logon Type:  5   Restricted Admin Mode: -   Virtual Account:  No     Elevated Token:  Yes      Impersonation Level:  Impersonation      New Logon:   Security ID:  S-1-5-18   Account Name:  SYSTEM   Account Domain:  NT AUTHORITY   Logon ID:  0x3e7   Linked Logon ID:  0x0   Network Account Name: -   Network Account Domain: -   Logon GUID:  {00000000-0000-0000-0000-000000000000}    Process Information:   Process ID:  0x2e4   Process Name:  C:\Windows\System32\services.exe    Network Information:   Workstation Name:    Source Network Address: -   Source Port:  -    Detailed Authentication Information:   Logon Process:  Advapi     Authentication Package: Negotiate   Transited Services: -   Package Name (NTLM only): -   Key Length:  0    This event is generated when a logon session is created. It is generated on the computer that was accessed.    The subject fields indicate the account on the local system which requested the logon. This is most commonly a service such as the Server service, or a local process such as Winlogon.exe or Services.exe.    The logon type field indicates the kind of logon that occurred. The most common types are 2 (interactive) and 3 (network).    The New Logon fields indicate the account for whom the new logon was created, i.e. the account that was logged on.    The network fields indicate where a remote logon request originated. Workstation name is not always available and may be left blank in some cases.    The impersonation level field indicates the extent to which a process in the logon session can impersonate.    The authentication information fields provide detailed information about this specific logon request.   - Logon GUID is a unique identifier that can be used to correlate this event with a KDC event.   - Transited services indicate which intermediate services have participated in this logon request.   - Package name indicates which sub-protocol was used among the NTLM protocols.   - Key length indicates the length of the generated session key. This will be 0 if no session key was requested.  "
23846,Security,Microsoft-Windows-Security-Auditing,SUCCESS AUDIT,BlackBox,10/30/2015 10:47:11 PM,4798,None,"A user's local group membership was enumerated.    Subject:   Security ID:  S-1-5-21-2685230347-480699911-3812554201-1001   Account Name:  Kaiser   Account Domain:  BLACKBOX   Logon ID:  0x506b1    User:   Security ID:  S-1-5-21-2685230347-480699911-3812554201-1001   Account Name:  Kaiser   Account Domain:  BlackBox    Process Information:   Process ID:  0x1d44   Process Name:  C:\Program Files (x86)\Google\Chrome\Application\chrome.exe  "
23845,Security,Microsoft-Windows-Security-Auditing,SUCCESS AUDIT,BlackBox,10/30/2015 10:46:27 PM,4797,None,"An attempt was made to query the existence of a blank password for an account.    Subject:   Security ID:  S-1-5-19   Account Name:  LOCAL SERVICE   Account Domain:  NT AUTHORITY   Logon ID:  0x3e5    Additional Information:   Caller Workstation: BLACKBOX   Target Account Name: Kaiser   Target Account Domain: BlackBox  "
23844,Security,Microsoft-Windows-Security-Auditing,SUCCESS AUDIT,BlackBox,10/30/2015 10:46:27 PM,4797,None,"An attempt was made to query the existence of a blank password for an account.    Subject:   Security ID:  S-1-5-19   Account Name:  LOCAL SERVICE   Account Domain:  NT AUTHORITY   Logon ID:  0x3e5    Additional Information:   Caller Workstation: BLACKBOX   Target Account Name: Kaiser   Target Account Domain: BlackBox  "
23843,Security,Microsoft-Windows-Security-Auditing,SUCCESS AUDIT,BlackBox,10/30/2015 10:46:27 PM,4797,None,"An attempt was made to query the existence of a blank password for an account.    Subject:   Security ID:  S-1-5-19   Account Name:  LOCAL SERVICE   Account Domain:  NT AUTHORITY   Logon ID:  0x3e5    Additional Information:   Caller Workstation: BLACKBOX   Target Account Name: HomeGroupUser$   Target Account Domain: BlackBox  "
23842,Security,Microsoft-Windows-Security-Auditing,SUCCESS AUDIT,BlackBox,10/30/2015 10:46:27 PM,4797,None,"An attempt was made to query the existence of a blank password for an account.    Subject:   Security ID:  S-1-5-19   Account Name:  LOCAL SERVICE   Account Domain:  NT AUTHORITY   Logon ID:  0x3e5    Additional Information:   Caller Workstation: BLACKBOX   Target Account Name: Guest   Target Account Domain: BlackBox  "
23841,Security,Microsoft-Windows-Security-Auditing,SUCCESS AUDIT,BlackBox,10/30/2015 10:46:27 PM,4797,None,"An attempt was made to query the existence of a blank password for an account.    Subject:   Security ID:  S-1-5-19   Account Name:  LOCAL SERVICE   Account Domain:  NT AUTHORITY   Logon ID:  0x3e5    Additional Information:   Caller Workstation: BLACKBOX   Target Account Name: DefaultAccount   Target Account Domain: BlackBox  "
23840,Security,Microsoft-Windows-Security-Auditing,SUCCESS AUDIT,BlackBox,10/30/2015 10:46:27 PM,4797,None,"An attempt was made to query the existence of a blank password for an account.    Subject:   Security ID:  S-1-5-19   Account Name:  LOCAL SERVICE   Account Domain:  NT AUTHORITY   Logon ID:  0x3e5    Additional Information:   Caller Workstation: BLACKBOX   Target Account Name: Administrator   Target Account Domain: BlackBox  "
23839,Security,Microsoft-Windows-Security-Auditing,SUCCESS AUDIT,BlackBox,10/30/2015 10:46:27 PM,4797,None,"An attempt was made to query the existence of a blank password for an account.    Subject:   Security ID:  S-1-5-19   Account Name:  LOCAL SERVICE   Account Domain:  NT AUTHORITY   Logon ID:  0x3e5    Additional Information:   Caller Workstation: BLACKBOX   Target Account Name: Kaiser   Target Account Domain: BlackBox  "
23838,Security,Microsoft-Windows-Security-Auditing,SUCCESS AUDIT,BlackBox,10/30/2015 10:46:27 PM,4797,None,"An attempt was made to query the existence of a blank password for an account.    Subject:   Security ID:  S-1-5-19   Account Name:  LOCAL SERVICE   Account Domain:  NT AUTHORITY   Logon ID:  0x3e5    Additional Information:   Caller Workstation: BLACKBOX   Target Account Name: HomeGroupUser$   Target Account Domain: BlackBox  "
23837,Security,Microsoft-Windows-Security-Auditing,SUCCESS AUDIT,BlackBox,10/30/2015 10:46:27 PM,4797,None,"An attempt was made to query the existence of a blank password for an account.    Subject:   Security ID:  S-1-5-19   Account Name:  LOCAL SERVICE   Account Domain:  NT AUTHORITY   Logon ID:  0x3e5    Additional Information:   Caller Workstation: BLACKBOX   Target Account Name: DefaultAccount   Target Account Domain: BlackBox  "
23836,Security,Microsoft-Windows-Security-Auditing,SUCCESS AUDIT,BlackBox,10/30/2015 10:46:27 PM,4797,None,"An attempt was made to query the existence of a blank password for an account.    Subject:   Security ID:  S-1-5-19   Account Name:  LOCAL SERVICE   Account Domain:  NT AUTHORITY   Logon ID:  0x3e5    Additional Information:   Caller Workstation: BLACKBOX   Target Account Name: Kaiser   Target Account Domain: BlackBox  "
23835,Security,Microsoft-Windows-Security-Auditing,SUCCESS AUDIT,BlackBox,10/30/2015 10:46:27 PM,4797,None,"An attempt was made to query the existence of a blank password for an account.    Subject:   Security ID:  S-1-5-19   Account Name:  LOCAL SERVICE   Account Domain:  NT AUTHORITY   Logon ID:  0x3e5    Additional Information:   Caller Workstation: BLACKBOX   Target Account Name: Administrator   Target Account Domain: BlackBox  "
23834,Security,Microsoft-Windows-Security-Auditing,SUCCESS AUDIT,BlackBox,10/30/2015 10:46:27 PM,4797,None,"An attempt was made to query the existence of a blank password for an account.    Subject:   Security ID:  S-1-5-19   Account Name:  LOCAL SERVICE   Account Domain:  NT AUTHORITY   Logon ID:  0x3e5    Additional Information:   Caller Workstation: BLACKBOX   Target Account Name: Kaiser   Target Account Domain: BlackBox  "
23833,Security,Microsoft-Windows-Security-Auditing,SUCCESS AUDIT,BlackBox,10/30/2015 10:46:27 PM,4797,None,"An attempt was made to query the existence of a blank password for an account.    Subject:   Security ID:  S-1-5-19   Account Name:  LOCAL SERVICE   Account Domain:  NT AUTHORITY   Logon ID:  0x3e5    Additional Information:   Caller Workstation: BLACKBOX   Target Account Name: Kaiser   Target Account Domain: BlackBox  "
23832,Security,Microsoft-Windows-Security-Auditing,SUCCESS AUDIT,BlackBox,10/30/2015 10:46:27 PM,4797,None,"An attempt was made to query the existence of a blank password for an account.    Subject:   Security ID:  S-1-5-19   Account Name:  LOCAL SERVICE   Account Domain:  NT AUTHORITY   Logon ID:  0x3e5    Additional Information:   Caller Workstation: BLACKBOX   Target Account Name: HomeGroupUser$   Target Account Domain: BlackBox  "
23831,Security,Microsoft-Windows-Security-Auditing,SUCCESS AUDIT,BlackBox,10/30/2015 10:46:27 PM,4797,None,"An attempt was made to query the existence of a blank password for an account.    Subject:   Security ID:  S-1-5-19   Account Name:  LOCAL SERVICE   Account Domain:  NT AUTHORITY   Logon ID:  0x3e5    Additional Information:   Caller Workstation: BLACKBOX   Target Account Name: HomeGroupUser$   Target Account Domain: BlackBox  "
23830,Security,Microsoft-Windows-Security-Auditing,SUCCESS AUDIT,BlackBox,10/30/2015 10:46:27 PM,4797,None,"An attempt was made to query the existence of a blank password for an account.    Subject:   Security ID:  S-1-5-19   Account Name:  LOCAL SERVICE   Account Domain:  NT AUTHORITY   Logon ID:  0x3e5    Additional Information:   Caller Workstation: BLACKBOX   Target Account Name: Guest   Target Account Domain: BlackBox  "
23829,Security,Microsoft-Windows-Security-Auditing,SUCCESS AUDIT,BlackBox,10/30/2015 10:46:27 PM,4797,None,"An attempt was made to query the existence of a blank password for an account.    Subject:   Security ID:  S-1-5-19   Account Name:  LOCAL SERVICE   Account Domain:  NT AUTHORITY   Logon ID:  0x3e5    Additional Information:   Caller Workstation: BLACKBOX   Target Account Name: Guest   Target Account Domain: BlackBox  "
23828,Security,Microsoft-Windows-Security-Auditing,SUCCESS AUDIT,BlackBox,10/30/2015 10:46:27 PM,4797,None,"An attempt was made to query the existence of a blank password for an account.    Subject:   Security ID:  S-1-5-19   Account Name:  LOCAL SERVICE   Account Domain:  NT AUTHORITY   Logon ID:  0x3e5    Additional Information:   Caller Workstation: BLACKBOX   Target Account Name: DefaultAccount   Target Account Domain: BlackBox  "
23827,Security,Microsoft-Windows-Security-Auditing,SUCCESS AUDIT,BlackBox,10/30/2015 10:46:27 PM,4797,None,"An attempt was made to query the existence of a blank password for an account.    Subject:   Security ID:  S-1-5-19   Account Name:  LOCAL SERVICE   Account Domain:  NT AUTHORITY   Logon ID:  0x3e5    Additional Information:   Caller Workstation: BLACKBOX   Target Account Name: DefaultAccount   Target Account Domain: BlackBox  "
23826,Security,Microsoft-Windows-Security-Auditing,SUCCESS AUDIT,BlackBox,10/30/2015 10:46:27 PM,4797,None,"An attempt was made to query the existence of a blank password for an account.    Subject:   Security ID:  S-1-5-19   Account Name:  LOCAL SERVICE   Account Domain:  NT AUTHORITY   Logon ID:  0x3e5    Additional Information:   Caller Workstation: BLACKBOX   Target Account Name: Administrator   Target Account Domain: BlackBox  "
23825,Security,Microsoft-Windows-Security-Auditing,SUCCESS AUDIT,BlackBox,10/30/2015 10:46:27 PM,4797,None,"An attempt was made to query the existence of a blank password for an account.    Subject:   Security ID:  S-1-5-19   Account Name:  LOCAL SERVICE   Account Domain:  NT AUTHORITY   Logon ID:  0x3e5    Additional Information:   Caller Workstation: BLACKBOX   Target Account Name: Administrator   Target Account Domain: BlackBox  "
23824,Security,Microsoft-Windows-Security-Auditing,SUCCESS AUDIT,BlackBox,10/30/2015 10:46:27 PM,4797,None,"An attempt was made to query the existence of a blank password for an account.    Subject:   Security ID:  S-1-5-19   Account Name:  LOCAL SERVICE   Account Domain:  NT AUTHORITY   Logon ID:  0x3e5    Additional Information:   Caller Workstation: BLACKBOX   Target Account Name: Kaiser   Target Account Domain: BlackBox  "
23823,Security,Microsoft-Windows-Security-Auditing,SUCCESS AUDIT,BlackBox,10/30/2015 10:46:27 PM,4797,None,"An attempt was made to query the existence of a blank password for an account.    Subject:   Security ID:  S-1-5-19   Account Name:  LOCAL SERVICE   Account Domain:  NT AUTHORITY   Logon ID:  0x3e5    Additional Information:   Caller Workstation: BLACKBOX   Target Account Name: Kaiser   Target Account Domain: BlackBox  "
23822,Security,Microsoft-Windows-Security-Auditing,SUCCESS AUDIT,BlackBox,10/30/2015 10:46:27 PM,4797,None,"An attempt was made to query the existence of a blank password for an account.    Subject:   Security ID:  S-1-5-19   Account Name:  LOCAL SERVICE   Account Domain:  NT AUTHORITY   Logon ID:  0x3e5    Additional Information:   Caller Workstation: BLACKBOX   Target Account Name: HomeGroupUser$   Target Account Domain: BlackBox  "
23821,Security,Microsoft-Windows-Security-Auditing,SUCCESS AUDIT,BlackBox,10/30/2015 10:46:27 PM,4797,None,"An attempt was made to query the existence of a blank password for an account.    Subject:   Security ID:  S-1-5-19   Account Name:  LOCAL SERVICE   Account Domain:  NT AUTHORITY   Logon ID:  0x3e5    Additional Information:   Caller Workstation: BLACKBOX   Target Account Name: Guest   Target Account Domain: BlackBox  "
23820,Security,Microsoft-Windows-Security-Auditing,SUCCESS AUDIT,BlackBox,10/30/2015 10:46:27 PM,4797,None,"An attempt was made to query the existence of a blank password for an account.    Subject:   Security ID:  S-1-5-19   Account Name:  LOCAL SERVICE   Account Domain:  NT AUTHORITY   Logon ID:  0x3e5    Additional Information:   Caller Workstation: BLACKBOX   Target Account Name: DefaultAccount   Target Account Domain: BlackBox  "
23819,Security,Microsoft-Windows-Security-Auditing,SUCCESS AUDIT,BlackBox,10/30/2015 10:46:27 PM,4797,None,"An attempt was made to query the existence of a blank password for an account.    Subject:   Security ID:  S-1-5-19   Account Name:  LOCAL SERVICE   Account Domain:  NT AUTHORITY   Logon ID:  0x3e5    Additional Information:   Caller Workstation: BLACKBOX   Target Account Name: Administrator   Target Account Domain: BlackBox  "
23818,Security,Microsoft-Windows-Security-Auditing,SUCCESS AUDIT,BlackBox,10/30/2015 10:46:26 PM,4799,None,"A security-enabled local group membership was enumerated.    Subject:   Security ID:  S-1-5-18   Account Name:  BLACKBOX$   Account Domain:  WORKGROUP   Logon ID:  0x3e7    Group:   Security ID:  S-1-5-32-551   Group Name:  Backup Operators   Group Domain:  Builtin    Process Information:   Process ID:  0x142c   Process Name:  C:\Windows\System32\SearchIndexer.exe  "
23817,Security,Microsoft-Windows-Security-Auditing,SUCCESS AUDIT,BlackBox,10/30/2015 10:46:26 PM,4799,None,"A security-enabled local group membership was enumerated.    Subject:   Security ID:  S-1-5-18   Account Name:  BLACKBOX$   Account Domain:  WORKGROUP   Logon ID:  0x3e7    Group:   Security ID:  S-1-5-32-544   Group Name:  Administrators   Group Domain:  Builtin    Process Information:   Process ID:  0x142c   Process Name:  C:\Windows\System32\SearchIndexer.exe  "
23816,Security,Microsoft-Windows-Security-Auditing,SUCCESS AUDIT,BlackBox,10/30/2015 10:46:26 PM,4672,None,"Special privileges assigned to new logon.    Subject:   Security ID:  S-1-5-18   Account Name:  SYSTEM   Account Domain:  NT AUTHORITY   Logon ID:  0x3e7    Privileges:  SeAssignPrimaryTokenPrivilege     SeTcbPrivilege     SeSecurityPrivilege     SeTakeOwnershipPrivilege     SeLoadDriverPrivilege     SeBackupPrivilege     SeRestorePrivilege     SeDebugPrivilege     SeAuditPrivilege     SeSystemEnvironmentPrivilege     SeImpersonatePrivilege  "
23815,Security,Microsoft-Windows-Security-Auditing,SUCCESS AUDIT,BlackBox,10/30/2015 10:46:26 PM,4624,None,"An account was successfully logged on.    Subject:   Security ID:  S-1-5-18   Account Name:  BLACKBOX$   Account Domain:  WORKGROUP   Logon ID:  0x3e7    Logon Information:   Logon Type:  5   Restricted Admin Mode: -   Virtual Account:  No     Elevated Token:  Yes      Impersonation Level:  Impersonation      New Logon:   Security ID:  S-1-5-18   Account Name:  SYSTEM   Account Domain:  NT AUTHORITY   Logon ID:  0x3e7   Linked Logon ID:  0x0   Network Account Name: -   Network Account Domain: -   Logon GUID:  {00000000-0000-0000-0000-000000000000}    Process Information:   Process ID:  0x2e4   Process Name:  C:\Windows\System32\services.exe    Network Information:   Workstation Name:    Source Network Address: -   Source Port:  -    Detailed Authentication Information:   Logon Process:  Advapi     Authentication Package: Negotiate   Transited Services: -   Package Name (NTLM only): -   Key Length:  0    This event is generated when a logon session is created. It is generated on the computer that was accessed.    The subject fields indicate the account on the local system which requested the logon. This is most commonly a service such as the Server service, or a local process such as Winlogon.exe or Services.exe.    The logon type field indicates the kind of logon that occurred. The most common types are 2 (interactive) and 3 (network).    The New Logon fields indicate the account for whom the new logon was created, i.e. the account that was logged on.    The network fields indicate where a remote logon request originated. Workstation name is not always available and may be left blank in some cases.    The impersonation level field indicates the extent to which a process in the logon session can impersonate.    The authentication information fields provide detailed information about this specific logon request.   - Logon GUID is a unique identifier that can be used to correlate this event with a KDC event.   - Transited services indicate which intermediate services have participated in this logon request.   - Package name indicates which sub-protocol was used among the NTLM protocols.   - Key length indicates the length of the generated session key. This will be 0 if no session key was requested.  "
23814,Security,Microsoft-Windows-Security-Auditing,SUCCESS AUDIT,BlackBox,10/30/2015 10:46:25 PM,4799,None,"A security-enabled local group membership was enumerated.    Subject:   Security ID:  S-1-5-18   Account Name:  BLACKBOX$   Account Domain:  WORKGROUP   Logon ID:  0x3e7    Group:   Security ID:  S-1-5-32-551   Group Name:  Backup Operators   Group Domain:  Builtin    Process Information:   Process ID:  0x1dc   Process Name:  C:\Windows\System32\svchost.exe  "
23813,Security,Microsoft-Windows-Security-Auditing,SUCCESS AUDIT,BlackBox,10/30/2015 10:46:25 PM,4799,None,"A security-enabled local group membership was enumerated.    Subject:   Security ID:  S-1-5-18   Account Name:  BLACKBOX$   Account Domain:  WORKGROUP   Logon ID:  0x3e7    Group:   Security ID:  S-1-5-32-544   Group Name:  Administrators   Group Domain:  Builtin    Process Information:   Process ID:  0x1dc   Process Name:  C:\Windows\System32\svchost.exe  "
23812,Security,Microsoft-Windows-Security-Auditing,FAILURE AUDIT,BlackBox,10/30/2015 10:46:23 PM,5061,None,"Cryptographic operation.    Subject:   Security ID:  S-1-5-18   Account Name:  BLACKBOX$   Account Domain:  WORKGROUP   Logon ID:  0x3e7    Cryptographic Parameters:   Provider Name: Microsoft Software Key Storage Provider   Algorithm Name: RSA   Key Name: 51a92691-66f1-280f-d0db-59fad4f73491   Key Type: User key.      Cryptographic Operation:   Operation: Open Key.     Return Code: 0x80090016  "
23811,Security,Microsoft-Windows-Security-Auditing,SUCCESS AUDIT,BlackBox,10/30/2015 10:46:23 PM,5058,None,"Key file operation.    Subject:   Security ID:  S-1-5-18   Account Name:  BLACKBOX$   Account Domain:  WORKGROUP   Logon ID:  0x3e7    Cryptographic Parameters:   Provider Name: Microsoft Software Key Storage Provider   Algorithm Name: UNKNOWN   Key Name: 51a92691-66f1-280f-d0db-59fad4f73491   Key Type: User key.      Key File Operation Information:   File Path: C:\ProgramData\Microsoft\Crypto\SystemKeys\6d00fa390c15cc4634c8ca8153b76f29_911499c7-ef29-47ed-a64c-6b1751f20848   Operation: Read persisted key from file.     Return Code: 0x0  "
23810,Security,Microsoft-Windows-Security-Auditing,SUCCESS AUDIT,BlackBox,10/30/2015 10:46:23 PM,4799,None,"A security-enabled local group membership was enumerated.    Subject:   Security ID:  S-1-5-18   Account Name:  BLACKBOX$   Account Domain:  WORKGROUP   Logon ID:  0x3e7    Group:   Security ID:  S-1-5-32-544   Group Name:  Administrators   Group Domain:  Builtin    Process Information:   Process ID:  0x1dc   Process Name:  C:\Windows\System32\svchost.exe  "
23809,Security,Microsoft-Windows-Security-Auditing,SUCCESS AUDIT,BlackBox,10/30/2015 10:46:23 PM,4672,None,"Special privileges assigned to new logon.    Subject:   Security ID:  S-1-5-18   Account Name:  SYSTEM   Account Domain:  NT AUTHORITY   Logon ID:  0x3e7    Privileges:  SeAssignPrimaryTokenPrivilege     SeTcbPrivilege     SeSecurityPrivilege     SeTakeOwnershipPrivilege     SeLoadDriverPrivilege     SeBackupPrivilege     SeRestorePrivilege     SeDebugPrivilege     SeAuditPrivilege     SeSystemEnvironmentPrivilege     SeImpersonatePrivilege  "
23808,Security,Microsoft-Windows-Security-Auditing,SUCCESS AUDIT,BlackBox,10/30/2015 10:46:23 PM,4624,None,"An account was successfully logged on.    Subject:   Security ID:  S-1-5-18   Account Name:  BLACKBOX$   Account Domain:  WORKGROUP   Logon ID:  0x3e7    Logon Information:   Logon Type:  5   Restricted Admin Mode: -   Virtual Account:  No     Elevated Token:  Yes      Impersonation Level:  Impersonation      New Logon:   Security ID:  S-1-5-18   Account Name:  SYSTEM   Account Domain:  NT AUTHORITY   Logon ID:  0x3e7   Linked Logon ID:  0x0   Network Account Name: -   Network Account Domain: -   Logon GUID:  {00000000-0000-0000-0000-000000000000}    Process Information:   Process ID:  0x2e4   Process Name:  C:\Windows\System32\services.exe    Network Information:   Workstation Name:    Source Network Address: -   Source Port:  -    Detailed Authentication Information:   Logon Process:  Advapi     Authentication Package: Negotiate   Transited Services: -   Package Name (NTLM only): -   Key Length:  0    This event is generated when a logon session is created. It is generated on the computer that was accessed.    The subject fields indicate the account on the local system which requested the logon. This is most commonly a service such as the Server service, or a local process such as Winlogon.exe or Services.exe.    The logon type field indicates the kind of logon that occurred. The most common types are 2 (interactive) and 3 (network).    The New Logon fields indicate the account for whom the new logon was created, i.e. the account that was logged on.    The network fields indicate where a remote logon request originated. Workstation name is not always available and may be left blank in some cases.    The impersonation level field indicates the extent to which a process in the logon session can impersonate.    The authentication information fields provide detailed information about this specific logon request.   - Logon GUID is a unique identifier that can be used to correlate this event with a KDC event.   - Transited services indicate which intermediate services have participated in this logon request.   - Package name indicates which sub-protocol was used among the NTLM protocols.   - Key length indicates the length of the generated session key. This will be 0 if no session key was requested.  "
23807,Security,Microsoft-Windows-Security-Auditing,FAILURE AUDIT,BlackBox,10/30/2015 10:46:23 PM,5038,None,"Code integrity determined that the image hash of a file is not valid.  The file could be corrupt due to unauthorized modification or the invalid hash could indicate a potential disk device error.    File Name: \Device\HarddiskVolume3\Program Files\Windows Defender\MsMpEng.exe   "
23806,Security,Microsoft-Windows-Security-Auditing,SUCCESS AUDIT,BlackBox,10/30/2015 10:46:23 PM,4634,None,"An account was logged off.    Subject:   Security ID:  S-1-5-21-2685230347-480699911-3812554201-1001   Account Name:  Kaiser   Account Domain:  BLACKBOX   Logon ID:  0x50892    Logon Type:   7    This event is generated when a logon session is destroyed. It may be positively correlated with a logon event using the Logon ID value. Logon IDs are only unique between reboots on the same computer.  "
23805,Security,Microsoft-Windows-Security-Auditing,SUCCESS AUDIT,BlackBox,10/30/2015 10:46:23 PM,4634,None,"An account was logged off.    Subject:   Security ID:  S-1-5-21-2685230347-480699911-3812554201-1001   Account Name:  Kaiser   Account Domain:  BLACKBOX   Logon ID:  0x508ba    Logon Type:   7    This event is generated when a logon session is destroyed. It may be positively correlated with a logon event using the Logon ID value. Logon IDs are only unique between reboots on the same computer.  "
23804,Security,Microsoft-Windows-Security-Auditing,SUCCESS AUDIT,BlackBox,10/30/2015 10:46:23 PM,4672,None,"Special privileges assigned to new logon.    Subject:   Security ID:  S-1-5-21-2685230347-480699911-3812554201-1001   Account Name:  kaisersose2@gmail.com   Account Domain:  MicrosoftAccount   Logon ID:  0x50892    Privileges:  SeSecurityPrivilege     SeTakeOwnershipPrivilege     SeLoadDriverPrivilege     SeBackupPrivilege     SeRestorePrivilege     SeDebugPrivilege     SeSystemEnvironmentPrivilege     SeImpersonatePrivilege  "
23803,Security,Microsoft-Windows-Security-Auditing,SUCCESS AUDIT,BlackBox,10/30/2015 10:46:23 PM,4624,None,"An account was successfully logged on.    Subject:   Security ID:  S-1-5-18   Account Name:  BLACKBOX$   Account Domain:  WORKGROUP   Logon ID:  0x3e7    Logon Information:   Logon Type:  7   Restricted Admin Mode: -   Virtual Account:  No     Elevated Token:  No      Impersonation Level:  Impersonation      New Logon:   Security ID:  S-1-5-21-2685230347-480699911-3812554201-1001   Account Name:  kaisersose2@gmail.com   Account Domain:  MicrosoftAccount   Logon ID:  0x508ba   Linked Logon ID:  0x50892   Network Account Name: -   Network Account Domain: -   Logon GUID:  {00000000-0000-0000-0000-000000000000}    Process Information:   Process ID:  0x2ec   Process Name:  C:\Windows\System32\lsass.exe    Network Information:   Workstation Name: BLACKBOX   Source Network Address: -   Source Port:  -    Detailed Authentication Information:   Logon Process:  Negotiat   Authentication Package: Negotiate   Transited Services: -   Package Name (NTLM only): -   Key Length:  0    This event is generated when a logon session is created. It is generated on the computer that was accessed.    The subject fields indicate the account on the local system which requested the logon. This is most commonly a service such as the Server service, or a local process such as Winlogon.exe or Services.exe.    The logon type field indicates the kind of logon that occurred. The most common types are 2 (interactive) and 3 (network).    The New Logon fields indicate the account for whom the new logon was created, i.e. the account that was logged on.    The network fields indicate where a remote logon request originated. Workstation name is not always available and may be left blank in some cases.    The impersonation level field indicates the extent to which a process in the logon session can impersonate.    The authentication information fields provide detailed information about this specific logon request.   - Logon GUID is a unique identifier that can be used to correlate this event with a KDC event.   - Transited services indicate which intermediate services have participated in this logon request.   - Package name indicates which sub-protocol was used among the NTLM protocols.   - Key length indicates the length of the generated session key. This will be 0 if no session key was requested.  "
23802,Security,Microsoft-Windows-Security-Auditing,SUCCESS AUDIT,BlackBox,10/30/2015 10:46:23 PM,4624,None,"An account was successfully logged on.    Subject:   Security ID:  S-1-5-18   Account Name:  BLACKBOX$   Account Domain:  WORKGROUP   Logon ID:  0x3e7    Logon Information:   Logon Type:  7   Restricted Admin Mode: -   Virtual Account:  No     Elevated Token:  Yes      Impersonation Level:  Impersonation      New Logon:   Security ID:  S-1-5-21-2685230347-480699911-3812554201-1001   Account Name:  kaisersose2@gmail.com   Account Domain:  MicrosoftAccount   Logon ID:  0x50892   Linked Logon ID:  0x508ba   Network Account Name: -   Network Account Domain: -   Logon GUID:  {00000000-0000-0000-0000-000000000000}    Process Information:   Process ID:  0x2ec   Process Name:  C:\Windows\System32\lsass.exe    Network Information:   Workstation Name: BLACKBOX   Source Network Address: -   Source Port:  -    Detailed Authentication Information:   Logon Process:  Negotiat   Authentication Package: Negotiate   Transited Services: -   Package Name (NTLM only): -   Key Length:  0    This event is generated when a logon session is created. It is generated on the computer that was accessed.    The subject fields indicate the account on the local system which requested the logon. This is most commonly a service such as the Server service, or a local process such as Winlogon.exe or Services.exe.    The logon type field indicates the kind of logon that occurred. The most common types are 2 (interactive) and 3 (network).    The New Logon fields indicate the account for whom the new logon was created, i.e. the account that was logged on.    The network fields indicate where a remote logon request originated. Workstation name is not always available and may be left blank in some cases.    The impersonation level field indicates the extent to which a process in the logon session can impersonate.    The authentication information fields provide detailed information about this specific logon request.   - Logon GUID is a unique identifier that can be used to correlate this event with a KDC event.   - Transited services indicate which intermediate services have participated in this logon request.   - Package name indicates which sub-protocol was used among the NTLM protocols.   - Key length indicates the length of the generated session key. This will be 0 if no session key was requested.  "
23801,Security,Microsoft-Windows-Security-Auditing,SUCCESS AUDIT,BlackBox,10/30/2015 10:46:23 PM,4648,None,"A logon was attempted using explicit credentials.    Subject:   Security ID:  S-1-5-18   Account Name:  BLACKBOX$   Account Domain:  WORKGROUP   Logon ID:  0x3e7   Logon GUID:  {00000000-0000-0000-0000-000000000000}    Account Whose Credentials Were Used:   Account Name:  kaisersose2@gmail.com   Account Domain:  MicrosoftAccount   Logon GUID:  {00000000-0000-0000-0000-000000000000}    Target Server:   Target Server Name: localhost   Additional Information: localhost    Process Information:   Process ID:  0x2ec   Process Name:  C:\Windows\System32\lsass.exe    Network Information:   Network Address: -   Port:   -    This event is generated when a process attempts to log on an account by explicitly specifying that accounts credentials.  This most commonly occurs in batch-type configurations such as scheduled tasks, or when using the RUNAS command.  "
23800,Security,Microsoft-Windows-Security-Auditing,SUCCESS AUDIT,BlackBox,10/30/2015 10:46:23 PM,4738,None,"A user account was changed.    Subject:   Security ID:  S-1-5-18   Account Name:  BLACKBOX$   Account Domain:  WORKGROUP   Logon ID:  0x3e7    Target Account:   Security ID:  S-1-5-21-2685230347-480699911-3812554201-1001   Account Name:  Kaiser   Account Domain:  BlackBox    Changed Attributes:   SAM Account Name: -   Display Name:  Kaiser Sose   User Principal Name: -   Home Directory:  -   Home Drive:  -   Script Path:  -   Profile Path:  -   User Workstations: -   Password Last Set: -   Account Expires:  -   Primary Group ID: -   AllowedToDelegateTo: -   Old UAC Value:  -   New UAC Value:  -   User Account Control: -   User Parameters: -   SID History:  -   Logon Hours:  -    Additional Information:   Privileges:  -  "
23799,Security,Microsoft-Windows-Security-Auditing,SUCCESS AUDIT,BlackBox,10/30/2015 10:46:23 PM,4672,None,"Special privileges assigned to new logon.    Subject:   Security ID:  S-1-5-21-2685230347-480699911-3812554201-1001   Account Name:  kaisersose2@gmail.com   Account Domain:  MicrosoftAccount   Logon ID:  0x5067d    Privileges:  SeSecurityPrivilege     SeTakeOwnershipPrivilege     SeLoadDriverPrivilege     SeBackupPrivilege     SeRestorePrivilege     SeDebugPrivilege     SeSystemEnvironmentPrivilege     SeImpersonatePrivilege  "
23798,Security,Microsoft-Windows-Security-Auditing,SUCCESS AUDIT,BlackBox,10/30/2015 10:46:23 PM,4624,None,"An account was successfully logged on.    Subject:   Security ID:  S-1-5-18   Account Name:  BLACKBOX$   Account Domain:  WORKGROUP   Logon ID:  0x3e7    Logon Information:   Logon Type:  11   Restricted Admin Mode: -   Virtual Account:  No     Elevated Token:  No      Impersonation Level:  Impersonation      New Logon:   Security ID:  S-1-5-21-2685230347-480699911-3812554201-1001   Account Name:  kaisersose2@gmail.com   Account Domain:  MicrosoftAccount   Logon ID:  0x506b1   Linked Logon ID:  0x5067d   Network Account Name: -   Network Account Domain: -   Logon GUID:  {00000000-0000-0000-0000-000000000000}    Process Information:   Process ID:  0x1dc   Process Name:  C:\Windows\System32\svchost.exe    Network Information:   Workstation Name: BLACKBOX   Source Network Address: 127.0.0.1   Source Port:  0    Detailed Authentication Information:   Logon Process:  User32    Authentication Package: Negotiate   Transited Services: -   Package Name (NTLM only): -   Key Length:  0    This event is generated when a logon session is created. It is generated on the computer that was accessed.    The subject fields indicate the account on the local system which requested the logon. This is most commonly a service such as the Server service, or a local process such as Winlogon.exe or Services.exe.    The logon type field indicates the kind of logon that occurred. The most common types are 2 (interactive) and 3 (network).    The New Logon fields indicate the account for whom the new logon was created, i.e. the account that was logged on.    The network fields indicate where a remote logon request originated. Workstation name is not always available and may be left blank in some cases.    The impersonation level field indicates the extent to which a process in the logon session can impersonate.    The authentication information fields provide detailed information about this specific logon request.   - Logon GUID is a unique identifier that can be used to correlate this event with a KDC event.   - Transited services indicate which intermediate services have participated in this logon request.   - Package name indicates which sub-protocol was used among the NTLM protocols.   - Key length indicates the length of the generated session key. This will be 0 if no session key was requested.  "
23797,Security,Microsoft-Windows-Security-Auditing,SUCCESS AUDIT,BlackBox,10/30/2015 10:46:23 PM,4624,None,"An account was successfully logged on.    Subject:   Security ID:  S-1-5-18   Account Name:  BLACKBOX$   Account Domain:  WORKGROUP   Logon ID:  0x3e7    Logon Information:   Logon Type:  11   Restricted Admin Mode: -   Virtual Account:  No     Elevated Token:  Yes      Impersonation Level:  Impersonation      New Logon:   Security ID:  S-1-5-21-2685230347-480699911-3812554201-1001   Account Name:  kaisersose2@gmail.com   Account Domain:  MicrosoftAccount   Logon ID:  0x5067d   Linked Logon ID:  0x506b1   Network Account Name: -   Network Account Domain: -   Logon GUID:  {00000000-0000-0000-0000-000000000000}    Process Information:   Process ID:  0x1dc   Process Name:  C:\Windows\System32\svchost.exe    Network Information:   Workstation Name: BLACKBOX   Source Network Address: 127.0.0.1   Source Port:  0    Detailed Authentication Information:   Logon Process:  User32    Authentication Package: Negotiate   Transited Services: -   Package Name (NTLM only): -   Key Length:  0    This event is generated when a logon session is created. It is generated on the computer that was accessed.    The subject fields indicate the account on the local system which requested the logon. This is most commonly a service such as the Server service, or a local process such as Winlogon.exe or Services.exe.    The logon type field indicates the kind of logon that occurred. The most common types are 2 (interactive) and 3 (network).    The New Logon fields indicate the account for whom the new logon was created, i.e. the account that was logged on.    The network fields indicate where a remote logon request originated. Workstation name is not always available and may be left blank in some cases.    The impersonation level field indicates the extent to which a process in the logon session can impersonate.    The authentication information fields provide detailed information about this specific logon request.   - Logon GUID is a unique identifier that can be used to correlate this event with a KDC event.   - Transited services indicate which intermediate services have participated in this logon request.   - Package name indicates which sub-protocol was used among the NTLM protocols.   - Key length indicates the length of the generated session key. This will be 0 if no session key was requested.  "
23796,Security,Microsoft-Windows-Security-Auditing,SUCCESS AUDIT,BlackBox,10/30/2015 10:46:23 PM,4648,None,"A logon was attempted using explicit credentials.    Subject:   Security ID:  S-1-5-18   Account Name:  BLACKBOX$   Account Domain:  WORKGROUP   Logon ID:  0x3e7   Logon GUID:  {00000000-0000-0000-0000-000000000000}    Account Whose Credentials Were Used:   Account Name:  kaisersose2@gmail.com   Account Domain:  MicrosoftAccount   Logon GUID:  {00000000-0000-0000-0000-000000000000}    Target Server:   Target Server Name: localhost   Additional Information: localhost    Process Information:   Process ID:  0x1dc   Process Name:  C:\Windows\System32\svchost.exe    Network Information:   Network Address: 127.0.0.1   Port:   0    This event is generated when a process attempts to log on an account by explicitly specifying that accounts credentials.  This most commonly occurs in batch-type configurations such as scheduled tasks, or when using the RUNAS command.  "
23795,Security,Microsoft-Windows-Security-Auditing,SUCCESS AUDIT,BlackBox,10/30/2015 10:46:23 PM,4738,None,"A user account was changed.    Subject:   Security ID:  S-1-5-18   Account Name:  BLACKBOX$   Account Domain:  WORKGROUP   Logon ID:  0x3e7    Target Account:   Security ID:  S-1-5-21-2685230347-480699911-3812554201-1001   Account Name:  Kaiser   Account Domain:  BlackBox    Changed Attributes:   SAM Account Name: -   Display Name:  Kaiser Sose   User Principal Name: -   Home Directory:  -   Home Drive:  -   Script Path:  -   Profile Path:  -   User Workstations: -   Password Last Set: -   Account Expires:  -   Primary Group ID: -   AllowedToDelegateTo: -   Old UAC Value:  -   New UAC Value:  -   User Account Control: -   User Parameters: -   SID History:  -   Logon Hours:  -    Additional Information:   Privileges:  -  "
