24308,Security,Microsoft-Windows-Security-Auditing,SUCCESS AUDIT,BlackBox,10/31/2015 3:49:37 PM,4797,None,"An attempt was made to query the existence of a blank password for an account.    Subject:   Security ID:  S-1-5-21-2685230347-480699911-3812554201-1001   Account Name:  Kaiser   Account Domain:  BLACKBOX   Logon ID:  0x9d385    Additional Information:   Caller Workstation: BLACKBOX   Target Account Name: HomeGroupUser$   Target Account Domain: BlackBox  "
24307,Security,Microsoft-Windows-Security-Auditing,SUCCESS AUDIT,BlackBox,10/31/2015 3:49:37 PM,4797,None,"An attempt was made to query the existence of a blank password for an account.    Subject:   Security ID:  S-1-5-21-2685230347-480699911-3812554201-1001   Account Name:  Kaiser   Account Domain:  BLACKBOX   Logon ID:  0x9d385    Additional Information:   Caller Workstation: BLACKBOX   Target Account Name: Guest   Target Account Domain: BlackBox  "
24306,Security,Microsoft-Windows-Security-Auditing,SUCCESS AUDIT,BlackBox,10/31/2015 3:49:37 PM,4797,None,"An attempt was made to query the existence of a blank password for an account.    Subject:   Security ID:  S-1-5-21-2685230347-480699911-3812554201-1001   Account Name:  Kaiser   Account Domain:  BLACKBOX   Logon ID:  0x9d385    Additional Information:   Caller Workstation: BLACKBOX   Target Account Name: DefaultAccount   Target Account Domain: BlackBox  "
24305,Security,Microsoft-Windows-Security-Auditing,SUCCESS AUDIT,BlackBox,10/31/2015 3:49:37 PM,4797,None,"An attempt was made to query the existence of a blank password for an account.    Subject:   Security ID:  S-1-5-21-2685230347-480699911-3812554201-1001   Account Name:  Kaiser   Account Domain:  BLACKBOX   Logon ID:  0x9d385    Additional Information:   Caller Workstation: BLACKBOX   Target Account Name: Administrator   Target Account Domain: BlackBox  "
24304,Security,Microsoft-Windows-Security-Auditing,FAILURE AUDIT,BlackBox,10/31/2015 3:45:27 PM,5061,None,"Cryptographic operation.    Subject:   Security ID:  S-1-5-18   Account Name:  BLACKBOX$   Account Domain:  WORKGROUP   Logon ID:  0x3e7    Cryptographic Parameters:   Provider Name: Microsoft Software Key Storage Provider   Algorithm Name: RSA   Key Name: 51a92691-66f1-280f-d0db-59fad4f73491   Key Type: User key.      Cryptographic Operation:   Operation: Open Key.     Return Code: 0x80090016  "
24303,Security,Microsoft-Windows-Security-Auditing,SUCCESS AUDIT,BlackBox,10/31/2015 3:45:27 PM,5058,None,"Key file operation.    Subject:   Security ID:  S-1-5-18   Account Name:  BLACKBOX$   Account Domain:  WORKGROUP   Logon ID:  0x3e7    Cryptographic Parameters:   Provider Name: Microsoft Software Key Storage Provider   Algorithm Name: UNKNOWN   Key Name: 51a92691-66f1-280f-d0db-59fad4f73491   Key Type: User key.      Key File Operation Information:   File Path: C:\ProgramData\Microsoft\Crypto\SystemKeys\6d00fa390c15cc4634c8ca8153b76f29_911499c7-ef29-47ed-a64c-6b1751f20848   Operation: Read persisted key from file.     Return Code: 0x0  "
24302,Security,Microsoft-Windows-Security-Auditing,SUCCESS AUDIT,BlackBox,10/31/2015 3:45:27 PM,4798,None,"A user's local group membership was enumerated.    Subject:   Security ID:  S-1-5-21-2685230347-480699911-3812554201-1001   Account Name:  Kaiser   Account Domain:  BLACKBOX   Logon ID:  0x9d385    User:   Security ID:  S-1-5-21-2685230347-480699911-3812554201-1001   Account Name:  Kaiser   Account Domain:  BlackBox    Process Information:   Process ID:  0x664   Process Name:  C:\Windows\explorer.exe  "
24301,Security,Microsoft-Windows-Security-Auditing,SUCCESS AUDIT,BlackBox,10/31/2015 3:45:27 PM,4797,None,"An attempt was made to query the existence of a blank password for an account.    Subject:   Security ID:  S-1-5-21-2685230347-480699911-3812554201-1001   Account Name:  Kaiser   Account Domain:  BLACKBOX   Logon ID:  0x9d385    Additional Information:   Caller Workstation: BLACKBOX   Target Account Name: HomeGroupUser$   Target Account Domain: BlackBox  "
24300,Security,Microsoft-Windows-Security-Auditing,SUCCESS AUDIT,BlackBox,10/31/2015 3:45:27 PM,4797,None,"An attempt was made to query the existence of a blank password for an account.    Subject:   Security ID:  S-1-5-21-2685230347-480699911-3812554201-1001   Account Name:  Kaiser   Account Domain:  BLACKBOX   Logon ID:  0x9d385    Additional Information:   Caller Workstation: BLACKBOX   Target Account Name: Guest   Target Account Domain: BlackBox  "
24299,Security,Microsoft-Windows-Security-Auditing,SUCCESS AUDIT,BlackBox,10/31/2015 3:45:27 PM,4797,None,"An attempt was made to query the existence of a blank password for an account.    Subject:   Security ID:  S-1-5-21-2685230347-480699911-3812554201-1001   Account Name:  Kaiser   Account Domain:  BLACKBOX   Logon ID:  0x9d385    Additional Information:   Caller Workstation: BLACKBOX   Target Account Name: DefaultAccount   Target Account Domain: BlackBox  "
24298,Security,Microsoft-Windows-Security-Auditing,SUCCESS AUDIT,BlackBox,10/31/2015 3:45:27 PM,4797,None,"An attempt was made to query the existence of a blank password for an account.    Subject:   Security ID:  S-1-5-21-2685230347-480699911-3812554201-1001   Account Name:  Kaiser   Account Domain:  BLACKBOX   Logon ID:  0x9d385    Additional Information:   Caller Workstation: BLACKBOX   Target Account Name: Administrator   Target Account Domain: BlackBox  "
24297,Security,Microsoft-Windows-Security-Auditing,FAILURE AUDIT,BlackBox,10/31/2015 3:24:26 PM,5061,None,"Cryptographic operation.    Subject:   Security ID:  S-1-5-18   Account Name:  BLACKBOX$   Account Domain:  WORKGROUP   Logon ID:  0x3e7    Cryptographic Parameters:   Provider Name: Microsoft Software Key Storage Provider   Algorithm Name: RSA   Key Name: 51a92691-66f1-280f-d0db-59fad4f73491   Key Type: User key.      Cryptographic Operation:   Operation: Open Key.     Return Code: 0x80090016  "
24296,Security,Microsoft-Windows-Security-Auditing,SUCCESS AUDIT,BlackBox,10/31/2015 3:24:26 PM,5058,None,"Key file operation.    Subject:   Security ID:  S-1-5-18   Account Name:  BLACKBOX$   Account Domain:  WORKGROUP   Logon ID:  0x3e7    Cryptographic Parameters:   Provider Name: Microsoft Software Key Storage Provider   Algorithm Name: UNKNOWN   Key Name: 51a92691-66f1-280f-d0db-59fad4f73491   Key Type: User key.      Key File Operation Information:   File Path: C:\ProgramData\Microsoft\Crypto\SystemKeys\6d00fa390c15cc4634c8ca8153b76f29_911499c7-ef29-47ed-a64c-6b1751f20848   Operation: Read persisted key from file.     Return Code: 0x0  "
24295,Security,Microsoft-Windows-Security-Auditing,SUCCESS AUDIT,BlackBox,10/31/2015 3:24:26 PM,4798,None,"A user's local group membership was enumerated.    Subject:   Security ID:  S-1-5-21-2685230347-480699911-3812554201-1001   Account Name:  Kaiser   Account Domain:  BLACKBOX   Logon ID:  0x9d385    User:   Security ID:  S-1-5-21-2685230347-480699911-3812554201-1001   Account Name:  Kaiser   Account Domain:  BlackBox    Process Information:   Process ID:  0x664   Process Name:  C:\Windows\explorer.exe  "
24294,Security,Microsoft-Windows-Security-Auditing,SUCCESS AUDIT,BlackBox,10/31/2015 3:24:26 PM,4797,None,"An attempt was made to query the existence of a blank password for an account.    Subject:   Security ID:  S-1-5-21-2685230347-480699911-3812554201-1001   Account Name:  Kaiser   Account Domain:  BLACKBOX   Logon ID:  0x9d385    Additional Information:   Caller Workstation: BLACKBOX   Target Account Name: HomeGroupUser$   Target Account Domain: BlackBox  "
24293,Security,Microsoft-Windows-Security-Auditing,SUCCESS AUDIT,BlackBox,10/31/2015 3:24:26 PM,4797,None,"An attempt was made to query the existence of a blank password for an account.    Subject:   Security ID:  S-1-5-21-2685230347-480699911-3812554201-1001   Account Name:  Kaiser   Account Domain:  BLACKBOX   Logon ID:  0x9d385    Additional Information:   Caller Workstation: BLACKBOX   Target Account Name: Guest   Target Account Domain: BlackBox  "
24292,Security,Microsoft-Windows-Security-Auditing,SUCCESS AUDIT,BlackBox,10/31/2015 3:24:26 PM,4797,None,"An attempt was made to query the existence of a blank password for an account.    Subject:   Security ID:  S-1-5-21-2685230347-480699911-3812554201-1001   Account Name:  Kaiser   Account Domain:  BLACKBOX   Logon ID:  0x9d385    Additional Information:   Caller Workstation: BLACKBOX   Target Account Name: DefaultAccount   Target Account Domain: BlackBox  "
24291,Security,Microsoft-Windows-Security-Auditing,SUCCESS AUDIT,BlackBox,10/31/2015 3:24:26 PM,4797,None,"An attempt was made to query the existence of a blank password for an account.    Subject:   Security ID:  S-1-5-21-2685230347-480699911-3812554201-1001   Account Name:  Kaiser   Account Domain:  BLACKBOX   Logon ID:  0x9d385    Additional Information:   Caller Workstation: BLACKBOX   Target Account Name: Administrator   Target Account Domain: BlackBox  "
24290,Security,Microsoft-Windows-Security-Auditing,SUCCESS AUDIT,BlackBox,10/31/2015 3:00:18 PM,4798,None,"A user's local group membership was enumerated.    Subject:   Security ID:  S-1-5-21-2685230347-480699911-3812554201-1001   Account Name:  Kaiser   Account Domain:  BLACKBOX   Logon ID:  0x9d385    User:   Security ID:  S-1-5-21-2685230347-480699911-3812554201-1001   Account Name:  Kaiser   Account Domain:  BlackBox    Process Information:   Process ID:  0x664   Process Name:  C:\Windows\explorer.exe  "
24289,Security,Microsoft-Windows-Security-Auditing,SUCCESS AUDIT,BlackBox,10/31/2015 3:00:18 PM,4797,None,"An attempt was made to query the existence of a blank password for an account.    Subject:   Security ID:  S-1-5-21-2685230347-480699911-3812554201-1001   Account Name:  Kaiser   Account Domain:  BLACKBOX   Logon ID:  0x9d385    Additional Information:   Caller Workstation: BLACKBOX   Target Account Name: HomeGroupUser$   Target Account Domain: BlackBox  "
24288,Security,Microsoft-Windows-Security-Auditing,SUCCESS AUDIT,BlackBox,10/31/2015 3:00:18 PM,4797,None,"An attempt was made to query the existence of a blank password for an account.    Subject:   Security ID:  S-1-5-21-2685230347-480699911-3812554201-1001   Account Name:  Kaiser   Account Domain:  BLACKBOX   Logon ID:  0x9d385    Additional Information:   Caller Workstation: BLACKBOX   Target Account Name: Guest   Target Account Domain: BlackBox  "
24287,Security,Microsoft-Windows-Security-Auditing,SUCCESS AUDIT,BlackBox,10/31/2015 3:00:18 PM,4797,None,"An attempt was made to query the existence of a blank password for an account.    Subject:   Security ID:  S-1-5-21-2685230347-480699911-3812554201-1001   Account Name:  Kaiser   Account Domain:  BLACKBOX   Logon ID:  0x9d385    Additional Information:   Caller Workstation: BLACKBOX   Target Account Name: DefaultAccount   Target Account Domain: BlackBox  "
24286,Security,Microsoft-Windows-Security-Auditing,SUCCESS AUDIT,BlackBox,10/31/2015 3:00:18 PM,4797,None,"An attempt was made to query the existence of a blank password for an account.    Subject:   Security ID:  S-1-5-21-2685230347-480699911-3812554201-1001   Account Name:  Kaiser   Account Domain:  BLACKBOX   Logon ID:  0x9d385    Additional Information:   Caller Workstation: BLACKBOX   Target Account Name: Administrator   Target Account Domain: BlackBox  "
24285,Security,Microsoft-Windows-Security-Auditing,SUCCESS AUDIT,BlackBox,10/31/2015 3:00:13 PM,4798,None,"A user's local group membership was enumerated.    Subject:   Security ID:  S-1-5-21-2685230347-480699911-3812554201-1001   Account Name:  Kaiser   Account Domain:  BLACKBOX   Logon ID:  0x9d385    User:   Security ID:  S-1-5-21-2685230347-480699911-3812554201-1001   Account Name:  Kaiser   Account Domain:  BlackBox    Process Information:   Process ID:  0x664   Process Name:  C:\Windows\explorer.exe  "
24284,Security,Microsoft-Windows-Security-Auditing,SUCCESS AUDIT,BlackBox,10/31/2015 3:00:13 PM,4797,None,"An attempt was made to query the existence of a blank password for an account.    Subject:   Security ID:  S-1-5-21-2685230347-480699911-3812554201-1001   Account Name:  Kaiser   Account Domain:  BLACKBOX   Logon ID:  0x9d385    Additional Information:   Caller Workstation: BLACKBOX   Target Account Name: HomeGroupUser$   Target Account Domain: BlackBox  "
24283,Security,Microsoft-Windows-Security-Auditing,SUCCESS AUDIT,BlackBox,10/31/2015 3:00:13 PM,4797,None,"An attempt was made to query the existence of a blank password for an account.    Subject:   Security ID:  S-1-5-21-2685230347-480699911-3812554201-1001   Account Name:  Kaiser   Account Domain:  BLACKBOX   Logon ID:  0x9d385    Additional Information:   Caller Workstation: BLACKBOX   Target Account Name: Guest   Target Account Domain: BlackBox  "
24282,Security,Microsoft-Windows-Security-Auditing,SUCCESS AUDIT,BlackBox,10/31/2015 3:00:13 PM,4797,None,"An attempt was made to query the existence of a blank password for an account.    Subject:   Security ID:  S-1-5-21-2685230347-480699911-3812554201-1001   Account Name:  Kaiser   Account Domain:  BLACKBOX   Logon ID:  0x9d385    Additional Information:   Caller Workstation: BLACKBOX   Target Account Name: DefaultAccount   Target Account Domain: BlackBox  "
24281,Security,Microsoft-Windows-Security-Auditing,SUCCESS AUDIT,BlackBox,10/31/2015 3:00:13 PM,4797,None,"An attempt was made to query the existence of a blank password for an account.    Subject:   Security ID:  S-1-5-21-2685230347-480699911-3812554201-1001   Account Name:  Kaiser   Account Domain:  BLACKBOX   Logon ID:  0x9d385    Additional Information:   Caller Workstation: BLACKBOX   Target Account Name: Administrator   Target Account Domain: BlackBox  "
24280,Security,Microsoft-Windows-Security-Auditing,SUCCESS AUDIT,BlackBox,10/31/2015 3:00:00 PM,4798,None,"A user's local group membership was enumerated.    Subject:   Security ID:  S-1-5-21-2685230347-480699911-3812554201-1001   Account Name:  Kaiser   Account Domain:  BLACKBOX   Logon ID:  0x9d385    User:   Security ID:  S-1-5-21-2685230347-480699911-3812554201-1001   Account Name:  Kaiser   Account Domain:  BlackBox    Process Information:   Process ID:  0x664   Process Name:  C:\Windows\explorer.exe  "
24279,Security,Microsoft-Windows-Security-Auditing,SUCCESS AUDIT,BlackBox,10/31/2015 3:00:00 PM,4797,None,"An attempt was made to query the existence of a blank password for an account.    Subject:   Security ID:  S-1-5-21-2685230347-480699911-3812554201-1001   Account Name:  Kaiser   Account Domain:  BLACKBOX   Logon ID:  0x9d385    Additional Information:   Caller Workstation: BLACKBOX   Target Account Name: HomeGroupUser$   Target Account Domain: BlackBox  "
24278,Security,Microsoft-Windows-Security-Auditing,SUCCESS AUDIT,BlackBox,10/31/2015 3:00:00 PM,4797,None,"An attempt was made to query the existence of a blank password for an account.    Subject:   Security ID:  S-1-5-21-2685230347-480699911-3812554201-1001   Account Name:  Kaiser   Account Domain:  BLACKBOX   Logon ID:  0x9d385    Additional Information:   Caller Workstation: BLACKBOX   Target Account Name: Guest   Target Account Domain: BlackBox  "
24277,Security,Microsoft-Windows-Security-Auditing,SUCCESS AUDIT,BlackBox,10/31/2015 3:00:00 PM,4797,None,"An attempt was made to query the existence of a blank password for an account.    Subject:   Security ID:  S-1-5-21-2685230347-480699911-3812554201-1001   Account Name:  Kaiser   Account Domain:  BLACKBOX   Logon ID:  0x9d385    Additional Information:   Caller Workstation: BLACKBOX   Target Account Name: DefaultAccount   Target Account Domain: BlackBox  "
24276,Security,Microsoft-Windows-Security-Auditing,SUCCESS AUDIT,BlackBox,10/31/2015 3:00:00 PM,4797,None,"An attempt was made to query the existence of a blank password for an account.    Subject:   Security ID:  S-1-5-21-2685230347-480699911-3812554201-1001   Account Name:  Kaiser   Account Domain:  BLACKBOX   Logon ID:  0x9d385    Additional Information:   Caller Workstation: BLACKBOX   Target Account Name: Administrator   Target Account Domain: BlackBox  "
24275,Security,Microsoft-Windows-Security-Auditing,FAILURE AUDIT,BlackBox,10/31/2015 2:59:36 PM,5061,None,"Cryptographic operation.    Subject:   Security ID:  S-1-5-18   Account Name:  BLACKBOX$   Account Domain:  WORKGROUP   Logon ID:  0x3e7    Cryptographic Parameters:   Provider Name: Microsoft Software Key Storage Provider   Algorithm Name: RSA   Key Name: 51a92691-66f1-280f-d0db-59fad4f73491   Key Type: User key.      Cryptographic Operation:   Operation: Open Key.     Return Code: 0x80090016  "
24274,Security,Microsoft-Windows-Security-Auditing,SUCCESS AUDIT,BlackBox,10/31/2015 2:59:36 PM,5058,None,"Key file operation.    Subject:   Security ID:  S-1-5-18   Account Name:  BLACKBOX$   Account Domain:  WORKGROUP   Logon ID:  0x3e7    Cryptographic Parameters:   Provider Name: Microsoft Software Key Storage Provider   Algorithm Name: UNKNOWN   Key Name: 51a92691-66f1-280f-d0db-59fad4f73491   Key Type: User key.      Key File Operation Information:   File Path: C:\ProgramData\Microsoft\Crypto\SystemKeys\6d00fa390c15cc4634c8ca8153b76f29_911499c7-ef29-47ed-a64c-6b1751f20848   Operation: Read persisted key from file.     Return Code: 0x0  "
24273,Security,Microsoft-Windows-Security-Auditing,SUCCESS AUDIT,BlackBox,10/31/2015 2:59:36 PM,4798,None,"A user's local group membership was enumerated.    Subject:   Security ID:  S-1-5-21-2685230347-480699911-3812554201-1001   Account Name:  Kaiser   Account Domain:  BLACKBOX   Logon ID:  0x9d385    User:   Security ID:  S-1-5-21-2685230347-480699911-3812554201-1001   Account Name:  Kaiser   Account Domain:  BlackBox    Process Information:   Process ID:  0x664   Process Name:  C:\Windows\explorer.exe  "
24272,Security,Microsoft-Windows-Security-Auditing,SUCCESS AUDIT,BlackBox,10/31/2015 2:59:36 PM,4797,None,"An attempt was made to query the existence of a blank password for an account.    Subject:   Security ID:  S-1-5-21-2685230347-480699911-3812554201-1001   Account Name:  Kaiser   Account Domain:  BLACKBOX   Logon ID:  0x9d385    Additional Information:   Caller Workstation: BLACKBOX   Target Account Name: HomeGroupUser$   Target Account Domain: BlackBox  "
24271,Security,Microsoft-Windows-Security-Auditing,SUCCESS AUDIT,BlackBox,10/31/2015 2:59:36 PM,4797,None,"An attempt was made to query the existence of a blank password for an account.    Subject:   Security ID:  S-1-5-21-2685230347-480699911-3812554201-1001   Account Name:  Kaiser   Account Domain:  BLACKBOX   Logon ID:  0x9d385    Additional Information:   Caller Workstation: BLACKBOX   Target Account Name: Guest   Target Account Domain: BlackBox  "
24270,Security,Microsoft-Windows-Security-Auditing,SUCCESS AUDIT,BlackBox,10/31/2015 2:59:36 PM,4797,None,"An attempt was made to query the existence of a blank password for an account.    Subject:   Security ID:  S-1-5-21-2685230347-480699911-3812554201-1001   Account Name:  Kaiser   Account Domain:  BLACKBOX   Logon ID:  0x9d385    Additional Information:   Caller Workstation: BLACKBOX   Target Account Name: DefaultAccount   Target Account Domain: BlackBox  "
24269,Security,Microsoft-Windows-Security-Auditing,SUCCESS AUDIT,BlackBox,10/31/2015 2:59:36 PM,4797,None,"An attempt was made to query the existence of a blank password for an account.    Subject:   Security ID:  S-1-5-21-2685230347-480699911-3812554201-1001   Account Name:  Kaiser   Account Domain:  BLACKBOX   Logon ID:  0x9d385    Additional Information:   Caller Workstation: BLACKBOX   Target Account Name: Administrator   Target Account Domain: BlackBox  "
24268,Security,Microsoft-Windows-Security-Auditing,FAILURE AUDIT,BlackBox,10/31/2015 2:49:04 PM,5061,None,"Cryptographic operation.    Subject:   Security ID:  S-1-5-18   Account Name:  BLACKBOX$   Account Domain:  WORKGROUP   Logon ID:  0x3e7    Cryptographic Parameters:   Provider Name: Microsoft Software Key Storage Provider   Algorithm Name: RSA   Key Name: 51a92691-66f1-280f-d0db-59fad4f73491   Key Type: User key.      Cryptographic Operation:   Operation: Open Key.     Return Code: 0x80090016  "
24267,Security,Microsoft-Windows-Security-Auditing,SUCCESS AUDIT,BlackBox,10/31/2015 2:49:04 PM,5058,None,"Key file operation.    Subject:   Security ID:  S-1-5-18   Account Name:  BLACKBOX$   Account Domain:  WORKGROUP   Logon ID:  0x3e7    Cryptographic Parameters:   Provider Name: Microsoft Software Key Storage Provider   Algorithm Name: UNKNOWN   Key Name: 51a92691-66f1-280f-d0db-59fad4f73491   Key Type: User key.      Key File Operation Information:   File Path: C:\ProgramData\Microsoft\Crypto\SystemKeys\6d00fa390c15cc4634c8ca8153b76f29_911499c7-ef29-47ed-a64c-6b1751f20848   Operation: Read persisted key from file.     Return Code: 0x0  "
24266,Security,Microsoft-Windows-Security-Auditing,SUCCESS AUDIT,BlackBox,10/31/2015 2:04:07 PM,4672,None,"Special privileges assigned to new logon.    Subject:   Security ID:  S-1-5-18   Account Name:  SYSTEM   Account Domain:  NT AUTHORITY   Logon ID:  0x3e7    Privileges:  SeAssignPrimaryTokenPrivilege     SeTcbPrivilege     SeSecurityPrivilege     SeTakeOwnershipPrivilege     SeLoadDriverPrivilege     SeBackupPrivilege     SeRestorePrivilege     SeDebugPrivilege     SeAuditPrivilege     SeSystemEnvironmentPrivilege     SeImpersonatePrivilege  "
24265,Security,Microsoft-Windows-Security-Auditing,SUCCESS AUDIT,BlackBox,10/31/2015 2:04:07 PM,4624,None,"An account was successfully logged on.    Subject:   Security ID:  S-1-5-18   Account Name:  BLACKBOX$   Account Domain:  WORKGROUP   Logon ID:  0x3e7    Logon Information:   Logon Type:  5   Restricted Admin Mode: -   Virtual Account:  No     Elevated Token:  Yes      Impersonation Level:  Impersonation      New Logon:   Security ID:  S-1-5-18   Account Name:  SYSTEM   Account Domain:  NT AUTHORITY   Logon ID:  0x3e7   Linked Logon ID:  0x0   Network Account Name: -   Network Account Domain: -   Logon GUID:  {00000000-0000-0000-0000-000000000000}    Process Information:   Process ID:  0x2dc   Process Name:  C:\Windows\System32\services.exe    Network Information:   Workstation Name:    Source Network Address: -   Source Port:  -    Detailed Authentication Information:   Logon Process:  Advapi     Authentication Package: Negotiate   Transited Services: -   Package Name (NTLM only): -   Key Length:  0    This event is generated when a logon session is created. It is generated on the computer that was accessed.    The subject fields indicate the account on the local system which requested the logon. This is most commonly a service such as the Server service, or a local process such as Winlogon.exe or Services.exe.    The logon type field indicates the kind of logon that occurred. The most common types are 2 (interactive) and 3 (network).    The New Logon fields indicate the account for whom the new logon was created, i.e. the account that was logged on.    The network fields indicate where a remote logon request originated. Workstation name is not always available and may be left blank in some cases.    The impersonation level field indicates the extent to which a process in the logon session can impersonate.    The authentication information fields provide detailed information about this specific logon request.   - Logon GUID is a unique identifier that can be used to correlate this event with a KDC event.   - Transited services indicate which intermediate services have participated in this logon request.   - Package name indicates which sub-protocol was used among the NTLM protocols.   - Key length indicates the length of the generated session key. This will be 0 if no session key was requested.  "
24264,Security,Microsoft-Windows-Security-Auditing,FAILURE AUDIT,BlackBox,10/31/2015 1:49:04 PM,5061,None,"Cryptographic operation.    Subject:   Security ID:  S-1-5-18   Account Name:  BLACKBOX$   Account Domain:  WORKGROUP   Logon ID:  0x3e7    Cryptographic Parameters:   Provider Name: Microsoft Software Key Storage Provider   Algorithm Name: RSA   Key Name: 51a92691-66f1-280f-d0db-59fad4f73491   Key Type: User key.      Cryptographic Operation:   Operation: Open Key.     Return Code: 0x80090016  "
24263,Security,Microsoft-Windows-Security-Auditing,SUCCESS AUDIT,BlackBox,10/31/2015 1:49:04 PM,5058,None,"Key file operation.    Subject:   Security ID:  S-1-5-18   Account Name:  BLACKBOX$   Account Domain:  WORKGROUP   Logon ID:  0x3e7    Cryptographic Parameters:   Provider Name: Microsoft Software Key Storage Provider   Algorithm Name: UNKNOWN   Key Name: 51a92691-66f1-280f-d0db-59fad4f73491   Key Type: User key.      Key File Operation Information:   File Path: C:\ProgramData\Microsoft\Crypto\SystemKeys\6d00fa390c15cc4634c8ca8153b76f29_911499c7-ef29-47ed-a64c-6b1751f20848   Operation: Read persisted key from file.     Return Code: 0x0  "
24262,Security,Microsoft-Windows-Security-Auditing,SUCCESS AUDIT,BlackBox,10/31/2015 12:55:22 PM,4798,None,"A user's local group membership was enumerated.    Subject:   Security ID:  S-1-5-21-2685230347-480699911-3812554201-1001   Account Name:  Kaiser   Account Domain:  BLACKBOX   Logon ID:  0x9d385    User:   Security ID:  S-1-5-21-2685230347-480699911-3812554201-1001   Account Name:  Kaiser   Account Domain:  BlackBox    Process Information:   Process ID:  0x664   Process Name:  C:\Windows\explorer.exe  "
24261,Security,Microsoft-Windows-Security-Auditing,SUCCESS AUDIT,BlackBox,10/31/2015 12:55:22 PM,4797,None,"An attempt was made to query the existence of a blank password for an account.    Subject:   Security ID:  S-1-5-21-2685230347-480699911-3812554201-1001   Account Name:  Kaiser   Account Domain:  BLACKBOX   Logon ID:  0x9d385    Additional Information:   Caller Workstation: BLACKBOX   Target Account Name: HomeGroupUser$   Target Account Domain: BlackBox  "
24260,Security,Microsoft-Windows-Security-Auditing,SUCCESS AUDIT,BlackBox,10/31/2015 12:55:22 PM,4797,None,"An attempt was made to query the existence of a blank password for an account.    Subject:   Security ID:  S-1-5-21-2685230347-480699911-3812554201-1001   Account Name:  Kaiser   Account Domain:  BLACKBOX   Logon ID:  0x9d385    Additional Information:   Caller Workstation: BLACKBOX   Target Account Name: Guest   Target Account Domain: BlackBox  "
24259,Security,Microsoft-Windows-Security-Auditing,SUCCESS AUDIT,BlackBox,10/31/2015 12:55:22 PM,4797,None,"An attempt was made to query the existence of a blank password for an account.    Subject:   Security ID:  S-1-5-21-2685230347-480699911-3812554201-1001   Account Name:  Kaiser   Account Domain:  BLACKBOX   Logon ID:  0x9d385    Additional Information:   Caller Workstation: BLACKBOX   Target Account Name: DefaultAccount   Target Account Domain: BlackBox  "
24258,Security,Microsoft-Windows-Security-Auditing,SUCCESS AUDIT,BlackBox,10/31/2015 12:55:22 PM,4797,None,"An attempt was made to query the existence of a blank password for an account.    Subject:   Security ID:  S-1-5-21-2685230347-480699911-3812554201-1001   Account Name:  Kaiser   Account Domain:  BLACKBOX   Logon ID:  0x9d385    Additional Information:   Caller Workstation: BLACKBOX   Target Account Name: Administrator   Target Account Domain: BlackBox  "
24257,Security,Microsoft-Windows-Security-Auditing,FAILURE AUDIT,BlackBox,10/31/2015 12:54:55 PM,5061,None,"Cryptographic operation.    Subject:   Security ID:  S-1-5-18   Account Name:  BLACKBOX$   Account Domain:  WORKGROUP   Logon ID:  0x3e7    Cryptographic Parameters:   Provider Name: Microsoft Software Key Storage Provider   Algorithm Name: RSA   Key Name: 51a92691-66f1-280f-d0db-59fad4f73491   Key Type: User key.      Cryptographic Operation:   Operation: Open Key.     Return Code: 0x80090016  "
24256,Security,Microsoft-Windows-Security-Auditing,SUCCESS AUDIT,BlackBox,10/31/2015 12:54:55 PM,5058,None,"Key file operation.    Subject:   Security ID:  S-1-5-18   Account Name:  BLACKBOX$   Account Domain:  WORKGROUP   Logon ID:  0x3e7    Cryptographic Parameters:   Provider Name: Microsoft Software Key Storage Provider   Algorithm Name: UNKNOWN   Key Name: 51a92691-66f1-280f-d0db-59fad4f73491   Key Type: User key.      Key File Operation Information:   File Path: C:\ProgramData\Microsoft\Crypto\SystemKeys\6d00fa390c15cc4634c8ca8153b76f29_911499c7-ef29-47ed-a64c-6b1751f20848   Operation: Read persisted key from file.     Return Code: 0x0  "
24255,Security,Microsoft-Windows-Security-Auditing,SUCCESS AUDIT,BlackBox,10/31/2015 12:54:55 PM,4798,None,"A user's local group membership was enumerated.    Subject:   Security ID:  S-1-5-21-2685230347-480699911-3812554201-1001   Account Name:  Kaiser   Account Domain:  BLACKBOX   Logon ID:  0x9d385    User:   Security ID:  S-1-5-21-2685230347-480699911-3812554201-1001   Account Name:  Kaiser   Account Domain:  BlackBox    Process Information:   Process ID:  0x664   Process Name:  C:\Windows\explorer.exe  "
24254,Security,Microsoft-Windows-Security-Auditing,SUCCESS AUDIT,BlackBox,10/31/2015 12:54:55 PM,4797,None,"An attempt was made to query the existence of a blank password for an account.    Subject:   Security ID:  S-1-5-21-2685230347-480699911-3812554201-1001   Account Name:  Kaiser   Account Domain:  BLACKBOX   Logon ID:  0x9d385    Additional Information:   Caller Workstation: BLACKBOX   Target Account Name: HomeGroupUser$   Target Account Domain: BlackBox  "
24253,Security,Microsoft-Windows-Security-Auditing,SUCCESS AUDIT,BlackBox,10/31/2015 12:54:55 PM,4797,None,"An attempt was made to query the existence of a blank password for an account.    Subject:   Security ID:  S-1-5-21-2685230347-480699911-3812554201-1001   Account Name:  Kaiser   Account Domain:  BLACKBOX   Logon ID:  0x9d385    Additional Information:   Caller Workstation: BLACKBOX   Target Account Name: Guest   Target Account Domain: BlackBox  "
24252,Security,Microsoft-Windows-Security-Auditing,SUCCESS AUDIT,BlackBox,10/31/2015 12:54:55 PM,4797,None,"An attempt was made to query the existence of a blank password for an account.    Subject:   Security ID:  S-1-5-21-2685230347-480699911-3812554201-1001   Account Name:  Kaiser   Account Domain:  BLACKBOX   Logon ID:  0x9d385    Additional Information:   Caller Workstation: BLACKBOX   Target Account Name: DefaultAccount   Target Account Domain: BlackBox  "
24251,Security,Microsoft-Windows-Security-Auditing,SUCCESS AUDIT,BlackBox,10/31/2015 12:54:55 PM,4797,None,"An attempt was made to query the existence of a blank password for an account.    Subject:   Security ID:  S-1-5-21-2685230347-480699911-3812554201-1001   Account Name:  Kaiser   Account Domain:  BLACKBOX   Logon ID:  0x9d385    Additional Information:   Caller Workstation: BLACKBOX   Target Account Name: Administrator   Target Account Domain: BlackBox  "
24250,Security,Microsoft-Windows-Security-Auditing,FAILURE AUDIT,BlackBox,10/31/2015 12:50:46 PM,5061,None,"Cryptographic operation.    Subject:   Security ID:  S-1-5-18   Account Name:  BLACKBOX$   Account Domain:  WORKGROUP   Logon ID:  0x3e7    Cryptographic Parameters:   Provider Name: Microsoft Software Key Storage Provider   Algorithm Name: RSA   Key Name: 51a92691-66f1-280f-d0db-59fad4f73491   Key Type: User key.      Cryptographic Operation:   Operation: Open Key.     Return Code: 0x80090016  "
24249,Security,Microsoft-Windows-Security-Auditing,SUCCESS AUDIT,BlackBox,10/31/2015 12:50:46 PM,5058,None,"Key file operation.    Subject:   Security ID:  S-1-5-18   Account Name:  BLACKBOX$   Account Domain:  WORKGROUP   Logon ID:  0x3e7    Cryptographic Parameters:   Provider Name: Microsoft Software Key Storage Provider   Algorithm Name: UNKNOWN   Key Name: 51a92691-66f1-280f-d0db-59fad4f73491   Key Type: User key.      Key File Operation Information:   File Path: C:\ProgramData\Microsoft\Crypto\SystemKeys\6d00fa390c15cc4634c8ca8153b76f29_911499c7-ef29-47ed-a64c-6b1751f20848   Operation: Read persisted key from file.     Return Code: 0x0  "
24248,Security,Microsoft-Windows-Security-Auditing,SUCCESS AUDIT,BlackBox,10/31/2015 12:50:46 PM,4798,None,"A user's local group membership was enumerated.    Subject:   Security ID:  S-1-5-21-2685230347-480699911-3812554201-1001   Account Name:  Kaiser   Account Domain:  BLACKBOX   Logon ID:  0x9d385    User:   Security ID:  S-1-5-21-2685230347-480699911-3812554201-1001   Account Name:  Kaiser   Account Domain:  BlackBox    Process Information:   Process ID:  0x664   Process Name:  C:\Windows\explorer.exe  "
24247,Security,Microsoft-Windows-Security-Auditing,SUCCESS AUDIT,BlackBox,10/31/2015 12:50:46 PM,4797,None,"An attempt was made to query the existence of a blank password for an account.    Subject:   Security ID:  S-1-5-21-2685230347-480699911-3812554201-1001   Account Name:  Kaiser   Account Domain:  BLACKBOX   Logon ID:  0x9d385    Additional Information:   Caller Workstation: BLACKBOX   Target Account Name: HomeGroupUser$   Target Account Domain: BlackBox  "
24246,Security,Microsoft-Windows-Security-Auditing,SUCCESS AUDIT,BlackBox,10/31/2015 12:50:46 PM,4797,None,"An attempt was made to query the existence of a blank password for an account.    Subject:   Security ID:  S-1-5-21-2685230347-480699911-3812554201-1001   Account Name:  Kaiser   Account Domain:  BLACKBOX   Logon ID:  0x9d385    Additional Information:   Caller Workstation: BLACKBOX   Target Account Name: Guest   Target Account Domain: BlackBox  "
24245,Security,Microsoft-Windows-Security-Auditing,SUCCESS AUDIT,BlackBox,10/31/2015 12:50:46 PM,4797,None,"An attempt was made to query the existence of a blank password for an account.    Subject:   Security ID:  S-1-5-21-2685230347-480699911-3812554201-1001   Account Name:  Kaiser   Account Domain:  BLACKBOX   Logon ID:  0x9d385    Additional Information:   Caller Workstation: BLACKBOX   Target Account Name: DefaultAccount   Target Account Domain: BlackBox  "
24244,Security,Microsoft-Windows-Security-Auditing,SUCCESS AUDIT,BlackBox,10/31/2015 12:50:46 PM,4797,None,"An attempt was made to query the existence of a blank password for an account.    Subject:   Security ID:  S-1-5-21-2685230347-480699911-3812554201-1001   Account Name:  Kaiser   Account Domain:  BLACKBOX   Logon ID:  0x9d385    Additional Information:   Caller Workstation: BLACKBOX   Target Account Name: Administrator   Target Account Domain: BlackBox  "
24243,Security,Microsoft-Windows-Security-Auditing,SUCCESS AUDIT,BlackBox,10/31/2015 12:50:46 PM,4798,None,"A user's local group membership was enumerated.    Subject:   Security ID:  S-1-5-21-2685230347-480699911-3812554201-1001   Account Name:  Kaiser   Account Domain:  BLACKBOX   Logon ID:  0x9d385    User:   Security ID:  S-1-5-21-2685230347-480699911-3812554201-1001   Account Name:  Kaiser   Account Domain:  BlackBox    Process Information:   Process ID:  0x664   Process Name:  C:\Windows\explorer.exe  "
24242,Security,Microsoft-Windows-Security-Auditing,SUCCESS AUDIT,BlackBox,10/31/2015 12:50:46 PM,4797,None,"An attempt was made to query the existence of a blank password for an account.    Subject:   Security ID:  S-1-5-21-2685230347-480699911-3812554201-1001   Account Name:  Kaiser   Account Domain:  BLACKBOX   Logon ID:  0x9d385    Additional Information:   Caller Workstation: BLACKBOX   Target Account Name: HomeGroupUser$   Target Account Domain: BlackBox  "
24241,Security,Microsoft-Windows-Security-Auditing,SUCCESS AUDIT,BlackBox,10/31/2015 12:50:46 PM,4797,None,"An attempt was made to query the existence of a blank password for an account.    Subject:   Security ID:  S-1-5-21-2685230347-480699911-3812554201-1001   Account Name:  Kaiser   Account Domain:  BLACKBOX   Logon ID:  0x9d385    Additional Information:   Caller Workstation: BLACKBOX   Target Account Name: Guest   Target Account Domain: BlackBox  "
24240,Security,Microsoft-Windows-Security-Auditing,SUCCESS AUDIT,BlackBox,10/31/2015 12:50:46 PM,4797,None,"An attempt was made to query the existence of a blank password for an account.    Subject:   Security ID:  S-1-5-21-2685230347-480699911-3812554201-1001   Account Name:  Kaiser   Account Domain:  BLACKBOX   Logon ID:  0x9d385    Additional Information:   Caller Workstation: BLACKBOX   Target Account Name: DefaultAccount   Target Account Domain: BlackBox  "
24239,Security,Microsoft-Windows-Security-Auditing,SUCCESS AUDIT,BlackBox,10/31/2015 12:50:46 PM,4797,None,"An attempt was made to query the existence of a blank password for an account.    Subject:   Security ID:  S-1-5-21-2685230347-480699911-3812554201-1001   Account Name:  Kaiser   Account Domain:  BLACKBOX   Logon ID:  0x9d385    Additional Information:   Caller Workstation: BLACKBOX   Target Account Name: Administrator   Target Account Domain: BlackBox  "
24238,Security,Microsoft-Windows-Security-Auditing,FAILURE AUDIT,BlackBox,10/31/2015 12:40:30 PM,5061,None,"Cryptographic operation.    Subject:   Security ID:  S-1-5-18   Account Name:  BLACKBOX$   Account Domain:  WORKGROUP   Logon ID:  0x3e7    Cryptographic Parameters:   Provider Name: Microsoft Software Key Storage Provider   Algorithm Name: RSA   Key Name: 51a92691-66f1-280f-d0db-59fad4f73491   Key Type: User key.      Cryptographic Operation:   Operation: Open Key.     Return Code: 0x80090016  "
24237,Security,Microsoft-Windows-Security-Auditing,SUCCESS AUDIT,BlackBox,10/31/2015 12:40:30 PM,5058,None,"Key file operation.    Subject:   Security ID:  S-1-5-18   Account Name:  BLACKBOX$   Account Domain:  WORKGROUP   Logon ID:  0x3e7    Cryptographic Parameters:   Provider Name: Microsoft Software Key Storage Provider   Algorithm Name: UNKNOWN   Key Name: 51a92691-66f1-280f-d0db-59fad4f73491   Key Type: User key.      Key File Operation Information:   File Path: C:\ProgramData\Microsoft\Crypto\SystemKeys\6d00fa390c15cc4634c8ca8153b76f29_911499c7-ef29-47ed-a64c-6b1751f20848   Operation: Read persisted key from file.     Return Code: 0x0  "
24236,Security,Microsoft-Windows-Security-Auditing,SUCCESS AUDIT,BlackBox,10/31/2015 12:27:36 PM,4634,None,"An account was logged off.    Subject:   Security ID:  S-1-5-7   Account Name:  ANONYMOUS LOGON   Account Domain:  NT AUTHORITY   Logon ID:  0x5ef972    Logon Type:   3    This event is generated when a logon session is destroyed. It may be positively correlated with a logon event using the Logon ID value. Logon IDs are only unique between reboots on the same computer.  "
24235,Security,Microsoft-Windows-Security-Auditing,SUCCESS AUDIT,BlackBox,10/31/2015 12:27:25 PM,4624,None,"An account was successfully logged on.    Subject:   Security ID:  S-1-0-0   Account Name:  -   Account Domain:  -   Logon ID:  0x0    Logon Information:   Logon Type:  3   Restricted Admin Mode: -   Virtual Account:  No     Elevated Token:  No      Impersonation Level:  Impersonation      New Logon:   Security ID:  S-1-5-7   Account Name:  ANONYMOUS LOGON   Account Domain:  NT AUTHORITY   Logon ID:  0x5ef972   Linked Logon ID:  0x0   Network Account Name: -   Network Account Domain: -   Logon GUID:  {00000000-0000-0000-0000-000000000000}    Process Information:   Process ID:  0x0   Process Name:  -    Network Information:   Workstation Name: DOMINATOR-PC   Source Network Address: 192.168.1.133   Source Port:  3172    Detailed Authentication Information:   Logon Process:  NtLmSsp    Authentication Package: NTLM   Transited Services: -   Package Name (NTLM only): NTLM V1   Key Length:  128    This event is generated when a logon session is created. It is generated on the computer that was accessed.    The subject fields indicate the account on the local system which requested the logon. This is most commonly a service such as the Server service, or a local process such as Winlogon.exe or Services.exe.    The logon type field indicates the kind of logon that occurred. The most common types are 2 (interactive) and 3 (network).    The New Logon fields indicate the account for whom the new logon was created, i.e. the account that was logged on.    The network fields indicate where a remote logon request originated. Workstation name is not always available and may be left blank in some cases.    The impersonation level field indicates the extent to which a process in the logon session can impersonate.    The authentication information fields provide detailed information about this specific logon request.   - Logon GUID is a unique identifier that can be used to correlate this event with a KDC event.   - Transited services indicate which intermediate services have participated in this logon request.   - Package name indicates which sub-protocol was used among the NTLM protocols.   - Key length indicates the length of the generated session key. This will be 0 if no session key was requested.  "
24234,Security,Microsoft-Windows-Security-Auditing,SUCCESS AUDIT,BlackBox,10/31/2015 12:27:25 PM,4634,None,"An account was logged off.    Subject:   Security ID:  S-1-5-7   Account Name:  ANONYMOUS LOGON   Account Domain:  NT AUTHORITY   Logon ID:  0x5ef80f    Logon Type:   3    This event is generated when a logon session is destroyed. It may be positively correlated with a logon event using the Logon ID value. Logon IDs are only unique between reboots on the same computer.  "
24233,Security,Microsoft-Windows-Security-Auditing,SUCCESS AUDIT,BlackBox,10/31/2015 12:27:25 PM,4624,None,"An account was successfully logged on.    Subject:   Security ID:  S-1-0-0   Account Name:  -   Account Domain:  -   Logon ID:  0x0    Logon Information:   Logon Type:  3   Restricted Admin Mode: -   Virtual Account:  No     Elevated Token:  No      Impersonation Level:  Impersonation      New Logon:   Security ID:  S-1-5-7   Account Name:  ANONYMOUS LOGON   Account Domain:  NT AUTHORITY   Logon ID:  0x5ef80f   Linked Logon ID:  0x0   Network Account Name: -   Network Account Domain: -   Logon GUID:  {00000000-0000-0000-0000-000000000000}    Process Information:   Process ID:  0x0   Process Name:  -    Network Information:   Workstation Name: DOMINATOR-PC   Source Network Address: 192.168.1.133   Source Port:  3171    Detailed Authentication Information:   Logon Process:  NtLmSsp    Authentication Package: NTLM   Transited Services: -   Package Name (NTLM only): NTLM V1   Key Length:  128    This event is generated when a logon session is created. It is generated on the computer that was accessed.    The subject fields indicate the account on the local system which requested the logon. This is most commonly a service such as the Server service, or a local process such as Winlogon.exe or Services.exe.    The logon type field indicates the kind of logon that occurred. The most common types are 2 (interactive) and 3 (network).    The New Logon fields indicate the account for whom the new logon was created, i.e. the account that was logged on.    The network fields indicate where a remote logon request originated. Workstation name is not always available and may be left blank in some cases.    The impersonation level field indicates the extent to which a process in the logon session can impersonate.    The authentication information fields provide detailed information about this specific logon request.   - Logon GUID is a unique identifier that can be used to correlate this event with a KDC event.   - Transited services indicate which intermediate services have participated in this logon request.   - Package name indicates which sub-protocol was used among the NTLM protocols.   - Key length indicates the length of the generated session key. This will be 0 if no session key was requested.  "
24232,Security,Microsoft-Windows-Security-Auditing,SUCCESS AUDIT,BlackBox,10/31/2015 12:17:38 PM,4672,None,"Special privileges assigned to new logon.    Subject:   Security ID:  S-1-5-18   Account Name:  SYSTEM   Account Domain:  NT AUTHORITY   Logon ID:  0x3e7    Privileges:  SeAssignPrimaryTokenPrivilege     SeTcbPrivilege     SeSecurityPrivilege     SeTakeOwnershipPrivilege     SeLoadDriverPrivilege     SeBackupPrivilege     SeRestorePrivilege     SeDebugPrivilege     SeAuditPrivilege     SeSystemEnvironmentPrivilege     SeImpersonatePrivilege  "
24231,Security,Microsoft-Windows-Security-Auditing,SUCCESS AUDIT,BlackBox,10/31/2015 12:17:38 PM,4624,None,"An account was successfully logged on.    Subject:   Security ID:  S-1-5-18   Account Name:  BLACKBOX$   Account Domain:  WORKGROUP   Logon ID:  0x3e7    Logon Information:   Logon Type:  5   Restricted Admin Mode: -   Virtual Account:  No     Elevated Token:  Yes      Impersonation Level:  Impersonation      New Logon:   Security ID:  S-1-5-18   Account Name:  SYSTEM   Account Domain:  NT AUTHORITY   Logon ID:  0x3e7   Linked Logon ID:  0x0   Network Account Name: -   Network Account Domain: -   Logon GUID:  {00000000-0000-0000-0000-000000000000}    Process Information:   Process ID:  0x2dc   Process Name:  C:\Windows\System32\services.exe    Network Information:   Workstation Name:    Source Network Address: -   Source Port:  -    Detailed Authentication Information:   Logon Process:  Advapi     Authentication Package: Negotiate   Transited Services: -   Package Name (NTLM only): -   Key Length:  0    This event is generated when a logon session is created. It is generated on the computer that was accessed.    The subject fields indicate the account on the local system which requested the logon. This is most commonly a service such as the Server service, or a local process such as Winlogon.exe or Services.exe.    The logon type field indicates the kind of logon that occurred. The most common types are 2 (interactive) and 3 (network).    The New Logon fields indicate the account for whom the new logon was created, i.e. the account that was logged on.    The network fields indicate where a remote logon request originated. Workstation name is not always available and may be left blank in some cases.    The impersonation level field indicates the extent to which a process in the logon session can impersonate.    The authentication information fields provide detailed information about this specific logon request.   - Logon GUID is a unique identifier that can be used to correlate this event with a KDC event.   - Transited services indicate which intermediate services have participated in this logon request.   - Package name indicates which sub-protocol was used among the NTLM protocols.   - Key length indicates the length of the generated session key. This will be 0 if no session key was requested.  "
24230,Security,Microsoft-Windows-Security-Auditing,FAILURE AUDIT,BlackBox,10/31/2015 12:17:29 PM,5061,None,"Cryptographic operation.    Subject:   Security ID:  S-1-5-18   Account Name:  BLACKBOX$   Account Domain:  WORKGROUP   Logon ID:  0x3e7    Cryptographic Parameters:   Provider Name: Microsoft Software Key Storage Provider   Algorithm Name: RSA   Key Name: 51a92691-66f1-280f-d0db-59fad4f73491   Key Type: User key.      Cryptographic Operation:   Operation: Open Key.     Return Code: 0x80090016  "
24229,Security,Microsoft-Windows-Security-Auditing,SUCCESS AUDIT,BlackBox,10/31/2015 12:17:29 PM,5058,None,"Key file operation.    Subject:   Security ID:  S-1-5-18   Account Name:  BLACKBOX$   Account Domain:  WORKGROUP   Logon ID:  0x3e7    Cryptographic Parameters:   Provider Name: Microsoft Software Key Storage Provider   Algorithm Name: UNKNOWN   Key Name: 51a92691-66f1-280f-d0db-59fad4f73491   Key Type: User key.      Key File Operation Information:   File Path: C:\ProgramData\Microsoft\Crypto\SystemKeys\6d00fa390c15cc4634c8ca8153b76f29_911499c7-ef29-47ed-a64c-6b1751f20848   Operation: Read persisted key from file.     Return Code: 0x0  "
24228,Security,Microsoft-Windows-Security-Auditing,SUCCESS AUDIT,BlackBox,10/31/2015 12:17:28 PM,4672,None,"Special privileges assigned to new logon.    Subject:   Security ID:  S-1-5-18   Account Name:  SYSTEM   Account Domain:  NT AUTHORITY   Logon ID:  0x3e7    Privileges:  SeAssignPrimaryTokenPrivilege     SeTcbPrivilege     SeSecurityPrivilege     SeTakeOwnershipPrivilege     SeLoadDriverPrivilege     SeBackupPrivilege     SeRestorePrivilege     SeDebugPrivilege     SeAuditPrivilege     SeSystemEnvironmentPrivilege     SeImpersonatePrivilege  "
