24062,Security,Microsoft-Windows-Security-Auditing,SUCCESS AUDIT,BlackBox,10/31/2015 4:13:55 AM,4907,None,"Auditing settings on object were changed.    Subject:   Security ID:  S-1-5-18   Account Name:  BLACKBOX$   Account Domain:  WORKGROUP   Logon ID:  0x3e7    Object:   Object Server: Security   Object Type: File   Object Name: C:\Windows\System32\spp\tokens\ppdlic\ExtensibleStorageEngine-ISAM-ppdlic.xrm-ms   Handle ID: 0xd4    Process Information:   Process ID: 0x2b68   Process Name: C:\Windows\System32\poqexec.exe    Auditing Settings:   Original Security Descriptor: S:AI   New Security Descriptor:  S:ARAI(AU;SAFA;DCLCRPCRSDWDWO;;;WD)  "
24061,Security,Microsoft-Windows-Security-Auditing,SUCCESS AUDIT,BlackBox,10/31/2015 4:13:55 AM,4907,None,"Auditing settings on object were changed.    Subject:   Security ID:  S-1-5-18   Account Name:  BLACKBOX$   Account Domain:  WORKGROUP   Logon ID:  0x3e7    Object:   Object Server: Security   Object Type: File   Object Name: C:\Windows\System32\Speech_OneCore\Common\sapi_onecore.dll   Handle ID: 0xd8    Process Information:   Process ID: 0x2b68   Process Name: C:\Windows\System32\poqexec.exe    Auditing Settings:   Original Security Descriptor: S:AI   New Security Descriptor:  S:ARAI(AU;SAFA;DCLCRPCRSDWDWO;;;WD)  "
24060,Security,Microsoft-Windows-Security-Auditing,SUCCESS AUDIT,BlackBox,10/31/2015 4:13:55 AM,4907,None,"Auditing settings on object were changed.    Subject:   Security ID:  S-1-5-18   Account Name:  BLACKBOX$   Account Domain:  WORKGROUP   Logon ID:  0x3e7    Object:   Object Server: Security   Object Type: File   Object Name: C:\Windows\System32\en-US\tzres.dll.mui   Handle ID: 0xd4    Process Information:   Process ID: 0x2b68   Process Name: C:\Windows\System32\poqexec.exe    Auditing Settings:   Original Security Descriptor: S:AI   New Security Descriptor:  S:ARAI(AU;SAFA;DCLCRPCRSDWDWO;;;WD)  "
24059,Security,Microsoft-Windows-Security-Auditing,SUCCESS AUDIT,BlackBox,10/31/2015 4:13:55 AM,4907,None,"Auditing settings on object were changed.    Subject:   Security ID:  S-1-5-18   Account Name:  BLACKBOX$   Account Domain:  WORKGROUP   Logon ID:  0x3e7    Object:   Object Server: Security   Object Type: File   Object Name: C:\Windows\System32\appraiser\appraiser.sdb   Handle ID: 0xc4    Process Information:   Process ID: 0x2b68   Process Name: C:\Windows\System32\poqexec.exe    Auditing Settings:   Original Security Descriptor: S:AI   New Security Descriptor:  S:ARAI(AU;SAFA;DCLCRPCRSDWDWO;;;WD)  "
24058,Security,Microsoft-Windows-Security-Auditing,SUCCESS AUDIT,BlackBox,10/31/2015 4:13:55 AM,4907,None,"Auditing settings on object were changed.    Subject:   Security ID:  S-1-5-18   Account Name:  BLACKBOX$   Account Domain:  WORKGROUP   Logon ID:  0x3e7    Object:   Object Server: Security   Object Type: File   Object Name: C:\Windows\System32\winlogon.exe   Handle ID: 0xc4    Process Information:   Process ID: 0x2b68   Process Name: C:\Windows\System32\poqexec.exe    Auditing Settings:   Original Security Descriptor: S:AI   New Security Descriptor:  S:ARAI(AU;SAFA;DCLCRPCRSDWDWO;;;WD)  "
24057,Security,Microsoft-Windows-Security-Auditing,SUCCESS AUDIT,BlackBox,10/31/2015 4:13:55 AM,4907,None,"Auditing settings on object were changed.    Subject:   Security ID:  S-1-5-18   Account Name:  BLACKBOX$   Account Domain:  WORKGROUP   Logon ID:  0x3e7    Object:   Object Server: Security   Object Type: File   Object Name: C:\Windows\System32\Windows.UI.dll   Handle ID: 0xc4    Process Information:   Process ID: 0x2b68   Process Name: C:\Windows\System32\poqexec.exe    Auditing Settings:   Original Security Descriptor: S:AI   New Security Descriptor:  S:ARAI(AU;SAFA;DCLCRPCRSDWDWO;;;WD)  "
24056,Security,Microsoft-Windows-Security-Auditing,SUCCESS AUDIT,BlackBox,10/31/2015 4:13:55 AM,4907,None,"Auditing settings on object were changed.    Subject:   Security ID:  S-1-5-18   Account Name:  BLACKBOX$   Account Domain:  WORKGROUP   Logon ID:  0x3e7    Object:   Object Server: Security   Object Type: File   Object Name: C:\Windows\System32\Windows.StateRepository.dll   Handle ID: 0x20    Process Information:   Process ID: 0x2b68   Process Name: C:\Windows\System32\poqexec.exe    Auditing Settings:   Original Security Descriptor: S:AI   New Security Descriptor:  S:ARAI(AU;SAFA;DCLCRPCRSDWDWO;;;WD)  "
24055,Security,Microsoft-Windows-Security-Auditing,SUCCESS AUDIT,BlackBox,10/31/2015 4:13:55 AM,4907,None,"Auditing settings on object were changed.    Subject:   Security ID:  S-1-5-18   Account Name:  BLACKBOX$   Account Domain:  WORKGROUP   Logon ID:  0x3e7    Object:   Object Server: Security   Object Type: File   Object Name: C:\Windows\System32\Windows.Media.dll   Handle ID: 0xc4    Process Information:   Process ID: 0x2b68   Process Name: C:\Windows\System32\poqexec.exe    Auditing Settings:   Original Security Descriptor: S:AI   New Security Descriptor:  S:ARAI(AU;SAFA;DCLCRPCRSDWDWO;;;WD)  "
24054,Security,Microsoft-Windows-Security-Auditing,SUCCESS AUDIT,BlackBox,10/31/2015 4:13:55 AM,4907,None,"Auditing settings on object were changed.    Subject:   Security ID:  S-1-5-18   Account Name:  BLACKBOX$   Account Domain:  WORKGROUP   Logon ID:  0x3e7    Object:   Object Server: Security   Object Type: File   Object Name: C:\Windows\System32\Windows.Devices.Usb.dll   Handle ID: 0xc8    Process Information:   Process ID: 0x2b68   Process Name: C:\Windows\System32\poqexec.exe    Auditing Settings:   Original Security Descriptor: S:AI   New Security Descriptor:  S:ARAI(AU;SAFA;DCLCRPCRSDWDWO;;;WD)  "
24053,Security,Microsoft-Windows-Security-Auditing,SUCCESS AUDIT,BlackBox,10/31/2015 4:13:55 AM,4907,None,"Auditing settings on object were changed.    Subject:   Security ID:  S-1-5-18   Account Name:  BLACKBOX$   Account Domain:  WORKGROUP   Logon ID:  0x3e7    Object:   Object Server: Security   Object Type: File   Object Name: C:\Windows\System32\usermgr.dll   Handle ID: 0xc0    Process Information:   Process ID: 0x2b68   Process Name: C:\Windows\System32\poqexec.exe    Auditing Settings:   Original Security Descriptor: S:AI   New Security Descriptor:  S:ARAI(AU;SAFA;DCLCRPCRSDWDWO;;;WD)  "
24052,Security,Microsoft-Windows-Security-Auditing,SUCCESS AUDIT,BlackBox,10/31/2015 4:13:55 AM,4907,None,"Auditing settings on object were changed.    Subject:   Security ID:  S-1-5-18   Account Name:  BLACKBOX$   Account Domain:  WORKGROUP   Logon ID:  0x3e7    Object:   Object Server: Security   Object Type: File   Object Name: C:\Windows\System32\urlmon.dll   Handle ID: 0xb8    Process Information:   Process ID: 0x2b68   Process Name: C:\Windows\System32\poqexec.exe    Auditing Settings:   Original Security Descriptor: S:AI   New Security Descriptor:  S:ARAI(AU;SAFA;DCLCRPCRSDWDWO;;;WD)  "
24051,Security,Microsoft-Windows-Security-Auditing,SUCCESS AUDIT,BlackBox,10/31/2015 4:13:55 AM,4907,None,"Auditing settings on object were changed.    Subject:   Security ID:  S-1-5-18   Account Name:  BLACKBOX$   Account Domain:  WORKGROUP   Logon ID:  0x3e7    Object:   Object Server: Security   Object Type: File   Object Name: C:\Windows\System32\MusUpdateHandlers.dll   Handle ID: 0xa8    Process Information:   Process ID: 0x2b68   Process Name: C:\Windows\System32\poqexec.exe    Auditing Settings:   Original Security Descriptor: S:AI   New Security Descriptor:  S:ARAI(AU;SAFA;DCLCRPCRSDWDWO;;;WD)  "
24050,Security,Microsoft-Windows-Security-Auditing,SUCCESS AUDIT,BlackBox,10/31/2015 4:13:55 AM,4907,None,"Auditing settings on object were changed.    Subject:   Security ID:  S-1-5-18   Account Name:  BLACKBOX$   Account Domain:  WORKGROUP   Logon ID:  0x3e7    Object:   Object Server: Security   Object Type: File   Object Name: C:\Windows\System32\mshtml.dll   Handle ID: 0xa8    Process Information:   Process ID: 0x2b68   Process Name: C:\Windows\System32\poqexec.exe    Auditing Settings:   Original Security Descriptor: S:AI   New Security Descriptor:  S:ARAI(AU;SAFA;DCLCRPCRSDWDWO;;;WD)  "
24049,Security,Microsoft-Windows-Security-Auditing,SUCCESS AUDIT,BlackBox,10/31/2015 4:13:55 AM,4907,None,"Auditing settings on object were changed.    Subject:   Security ID:  S-1-5-18   Account Name:  BLACKBOX$   Account Domain:  WORKGROUP   Logon ID:  0x3e7    Object:   Object Server: Security   Object Type: File   Object Name: C:\Windows\System32\MFMediaEngine.dll   Handle ID: 0xa8    Process Information:   Process ID: 0x2b68   Process Name: C:\Windows\System32\poqexec.exe    Auditing Settings:   Original Security Descriptor: S:AI   New Security Descriptor:  S:ARAI(AU;SAFA;DCLCRPCRSDWDWO;;;WD)  "
24048,Security,Microsoft-Windows-Security-Auditing,SUCCESS AUDIT,BlackBox,10/31/2015 4:13:55 AM,4907,None,"Auditing settings on object were changed.    Subject:   Security ID:  S-1-5-18   Account Name:  BLACKBOX$   Account Domain:  WORKGROUP   Logon ID:  0x3e7    Object:   Object Server: Security   Object Type: File   Object Name: C:\Windows\System32\LicenseManager.dll   Handle ID: 0xa8    Process Information:   Process ID: 0x2b68   Process Name: C:\Windows\System32\poqexec.exe    Auditing Settings:   Original Security Descriptor: S:AI   New Security Descriptor:  S:ARAI(AU;SAFA;DCLCRPCRSDWDWO;;;WD)  "
24047,Security,Microsoft-Windows-Security-Auditing,SUCCESS AUDIT,BlackBox,10/31/2015 4:13:55 AM,4907,None,"Auditing settings on object were changed.    Subject:   Security ID:  S-1-5-18   Account Name:  BLACKBOX$   Account Domain:  WORKGROUP   Logon ID:  0x3e7    Object:   Object Server: Security   Object Type: File   Object Name: C:\Windows\System32\iertutil.dll   Handle ID: 0xac    Process Information:   Process ID: 0x2b68   Process Name: C:\Windows\System32\poqexec.exe    Auditing Settings:   Original Security Descriptor: S:AI   New Security Descriptor:  S:ARAI(AU;SAFA;DCLCRPCRSDWDWO;;;WD)  "
24046,Security,Microsoft-Windows-Security-Auditing,SUCCESS AUDIT,BlackBox,10/31/2015 4:13:55 AM,4907,None,"Auditing settings on object were changed.    Subject:   Security ID:  S-1-5-18   Account Name:  BLACKBOX$   Account Domain:  WORKGROUP   Logon ID:  0x3e7    Object:   Object Server: Security   Object Type: File   Object Name: C:\Windows\System32\esent.dll   Handle ID: 0xa0    Process Information:   Process ID: 0x2b68   Process Name: C:\Windows\System32\poqexec.exe    Auditing Settings:   Original Security Descriptor: S:AI   New Security Descriptor:  S:ARAI(AU;SAFA;DCLCRPCRSDWDWO;;;WD)  "
24045,Security,Microsoft-Windows-Security-Auditing,SUCCESS AUDIT,BlackBox,10/31/2015 4:13:55 AM,4907,None,"Auditing settings on object were changed.    Subject:   Security ID:  S-1-5-18   Account Name:  BLACKBOX$   Account Domain:  WORKGROUP   Logon ID:  0x3e7    Object:   Object Server: Security   Object Type: File   Object Name: C:\Windows\System32\edgehtml.dll   Handle ID: 0xac    Process Information:   Process ID: 0x2b68   Process Name: C:\Windows\System32\poqexec.exe    Auditing Settings:   Original Security Descriptor: S:AI   New Security Descriptor:  S:ARAI(AU;SAFA;DCLCRPCRSDWDWO;;;WD)  "
24044,Security,Microsoft-Windows-Security-Auditing,SUCCESS AUDIT,BlackBox,10/31/2015 4:13:55 AM,4907,None,"Auditing settings on object were changed.    Subject:   Security ID:  S-1-5-18   Account Name:  BLACKBOX$   Account Domain:  WORKGROUP   Logon ID:  0x3e7    Object:   Object Server: Security   Object Type: File   Object Name: C:\Windows\System32\dssvc.dll   Handle ID: 0xa0    Process Information:   Process ID: 0x2b68   Process Name: C:\Windows\System32\poqexec.exe    Auditing Settings:   Original Security Descriptor: S:AI   New Security Descriptor:  S:ARAI(AU;SAFA;DCLCRPCRSDWDWO;;;WD)  "
24043,Security,Microsoft-Windows-Security-Auditing,SUCCESS AUDIT,BlackBox,10/31/2015 4:13:55 AM,4907,None,"Auditing settings on object were changed.    Subject:   Security ID:  S-1-5-18   Account Name:  BLACKBOX$   Account Domain:  WORKGROUP   Logon ID:  0x3e7    Object:   Object Server: Security   Object Type: File   Object Name: C:\Windows\System32\dlnashext.dll   Handle ID: 0x9c    Process Information:   Process ID: 0x2b68   Process Name: C:\Windows\System32\poqexec.exe    Auditing Settings:   Original Security Descriptor: S:AI   New Security Descriptor:  S:ARAI(AU;SAFA;DCLCRPCRSDWDWO;;;WD)  "
24042,Security,Microsoft-Windows-Security-Auditing,SUCCESS AUDIT,BlackBox,10/31/2015 4:13:55 AM,4907,None,"Auditing settings on object were changed.    Subject:   Security ID:  S-1-5-18   Account Name:  BLACKBOX$   Account Domain:  WORKGROUP   Logon ID:  0x3e7    Object:   Object Server: Security   Object Type: File   Object Name: C:\Windows\System32\browserbroker.dll   Handle ID: 0x94    Process Information:   Process ID: 0x2b68   Process Name: C:\Windows\System32\poqexec.exe    Auditing Settings:   Original Security Descriptor: S:AI   New Security Descriptor:  S:ARAI(AU;SAFA;DCLCRPCRSDWDWO;;;WD)  "
24041,Security,Microsoft-Windows-Security-Auditing,SUCCESS AUDIT,BlackBox,10/31/2015 4:13:55 AM,4907,None,"Auditing settings on object were changed.    Subject:   Security ID:  S-1-5-18   Account Name:  BLACKBOX$   Account Domain:  WORKGROUP   Logon ID:  0x3e7    Object:   Object Server: Security   Object Type: File   Object Name: C:\Windows\System32\audiosrv.dll   Handle ID: 0x94    Process Information:   Process ID: 0x2b68   Process Name: C:\Windows\System32\poqexec.exe    Auditing Settings:   Original Security Descriptor: S:AI   New Security Descriptor:  S:ARAI(AU;SAFA;DCLCRPCRSDWDWO;;;WD)  "
24040,Security,Microsoft-Windows-Security-Auditing,SUCCESS AUDIT,BlackBox,10/31/2015 4:13:55 AM,4907,None,"Auditing settings on object were changed.    Subject:   Security ID:  S-1-5-18   Account Name:  BLACKBOX$   Account Domain:  WORKGROUP   Logon ID:  0x3e7    Object:   Object Server: Security   Object Type: File   Object Name: C:\Windows\System32\AppXDeploymentServer.dll   Handle ID: 0x88    Process Information:   Process ID: 0x2b68   Process Name: C:\Windows\System32\poqexec.exe    Auditing Settings:   Original Security Descriptor: S:AI   New Security Descriptor:  S:ARAI(AU;SAFA;DCLCRPCRSDWDWO;;;WD)  "
24039,Security,Microsoft-Windows-Security-Auditing,SUCCESS AUDIT,BlackBox,10/31/2015 4:13:55 AM,4907,None,"Auditing settings on object were changed.    Subject:   Security ID:  S-1-5-18   Account Name:  BLACKBOX$   Account Domain:  WORKGROUP   Logon ID:  0x3e7    Object:   Object Server: Security   Object Type: File   Object Name: C:\Windows\System32\AppXDeploymentExtensions.dll   Handle ID: 0x88    Process Information:   Process ID: 0x2b68   Process Name: C:\Windows\System32\poqexec.exe    Auditing Settings:   Original Security Descriptor: S:AI   New Security Descriptor:  S:ARAI(AU;SAFA;DCLCRPCRSDWDWO;;;WD)  "
24038,Security,Microsoft-Windows-Security-Auditing,SUCCESS AUDIT,BlackBox,10/31/2015 4:13:55 AM,4907,None,"Auditing settings on object were changed.    Subject:   Security ID:  S-1-5-18   Account Name:  BLACKBOX$   Account Domain:  WORKGROUP   Logon ID:  0x3e7    Object:   Object Server: Security   Object Type: File   Object Name: C:\Windows\Microsoft.NET\Framework64\v4.0.30319\WPF\WindowsFormsIntegration.dll   Handle ID: 0x84    Process Information:   Process ID: 0x2b68   Process Name: C:\Windows\System32\poqexec.exe    Auditing Settings:   Original Security Descriptor: S:AI   New Security Descriptor:  S:ARAI(AU;SAFA;DCLCRPCRSDWDWO;;;WD)  "
24037,Security,Microsoft-Windows-Security-Auditing,SUCCESS AUDIT,BlackBox,10/31/2015 4:13:55 AM,4907,None,"Auditing settings on object were changed.    Subject:   Security ID:  S-1-5-18   Account Name:  BLACKBOX$   Account Domain:  WORKGROUP   Logon ID:  0x3e7    Object:   Object Server: Security   Object Type: File   Object Name: C:\Windows\Microsoft.NET\Framework64\v4.0.30319\WPF\WindowsBase.dll   Handle ID: 0x80    Process Information:   Process ID: 0x2b68   Process Name: C:\Windows\System32\poqexec.exe    Auditing Settings:   Original Security Descriptor: S:AI   New Security Descriptor:  S:ARAI(AU;SAFA;DCLCRPCRSDWDWO;;;WD)  "
24036,Security,Microsoft-Windows-Security-Auditing,SUCCESS AUDIT,BlackBox,10/31/2015 4:13:55 AM,4907,None,"Auditing settings on object were changed.    Subject:   Security ID:  S-1-5-18   Account Name:  BLACKBOX$   Account Domain:  WORKGROUP   Logon ID:  0x3e7    Object:   Object Server: Security   Object Type: File   Object Name: C:\Windows\Microsoft.NET\Framework64\v4.0.30319\WPF\PresentationFramework.dll   Handle ID: 0x7c    Process Information:   Process ID: 0x2b68   Process Name: C:\Windows\System32\poqexec.exe    Auditing Settings:   Original Security Descriptor: S:AI   New Security Descriptor:  S:ARAI(AU;SAFA;DCLCRPCRSDWDWO;;;WD)  "
24035,Security,Microsoft-Windows-Security-Auditing,SUCCESS AUDIT,BlackBox,10/31/2015 4:13:55 AM,4907,None,"Auditing settings on object were changed.    Subject:   Security ID:  S-1-5-18   Account Name:  BLACKBOX$   Account Domain:  WORKGROUP   Logon ID:  0x3e7    Object:   Object Server: Security   Object Type: File   Object Name: C:\Windows\Microsoft.NET\Framework64\v4.0.30319\WPF\PresentationCore.dll   Handle ID: 0x7c    Process Information:   Process ID: 0x2b68   Process Name: C:\Windows\System32\poqexec.exe    Auditing Settings:   Original Security Descriptor: S:AI   New Security Descriptor:  S:ARAI(AU;SAFA;DCLCRPCRSDWDWO;;;WD)  "
24034,Security,Microsoft-Windows-Security-Auditing,SUCCESS AUDIT,BlackBox,10/31/2015 4:13:55 AM,4907,None,"Auditing settings on object were changed.    Subject:   Security ID:  S-1-5-18   Account Name:  BLACKBOX$   Account Domain:  WORKGROUP   Logon ID:  0x3e7    Object:   Object Server: Security   Object Type: File   Object Name: C:\Windows\Microsoft.NET\Framework64\v4.0.30319\NativeImages\mscorlib.ni.dll   Handle ID: 0x74    Process Information:   Process ID: 0x2b68   Process Name: C:\Windows\System32\poqexec.exe    Auditing Settings:   Original Security Descriptor: S:AI   New Security Descriptor:  S:ARAI(AU;SAFA;DCLCRPCRSDWDWO;;;WD)  "
24033,Security,Microsoft-Windows-Security-Auditing,SUCCESS AUDIT,BlackBox,10/31/2015 4:13:55 AM,4907,None,"Auditing settings on object were changed.    Subject:   Security ID:  S-1-5-18   Account Name:  BLACKBOX$   Account Domain:  WORKGROUP   Logon ID:  0x3e7    Object:   Object Server: Security   Object Type: File   Object Name: C:\Windows\Microsoft.NET\Framework64\v4.0.30319\System.Xaml.dll   Handle ID: 0x70    Process Information:   Process ID: 0x2b68   Process Name: C:\Windows\System32\poqexec.exe    Auditing Settings:   Original Security Descriptor: S:AI   New Security Descriptor:  S:ARAI(AU;SAFA;DCLCRPCRSDWDWO;;;WD)  "
24032,Security,Microsoft-Windows-Security-Auditing,SUCCESS AUDIT,BlackBox,10/31/2015 4:13:55 AM,4907,None,"Auditing settings on object were changed.    Subject:   Security ID:  S-1-5-18   Account Name:  BLACKBOX$   Account Domain:  WORKGROUP   Logon ID:  0x3e7    Object:   Object Server: Security   Object Type: File   Object Name: C:\Windows\Microsoft.NET\Framework64\v4.0.30319\System.ServiceModel.Routing.dll   Handle ID: 0x6c    Process Information:   Process ID: 0x2b68   Process Name: C:\Windows\System32\poqexec.exe    Auditing Settings:   Original Security Descriptor: S:AI   New Security Descriptor:  S:ARAI(AU;SAFA;DCLCRPCRSDWDWO;;;WD)  "
24031,Security,Microsoft-Windows-Security-Auditing,SUCCESS AUDIT,BlackBox,10/31/2015 4:13:55 AM,4907,None,"Auditing settings on object were changed.    Subject:   Security ID:  S-1-5-18   Account Name:  BLACKBOX$   Account Domain:  WORKGROUP   Logon ID:  0x3e7    Object:   Object Server: Security   Object Type: File   Object Name: C:\Windows\Microsoft.NET\Framework64\v4.0.30319\System.Data.dll   Handle ID: 0x2c    Process Information:   Process ID: 0x2b68   Process Name: C:\Windows\System32\poqexec.exe    Auditing Settings:   Original Security Descriptor: S:AI   New Security Descriptor:  S:ARAI(AU;SAFA;DCLCRPCRSDWDWO;;;WD)  "
24030,Security,Microsoft-Windows-Security-Auditing,SUCCESS AUDIT,BlackBox,10/31/2015 4:13:55 AM,4907,None,"Auditing settings on object were changed.    Subject:   Security ID:  S-1-5-18   Account Name:  BLACKBOX$   Account Domain:  WORKGROUP   Logon ID:  0x3e7    Object:   Object Server: Security   Object Type: File   Object Name: C:\Windows\Microsoft.NET\Framework64\v4.0.30319\SOS.dll   Handle ID: 0x34    Process Information:   Process ID: 0x2b68   Process Name: C:\Windows\System32\poqexec.exe    Auditing Settings:   Original Security Descriptor: S:AI   New Security Descriptor:  S:ARAI(AU;SAFA;DCLCRPCRSDWDWO;;;WD)  "
24029,Security,Microsoft-Windows-Security-Auditing,SUCCESS AUDIT,BlackBox,10/31/2015 4:13:55 AM,4907,None,"Auditing settings on object were changed.    Subject:   Security ID:  S-1-5-18   Account Name:  BLACKBOX$   Account Domain:  WORKGROUP   Logon ID:  0x3e7    Object:   Object Server: Security   Object Type: File   Object Name: C:\Windows\Microsoft.NET\Framework64\v4.0.30319\peverify.dll   Handle ID: 0x34    Process Information:   Process ID: 0x2b68   Process Name: C:\Windows\System32\poqexec.exe    Auditing Settings:   Original Security Descriptor: S:AI   New Security Descriptor:  S:ARAI(AU;SAFA;DCLCRPCRSDWDWO;;;WD)  "
24028,Security,Microsoft-Windows-Security-Auditing,SUCCESS AUDIT,BlackBox,10/31/2015 4:13:55 AM,4907,None,"Auditing settings on object were changed.    Subject:   Security ID:  S-1-5-18   Account Name:  BLACKBOX$   Account Domain:  WORKGROUP   Logon ID:  0x3e7    Object:   Object Server: Security   Object Type: File   Object Name: C:\Windows\Microsoft.NET\Framework64\v4.0.30319\mscorlib.dll   Handle ID: 0x34    Process Information:   Process ID: 0x2b68   Process Name: C:\Windows\System32\poqexec.exe    Auditing Settings:   Original Security Descriptor: S:AI   New Security Descriptor:  S:ARAI(AU;SAFA;DCLCRPCRSDWDWO;;;WD)  "
24027,Security,Microsoft-Windows-Security-Auditing,SUCCESS AUDIT,BlackBox,10/31/2015 4:13:55 AM,4907,None,"Auditing settings on object were changed.    Subject:   Security ID:  S-1-5-18   Account Name:  BLACKBOX$   Account Domain:  WORKGROUP   Logon ID:  0x3e7    Object:   Object Server: Security   Object Type: File   Object Name: C:\Windows\Microsoft.NET\Framework64\v4.0.30319\mscordbi.dll   Handle ID: 0x34    Process Information:   Process ID: 0x2b68   Process Name: C:\Windows\System32\poqexec.exe    Auditing Settings:   Original Security Descriptor: S:AI   New Security Descriptor:  S:ARAI(AU;SAFA;DCLCRPCRSDWDWO;;;WD)  "
24026,Security,Microsoft-Windows-Security-Auditing,SUCCESS AUDIT,BlackBox,10/31/2015 4:13:55 AM,4907,None,"Auditing settings on object were changed.    Subject:   Security ID:  S-1-5-18   Account Name:  BLACKBOX$   Account Domain:  WORKGROUP   Logon ID:  0x3e7    Object:   Object Server: Security   Object Type: File   Object Name: C:\Windows\Microsoft.NET\Framework64\v4.0.30319\mscordacwks.dll   Handle ID: 0x34    Process Information:   Process ID: 0x2b68   Process Name: C:\Windows\System32\poqexec.exe    Auditing Settings:   Original Security Descriptor: S:AI   New Security Descriptor:  S:ARAI(AU;SAFA;DCLCRPCRSDWDWO;;;WD)  "
24025,Security,Microsoft-Windows-Security-Auditing,SUCCESS AUDIT,BlackBox,10/31/2015 4:13:55 AM,4907,None,"Auditing settings on object were changed.    Subject:   Security ID:  S-1-5-18   Account Name:  BLACKBOX$   Account Domain:  WORKGROUP   Logon ID:  0x3e7    Object:   Object Server: Security   Object Type: File   Object Name: C:\Windows\Microsoft.NET\Framework64\v4.0.30319\clrjit.dll   Handle ID: 0x34    Process Information:   Process ID: 0x2b68   Process Name: C:\Windows\System32\poqexec.exe    Auditing Settings:   Original Security Descriptor: S:AI   New Security Descriptor:  S:ARAI(AU;SAFA;DCLCRPCRSDWDWO;;;WD)  "
24024,Security,Microsoft-Windows-Security-Auditing,SUCCESS AUDIT,BlackBox,10/31/2015 4:13:55 AM,4907,None,"Auditing settings on object were changed.    Subject:   Security ID:  S-1-5-18   Account Name:  BLACKBOX$   Account Domain:  WORKGROUP   Logon ID:  0x3e7    Object:   Object Server: Security   Object Type: File   Object Name: C:\Windows\Microsoft.NET\Framework64\v4.0.30319\clr.dll   Handle ID: 0x34    Process Information:   Process ID: 0x2b68   Process Name: C:\Windows\System32\poqexec.exe    Auditing Settings:   Original Security Descriptor: S:AI   New Security Descriptor:  S:ARAI(AU;SAFA;DCLCRPCRSDWDWO;;;WD)  "
24023,Security,Microsoft-Windows-Security-Auditing,SUCCESS AUDIT,BlackBox,10/31/2015 4:13:55 AM,4907,None,"Auditing settings on object were changed.    Subject:   Security ID:  S-1-5-18   Account Name:  BLACKBOX$   Account Domain:  WORKGROUP   Logon ID:  0x3e7    Object:   Object Server: Security   Object Type: File   Object Name: C:\Windows\Microsoft.NET\Framework64\v2.0.50727\SOS.dll   Handle ID: 0x34    Process Information:   Process ID: 0x2b68   Process Name: C:\Windows\System32\poqexec.exe    Auditing Settings:   Original Security Descriptor: S:AI   New Security Descriptor:  S:ARAI(AU;SAFA;DCLCRPCRSDWDWO;;;WD)  "
24022,Security,Microsoft-Windows-Security-Auditing,SUCCESS AUDIT,BlackBox,10/31/2015 4:13:55 AM,4907,None,"Auditing settings on object were changed.    Subject:   Security ID:  S-1-5-18   Account Name:  BLACKBOX$   Account Domain:  WORKGROUP   Logon ID:  0x3e7    Object:   Object Server: Security   Object Type: File   Object Name: C:\Windows\Microsoft.NET\Framework64\v2.0.50727\mscorwks.dll   Handle ID: 0x64    Process Information:   Process ID: 0x2b68   Process Name: C:\Windows\System32\poqexec.exe    Auditing Settings:   Original Security Descriptor: S:AI   New Security Descriptor:  S:ARAI(AU;SAFA;DCLCRPCRSDWDWO;;;WD)  "
24021,Security,Microsoft-Windows-Security-Auditing,SUCCESS AUDIT,BlackBox,10/31/2015 4:13:55 AM,4907,None,"Auditing settings on object were changed.    Subject:   Security ID:  S-1-5-18   Account Name:  BLACKBOX$   Account Domain:  WORKGROUP   Logon ID:  0x3e7    Object:   Object Server: Security   Object Type: File   Object Name: C:\Windows\Microsoft.NET\Framework64\v2.0.50727\mscorlib.dll   Handle ID: 0x64    Process Information:   Process ID: 0x2b68   Process Name: C:\Windows\System32\poqexec.exe    Auditing Settings:   Original Security Descriptor: S:AI   New Security Descriptor:  S:ARAI(AU;SAFA;DCLCRPCRSDWDWO;;;WD)  "
24020,Security,Microsoft-Windows-Security-Auditing,SUCCESS AUDIT,BlackBox,10/31/2015 4:13:55 AM,4907,None,"Auditing settings on object were changed.    Subject:   Security ID:  S-1-5-18   Account Name:  BLACKBOX$   Account Domain:  WORKGROUP   Logon ID:  0x3e7    Object:   Object Server: Security   Object Type: File   Object Name: C:\Windows\Microsoft.NET\Framework64\v2.0.50727\mscordacwks.dll   Handle ID: 0x64    Process Information:   Process ID: 0x2b68   Process Name: C:\Windows\System32\poqexec.exe    Auditing Settings:   Original Security Descriptor: S:AI   New Security Descriptor:  S:ARAI(AU;SAFA;DCLCRPCRSDWDWO;;;WD)  "
24019,Security,Microsoft-Windows-Security-Auditing,SUCCESS AUDIT,BlackBox,10/31/2015 4:13:55 AM,4907,None,"Auditing settings on object were changed.    Subject:   Security ID:  S-1-5-18   Account Name:  BLACKBOX$   Account Domain:  WORKGROUP   Logon ID:  0x3e7    Object:   Object Server: Security   Object Type: File   Object Name: C:\Windows\Microsoft.NET\Framework\v4.0.30319\WPF\WindowsFormsIntegration.dll   Handle ID: 0x64    Process Information:   Process ID: 0x2b68   Process Name: C:\Windows\System32\poqexec.exe    Auditing Settings:   Original Security Descriptor: S:AI   New Security Descriptor:  S:ARAI(AU;SAFA;DCLCRPCRSDWDWO;;;WD)  "
24018,Security,Microsoft-Windows-Security-Auditing,SUCCESS AUDIT,BlackBox,10/31/2015 4:13:55 AM,4907,None,"Auditing settings on object were changed.    Subject:   Security ID:  S-1-5-18   Account Name:  BLACKBOX$   Account Domain:  WORKGROUP   Logon ID:  0x3e7    Object:   Object Server: Security   Object Type: File   Object Name: C:\Windows\Microsoft.NET\Framework\v4.0.30319\WPF\WindowsBase.dll   Handle ID: 0x64    Process Information:   Process ID: 0x2b68   Process Name: C:\Windows\System32\poqexec.exe    Auditing Settings:   Original Security Descriptor: S:AI   New Security Descriptor:  S:ARAI(AU;SAFA;DCLCRPCRSDWDWO;;;WD)  "
24017,Security,Microsoft-Windows-Security-Auditing,SUCCESS AUDIT,BlackBox,10/31/2015 4:13:55 AM,4907,None,"Auditing settings on object were changed.    Subject:   Security ID:  S-1-5-18   Account Name:  BLACKBOX$   Account Domain:  WORKGROUP   Logon ID:  0x3e7    Object:   Object Server: Security   Object Type: File   Object Name: C:\Windows\Microsoft.NET\Framework\v4.0.30319\WPF\PresentationFramework.dll   Handle ID: 0x64    Process Information:   Process ID: 0x2b68   Process Name: C:\Windows\System32\poqexec.exe    Auditing Settings:   Original Security Descriptor: S:AI   New Security Descriptor:  S:ARAI(AU;SAFA;DCLCRPCRSDWDWO;;;WD)  "
24016,Security,Microsoft-Windows-Security-Auditing,SUCCESS AUDIT,BlackBox,10/31/2015 4:13:55 AM,4907,None,"Auditing settings on object were changed.    Subject:   Security ID:  S-1-5-18   Account Name:  BLACKBOX$   Account Domain:  WORKGROUP   Logon ID:  0x3e7    Object:   Object Server: Security   Object Type: File   Object Name: C:\Windows\Microsoft.NET\Framework\v4.0.30319\WPF\PresentationCore.dll   Handle ID: 0x64    Process Information:   Process ID: 0x2b68   Process Name: C:\Windows\System32\poqexec.exe    Auditing Settings:   Original Security Descriptor: S:AI   New Security Descriptor:  S:ARAI(AU;SAFA;DCLCRPCRSDWDWO;;;WD)  "
24015,Security,Microsoft-Windows-Security-Auditing,SUCCESS AUDIT,BlackBox,10/31/2015 4:13:55 AM,4907,None,"Auditing settings on object were changed.    Subject:   Security ID:  S-1-5-18   Account Name:  BLACKBOX$   Account Domain:  WORKGROUP   Logon ID:  0x3e7    Object:   Object Server: Security   Object Type: File   Object Name: C:\Windows\Microsoft.NET\Framework\v4.0.30319\NativeImages\mscorlib.ni.dll   Handle ID: 0x64    Process Information:   Process ID: 0x2b68   Process Name: C:\Windows\System32\poqexec.exe    Auditing Settings:   Original Security Descriptor: S:AI   New Security Descriptor:  S:ARAI(AU;SAFA;DCLCRPCRSDWDWO;;;WD)  "
24014,Security,Microsoft-Windows-Security-Auditing,SUCCESS AUDIT,BlackBox,10/31/2015 4:13:55 AM,4907,None,"Auditing settings on object were changed.    Subject:   Security ID:  S-1-5-18   Account Name:  BLACKBOX$   Account Domain:  WORKGROUP   Logon ID:  0x3e7    Object:   Object Server: Security   Object Type: File   Object Name: C:\Windows\Microsoft.NET\Framework\v4.0.30319\System.Xaml.dll   Handle ID: 0x64    Process Information:   Process ID: 0x2b68   Process Name: C:\Windows\System32\poqexec.exe    Auditing Settings:   Original Security Descriptor: S:AI   New Security Descriptor:  S:ARAI(AU;SAFA;DCLCRPCRSDWDWO;;;WD)  "
24013,Security,Microsoft-Windows-Security-Auditing,SUCCESS AUDIT,BlackBox,10/31/2015 4:13:55 AM,4907,None,"Auditing settings on object were changed.    Subject:   Security ID:  S-1-5-18   Account Name:  BLACKBOX$   Account Domain:  WORKGROUP   Logon ID:  0x3e7    Object:   Object Server: Security   Object Type: File   Object Name: C:\Windows\Microsoft.NET\Framework\v4.0.30319\System.ServiceModel.Routing.dll   Handle ID: 0x64    Process Information:   Process ID: 0x2b68   Process Name: C:\Windows\System32\poqexec.exe    Auditing Settings:   Original Security Descriptor: S:AI   New Security Descriptor:  S:ARAI(AU;SAFA;DCLCRPCRSDWDWO;;;WD)  "
24012,Security,Microsoft-Windows-Security-Auditing,SUCCESS AUDIT,BlackBox,10/31/2015 4:13:55 AM,4907,None,"Auditing settings on object were changed.    Subject:   Security ID:  S-1-5-18   Account Name:  BLACKBOX$   Account Domain:  WORKGROUP   Logon ID:  0x3e7    Object:   Object Server: Security   Object Type: File   Object Name: C:\Windows\Microsoft.NET\Framework\v4.0.30319\System.Data.dll   Handle ID: 0x64    Process Information:   Process ID: 0x2b68   Process Name: C:\Windows\System32\poqexec.exe    Auditing Settings:   Original Security Descriptor: S:AI   New Security Descriptor:  S:ARAI(AU;SAFA;DCLCRPCRSDWDWO;;;WD)  "
24011,Security,Microsoft-Windows-Security-Auditing,SUCCESS AUDIT,BlackBox,10/31/2015 4:13:55 AM,4907,None,"Auditing settings on object were changed.    Subject:   Security ID:  S-1-5-18   Account Name:  BLACKBOX$   Account Domain:  WORKGROUP   Logon ID:  0x3e7    Object:   Object Server: Security   Object Type: File   Object Name: C:\Windows\Microsoft.NET\Framework\v4.0.30319\SOS.dll   Handle ID: 0x5c    Process Information:   Process ID: 0x2b68   Process Name: C:\Windows\System32\poqexec.exe    Auditing Settings:   Original Security Descriptor: S:AI   New Security Descriptor:  S:ARAI(AU;SAFA;DCLCRPCRSDWDWO;;;WD)  "
24010,Security,Microsoft-Windows-Security-Auditing,SUCCESS AUDIT,BlackBox,10/31/2015 4:13:55 AM,4907,None,"Auditing settings on object were changed.    Subject:   Security ID:  S-1-5-18   Account Name:  BLACKBOX$   Account Domain:  WORKGROUP   Logon ID:  0x3e7    Object:   Object Server: Security   Object Type: File   Object Name: C:\Windows\Microsoft.NET\Framework\v4.0.30319\peverify.dll   Handle ID: 0x5c    Process Information:   Process ID: 0x2b68   Process Name: C:\Windows\System32\poqexec.exe    Auditing Settings:   Original Security Descriptor: S:AI   New Security Descriptor:  S:ARAI(AU;SAFA;DCLCRPCRSDWDWO;;;WD)  "
24009,Security,Microsoft-Windows-Security-Auditing,SUCCESS AUDIT,BlackBox,10/31/2015 4:13:55 AM,4907,None,"Auditing settings on object were changed.    Subject:   Security ID:  S-1-5-18   Account Name:  BLACKBOX$   Account Domain:  WORKGROUP   Logon ID:  0x3e7    Object:   Object Server: Security   Object Type: File   Object Name: C:\Windows\Microsoft.NET\Framework\v4.0.30319\mscorlib.dll   Handle ID: 0x5c    Process Information:   Process ID: 0x2b68   Process Name: C:\Windows\System32\poqexec.exe    Auditing Settings:   Original Security Descriptor: S:AI   New Security Descriptor:  S:ARAI(AU;SAFA;DCLCRPCRSDWDWO;;;WD)  "
24008,Security,Microsoft-Windows-Security-Auditing,SUCCESS AUDIT,BlackBox,10/31/2015 4:13:55 AM,4907,None,"Auditing settings on object were changed.    Subject:   Security ID:  S-1-5-18   Account Name:  BLACKBOX$   Account Domain:  WORKGROUP   Logon ID:  0x3e7    Object:   Object Server: Security   Object Type: File   Object Name: C:\Windows\Microsoft.NET\Framework\v4.0.30319\mscordbi.dll   Handle ID: 0x5c    Process Information:   Process ID: 0x2b68   Process Name: C:\Windows\System32\poqexec.exe    Auditing Settings:   Original Security Descriptor: S:AI   New Security Descriptor:  S:ARAI(AU;SAFA;DCLCRPCRSDWDWO;;;WD)  "
24007,Security,Microsoft-Windows-Security-Auditing,SUCCESS AUDIT,BlackBox,10/31/2015 4:13:55 AM,4907,None,"Auditing settings on object were changed.    Subject:   Security ID:  S-1-5-18   Account Name:  BLACKBOX$   Account Domain:  WORKGROUP   Logon ID:  0x3e7    Object:   Object Server: Security   Object Type: File   Object Name: C:\Windows\Microsoft.NET\Framework\v4.0.30319\mscordacwks.dll   Handle ID: 0x34    Process Information:   Process ID: 0x2b68   Process Name: C:\Windows\System32\poqexec.exe    Auditing Settings:   Original Security Descriptor: S:AI   New Security Descriptor:  S:ARAI(AU;SAFA;DCLCRPCRSDWDWO;;;WD)  "
24006,Security,Microsoft-Windows-Security-Auditing,SUCCESS AUDIT,BlackBox,10/31/2015 4:13:55 AM,4907,None,"Auditing settings on object were changed.    Subject:   Security ID:  S-1-5-18   Account Name:  BLACKBOX$   Account Domain:  WORKGROUP   Logon ID:  0x3e7    Object:   Object Server: Security   Object Type: File   Object Name: C:\Windows\Microsoft.NET\Framework\v4.0.30319\clrjit.dll   Handle ID: 0x5c    Process Information:   Process ID: 0x2b68   Process Name: C:\Windows\System32\poqexec.exe    Auditing Settings:   Original Security Descriptor: S:AI   New Security Descriptor:  S:ARAI(AU;SAFA;DCLCRPCRSDWDWO;;;WD)  "
24005,Security,Microsoft-Windows-Security-Auditing,SUCCESS AUDIT,BlackBox,10/31/2015 4:13:55 AM,4907,None,"Auditing settings on object were changed.    Subject:   Security ID:  S-1-5-18   Account Name:  BLACKBOX$   Account Domain:  WORKGROUP   Logon ID:  0x3e7    Object:   Object Server: Security   Object Type: File   Object Name: C:\Windows\Microsoft.NET\Framework\v4.0.30319\clr.dll   Handle ID: 0x5c    Process Information:   Process ID: 0x2b68   Process Name: C:\Windows\System32\poqexec.exe    Auditing Settings:   Original Security Descriptor: S:AI   New Security Descriptor:  S:ARAI(AU;SAFA;DCLCRPCRSDWDWO;;;WD)  "
24004,Security,Microsoft-Windows-Security-Auditing,SUCCESS AUDIT,BlackBox,10/31/2015 4:13:55 AM,4907,None,"Auditing settings on object were changed.    Subject:   Security ID:  S-1-5-18   Account Name:  BLACKBOX$   Account Domain:  WORKGROUP   Logon ID:  0x3e7    Object:   Object Server: Security   Object Type: File   Object Name: C:\Windows\Microsoft.NET\Framework\v2.0.50727\SOS.dll   Handle ID: 0x5c    Process Information:   Process ID: 0x2b68   Process Name: C:\Windows\System32\poqexec.exe    Auditing Settings:   Original Security Descriptor: S:AI   New Security Descriptor:  S:ARAI(AU;SAFA;DCLCRPCRSDWDWO;;;WD)  "
24003,Security,Microsoft-Windows-Security-Auditing,SUCCESS AUDIT,BlackBox,10/31/2015 4:13:55 AM,4907,None,"Auditing settings on object were changed.    Subject:   Security ID:  S-1-5-18   Account Name:  BLACKBOX$   Account Domain:  WORKGROUP   Logon ID:  0x3e7    Object:   Object Server: Security   Object Type: File   Object Name: C:\Windows\Microsoft.NET\Framework\v2.0.50727\mscorwks.dll   Handle ID: 0x54    Process Information:   Process ID: 0x2b68   Process Name: C:\Windows\System32\poqexec.exe    Auditing Settings:   Original Security Descriptor: S:AI   New Security Descriptor:  S:ARAI(AU;SAFA;DCLCRPCRSDWDWO;;;WD)  "
24002,Security,Microsoft-Windows-Security-Auditing,SUCCESS AUDIT,BlackBox,10/31/2015 4:13:55 AM,4907,None,"Auditing settings on object were changed.    Subject:   Security ID:  S-1-5-18   Account Name:  BLACKBOX$   Account Domain:  WORKGROUP   Logon ID:  0x3e7    Object:   Object Server: Security   Object Type: File   Object Name: C:\Windows\Microsoft.NET\Framework\v2.0.50727\mscorlib.dll   Handle ID: 0x4c    Process Information:   Process ID: 0x2b68   Process Name: C:\Windows\System32\poqexec.exe    Auditing Settings:   Original Security Descriptor: S:AI   New Security Descriptor:  S:ARAI(AU;SAFA;DCLCRPCRSDWDWO;;;WD)  "
24001,Security,Microsoft-Windows-Security-Auditing,SUCCESS AUDIT,BlackBox,10/31/2015 4:13:55 AM,4907,None,"Auditing settings on object were changed.    Subject:   Security ID:  S-1-5-18   Account Name:  BLACKBOX$   Account Domain:  WORKGROUP   Logon ID:  0x3e7    Object:   Object Server: Security   Object Type: File   Object Name: C:\Windows\Microsoft.NET\Framework\v2.0.50727\mscordacwks.dll   Handle ID: 0x40    Process Information:   Process ID: 0x2b68   Process Name: C:\Windows\System32\poqexec.exe    Auditing Settings:   Original Security Descriptor: S:AI   New Security Descriptor:  S:ARAI(AU;SAFA;DCLCRPCRSDWDWO;;;WD)  "
24000,Security,Microsoft-Windows-Security-Auditing,SUCCESS AUDIT,BlackBox,10/31/2015 4:13:55 AM,4907,None,"Auditing settings on object were changed.    Subject:   Security ID:  S-1-5-18   Account Name:  BLACKBOX$   Account Domain:  WORKGROUP   Logon ID:  0x3e7    Object:   Object Server: Security   Object Type: File   Object Name: C:\Windows\Globalization\Time Zone\timezones.xml   Handle ID: 0x40    Process Information:   Process ID: 0x2b68   Process Name: C:\Windows\System32\poqexec.exe    Auditing Settings:   Original Security Descriptor: S:AI   New Security Descriptor:  S:ARAI(AU;SAFA;DCLCRPCRSDWDWO;;;WD)  "
23999,Security,Microsoft-Windows-Security-Auditing,SUCCESS AUDIT,BlackBox,10/31/2015 4:13:55 AM,4907,None,"Auditing settings on object were changed.    Subject:   Security ID:  S-1-5-18   Account Name:  BLACKBOX$   Account Domain:  WORKGROUP   Logon ID:  0x3e7    Object:   Object Server: Security   Object Type: File   Object Name: C:\Windows\Globalization\Time Zone\timezoneMapping.xml   Handle ID: 0x40    Process Information:   Process ID: 0x2b68   Process Name: C:\Windows\System32\poqexec.exe    Auditing Settings:   Original Security Descriptor: S:AI   New Security Descriptor:  S:ARAI(AU;SAFA;DCLCRPCRSDWDWO;;;WD)  "
23998,Security,Microsoft-Windows-Security-Auditing,SUCCESS AUDIT,BlackBox,10/31/2015 4:13:55 AM,4907,None,"Auditing settings on object were changed.    Subject:   Security ID:  S-1-5-18   Account Name:  BLACKBOX$   Account Domain:  WORKGROUP   Logon ID:  0x3e7    Object:   Object Server: Security   Object Type: File   Object Name: C:\Windows\AppPatch\apppatch64\sysmain.sdb   Handle ID: 0x4c    Process Information:   Process ID: 0x2b68   Process Name: C:\Windows\System32\poqexec.exe    Auditing Settings:   Original Security Descriptor: S:AI   New Security Descriptor:  S:ARAI(AU;SAFA;DCLCRPCRSDWDWO;;;WD)  "
23997,Security,Microsoft-Windows-Security-Auditing,SUCCESS AUDIT,BlackBox,10/31/2015 4:13:55 AM,4907,None,"Auditing settings on object were changed.    Subject:   Security ID:  S-1-5-18   Account Name:  BLACKBOX$   Account Domain:  WORKGROUP   Logon ID:  0x3e7    Object:   Object Server: Security   Object Type: File   Object Name: C:\Windows\AppPatch\apppatch64\acspecfc.dll   Handle ID: 0x40    Process Information:   Process ID: 0x2b68   Process Name: C:\Windows\System32\poqexec.exe    Auditing Settings:   Original Security Descriptor: S:AI   New Security Descriptor:  S:ARAI(AU;SAFA;DCLCRPCRSDWDWO;;;WD)  "
23996,Security,Microsoft-Windows-Security-Auditing,SUCCESS AUDIT,BlackBox,10/31/2015 4:13:55 AM,4907,None,"Auditing settings on object were changed.    Subject:   Security ID:  S-1-5-18   Account Name:  BLACKBOX$   Account Domain:  WORKGROUP   Logon ID:  0x3e7    Object:   Object Server: Security   Object Type: File   Object Name: C:\Windows\AppPatch\sysmain.sdb   Handle ID: 0x44    Process Information:   Process ID: 0x2b68   Process Name: C:\Windows\System32\poqexec.exe    Auditing Settings:   Original Security Descriptor: S:AI   New Security Descriptor:  S:ARAI(AU;SAFA;DCLCRPCRSDWDWO;;;WD)  "
23995,Security,Microsoft-Windows-Security-Auditing,SUCCESS AUDIT,BlackBox,10/31/2015 4:13:55 AM,4907,None,"Auditing settings on object were changed.    Subject:   Security ID:  S-1-5-18   Account Name:  BLACKBOX$   Account Domain:  WORKGROUP   Logon ID:  0x3e7    Object:   Object Server: Security   Object Type: File   Object Name: C:\Windows\AppPatch\msimain.sdb   Handle ID: 0x44    Process Information:   Process ID: 0x2b68   Process Name: C:\Windows\System32\poqexec.exe    Auditing Settings:   Original Security Descriptor: S:AI   New Security Descriptor:  S:ARAI(AU;SAFA;DCLCRPCRSDWDWO;;;WD)  "
23994,Security,Microsoft-Windows-Security-Auditing,SUCCESS AUDIT,BlackBox,10/31/2015 4:13:55 AM,4907,None,"Auditing settings on object were changed.    Subject:   Security ID:  S-1-5-18   Account Name:  BLACKBOX$   Account Domain:  WORKGROUP   Logon ID:  0x3e7    Object:   Object Server: Security   Object Type: File   Object Name: C:\Windows\AppPatch\drvmain.sdb   Handle ID: 0x34    Process Information:   Process ID: 0x2b68   Process Name: C:\Windows\System32\poqexec.exe    Auditing Settings:   Original Security Descriptor: S:AI   New Security Descriptor:  S:ARAI(AU;SAFA;DCLCRPCRSDWDWO;;;WD)  "
23993,Security,Microsoft-Windows-Security-Auditing,SUCCESS AUDIT,BlackBox,10/31/2015 4:13:55 AM,4907,None,"Auditing settings on object were changed.    Subject:   Security ID:  S-1-5-18   Account Name:  BLACKBOX$   Account Domain:  WORKGROUP   Logon ID:  0x3e7    Object:   Object Server: Security   Object Type: File   Object Name: C:\Windows\AppPatch\AcSpecfc.dll   Handle ID: 0x40    Process Information:   Process ID: 0x2b68   Process Name: C:\Windows\System32\poqexec.exe    Auditing Settings:   Original Security Descriptor: S:AI   New Security Descriptor:  S:ARAI(AU;SAFA;DCLCRPCRSDWDWO;;;WD)  "
23992,Security,Microsoft-Windows-Security-Auditing,SUCCESS AUDIT,BlackBox,10/31/2015 4:13:55 AM,4907,None,"Auditing settings on object were changed.    Subject:   Security ID:  S-1-5-18   Account Name:  BLACKBOX$   Account Domain:  WORKGROUP   Logon ID:  0x3e7    Object:   Object Server: Security   Object Type: File   Object Name: C:\Windows\WinSxS\FileMaps\$$_apppatch_apppatch64_e39bab3b20714e20.cdf-ms   Handle ID: 0x28    Process Information:   Process ID: 0x2b68   Process Name: C:\Windows\System32\poqexec.exe    Auditing Settings:   Original Security Descriptor:    New Security Descriptor:  S:ARAI(AU;SAFA;0x1f0116;;;WD)  "
23991,Security,Microsoft-Windows-Security-Auditing,SUCCESS AUDIT,BlackBox,10/31/2015 4:13:55 AM,4907,None,"Auditing settings on object were changed.    Subject:   Security ID:  S-1-5-18   Account Name:  BLACKBOX$   Account Domain:  WORKGROUP   Logon ID:  0x3e7    Object:   Object Server: Security   Object Type: File   Object Name: C:\Windows\WinSxS\FileMaps\$$_apppatch_1143992cbbbebcab.cdf-ms   Handle ID: 0x34    Process Information:   Process ID: 0x2b68   Process Name: C:\Windows\System32\poqexec.exe    Auditing Settings:   Original Security Descriptor:    New Security Descriptor:  S:ARAI(AU;SAFA;0x1f0116;;;WD)  "
23990,Security,Microsoft-Windows-Security-Auditing,SUCCESS AUDIT,BlackBox,10/31/2015 4:13:55 AM,4907,None,"Auditing settings on object were changed.    Subject:   Security ID:  S-1-5-18   Account Name:  BLACKBOX$   Account Domain:  WORKGROUP   Logon ID:  0x3e7    Object:   Object Server: Security   Object Type: File   Object Name: C:\Windows\WinSxS\FileMaps\$$_globalization_time_zone_08f498d155d3913e.cdf-ms   Handle ID: 0x34    Process Information:   Process ID: 0x2b68   Process Name: C:\Windows\System32\poqexec.exe    Auditing Settings:   Original Security Descriptor:    New Security Descriptor:  S:ARAI(AU;SAFA;0x1f0116;;;WD)  "
23989,Security,Microsoft-Windows-Security-Auditing,SUCCESS AUDIT,BlackBox,10/31/2015 4:13:55 AM,4907,None,"Auditing settings on object were changed.    Subject:   Security ID:  S-1-5-18   Account Name:  BLACKBOX$   Account Domain:  WORKGROUP   Logon ID:  0x3e7    Object:   Object Server: Security   Object Type: File   Object Name: C:\Windows\WinSxS\FileMaps\$$_globalization_0fc22903a221b67f.cdf-ms   Handle ID: 0x34    Process Information:   Process ID: 0x2b68   Process Name: C:\Windows\System32\poqexec.exe    Auditing Settings:   Original Security Descriptor:    New Security Descriptor:  S:ARAI(AU;SAFA;0x1f0116;;;WD)  "
23988,Security,Microsoft-Windows-Security-Auditing,SUCCESS AUDIT,BlackBox,10/31/2015 4:13:55 AM,4907,None,"Auditing settings on object were changed.    Subject:   Security ID:  S-1-5-18   Account Name:  BLACKBOX$   Account Domain:  WORKGROUP   Logon ID:  0x3e7    Object:   Object Server: Security   Object Type: File   Object Name: C:\Windows\WinSxS\FileMaps\$$_microsoft.net_framework_v2.0.50727_e9368840261e60ee.cdf-ms   Handle ID: 0x34    Process Information:   Process ID: 0x2b68   Process Name: C:\Windows\System32\poqexec.exe    Auditing Settings:   Original Security Descriptor:    New Security Descriptor:  S:ARAI(AU;SAFA;0x1f0116;;;WD)  "
23987,Security,Microsoft-Windows-Security-Auditing,SUCCESS AUDIT,BlackBox,10/31/2015 4:13:55 AM,4907,None,"Auditing settings on object were changed.    Subject:   Security ID:  S-1-5-18   Account Name:  BLACKBOX$   Account Domain:  WORKGROUP   Logon ID:  0x3e7    Object:   Object Server: Security   Object Type: File   Object Name: C:\Windows\WinSxS\FileMaps\$$_microsoft.net_framework_v4.0.30319_nativeimages_7f83bd6ed8241f3a.cdf-ms   Handle ID: 0x34    Process Information:   Process ID: 0x2b68   Process Name: C:\Windows\System32\poqexec.exe    Auditing Settings:   Original Security Descriptor:    New Security Descriptor:  S:ARAI(AU;SAFA;0x1f0116;;;WD)  "
23986,Security,Microsoft-Windows-Security-Auditing,SUCCESS AUDIT,BlackBox,10/31/2015 4:13:55 AM,4907,None,"Auditing settings on object were changed.    Subject:   Security ID:  S-1-5-18   Account Name:  BLACKBOX$   Account Domain:  WORKGROUP   Logon ID:  0x3e7    Object:   Object Server: Security   Object Type: File   Object Name: C:\Windows\WinSxS\FileMaps\$$_microsoft.net_framework_v4.0.30319_wpf_bc1339ef8efa3c4c.cdf-ms   Handle ID: 0x34    Process Information:   Process ID: 0x2b68   Process Name: C:\Windows\System32\poqexec.exe    Auditing Settings:   Original Security Descriptor:    New Security Descriptor:  S:ARAI(AU;SAFA;0x1f0116;;;WD)  "
23985,Security,Microsoft-Windows-Security-Auditing,SUCCESS AUDIT,BlackBox,10/31/2015 4:13:55 AM,4907,None,"Auditing settings on object were changed.    Subject:   Security ID:  S-1-5-18   Account Name:  BLACKBOX$   Account Domain:  WORKGROUP   Logon ID:  0x3e7    Object:   Object Server: Security   Object Type: File   Object Name: C:\Windows\WinSxS\FileMaps\$$_microsoft.net_framework_v4.0.30319_c40c7a995ddd757b.cdf-ms   Handle ID: 0x34    Process Information:   Process ID: 0x2b68   Process Name: C:\Windows\System32\poqexec.exe    Auditing Settings:   Original Security Descriptor:    New Security Descriptor:  S:ARAI(AU;SAFA;0x1f0116;;;WD)  "
23984,Security,Microsoft-Windows-Security-Auditing,SUCCESS AUDIT,BlackBox,10/31/2015 4:13:55 AM,4907,None,"Auditing settings on object were changed.    Subject:   Security ID:  S-1-5-18   Account Name:  BLACKBOX$   Account Domain:  WORKGROUP   Logon ID:  0x3e7    Object:   Object Server: Security   Object Type: File   Object Name: C:\Windows\WinSxS\FileMaps\$$_microsoft.net_framework_83386eac0379231b.cdf-ms   Handle ID: 0x34    Process Information:   Process ID: 0x2b68   Process Name: C:\Windows\System32\poqexec.exe    Auditing Settings:   Original Security Descriptor:    New Security Descriptor:  S:ARAI(AU;SAFA;0x1f0116;;;WD)  "
