24227,Security,Microsoft-Windows-Security-Auditing,SUCCESS AUDIT,BlackBox,10/31/2015 12:17:28 PM,4624,None,"An account was successfully logged on.    Subject:   Security ID:  S-1-5-18   Account Name:  BLACKBOX$   Account Domain:  WORKGROUP   Logon ID:  0x3e7    Logon Information:   Logon Type:  5   Restricted Admin Mode: -   Virtual Account:  No     Elevated Token:  Yes      Impersonation Level:  Impersonation      New Logon:   Security ID:  S-1-5-18   Account Name:  SYSTEM   Account Domain:  NT AUTHORITY   Logon ID:  0x3e7   Linked Logon ID:  0x0   Network Account Name: -   Network Account Domain: -   Logon GUID:  {00000000-0000-0000-0000-000000000000}    Process Information:   Process ID:  0x2dc   Process Name:  C:\Windows\System32\services.exe    Network Information:   Workstation Name:    Source Network Address: -   Source Port:  -    Detailed Authentication Information:   Logon Process:  Advapi     Authentication Package: Negotiate   Transited Services: -   Package Name (NTLM only): -   Key Length:  0    This event is generated when a logon session is created. It is generated on the computer that was accessed.    The subject fields indicate the account on the local system which requested the logon. This is most commonly a service such as the Server service, or a local process such as Winlogon.exe or Services.exe.    The logon type field indicates the kind of logon that occurred. The most common types are 2 (interactive) and 3 (network).    The New Logon fields indicate the account for whom the new logon was created, i.e. the account that was logged on.    The network fields indicate where a remote logon request originated. Workstation name is not always available and may be left blank in some cases.    The impersonation level field indicates the extent to which a process in the logon session can impersonate.    The authentication information fields provide detailed information about this specific logon request.   - Logon GUID is a unique identifier that can be used to correlate this event with a KDC event.   - Transited services indicate which intermediate services have participated in this logon request.   - Package name indicates which sub-protocol was used among the NTLM protocols.   - Key length indicates the length of the generated session key. This will be 0 if no session key was requested.  "
24226,Security,Microsoft-Windows-Security-Auditing,SUCCESS AUDIT,BlackBox,10/31/2015 12:11:36 PM,4672,None,"Special privileges assigned to new logon.    Subject:   Security ID:  S-1-5-18   Account Name:  SYSTEM   Account Domain:  NT AUTHORITY   Logon ID:  0x3e7    Privileges:  SeAssignPrimaryTokenPrivilege     SeTcbPrivilege     SeSecurityPrivilege     SeTakeOwnershipPrivilege     SeLoadDriverPrivilege     SeBackupPrivilege     SeRestorePrivilege     SeDebugPrivilege     SeAuditPrivilege     SeSystemEnvironmentPrivilege     SeImpersonatePrivilege  "
24225,Security,Microsoft-Windows-Security-Auditing,SUCCESS AUDIT,BlackBox,10/31/2015 12:11:36 PM,4624,None,"An account was successfully logged on.    Subject:   Security ID:  S-1-5-18   Account Name:  BLACKBOX$   Account Domain:  WORKGROUP   Logon ID:  0x3e7    Logon Information:   Logon Type:  5   Restricted Admin Mode: -   Virtual Account:  No     Elevated Token:  Yes      Impersonation Level:  Impersonation      New Logon:   Security ID:  S-1-5-18   Account Name:  SYSTEM   Account Domain:  NT AUTHORITY   Logon ID:  0x3e7   Linked Logon ID:  0x0   Network Account Name: -   Network Account Domain: -   Logon GUID:  {00000000-0000-0000-0000-000000000000}    Process Information:   Process ID:  0x2dc   Process Name:  C:\Windows\System32\services.exe    Network Information:   Workstation Name:    Source Network Address: -   Source Port:  -    Detailed Authentication Information:   Logon Process:  Advapi     Authentication Package: Negotiate   Transited Services: -   Package Name (NTLM only): -   Key Length:  0    This event is generated when a logon session is created. It is generated on the computer that was accessed.    The subject fields indicate the account on the local system which requested the logon. This is most commonly a service such as the Server service, or a local process such as Winlogon.exe or Services.exe.    The logon type field indicates the kind of logon that occurred. The most common types are 2 (interactive) and 3 (network).    The New Logon fields indicate the account for whom the new logon was created, i.e. the account that was logged on.    The network fields indicate where a remote logon request originated. Workstation name is not always available and may be left blank in some cases.    The impersonation level field indicates the extent to which a process in the logon session can impersonate.    The authentication information fields provide detailed information about this specific logon request.   - Logon GUID is a unique identifier that can be used to correlate this event with a KDC event.   - Transited services indicate which intermediate services have participated in this logon request.   - Package name indicates which sub-protocol was used among the NTLM protocols.   - Key length indicates the length of the generated session key. This will be 0 if no session key was requested.  "
24224,Security,Microsoft-Windows-Security-Auditing,SUCCESS AUDIT,BlackBox,10/31/2015 12:08:29 PM,4798,None,"A user's local group membership was enumerated.    Subject:   Security ID:  S-1-5-21-2685230347-480699911-3812554201-1001   Account Name:  Kaiser   Account Domain:  BLACKBOX   Logon ID:  0x9d385    User:   Security ID:  S-1-5-21-2685230347-480699911-3812554201-1001   Account Name:  Kaiser   Account Domain:  BlackBox    Process Information:   Process ID:  0x1a78   Process Name:  C:\Program Files (x86)\Google\Chrome\Application\chrome.exe  "
24223,Security,Microsoft-Windows-Security-Auditing,SUCCESS AUDIT,BlackBox,10/31/2015 12:08:11 PM,4672,None,"Special privileges assigned to new logon.    Subject:   Security ID:  S-1-5-18   Account Name:  SYSTEM   Account Domain:  NT AUTHORITY   Logon ID:  0x3e7    Privileges:  SeAssignPrimaryTokenPrivilege     SeTcbPrivilege     SeSecurityPrivilege     SeTakeOwnershipPrivilege     SeLoadDriverPrivilege     SeBackupPrivilege     SeRestorePrivilege     SeDebugPrivilege     SeAuditPrivilege     SeSystemEnvironmentPrivilege     SeImpersonatePrivilege  "
24222,Security,Microsoft-Windows-Security-Auditing,SUCCESS AUDIT,BlackBox,10/31/2015 12:08:11 PM,4624,None,"An account was successfully logged on.    Subject:   Security ID:  S-1-5-18   Account Name:  BLACKBOX$   Account Domain:  WORKGROUP   Logon ID:  0x3e7    Logon Information:   Logon Type:  5   Restricted Admin Mode: -   Virtual Account:  No     Elevated Token:  Yes      Impersonation Level:  Impersonation      New Logon:   Security ID:  S-1-5-18   Account Name:  SYSTEM   Account Domain:  NT AUTHORITY   Logon ID:  0x3e7   Linked Logon ID:  0x0   Network Account Name: -   Network Account Domain: -   Logon GUID:  {00000000-0000-0000-0000-000000000000}    Process Information:   Process ID:  0x2dc   Process Name:  C:\Windows\System32\services.exe    Network Information:   Workstation Name:    Source Network Address: -   Source Port:  -    Detailed Authentication Information:   Logon Process:  Advapi     Authentication Package: Negotiate   Transited Services: -   Package Name (NTLM only): -   Key Length:  0    This event is generated when a logon session is created. It is generated on the computer that was accessed.    The subject fields indicate the account on the local system which requested the logon. This is most commonly a service such as the Server service, or a local process such as Winlogon.exe or Services.exe.    The logon type field indicates the kind of logon that occurred. The most common types are 2 (interactive) and 3 (network).    The New Logon fields indicate the account for whom the new logon was created, i.e. the account that was logged on.    The network fields indicate where a remote logon request originated. Workstation name is not always available and may be left blank in some cases.    The impersonation level field indicates the extent to which a process in the logon session can impersonate.    The authentication information fields provide detailed information about this specific logon request.   - Logon GUID is a unique identifier that can be used to correlate this event with a KDC event.   - Transited services indicate which intermediate services have participated in this logon request.   - Package name indicates which sub-protocol was used among the NTLM protocols.   - Key length indicates the length of the generated session key. This will be 0 if no session key was requested.  "
24221,Security,Microsoft-Windows-Security-Auditing,SUCCESS AUDIT,BlackBox,10/31/2015 12:07:47 PM,4797,None,"An attempt was made to query the existence of a blank password for an account.    Subject:   Security ID:  S-1-5-19   Account Name:  LOCAL SERVICE   Account Domain:  NT AUTHORITY   Logon ID:  0x3e5    Additional Information:   Caller Workstation: BLACKBOX   Target Account Name: Kaiser   Target Account Domain: BlackBox  "
24220,Security,Microsoft-Windows-Security-Auditing,SUCCESS AUDIT,BlackBox,10/31/2015 12:07:47 PM,4797,None,"An attempt was made to query the existence of a blank password for an account.    Subject:   Security ID:  S-1-5-19   Account Name:  LOCAL SERVICE   Account Domain:  NT AUTHORITY   Logon ID:  0x3e5    Additional Information:   Caller Workstation: BLACKBOX   Target Account Name: Kaiser   Target Account Domain: BlackBox  "
24219,Security,Microsoft-Windows-Security-Auditing,SUCCESS AUDIT,BlackBox,10/31/2015 12:07:47 PM,4797,None,"An attempt was made to query the existence of a blank password for an account.    Subject:   Security ID:  S-1-5-19   Account Name:  LOCAL SERVICE   Account Domain:  NT AUTHORITY   Logon ID:  0x3e5    Additional Information:   Caller Workstation: BLACKBOX   Target Account Name: HomeGroupUser$   Target Account Domain: BlackBox  "
24218,Security,Microsoft-Windows-Security-Auditing,SUCCESS AUDIT,BlackBox,10/31/2015 12:07:47 PM,4797,None,"An attempt was made to query the existence of a blank password for an account.    Subject:   Security ID:  S-1-5-19   Account Name:  LOCAL SERVICE   Account Domain:  NT AUTHORITY   Logon ID:  0x3e5    Additional Information:   Caller Workstation: BLACKBOX   Target Account Name: Guest   Target Account Domain: BlackBox  "
24217,Security,Microsoft-Windows-Security-Auditing,SUCCESS AUDIT,BlackBox,10/31/2015 12:07:47 PM,4797,None,"An attempt was made to query the existence of a blank password for an account.    Subject:   Security ID:  S-1-5-19   Account Name:  LOCAL SERVICE   Account Domain:  NT AUTHORITY   Logon ID:  0x3e5    Additional Information:   Caller Workstation: BLACKBOX   Target Account Name: DefaultAccount   Target Account Domain: BlackBox  "
24216,Security,Microsoft-Windows-Security-Auditing,SUCCESS AUDIT,BlackBox,10/31/2015 12:07:47 PM,4797,None,"An attempt was made to query the existence of a blank password for an account.    Subject:   Security ID:  S-1-5-19   Account Name:  LOCAL SERVICE   Account Domain:  NT AUTHORITY   Logon ID:  0x3e5    Additional Information:   Caller Workstation: BLACKBOX   Target Account Name: Administrator   Target Account Domain: BlackBox  "
24215,Security,Microsoft-Windows-Security-Auditing,SUCCESS AUDIT,BlackBox,10/31/2015 12:07:47 PM,4797,None,"An attempt was made to query the existence of a blank password for an account.    Subject:   Security ID:  S-1-5-19   Account Name:  LOCAL SERVICE   Account Domain:  NT AUTHORITY   Logon ID:  0x3e5    Additional Information:   Caller Workstation: BLACKBOX   Target Account Name: Kaiser   Target Account Domain: BlackBox  "
24214,Security,Microsoft-Windows-Security-Auditing,SUCCESS AUDIT,BlackBox,10/31/2015 12:07:47 PM,4797,None,"An attempt was made to query the existence of a blank password for an account.    Subject:   Security ID:  S-1-5-19   Account Name:  LOCAL SERVICE   Account Domain:  NT AUTHORITY   Logon ID:  0x3e5    Additional Information:   Caller Workstation: BLACKBOX   Target Account Name: HomeGroupUser$   Target Account Domain: BlackBox  "
24213,Security,Microsoft-Windows-Security-Auditing,SUCCESS AUDIT,BlackBox,10/31/2015 12:07:47 PM,4797,None,"An attempt was made to query the existence of a blank password for an account.    Subject:   Security ID:  S-1-5-19   Account Name:  LOCAL SERVICE   Account Domain:  NT AUTHORITY   Logon ID:  0x3e5    Additional Information:   Caller Workstation: BLACKBOX   Target Account Name: DefaultAccount   Target Account Domain: BlackBox  "
24212,Security,Microsoft-Windows-Security-Auditing,SUCCESS AUDIT,BlackBox,10/31/2015 12:07:47 PM,4797,None,"An attempt was made to query the existence of a blank password for an account.    Subject:   Security ID:  S-1-5-19   Account Name:  LOCAL SERVICE   Account Domain:  NT AUTHORITY   Logon ID:  0x3e5    Additional Information:   Caller Workstation: BLACKBOX   Target Account Name: Administrator   Target Account Domain: BlackBox  "
24211,Security,Microsoft-Windows-Security-Auditing,SUCCESS AUDIT,BlackBox,10/31/2015 12:07:47 PM,4797,None,"An attempt was made to query the existence of a blank password for an account.    Subject:   Security ID:  S-1-5-19   Account Name:  LOCAL SERVICE   Account Domain:  NT AUTHORITY   Logon ID:  0x3e5    Additional Information:   Caller Workstation: BLACKBOX   Target Account Name: Kaiser   Target Account Domain: BlackBox  "
24210,Security,Microsoft-Windows-Security-Auditing,SUCCESS AUDIT,BlackBox,10/31/2015 12:07:47 PM,4797,None,"An attempt was made to query the existence of a blank password for an account.    Subject:   Security ID:  S-1-5-19   Account Name:  LOCAL SERVICE   Account Domain:  NT AUTHORITY   Logon ID:  0x3e5    Additional Information:   Caller Workstation: BLACKBOX   Target Account Name: Kaiser   Target Account Domain: BlackBox  "
24209,Security,Microsoft-Windows-Security-Auditing,SUCCESS AUDIT,BlackBox,10/31/2015 12:07:47 PM,4797,None,"An attempt was made to query the existence of a blank password for an account.    Subject:   Security ID:  S-1-5-19   Account Name:  LOCAL SERVICE   Account Domain:  NT AUTHORITY   Logon ID:  0x3e5    Additional Information:   Caller Workstation: BLACKBOX   Target Account Name: Kaiser   Target Account Domain: BlackBox  "
24208,Security,Microsoft-Windows-Security-Auditing,SUCCESS AUDIT,BlackBox,10/31/2015 12:07:47 PM,4797,None,"An attempt was made to query the existence of a blank password for an account.    Subject:   Security ID:  S-1-5-19   Account Name:  LOCAL SERVICE   Account Domain:  NT AUTHORITY   Logon ID:  0x3e5    Additional Information:   Caller Workstation: BLACKBOX   Target Account Name: HomeGroupUser$   Target Account Domain: BlackBox  "
24207,Security,Microsoft-Windows-Security-Auditing,SUCCESS AUDIT,BlackBox,10/31/2015 12:07:47 PM,4797,None,"An attempt was made to query the existence of a blank password for an account.    Subject:   Security ID:  S-1-5-19   Account Name:  LOCAL SERVICE   Account Domain:  NT AUTHORITY   Logon ID:  0x3e5    Additional Information:   Caller Workstation: BLACKBOX   Target Account Name: HomeGroupUser$   Target Account Domain: BlackBox  "
24206,Security,Microsoft-Windows-Security-Auditing,SUCCESS AUDIT,BlackBox,10/31/2015 12:07:47 PM,4797,None,"An attempt was made to query the existence of a blank password for an account.    Subject:   Security ID:  S-1-5-19   Account Name:  LOCAL SERVICE   Account Domain:  NT AUTHORITY   Logon ID:  0x3e5    Additional Information:   Caller Workstation: BLACKBOX   Target Account Name: Guest   Target Account Domain: BlackBox  "
24205,Security,Microsoft-Windows-Security-Auditing,SUCCESS AUDIT,BlackBox,10/31/2015 12:07:47 PM,4797,None,"An attempt was made to query the existence of a blank password for an account.    Subject:   Security ID:  S-1-5-19   Account Name:  LOCAL SERVICE   Account Domain:  NT AUTHORITY   Logon ID:  0x3e5    Additional Information:   Caller Workstation: BLACKBOX   Target Account Name: Guest   Target Account Domain: BlackBox  "
24204,Security,Microsoft-Windows-Security-Auditing,SUCCESS AUDIT,BlackBox,10/31/2015 12:07:47 PM,4797,None,"An attempt was made to query the existence of a blank password for an account.    Subject:   Security ID:  S-1-5-19   Account Name:  LOCAL SERVICE   Account Domain:  NT AUTHORITY   Logon ID:  0x3e5    Additional Information:   Caller Workstation: BLACKBOX   Target Account Name: DefaultAccount   Target Account Domain: BlackBox  "
24203,Security,Microsoft-Windows-Security-Auditing,SUCCESS AUDIT,BlackBox,10/31/2015 12:07:47 PM,4797,None,"An attempt was made to query the existence of a blank password for an account.    Subject:   Security ID:  S-1-5-19   Account Name:  LOCAL SERVICE   Account Domain:  NT AUTHORITY   Logon ID:  0x3e5    Additional Information:   Caller Workstation: BLACKBOX   Target Account Name: DefaultAccount   Target Account Domain: BlackBox  "
24202,Security,Microsoft-Windows-Security-Auditing,SUCCESS AUDIT,BlackBox,10/31/2015 12:07:47 PM,4797,None,"An attempt was made to query the existence of a blank password for an account.    Subject:   Security ID:  S-1-5-19   Account Name:  LOCAL SERVICE   Account Domain:  NT AUTHORITY   Logon ID:  0x3e5    Additional Information:   Caller Workstation: BLACKBOX   Target Account Name: Administrator   Target Account Domain: BlackBox  "
24201,Security,Microsoft-Windows-Security-Auditing,SUCCESS AUDIT,BlackBox,10/31/2015 12:07:47 PM,4797,None,"An attempt was made to query the existence of a blank password for an account.    Subject:   Security ID:  S-1-5-19   Account Name:  LOCAL SERVICE   Account Domain:  NT AUTHORITY   Logon ID:  0x3e5    Additional Information:   Caller Workstation: BLACKBOX   Target Account Name: Administrator   Target Account Domain: BlackBox  "
24200,Security,Microsoft-Windows-Security-Auditing,SUCCESS AUDIT,BlackBox,10/31/2015 12:07:47 PM,4797,None,"An attempt was made to query the existence of a blank password for an account.    Subject:   Security ID:  S-1-5-19   Account Name:  LOCAL SERVICE   Account Domain:  NT AUTHORITY   Logon ID:  0x3e5    Additional Information:   Caller Workstation: BLACKBOX   Target Account Name: Kaiser   Target Account Domain: BlackBox  "
24199,Security,Microsoft-Windows-Security-Auditing,SUCCESS AUDIT,BlackBox,10/31/2015 12:07:47 PM,4797,None,"An attempt was made to query the existence of a blank password for an account.    Subject:   Security ID:  S-1-5-19   Account Name:  LOCAL SERVICE   Account Domain:  NT AUTHORITY   Logon ID:  0x3e5    Additional Information:   Caller Workstation: BLACKBOX   Target Account Name: Kaiser   Target Account Domain: BlackBox  "
24198,Security,Microsoft-Windows-Security-Auditing,SUCCESS AUDIT,BlackBox,10/31/2015 12:07:47 PM,4797,None,"An attempt was made to query the existence of a blank password for an account.    Subject:   Security ID:  S-1-5-19   Account Name:  LOCAL SERVICE   Account Domain:  NT AUTHORITY   Logon ID:  0x3e5    Additional Information:   Caller Workstation: BLACKBOX   Target Account Name: HomeGroupUser$   Target Account Domain: BlackBox  "
24197,Security,Microsoft-Windows-Security-Auditing,SUCCESS AUDIT,BlackBox,10/31/2015 12:07:47 PM,4797,None,"An attempt was made to query the existence of a blank password for an account.    Subject:   Security ID:  S-1-5-19   Account Name:  LOCAL SERVICE   Account Domain:  NT AUTHORITY   Logon ID:  0x3e5    Additional Information:   Caller Workstation: BLACKBOX   Target Account Name: Guest   Target Account Domain: BlackBox  "
24196,Security,Microsoft-Windows-Security-Auditing,SUCCESS AUDIT,BlackBox,10/31/2015 12:07:47 PM,4797,None,"An attempt was made to query the existence of a blank password for an account.    Subject:   Security ID:  S-1-5-19   Account Name:  LOCAL SERVICE   Account Domain:  NT AUTHORITY   Logon ID:  0x3e5    Additional Information:   Caller Workstation: BLACKBOX   Target Account Name: DefaultAccount   Target Account Domain: BlackBox  "
24195,Security,Microsoft-Windows-Security-Auditing,SUCCESS AUDIT,BlackBox,10/31/2015 12:07:47 PM,4797,None,"An attempt was made to query the existence of a blank password for an account.    Subject:   Security ID:  S-1-5-19   Account Name:  LOCAL SERVICE   Account Domain:  NT AUTHORITY   Logon ID:  0x3e5    Additional Information:   Caller Workstation: BLACKBOX   Target Account Name: Administrator   Target Account Domain: BlackBox  "
24194,Security,Microsoft-Windows-Security-Auditing,FAILURE AUDIT,BlackBox,10/31/2015 12:07:45 PM,5061,None,"Cryptographic operation.    Subject:   Security ID:  S-1-5-18   Account Name:  BLACKBOX$   Account Domain:  WORKGROUP   Logon ID:  0x3e7    Cryptographic Parameters:   Provider Name: Microsoft Software Key Storage Provider   Algorithm Name: RSA   Key Name: 51a92691-66f1-280f-d0db-59fad4f73491   Key Type: User key.      Cryptographic Operation:   Operation: Open Key.     Return Code: 0x80090016  "
24193,Security,Microsoft-Windows-Security-Auditing,SUCCESS AUDIT,BlackBox,10/31/2015 12:07:45 PM,5058,None,"Key file operation.    Subject:   Security ID:  S-1-5-18   Account Name:  BLACKBOX$   Account Domain:  WORKGROUP   Logon ID:  0x3e7    Cryptographic Parameters:   Provider Name: Microsoft Software Key Storage Provider   Algorithm Name: UNKNOWN   Key Name: 51a92691-66f1-280f-d0db-59fad4f73491   Key Type: User key.      Key File Operation Information:   File Path: C:\ProgramData\Microsoft\Crypto\SystemKeys\6d00fa390c15cc4634c8ca8153b76f29_911499c7-ef29-47ed-a64c-6b1751f20848   Operation: Read persisted key from file.     Return Code: 0x0  "
24192,Security,Microsoft-Windows-Security-Auditing,SUCCESS AUDIT,BlackBox,10/31/2015 12:07:45 PM,4672,None,"Special privileges assigned to new logon.    Subject:   Security ID:  S-1-5-18   Account Name:  SYSTEM   Account Domain:  NT AUTHORITY   Logon ID:  0x3e7    Privileges:  SeAssignPrimaryTokenPrivilege     SeTcbPrivilege     SeSecurityPrivilege     SeTakeOwnershipPrivilege     SeLoadDriverPrivilege     SeBackupPrivilege     SeRestorePrivilege     SeDebugPrivilege     SeAuditPrivilege     SeSystemEnvironmentPrivilege     SeImpersonatePrivilege  "
24191,Security,Microsoft-Windows-Security-Auditing,SUCCESS AUDIT,BlackBox,10/31/2015 12:07:45 PM,4624,None,"An account was successfully logged on.    Subject:   Security ID:  S-1-5-18   Account Name:  BLACKBOX$   Account Domain:  WORKGROUP   Logon ID:  0x3e7    Logon Information:   Logon Type:  5   Restricted Admin Mode: -   Virtual Account:  No     Elevated Token:  Yes      Impersonation Level:  Impersonation      New Logon:   Security ID:  S-1-5-18   Account Name:  SYSTEM   Account Domain:  NT AUTHORITY   Logon ID:  0x3e7   Linked Logon ID:  0x0   Network Account Name: -   Network Account Domain: -   Logon GUID:  {00000000-0000-0000-0000-000000000000}    Process Information:   Process ID:  0x2dc   Process Name:  C:\Windows\System32\services.exe    Network Information:   Workstation Name:    Source Network Address: -   Source Port:  -    Detailed Authentication Information:   Logon Process:  Advapi     Authentication Package: Negotiate   Transited Services: -   Package Name (NTLM only): -   Key Length:  0    This event is generated when a logon session is created. It is generated on the computer that was accessed.    The subject fields indicate the account on the local system which requested the logon. This is most commonly a service such as the Server service, or a local process such as Winlogon.exe or Services.exe.    The logon type field indicates the kind of logon that occurred. The most common types are 2 (interactive) and 3 (network).    The New Logon fields indicate the account for whom the new logon was created, i.e. the account that was logged on.    The network fields indicate where a remote logon request originated. Workstation name is not always available and may be left blank in some cases.    The impersonation level field indicates the extent to which a process in the logon session can impersonate.    The authentication information fields provide detailed information about this specific logon request.   - Logon GUID is a unique identifier that can be used to correlate this event with a KDC event.   - Transited services indicate which intermediate services have participated in this logon request.   - Package name indicates which sub-protocol was used among the NTLM protocols.   - Key length indicates the length of the generated session key. This will be 0 if no session key was requested.  "
24190,Security,Microsoft-Windows-Security-Auditing,SUCCESS AUDIT,BlackBox,10/31/2015 12:07:45 PM,4672,None,"Special privileges assigned to new logon.    Subject:   Security ID:  S-1-5-18   Account Name:  SYSTEM   Account Domain:  NT AUTHORITY   Logon ID:  0x3e7    Privileges:  SeAssignPrimaryTokenPrivilege     SeTcbPrivilege     SeSecurityPrivilege     SeTakeOwnershipPrivilege     SeLoadDriverPrivilege     SeBackupPrivilege     SeRestorePrivilege     SeDebugPrivilege     SeAuditPrivilege     SeSystemEnvironmentPrivilege     SeImpersonatePrivilege  "
24189,Security,Microsoft-Windows-Security-Auditing,SUCCESS AUDIT,BlackBox,10/31/2015 12:07:45 PM,4624,None,"An account was successfully logged on.    Subject:   Security ID:  S-1-5-18   Account Name:  BLACKBOX$   Account Domain:  WORKGROUP   Logon ID:  0x3e7    Logon Information:   Logon Type:  5   Restricted Admin Mode: -   Virtual Account:  No     Elevated Token:  Yes      Impersonation Level:  Impersonation      New Logon:   Security ID:  S-1-5-18   Account Name:  SYSTEM   Account Domain:  NT AUTHORITY   Logon ID:  0x3e7   Linked Logon ID:  0x0   Network Account Name: -   Network Account Domain: -   Logon GUID:  {00000000-0000-0000-0000-000000000000}    Process Information:   Process ID:  0x2dc   Process Name:  C:\Windows\System32\services.exe    Network Information:   Workstation Name:    Source Network Address: -   Source Port:  -    Detailed Authentication Information:   Logon Process:  Advapi     Authentication Package: Negotiate   Transited Services: -   Package Name (NTLM only): -   Key Length:  0    This event is generated when a logon session is created. It is generated on the computer that was accessed.    The subject fields indicate the account on the local system which requested the logon. This is most commonly a service such as the Server service, or a local process such as Winlogon.exe or Services.exe.    The logon type field indicates the kind of logon that occurred. The most common types are 2 (interactive) and 3 (network).    The New Logon fields indicate the account for whom the new logon was created, i.e. the account that was logged on.    The network fields indicate where a remote logon request originated. Workstation name is not always available and may be left blank in some cases.    The impersonation level field indicates the extent to which a process in the logon session can impersonate.    The authentication information fields provide detailed information about this specific logon request.   - Logon GUID is a unique identifier that can be used to correlate this event with a KDC event.   - Transited services indicate which intermediate services have participated in this logon request.   - Package name indicates which sub-protocol was used among the NTLM protocols.   - Key length indicates the length of the generated session key. This will be 0 if no session key was requested.  "
24188,Security,Microsoft-Windows-Security-Auditing,SUCCESS AUDIT,BlackBox,10/31/2015 12:07:44 PM,4799,None,"A security-enabled local group membership was enumerated.    Subject:   Security ID:  S-1-5-18   Account Name:  BLACKBOX$   Account Domain:  WORKGROUP   Logon ID:  0x3e7    Group:   Security ID:  S-1-5-32-544   Group Name:  Administrators   Group Domain:  Builtin    Process Information:   Process ID:  0x180   Process Name:  C:\Windows\System32\svchost.exe  "
24187,Security,Microsoft-Windows-Security-Auditing,SUCCESS AUDIT,BlackBox,10/31/2015 12:07:44 PM,4634,None,"An account was logged off.    Subject:   Security ID:  S-1-5-21-2685230347-480699911-3812554201-1001   Account Name:  Kaiser   Account Domain:  BLACKBOX   Logon ID:  0x9d521    Logon Type:   7    This event is generated when a logon session is destroyed. It may be positively correlated with a logon event using the Logon ID value. Logon IDs are only unique between reboots on the same computer.  "
24186,Security,Microsoft-Windows-Security-Auditing,SUCCESS AUDIT,BlackBox,10/31/2015 12:07:44 PM,4634,None,"An account was logged off.    Subject:   Security ID:  S-1-5-21-2685230347-480699911-3812554201-1001   Account Name:  Kaiser   Account Domain:  BLACKBOX   Logon ID:  0x9d549    Logon Type:   7    This event is generated when a logon session is destroyed. It may be positively correlated with a logon event using the Logon ID value. Logon IDs are only unique between reboots on the same computer.  "
24185,Security,Microsoft-Windows-Security-Auditing,SUCCESS AUDIT,BlackBox,10/31/2015 12:07:44 PM,4672,None,"Special privileges assigned to new logon.    Subject:   Security ID:  S-1-5-21-2685230347-480699911-3812554201-1001   Account Name:  kaisersose2@gmail.com   Account Domain:  MicrosoftAccount   Logon ID:  0x9d521    Privileges:  SeSecurityPrivilege     SeTakeOwnershipPrivilege     SeLoadDriverPrivilege     SeBackupPrivilege     SeRestorePrivilege     SeDebugPrivilege     SeSystemEnvironmentPrivilege     SeImpersonatePrivilege  "
24184,Security,Microsoft-Windows-Security-Auditing,SUCCESS AUDIT,BlackBox,10/31/2015 12:07:44 PM,4624,None,"An account was successfully logged on.    Subject:   Security ID:  S-1-5-18   Account Name:  BLACKBOX$   Account Domain:  WORKGROUP   Logon ID:  0x3e7    Logon Information:   Logon Type:  7   Restricted Admin Mode: -   Virtual Account:  No     Elevated Token:  No      Impersonation Level:  Impersonation      New Logon:   Security ID:  S-1-5-21-2685230347-480699911-3812554201-1001   Account Name:  kaisersose2@gmail.com   Account Domain:  MicrosoftAccount   Logon ID:  0x9d549   Linked Logon ID:  0x9d521   Network Account Name: -   Network Account Domain: -   Logon GUID:  {00000000-0000-0000-0000-000000000000}    Process Information:   Process ID:  0x2e4   Process Name:  C:\Windows\System32\lsass.exe    Network Information:   Workstation Name: BLACKBOX   Source Network Address: -   Source Port:  -    Detailed Authentication Information:   Logon Process:  Negotiat   Authentication Package: Negotiate   Transited Services: -   Package Name (NTLM only): -   Key Length:  0    This event is generated when a logon session is created. It is generated on the computer that was accessed.    The subject fields indicate the account on the local system which requested the logon. This is most commonly a service such as the Server service, or a local process such as Winlogon.exe or Services.exe.    The logon type field indicates the kind of logon that occurred. The most common types are 2 (interactive) and 3 (network).    The New Logon fields indicate the account for whom the new logon was created, i.e. the account that was logged on.    The network fields indicate where a remote logon request originated. Workstation name is not always available and may be left blank in some cases.    The impersonation level field indicates the extent to which a process in the logon session can impersonate.    The authentication information fields provide detailed information about this specific logon request.   - Logon GUID is a unique identifier that can be used to correlate this event with a KDC event.   - Transited services indicate which intermediate services have participated in this logon request.   - Package name indicates which sub-protocol was used among the NTLM protocols.   - Key length indicates the length of the generated session key. This will be 0 if no session key was requested.  "
24183,Security,Microsoft-Windows-Security-Auditing,SUCCESS AUDIT,BlackBox,10/31/2015 12:07:44 PM,4624,None,"An account was successfully logged on.    Subject:   Security ID:  S-1-5-18   Account Name:  BLACKBOX$   Account Domain:  WORKGROUP   Logon ID:  0x3e7    Logon Information:   Logon Type:  7   Restricted Admin Mode: -   Virtual Account:  No     Elevated Token:  Yes      Impersonation Level:  Impersonation      New Logon:   Security ID:  S-1-5-21-2685230347-480699911-3812554201-1001   Account Name:  kaisersose2@gmail.com   Account Domain:  MicrosoftAccount   Logon ID:  0x9d521   Linked Logon ID:  0x9d549   Network Account Name: -   Network Account Domain: -   Logon GUID:  {00000000-0000-0000-0000-000000000000}    Process Information:   Process ID:  0x2e4   Process Name:  C:\Windows\System32\lsass.exe    Network Information:   Workstation Name: BLACKBOX   Source Network Address: -   Source Port:  -    Detailed Authentication Information:   Logon Process:  Negotiat   Authentication Package: Negotiate   Transited Services: -   Package Name (NTLM only): -   Key Length:  0    This event is generated when a logon session is created. It is generated on the computer that was accessed.    The subject fields indicate the account on the local system which requested the logon. This is most commonly a service such as the Server service, or a local process such as Winlogon.exe or Services.exe.    The logon type field indicates the kind of logon that occurred. The most common types are 2 (interactive) and 3 (network).    The New Logon fields indicate the account for whom the new logon was created, i.e. the account that was logged on.    The network fields indicate where a remote logon request originated. Workstation name is not always available and may be left blank in some cases.    The impersonation level field indicates the extent to which a process in the logon session can impersonate.    The authentication information fields provide detailed information about this specific logon request.   - Logon GUID is a unique identifier that can be used to correlate this event with a KDC event.   - Transited services indicate which intermediate services have participated in this logon request.   - Package name indicates which sub-protocol was used among the NTLM protocols.   - Key length indicates the length of the generated session key. This will be 0 if no session key was requested.  "
24182,Security,Microsoft-Windows-Security-Auditing,SUCCESS AUDIT,BlackBox,10/31/2015 12:07:44 PM,4648,None,"A logon was attempted using explicit credentials.    Subject:   Security ID:  S-1-5-18   Account Name:  BLACKBOX$   Account Domain:  WORKGROUP   Logon ID:  0x3e7   Logon GUID:  {00000000-0000-0000-0000-000000000000}    Account Whose Credentials Were Used:   Account Name:  kaisersose2@gmail.com   Account Domain:  MicrosoftAccount   Logon GUID:  {00000000-0000-0000-0000-000000000000}    Target Server:   Target Server Name: localhost   Additional Information: localhost    Process Information:   Process ID:  0x2e4   Process Name:  C:\Windows\System32\lsass.exe    Network Information:   Network Address: -   Port:   -    This event is generated when a process attempts to log on an account by explicitly specifying that accounts credentials.  This most commonly occurs in batch-type configurations such as scheduled tasks, or when using the RUNAS command.  "
24181,Security,Microsoft-Windows-Security-Auditing,SUCCESS AUDIT,BlackBox,10/31/2015 12:07:44 PM,4738,None,"A user account was changed.    Subject:   Security ID:  S-1-5-18   Account Name:  BLACKBOX$   Account Domain:  WORKGROUP   Logon ID:  0x3e7    Target Account:   Security ID:  S-1-5-21-2685230347-480699911-3812554201-1001   Account Name:  Kaiser   Account Domain:  BlackBox    Changed Attributes:   SAM Account Name: -   Display Name:  Kaiser Sose   User Principal Name: -   Home Directory:  -   Home Drive:  -   Script Path:  -   Profile Path:  -   User Workstations: -   Password Last Set: -   Account Expires:  -   Primary Group ID: -   AllowedToDelegateTo: -   Old UAC Value:  -   New UAC Value:  -   User Account Control: -   User Parameters: -   SID History:  -   Logon Hours:  -    Additional Information:   Privileges:  -  "
24180,Security,Microsoft-Windows-Security-Auditing,SUCCESS AUDIT,BlackBox,10/31/2015 12:07:44 PM,4672,None,"Special privileges assigned to new logon.    Subject:   Security ID:  S-1-5-21-2685230347-480699911-3812554201-1001   Account Name:  kaisersose2@gmail.com   Account Domain:  MicrosoftAccount   Logon ID:  0x9d349    Privileges:  SeSecurityPrivilege     SeTakeOwnershipPrivilege     SeLoadDriverPrivilege     SeBackupPrivilege     SeRestorePrivilege     SeDebugPrivilege     SeSystemEnvironmentPrivilege     SeImpersonatePrivilege  "
24179,Security,Microsoft-Windows-Security-Auditing,SUCCESS AUDIT,BlackBox,10/31/2015 12:07:44 PM,4624,None,"An account was successfully logged on.    Subject:   Security ID:  S-1-5-18   Account Name:  BLACKBOX$   Account Domain:  WORKGROUP   Logon ID:  0x3e7    Logon Information:   Logon Type:  11   Restricted Admin Mode: -   Virtual Account:  No     Elevated Token:  No      Impersonation Level:  Impersonation      New Logon:   Security ID:  S-1-5-21-2685230347-480699911-3812554201-1001   Account Name:  kaisersose2@gmail.com   Account Domain:  MicrosoftAccount   Logon ID:  0x9d385   Linked Logon ID:  0x9d349   Network Account Name: -   Network Account Domain: -   Logon GUID:  {00000000-0000-0000-0000-000000000000}    Process Information:   Process ID:  0x180   Process Name:  C:\Windows\System32\svchost.exe    Network Information:   Workstation Name: BLACKBOX   Source Network Address: 127.0.0.1   Source Port:  0    Detailed Authentication Information:   Logon Process:  User32    Authentication Package: Negotiate   Transited Services: -   Package Name (NTLM only): -   Key Length:  0    This event is generated when a logon session is created. It is generated on the computer that was accessed.    The subject fields indicate the account on the local system which requested the logon. This is most commonly a service such as the Server service, or a local process such as Winlogon.exe or Services.exe.    The logon type field indicates the kind of logon that occurred. The most common types are 2 (interactive) and 3 (network).    The New Logon fields indicate the account for whom the new logon was created, i.e. the account that was logged on.    The network fields indicate where a remote logon request originated. Workstation name is not always available and may be left blank in some cases.    The impersonation level field indicates the extent to which a process in the logon session can impersonate.    The authentication information fields provide detailed information about this specific logon request.   - Logon GUID is a unique identifier that can be used to correlate this event with a KDC event.   - Transited services indicate which intermediate services have participated in this logon request.   - Package name indicates which sub-protocol was used among the NTLM protocols.   - Key length indicates the length of the generated session key. This will be 0 if no session key was requested.  "
24178,Security,Microsoft-Windows-Security-Auditing,SUCCESS AUDIT,BlackBox,10/31/2015 12:07:44 PM,4624,None,"An account was successfully logged on.    Subject:   Security ID:  S-1-5-18   Account Name:  BLACKBOX$   Account Domain:  WORKGROUP   Logon ID:  0x3e7    Logon Information:   Logon Type:  11   Restricted Admin Mode: -   Virtual Account:  No     Elevated Token:  Yes      Impersonation Level:  Impersonation      New Logon:   Security ID:  S-1-5-21-2685230347-480699911-3812554201-1001   Account Name:  kaisersose2@gmail.com   Account Domain:  MicrosoftAccount   Logon ID:  0x9d349   Linked Logon ID:  0x9d385   Network Account Name: -   Network Account Domain: -   Logon GUID:  {00000000-0000-0000-0000-000000000000}    Process Information:   Process ID:  0x180   Process Name:  C:\Windows\System32\svchost.exe    Network Information:   Workstation Name: BLACKBOX   Source Network Address: 127.0.0.1   Source Port:  0    Detailed Authentication Information:   Logon Process:  User32    Authentication Package: Negotiate   Transited Services: -   Package Name (NTLM only): -   Key Length:  0    This event is generated when a logon session is created. It is generated on the computer that was accessed.    The subject fields indicate the account on the local system which requested the logon. This is most commonly a service such as the Server service, or a local process such as Winlogon.exe or Services.exe.    The logon type field indicates the kind of logon that occurred. The most common types are 2 (interactive) and 3 (network).    The New Logon fields indicate the account for whom the new logon was created, i.e. the account that was logged on.    The network fields indicate where a remote logon request originated. Workstation name is not always available and may be left blank in some cases.    The impersonation level field indicates the extent to which a process in the logon session can impersonate.    The authentication information fields provide detailed information about this specific logon request.   - Logon GUID is a unique identifier that can be used to correlate this event with a KDC event.   - Transited services indicate which intermediate services have participated in this logon request.   - Package name indicates which sub-protocol was used among the NTLM protocols.   - Key length indicates the length of the generated session key. This will be 0 if no session key was requested.  "
24177,Security,Microsoft-Windows-Security-Auditing,SUCCESS AUDIT,BlackBox,10/31/2015 12:07:44 PM,4648,None,"A logon was attempted using explicit credentials.    Subject:   Security ID:  S-1-5-18   Account Name:  BLACKBOX$   Account Domain:  WORKGROUP   Logon ID:  0x3e7   Logon GUID:  {00000000-0000-0000-0000-000000000000}    Account Whose Credentials Were Used:   Account Name:  kaisersose2@gmail.com   Account Domain:  MicrosoftAccount   Logon GUID:  {00000000-0000-0000-0000-000000000000}    Target Server:   Target Server Name: localhost   Additional Information: localhost    Process Information:   Process ID:  0x180   Process Name:  C:\Windows\System32\svchost.exe    Network Information:   Network Address: 127.0.0.1   Port:   0    This event is generated when a process attempts to log on an account by explicitly specifying that accounts credentials.  This most commonly occurs in batch-type configurations such as scheduled tasks, or when using the RUNAS command.  "
24176,Security,Microsoft-Windows-Security-Auditing,SUCCESS AUDIT,BlackBox,10/31/2015 12:07:44 PM,4738,None,"A user account was changed.    Subject:   Security ID:  S-1-5-18   Account Name:  BLACKBOX$   Account Domain:  WORKGROUP   Logon ID:  0x3e7    Target Account:   Security ID:  S-1-5-21-2685230347-480699911-3812554201-1001   Account Name:  Kaiser   Account Domain:  BlackBox    Changed Attributes:   SAM Account Name: -   Display Name:  Kaiser Sose   User Principal Name: -   Home Directory:  -   Home Drive:  -   Script Path:  -   Profile Path:  -   User Workstations: -   Password Last Set: -   Account Expires:  -   Primary Group ID: -   AllowedToDelegateTo: -   Old UAC Value:  -   New UAC Value:  -   User Account Control: -   User Parameters: -   SID History:  -   Logon Hours:  -    Additional Information:   Privileges:  -  "
24175,Security,Microsoft-Windows-Security-Auditing,SUCCESS AUDIT,BlackBox,10/31/2015 12:07:05 PM,4672,None,"Special privileges assigned to new logon.    Subject:   Security ID:  S-1-5-18   Account Name:  SYSTEM   Account Domain:  NT AUTHORITY   Logon ID:  0x3e7    Privileges:  SeAssignPrimaryTokenPrivilege     SeTcbPrivilege     SeSecurityPrivilege     SeTakeOwnershipPrivilege     SeLoadDriverPrivilege     SeBackupPrivilege     SeRestorePrivilege     SeDebugPrivilege     SeAuditPrivilege     SeSystemEnvironmentPrivilege     SeImpersonatePrivilege  "
24174,Security,Microsoft-Windows-Security-Auditing,SUCCESS AUDIT,BlackBox,10/31/2015 12:07:05 PM,4624,None,"An account was successfully logged on.    Subject:   Security ID:  S-1-5-18   Account Name:  BLACKBOX$   Account Domain:  WORKGROUP   Logon ID:  0x3e7    Logon Information:   Logon Type:  5   Restricted Admin Mode: -   Virtual Account:  No     Elevated Token:  Yes      Impersonation Level:  Impersonation      New Logon:   Security ID:  S-1-5-18   Account Name:  SYSTEM   Account Domain:  NT AUTHORITY   Logon ID:  0x3e7   Linked Logon ID:  0x0   Network Account Name: -   Network Account Domain: -   Logon GUID:  {00000000-0000-0000-0000-000000000000}    Process Information:   Process ID:  0x2dc   Process Name:  C:\Windows\System32\services.exe    Network Information:   Workstation Name:    Source Network Address: -   Source Port:  -    Detailed Authentication Information:   Logon Process:  Advapi     Authentication Package: Negotiate   Transited Services: -   Package Name (NTLM only): -   Key Length:  0    This event is generated when a logon session is created. It is generated on the computer that was accessed.    The subject fields indicate the account on the local system which requested the logon. This is most commonly a service such as the Server service, or a local process such as Winlogon.exe or Services.exe.    The logon type field indicates the kind of logon that occurred. The most common types are 2 (interactive) and 3 (network).    The New Logon fields indicate the account for whom the new logon was created, i.e. the account that was logged on.    The network fields indicate where a remote logon request originated. Workstation name is not always available and may be left blank in some cases.    The impersonation level field indicates the extent to which a process in the logon session can impersonate.    The authentication information fields provide detailed information about this specific logon request.   - Logon GUID is a unique identifier that can be used to correlate this event with a KDC event.   - Transited services indicate which intermediate services have participated in this logon request.   - Package name indicates which sub-protocol was used among the NTLM protocols.   - Key length indicates the length of the generated session key. This will be 0 if no session key was requested.  "
24173,Security,Microsoft-Windows-Security-Auditing,SUCCESS AUDIT,BlackBox,10/31/2015 12:06:17 PM,4799,None,"A security-enabled local group membership was enumerated.    Subject:   Security ID:  S-1-5-18   Account Name:  BLACKBOX$   Account Domain:  WORKGROUP   Logon ID:  0x3e7    Group:   Security ID:  S-1-5-32-551   Group Name:  Backup Operators   Group Domain:  Builtin    Process Information:   Process ID:  0x7f0   Process Name:  C:\Windows\System32\SearchIndexer.exe  "
24172,Security,Microsoft-Windows-Security-Auditing,SUCCESS AUDIT,BlackBox,10/31/2015 12:06:17 PM,4799,None,"A security-enabled local group membership was enumerated.    Subject:   Security ID:  S-1-5-18   Account Name:  BLACKBOX$   Account Domain:  WORKGROUP   Logon ID:  0x3e7    Group:   Security ID:  S-1-5-32-544   Group Name:  Administrators   Group Domain:  Builtin    Process Information:   Process ID:  0x7f0   Process Name:  C:\Windows\System32\SearchIndexer.exe  "
24171,Security,Microsoft-Windows-Security-Auditing,SUCCESS AUDIT,BlackBox,10/31/2015 12:06:16 PM,4672,None,"Special privileges assigned to new logon.    Subject:   Security ID:  S-1-5-18   Account Name:  SYSTEM   Account Domain:  NT AUTHORITY   Logon ID:  0x3e7    Privileges:  SeAssignPrimaryTokenPrivilege     SeTcbPrivilege     SeSecurityPrivilege     SeTakeOwnershipPrivilege     SeLoadDriverPrivilege     SeBackupPrivilege     SeRestorePrivilege     SeDebugPrivilege     SeAuditPrivilege     SeSystemEnvironmentPrivilege     SeImpersonatePrivilege  "
