24368,Security,Microsoft-Windows-Security-Auditing,FAILURE AUDIT,BlackBox,10/31/2015 4:49:05 PM,5061,None,"Cryptographic operation.    Subject:   Security ID:  S-1-5-18   Account Name:  BLACKBOX$   Account Domain:  WORKGROUP   Logon ID:  0x3e7    Cryptographic Parameters:   Provider Name: Microsoft Software Key Storage Provider   Algorithm Name: RSA   Key Name: 51a92691-66f1-280f-d0db-59fad4f73491   Key Type: User key.      Cryptographic Operation:   Operation: Open Key.     Return Code: 0x80090016  "
24367,Security,Microsoft-Windows-Security-Auditing,SUCCESS AUDIT,BlackBox,10/31/2015 4:49:05 PM,5058,None,"Key file operation.    Subject:   Security ID:  S-1-5-18   Account Name:  BLACKBOX$   Account Domain:  WORKGROUP   Logon ID:  0x3e7    Cryptographic Parameters:   Provider Name: Microsoft Software Key Storage Provider   Algorithm Name: UNKNOWN   Key Name: 51a92691-66f1-280f-d0db-59fad4f73491   Key Type: User key.      Key File Operation Information:   File Path: C:\ProgramData\Microsoft\Crypto\SystemKeys\6d00fa390c15cc4634c8ca8153b76f29_911499c7-ef29-47ed-a64c-6b1751f20848   Operation: Read persisted key from file.     Return Code: 0x0  "
24366,Security,Microsoft-Windows-Security-Auditing,SUCCESS AUDIT,BlackBox,10/31/2015 4:41:38 PM,4634,None,"An account was logged off.    Subject:   Security ID:  S-1-5-7   Account Name:  ANONYMOUS LOGON   Account Domain:  NT AUTHORITY   Logon ID:  0x16af0b0    Logon Type:   3    This event is generated when a logon session is destroyed. It may be positively correlated with a logon event using the Logon ID value. Logon IDs are only unique between reboots on the same computer.  "
24365,Security,Microsoft-Windows-Security-Auditing,SUCCESS AUDIT,BlackBox,10/31/2015 4:41:27 PM,4624,None,"An account was successfully logged on.    Subject:   Security ID:  S-1-0-0   Account Name:  -   Account Domain:  -   Logon ID:  0x0    Logon Information:   Logon Type:  3   Restricted Admin Mode: -   Virtual Account:  No     Elevated Token:  No      Impersonation Level:  Impersonation      New Logon:   Security ID:  S-1-5-7   Account Name:  ANONYMOUS LOGON   Account Domain:  NT AUTHORITY   Logon ID:  0x16af0b0   Linked Logon ID:  0x0   Network Account Name: -   Network Account Domain: -   Logon GUID:  {00000000-0000-0000-0000-000000000000}    Process Information:   Process ID:  0x0   Process Name:  -    Network Information:   Workstation Name: DOMINATOR-PC   Source Network Address: 192.168.1.133   Source Port:  1328    Detailed Authentication Information:   Logon Process:  NtLmSsp    Authentication Package: NTLM   Transited Services: -   Package Name (NTLM only): NTLM V1   Key Length:  128    This event is generated when a logon session is created. It is generated on the computer that was accessed.    The subject fields indicate the account on the local system which requested the logon. This is most commonly a service such as the Server service, or a local process such as Winlogon.exe or Services.exe.    The logon type field indicates the kind of logon that occurred. The most common types are 2 (interactive) and 3 (network).    The New Logon fields indicate the account for whom the new logon was created, i.e. the account that was logged on.    The network fields indicate where a remote logon request originated. Workstation name is not always available and may be left blank in some cases.    The impersonation level field indicates the extent to which a process in the logon session can impersonate.    The authentication information fields provide detailed information about this specific logon request.   - Logon GUID is a unique identifier that can be used to correlate this event with a KDC event.   - Transited services indicate which intermediate services have participated in this logon request.   - Package name indicates which sub-protocol was used among the NTLM protocols.   - Key length indicates the length of the generated session key. This will be 0 if no session key was requested.  "
24364,Security,Microsoft-Windows-Security-Auditing,SUCCESS AUDIT,BlackBox,10/31/2015 4:41:27 PM,4634,None,"An account was logged off.    Subject:   Security ID:  S-1-5-7   Account Name:  ANONYMOUS LOGON   Account Domain:  NT AUTHORITY   Logon ID:  0x16aefa5    Logon Type:   3    This event is generated when a logon session is destroyed. It may be positively correlated with a logon event using the Logon ID value. Logon IDs are only unique between reboots on the same computer.  "
24363,Security,Microsoft-Windows-Security-Auditing,SUCCESS AUDIT,BlackBox,10/31/2015 4:41:27 PM,4624,None,"An account was successfully logged on.    Subject:   Security ID:  S-1-0-0   Account Name:  -   Account Domain:  -   Logon ID:  0x0    Logon Information:   Logon Type:  3   Restricted Admin Mode: -   Virtual Account:  No     Elevated Token:  No      Impersonation Level:  Impersonation      New Logon:   Security ID:  S-1-5-7   Account Name:  ANONYMOUS LOGON   Account Domain:  NT AUTHORITY   Logon ID:  0x16aefa5   Linked Logon ID:  0x0   Network Account Name: -   Network Account Domain: -   Logon GUID:  {00000000-0000-0000-0000-000000000000}    Process Information:   Process ID:  0x0   Process Name:  -    Network Information:   Workstation Name: DOMINATOR-PC   Source Network Address: 192.168.1.133   Source Port:  1327    Detailed Authentication Information:   Logon Process:  NtLmSsp    Authentication Package: NTLM   Transited Services: -   Package Name (NTLM only): NTLM V1   Key Length:  128    This event is generated when a logon session is created. It is generated on the computer that was accessed.    The subject fields indicate the account on the local system which requested the logon. This is most commonly a service such as the Server service, or a local process such as Winlogon.exe or Services.exe.    The logon type field indicates the kind of logon that occurred. The most common types are 2 (interactive) and 3 (network).    The New Logon fields indicate the account for whom the new logon was created, i.e. the account that was logged on.    The network fields indicate where a remote logon request originated. Workstation name is not always available and may be left blank in some cases.    The impersonation level field indicates the extent to which a process in the logon session can impersonate.    The authentication information fields provide detailed information about this specific logon request.   - Logon GUID is a unique identifier that can be used to correlate this event with a KDC event.   - Transited services indicate which intermediate services have participated in this logon request.   - Package name indicates which sub-protocol was used among the NTLM protocols.   - Key length indicates the length of the generated session key. This will be 0 if no session key was requested.  "
24362,Security,Microsoft-Windows-Security-Auditing,SUCCESS AUDIT,BlackBox,10/31/2015 4:29:38 PM,4634,None,"An account was logged off.    Subject:   Security ID:  S-1-5-7   Account Name:  ANONYMOUS LOGON   Account Domain:  NT AUTHORITY   Logon ID:  0x163d990    Logon Type:   3    This event is generated when a logon session is destroyed. It may be positively correlated with a logon event using the Logon ID value. Logon IDs are only unique between reboots on the same computer.  "
24361,Security,Microsoft-Windows-Security-Auditing,SUCCESS AUDIT,BlackBox,10/31/2015 4:29:27 PM,4624,None,"An account was successfully logged on.    Subject:   Security ID:  S-1-0-0   Account Name:  -   Account Domain:  -   Logon ID:  0x0    Logon Information:   Logon Type:  3   Restricted Admin Mode: -   Virtual Account:  No     Elevated Token:  No      Impersonation Level:  Impersonation      New Logon:   Security ID:  S-1-5-7   Account Name:  ANONYMOUS LOGON   Account Domain:  NT AUTHORITY   Logon ID:  0x163d990   Linked Logon ID:  0x0   Network Account Name: -   Network Account Domain: -   Logon GUID:  {00000000-0000-0000-0000-000000000000}    Process Information:   Process ID:  0x0   Process Name:  -    Network Information:   Workstation Name: DOMINATOR-PC   Source Network Address: 192.168.1.133   Source Port:  1258    Detailed Authentication Information:   Logon Process:  NtLmSsp    Authentication Package: NTLM   Transited Services: -   Package Name (NTLM only): NTLM V1   Key Length:  128    This event is generated when a logon session is created. It is generated on the computer that was accessed.    The subject fields indicate the account on the local system which requested the logon. This is most commonly a service such as the Server service, or a local process such as Winlogon.exe or Services.exe.    The logon type field indicates the kind of logon that occurred. The most common types are 2 (interactive) and 3 (network).    The New Logon fields indicate the account for whom the new logon was created, i.e. the account that was logged on.    The network fields indicate where a remote logon request originated. Workstation name is not always available and may be left blank in some cases.    The impersonation level field indicates the extent to which a process in the logon session can impersonate.    The authentication information fields provide detailed information about this specific logon request.   - Logon GUID is a unique identifier that can be used to correlate this event with a KDC event.   - Transited services indicate which intermediate services have participated in this logon request.   - Package name indicates which sub-protocol was used among the NTLM protocols.   - Key length indicates the length of the generated session key. This will be 0 if no session key was requested.  "
24360,Security,Microsoft-Windows-Security-Auditing,SUCCESS AUDIT,BlackBox,10/31/2015 4:29:27 PM,4634,None,"An account was logged off.    Subject:   Security ID:  S-1-5-7   Account Name:  ANONYMOUS LOGON   Account Domain:  NT AUTHORITY   Logon ID:  0x163d885    Logon Type:   3    This event is generated when a logon session is destroyed. It may be positively correlated with a logon event using the Logon ID value. Logon IDs are only unique between reboots on the same computer.  "
24359,Security,Microsoft-Windows-Security-Auditing,SUCCESS AUDIT,BlackBox,10/31/2015 4:29:27 PM,4624,None,"An account was successfully logged on.    Subject:   Security ID:  S-1-0-0   Account Name:  -   Account Domain:  -   Logon ID:  0x0    Logon Information:   Logon Type:  3   Restricted Admin Mode: -   Virtual Account:  No     Elevated Token:  No      Impersonation Level:  Impersonation      New Logon:   Security ID:  S-1-5-7   Account Name:  ANONYMOUS LOGON   Account Domain:  NT AUTHORITY   Logon ID:  0x163d885   Linked Logon ID:  0x0   Network Account Name: -   Network Account Domain: -   Logon GUID:  {00000000-0000-0000-0000-000000000000}    Process Information:   Process ID:  0x0   Process Name:  -    Network Information:   Workstation Name: DOMINATOR-PC   Source Network Address: 192.168.1.133   Source Port:  1257    Detailed Authentication Information:   Logon Process:  NtLmSsp    Authentication Package: NTLM   Transited Services: -   Package Name (NTLM only): NTLM V1   Key Length:  128    This event is generated when a logon session is created. It is generated on the computer that was accessed.    The subject fields indicate the account on the local system which requested the logon. This is most commonly a service such as the Server service, or a local process such as Winlogon.exe or Services.exe.    The logon type field indicates the kind of logon that occurred. The most common types are 2 (interactive) and 3 (network).    The New Logon fields indicate the account for whom the new logon was created, i.e. the account that was logged on.    The network fields indicate where a remote logon request originated. Workstation name is not always available and may be left blank in some cases.    The impersonation level field indicates the extent to which a process in the logon session can impersonate.    The authentication information fields provide detailed information about this specific logon request.   - Logon GUID is a unique identifier that can be used to correlate this event with a KDC event.   - Transited services indicate which intermediate services have participated in this logon request.   - Package name indicates which sub-protocol was used among the NTLM protocols.   - Key length indicates the length of the generated session key. This will be 0 if no session key was requested.  "
24358,Security,Microsoft-Windows-Security-Auditing,FAILURE AUDIT,BlackBox,10/31/2015 4:24:22 PM,5061,None,"Cryptographic operation.    Subject:   Security ID:  S-1-5-18   Account Name:  BLACKBOX$   Account Domain:  WORKGROUP   Logon ID:  0x3e7    Cryptographic Parameters:   Provider Name: Microsoft Software Key Storage Provider   Algorithm Name: RSA   Key Name: 51a92691-66f1-280f-d0db-59fad4f73491   Key Type: User key.      Cryptographic Operation:   Operation: Open Key.     Return Code: 0x80090016  "
24357,Security,Microsoft-Windows-Security-Auditing,SUCCESS AUDIT,BlackBox,10/31/2015 4:24:22 PM,5058,None,"Key file operation.    Subject:   Security ID:  S-1-5-18   Account Name:  BLACKBOX$   Account Domain:  WORKGROUP   Logon ID:  0x3e7    Cryptographic Parameters:   Provider Name: Microsoft Software Key Storage Provider   Algorithm Name: UNKNOWN   Key Name: 51a92691-66f1-280f-d0db-59fad4f73491   Key Type: User key.      Key File Operation Information:   File Path: C:\ProgramData\Microsoft\Crypto\SystemKeys\6d00fa390c15cc4634c8ca8153b76f29_911499c7-ef29-47ed-a64c-6b1751f20848   Operation: Read persisted key from file.     Return Code: 0x0  "
24356,Security,Microsoft-Windows-Security-Auditing,SUCCESS AUDIT,BlackBox,10/31/2015 4:24:13 PM,4634,None,"An account was logged off.    Subject:   Security ID:  S-1-5-7   Account Name:  ANONYMOUS LOGON   Account Domain:  NT AUTHORITY   Logon ID:  0x15a4b25    Logon Type:   3    This event is generated when a logon session is destroyed. It may be positively correlated with a logon event using the Logon ID value. Logon IDs are only unique between reboots on the same computer.  "
24355,Security,Microsoft-Windows-Security-Auditing,SUCCESS AUDIT,BlackBox,10/31/2015 4:24:02 PM,4624,None,"An account was successfully logged on.    Subject:   Security ID:  S-1-0-0   Account Name:  -   Account Domain:  -   Logon ID:  0x0    Logon Information:   Logon Type:  3   Restricted Admin Mode: -   Virtual Account:  No     Elevated Token:  No      Impersonation Level:  Impersonation      New Logon:   Security ID:  S-1-5-7   Account Name:  ANONYMOUS LOGON   Account Domain:  NT AUTHORITY   Logon ID:  0x15a4b25   Linked Logon ID:  0x0   Network Account Name: -   Network Account Domain: -   Logon GUID:  {00000000-0000-0000-0000-000000000000}    Process Information:   Process ID:  0x0   Process Name:  -    Network Information:   Workstation Name: DOMINATOR-PC   Source Network Address: 192.168.1.133   Source Port:  1182    Detailed Authentication Information:   Logon Process:  NtLmSsp    Authentication Package: NTLM   Transited Services: -   Package Name (NTLM only): NTLM V1   Key Length:  128    This event is generated when a logon session is created. It is generated on the computer that was accessed.    The subject fields indicate the account on the local system which requested the logon. This is most commonly a service such as the Server service, or a local process such as Winlogon.exe or Services.exe.    The logon type field indicates the kind of logon that occurred. The most common types are 2 (interactive) and 3 (network).    The New Logon fields indicate the account for whom the new logon was created, i.e. the account that was logged on.    The network fields indicate where a remote logon request originated. Workstation name is not always available and may be left blank in some cases.    The impersonation level field indicates the extent to which a process in the logon session can impersonate.    The authentication information fields provide detailed information about this specific logon request.   - Logon GUID is a unique identifier that can be used to correlate this event with a KDC event.   - Transited services indicate which intermediate services have participated in this logon request.   - Package name indicates which sub-protocol was used among the NTLM protocols.   - Key length indicates the length of the generated session key. This will be 0 if no session key was requested.  "
24354,Security,Microsoft-Windows-Security-Auditing,SUCCESS AUDIT,BlackBox,10/31/2015 4:24:02 PM,4634,None,"An account was logged off.    Subject:   Security ID:  S-1-5-7   Account Name:  ANONYMOUS LOGON   Account Domain:  NT AUTHORITY   Logon ID:  0x15a4a19    Logon Type:   3    This event is generated when a logon session is destroyed. It may be positively correlated with a logon event using the Logon ID value. Logon IDs are only unique between reboots on the same computer.  "
24353,Security,Microsoft-Windows-Security-Auditing,SUCCESS AUDIT,BlackBox,10/31/2015 4:24:02 PM,4624,None,"An account was successfully logged on.    Subject:   Security ID:  S-1-0-0   Account Name:  -   Account Domain:  -   Logon ID:  0x0    Logon Information:   Logon Type:  3   Restricted Admin Mode: -   Virtual Account:  No     Elevated Token:  No      Impersonation Level:  Impersonation      New Logon:   Security ID:  S-1-5-7   Account Name:  ANONYMOUS LOGON   Account Domain:  NT AUTHORITY   Logon ID:  0x15a4a19   Linked Logon ID:  0x0   Network Account Name: -   Network Account Domain: -   Logon GUID:  {00000000-0000-0000-0000-000000000000}    Process Information:   Process ID:  0x0   Process Name:  -    Network Information:   Workstation Name: DOMINATOR-PC   Source Network Address: 192.168.1.133   Source Port:  1181    Detailed Authentication Information:   Logon Process:  NtLmSsp    Authentication Package: NTLM   Transited Services: -   Package Name (NTLM only): NTLM V1   Key Length:  128    This event is generated when a logon session is created. It is generated on the computer that was accessed.    The subject fields indicate the account on the local system which requested the logon. This is most commonly a service such as the Server service, or a local process such as Winlogon.exe or Services.exe.    The logon type field indicates the kind of logon that occurred. The most common types are 2 (interactive) and 3 (network).    The New Logon fields indicate the account for whom the new logon was created, i.e. the account that was logged on.    The network fields indicate where a remote logon request originated. Workstation name is not always available and may be left blank in some cases.    The impersonation level field indicates the extent to which a process in the logon session can impersonate.    The authentication information fields provide detailed information about this specific logon request.   - Logon GUID is a unique identifier that can be used to correlate this event with a KDC event.   - Transited services indicate which intermediate services have participated in this logon request.   - Package name indicates which sub-protocol was used among the NTLM protocols.   - Key length indicates the length of the generated session key. This will be 0 if no session key was requested.  "
24352,Security,Microsoft-Windows-Security-Auditing,FAILURE AUDIT,BlackBox,10/31/2015 4:15:12 PM,5061,None,"Cryptographic operation.    Subject:   Security ID:  S-1-5-18   Account Name:  BLACKBOX$   Account Domain:  WORKGROUP   Logon ID:  0x3e7    Cryptographic Parameters:   Provider Name: Microsoft Software Key Storage Provider   Algorithm Name: RSA   Key Name: 51a92691-66f1-280f-d0db-59fad4f73491   Key Type: User key.      Cryptographic Operation:   Operation: Open Key.     Return Code: 0x80090016  "
24351,Security,Microsoft-Windows-Security-Auditing,SUCCESS AUDIT,BlackBox,10/31/2015 4:15:12 PM,5058,None,"Key file operation.    Subject:   Security ID:  S-1-5-18   Account Name:  BLACKBOX$   Account Domain:  WORKGROUP   Logon ID:  0x3e7    Cryptographic Parameters:   Provider Name: Microsoft Software Key Storage Provider   Algorithm Name: UNKNOWN   Key Name: 51a92691-66f1-280f-d0db-59fad4f73491   Key Type: User key.      Key File Operation Information:   File Path: C:\ProgramData\Microsoft\Crypto\SystemKeys\6d00fa390c15cc4634c8ca8153b76f29_911499c7-ef29-47ed-a64c-6b1751f20848   Operation: Read persisted key from file.     Return Code: 0x0  "
24350,Security,Microsoft-Windows-Security-Auditing,SUCCESS AUDIT,BlackBox,10/31/2015 4:12:13 PM,4634,None,"An account was logged off.    Subject:   Security ID:  S-1-5-7   Account Name:  ANONYMOUS LOGON   Account Domain:  NT AUTHORITY   Logon ID:  0x14e3e51    Logon Type:   3    This event is generated when a logon session is destroyed. It may be positively correlated with a logon event using the Logon ID value. Logon IDs are only unique between reboots on the same computer.  "
24349,Security,Microsoft-Windows-Security-Auditing,SUCCESS AUDIT,BlackBox,10/31/2015 4:12:02 PM,4624,None,"An account was successfully logged on.    Subject:   Security ID:  S-1-0-0   Account Name:  -   Account Domain:  -   Logon ID:  0x0    Logon Information:   Logon Type:  3   Restricted Admin Mode: -   Virtual Account:  No     Elevated Token:  No      Impersonation Level:  Impersonation      New Logon:   Security ID:  S-1-5-7   Account Name:  ANONYMOUS LOGON   Account Domain:  NT AUTHORITY   Logon ID:  0x14e3e51   Linked Logon ID:  0x0   Network Account Name: -   Network Account Domain: -   Logon GUID:  {00000000-0000-0000-0000-000000000000}    Process Information:   Process ID:  0x0   Process Name:  -    Network Information:   Workstation Name: DOMINATOR-PC   Source Network Address: 192.168.1.133   Source Port:  1067    Detailed Authentication Information:   Logon Process:  NtLmSsp    Authentication Package: NTLM   Transited Services: -   Package Name (NTLM only): NTLM V1   Key Length:  128    This event is generated when a logon session is created. It is generated on the computer that was accessed.    The subject fields indicate the account on the local system which requested the logon. This is most commonly a service such as the Server service, or a local process such as Winlogon.exe or Services.exe.    The logon type field indicates the kind of logon that occurred. The most common types are 2 (interactive) and 3 (network).    The New Logon fields indicate the account for whom the new logon was created, i.e. the account that was logged on.    The network fields indicate where a remote logon request originated. Workstation name is not always available and may be left blank in some cases.    The impersonation level field indicates the extent to which a process in the logon session can impersonate.    The authentication information fields provide detailed information about this specific logon request.   - Logon GUID is a unique identifier that can be used to correlate this event with a KDC event.   - Transited services indicate which intermediate services have participated in this logon request.   - Package name indicates which sub-protocol was used among the NTLM protocols.   - Key length indicates the length of the generated session key. This will be 0 if no session key was requested.  "
24348,Security,Microsoft-Windows-Security-Auditing,SUCCESS AUDIT,BlackBox,10/31/2015 4:12:02 PM,4634,None,"An account was logged off.    Subject:   Security ID:  S-1-5-7   Account Name:  ANONYMOUS LOGON   Account Domain:  NT AUTHORITY   Logon ID:  0x14e3d3c    Logon Type:   3    This event is generated when a logon session is destroyed. It may be positively correlated with a logon event using the Logon ID value. Logon IDs are only unique between reboots on the same computer.  "
24347,Security,Microsoft-Windows-Security-Auditing,SUCCESS AUDIT,BlackBox,10/31/2015 4:12:02 PM,4624,None,"An account was successfully logged on.    Subject:   Security ID:  S-1-0-0   Account Name:  -   Account Domain:  -   Logon ID:  0x0    Logon Information:   Logon Type:  3   Restricted Admin Mode: -   Virtual Account:  No     Elevated Token:  No      Impersonation Level:  Impersonation      New Logon:   Security ID:  S-1-5-7   Account Name:  ANONYMOUS LOGON   Account Domain:  NT AUTHORITY   Logon ID:  0x14e3d3c   Linked Logon ID:  0x0   Network Account Name: -   Network Account Domain: -   Logon GUID:  {00000000-0000-0000-0000-000000000000}    Process Information:   Process ID:  0x0   Process Name:  -    Network Information:   Workstation Name: DOMINATOR-PC   Source Network Address: 192.168.1.133   Source Port:  1066    Detailed Authentication Information:   Logon Process:  NtLmSsp    Authentication Package: NTLM   Transited Services: -   Package Name (NTLM only): NTLM V1   Key Length:  128    This event is generated when a logon session is created. It is generated on the computer that was accessed.    The subject fields indicate the account on the local system which requested the logon. This is most commonly a service such as the Server service, or a local process such as Winlogon.exe or Services.exe.    The logon type field indicates the kind of logon that occurred. The most common types are 2 (interactive) and 3 (network).    The New Logon fields indicate the account for whom the new logon was created, i.e. the account that was logged on.    The network fields indicate where a remote logon request originated. Workstation name is not always available and may be left blank in some cases.    The impersonation level field indicates the extent to which a process in the logon session can impersonate.    The authentication information fields provide detailed information about this specific logon request.   - Logon GUID is a unique identifier that can be used to correlate this event with a KDC event.   - Transited services indicate which intermediate services have participated in this logon request.   - Package name indicates which sub-protocol was used among the NTLM protocols.   - Key length indicates the length of the generated session key. This will be 0 if no session key was requested.  "
24346,Security,Microsoft-Windows-Security-Auditing,SUCCESS AUDIT,BlackBox,10/31/2015 4:00:44 PM,4797,None,"An attempt was made to query the existence of a blank password for an account.    Subject:   Security ID:  S-1-5-21-2685230347-480699911-3812554201-1001   Account Name:  Kaiser   Account Domain:  BLACKBOX   Logon ID:  0x9d385    Additional Information:   Caller Workstation: BLACKBOX   Target Account Name: Guest   Target Account Domain: BlackBox  "
24345,Security,Microsoft-Windows-Security-Auditing,SUCCESS AUDIT,BlackBox,10/31/2015 4:00:42 PM,4797,None,"An attempt was made to query the existence of a blank password for an account.    Subject:   Security ID:  S-1-5-21-2685230347-480699911-3812554201-1001   Account Name:  Kaiser   Account Domain:  BLACKBOX   Logon ID:  0x9d385    Additional Information:   Caller Workstation: BLACKBOX   Target Account Name: Guest   Target Account Domain: BlackBox  "
24344,Security,Microsoft-Windows-Security-Auditing,SUCCESS AUDIT,BlackBox,10/31/2015 4:00:38 PM,4798,None,"A user's local group membership was enumerated.    Subject:   Security ID:  S-1-5-21-2685230347-480699911-3812554201-1001   Account Name:  Kaiser   Account Domain:  BLACKBOX   Logon ID:  0x9d385    User:   Security ID:  S-1-5-21-2685230347-480699911-3812554201-1001   Account Name:  Kaiser   Account Domain:  BlackBox    Process Information:   Process ID:  0x664   Process Name:  C:\Windows\explorer.exe  "
24343,Security,Microsoft-Windows-Security-Auditing,SUCCESS AUDIT,BlackBox,10/31/2015 4:00:38 PM,4797,None,"An attempt was made to query the existence of a blank password for an account.    Subject:   Security ID:  S-1-5-21-2685230347-480699911-3812554201-1001   Account Name:  Kaiser   Account Domain:  BLACKBOX   Logon ID:  0x9d385    Additional Information:   Caller Workstation: BLACKBOX   Target Account Name: HomeGroupUser$   Target Account Domain: BlackBox  "
24342,Security,Microsoft-Windows-Security-Auditing,SUCCESS AUDIT,BlackBox,10/31/2015 4:00:38 PM,4797,None,"An attempt was made to query the existence of a blank password for an account.    Subject:   Security ID:  S-1-5-21-2685230347-480699911-3812554201-1001   Account Name:  Kaiser   Account Domain:  BLACKBOX   Logon ID:  0x9d385    Additional Information:   Caller Workstation: BLACKBOX   Target Account Name: Guest   Target Account Domain: BlackBox  "
24341,Security,Microsoft-Windows-Security-Auditing,SUCCESS AUDIT,BlackBox,10/31/2015 4:00:38 PM,4797,None,"An attempt was made to query the existence of a blank password for an account.    Subject:   Security ID:  S-1-5-21-2685230347-480699911-3812554201-1001   Account Name:  Kaiser   Account Domain:  BLACKBOX   Logon ID:  0x9d385    Additional Information:   Caller Workstation: BLACKBOX   Target Account Name: DefaultAccount   Target Account Domain: BlackBox  "
24340,Security,Microsoft-Windows-Security-Auditing,SUCCESS AUDIT,BlackBox,10/31/2015 4:00:38 PM,4797,None,"An attempt was made to query the existence of a blank password for an account.    Subject:   Security ID:  S-1-5-21-2685230347-480699911-3812554201-1001   Account Name:  Kaiser   Account Domain:  BLACKBOX   Logon ID:  0x9d385    Additional Information:   Caller Workstation: BLACKBOX   Target Account Name: Administrator   Target Account Domain: BlackBox  "
24339,Security,Microsoft-Windows-Security-Auditing,SUCCESS AUDIT,BlackBox,10/31/2015 3:59:37 PM,4634,None,"An account was logged off.    Subject:   Security ID:  S-1-5-7   Account Name:  ANONYMOUS LOGON   Account Domain:  NT AUTHORITY   Logon ID:  0x147ce19    Logon Type:   3    This event is generated when a logon session is destroyed. It may be positively correlated with a logon event using the Logon ID value. Logon IDs are only unique between reboots on the same computer.  "
24338,Security,Microsoft-Windows-Security-Auditing,SUCCESS AUDIT,BlackBox,10/31/2015 3:59:23 PM,4634,None,"An account was logged off.    Subject:   Security ID:  S-1-5-7   Account Name:  ANONYMOUS LOGON   Account Domain:  NT AUTHORITY   Logon ID:  0x147cf27    Logon Type:   3    This event is generated when a logon session is destroyed. It may be positively correlated with a logon event using the Logon ID value. Logon IDs are only unique between reboots on the same computer.  "
24337,Security,Microsoft-Windows-Security-Auditing,SUCCESS AUDIT,BlackBox,10/31/2015 3:59:23 PM,4624,None,"An account was successfully logged on.    Subject:   Security ID:  S-1-0-0   Account Name:  -   Account Domain:  -   Logon ID:  0x0    Logon Information:   Logon Type:  3   Restricted Admin Mode: -   Virtual Account:  No     Elevated Token:  No      Impersonation Level:  Impersonation      New Logon:   Security ID:  S-1-5-7   Account Name:  ANONYMOUS LOGON   Account Domain:  NT AUTHORITY   Logon ID:  0x147cf27   Linked Logon ID:  0x0   Network Account Name: -   Network Account Domain: -   Logon GUID:  {00000000-0000-0000-0000-000000000000}    Process Information:   Process ID:  0x0   Process Name:  -    Network Information:   Workstation Name: DOMINATOR-PC   Source Network Address: fe80::3c09:bae1:efcd:d116   Source Port:  3450    Detailed Authentication Information:   Logon Process:  NtLmSsp    Authentication Package: NTLM   Transited Services: -   Package Name (NTLM only): NTLM V1   Key Length:  128    This event is generated when a logon session is created. It is generated on the computer that was accessed.    The subject fields indicate the account on the local system which requested the logon. This is most commonly a service such as the Server service, or a local process such as Winlogon.exe or Services.exe.    The logon type field indicates the kind of logon that occurred. The most common types are 2 (interactive) and 3 (network).    The New Logon fields indicate the account for whom the new logon was created, i.e. the account that was logged on.    The network fields indicate where a remote logon request originated. Workstation name is not always available and may be left blank in some cases.    The impersonation level field indicates the extent to which a process in the logon session can impersonate.    The authentication information fields provide detailed information about this specific logon request.   - Logon GUID is a unique identifier that can be used to correlate this event with a KDC event.   - Transited services indicate which intermediate services have participated in this logon request.   - Package name indicates which sub-protocol was used among the NTLM protocols.   - Key length indicates the length of the generated session key. This will be 0 if no session key was requested.  "
24336,Security,Microsoft-Windows-Security-Auditing,SUCCESS AUDIT,BlackBox,10/31/2015 3:59:23 PM,4624,None,"An account was successfully logged on.    Subject:   Security ID:  S-1-0-0   Account Name:  -   Account Domain:  -   Logon ID:  0x0    Logon Information:   Logon Type:  3   Restricted Admin Mode: -   Virtual Account:  No     Elevated Token:  No      Impersonation Level:  Impersonation      New Logon:   Security ID:  S-1-5-7   Account Name:  ANONYMOUS LOGON   Account Domain:  NT AUTHORITY   Logon ID:  0x147ce19   Linked Logon ID:  0x0   Network Account Name: -   Network Account Domain: -   Logon GUID:  {00000000-0000-0000-0000-000000000000}    Process Information:   Process ID:  0x0   Process Name:  -    Network Information:   Workstation Name: DOMINATOR-PC   Source Network Address: 192.168.1.133   Source Port:  3449    Detailed Authentication Information:   Logon Process:  NtLmSsp    Authentication Package: NTLM   Transited Services: -   Package Name (NTLM only): NTLM V1   Key Length:  128    This event is generated when a logon session is created. It is generated on the computer that was accessed.    The subject fields indicate the account on the local system which requested the logon. This is most commonly a service such as the Server service, or a local process such as Winlogon.exe or Services.exe.    The logon type field indicates the kind of logon that occurred. The most common types are 2 (interactive) and 3 (network).    The New Logon fields indicate the account for whom the new logon was created, i.e. the account that was logged on.    The network fields indicate where a remote logon request originated. Workstation name is not always available and may be left blank in some cases.    The impersonation level field indicates the extent to which a process in the logon session can impersonate.    The authentication information fields provide detailed information about this specific logon request.   - Logon GUID is a unique identifier that can be used to correlate this event with a KDC event.   - Transited services indicate which intermediate services have participated in this logon request.   - Package name indicates which sub-protocol was used among the NTLM protocols.   - Key length indicates the length of the generated session key. This will be 0 if no session key was requested.  "
24335,Security,Microsoft-Windows-Security-Auditing,SUCCESS AUDIT,BlackBox,10/31/2015 3:59:23 PM,4634,None,"An account was logged off.    Subject:   Security ID:  S-1-5-7   Account Name:  ANONYMOUS LOGON   Account Domain:  NT AUTHORITY   Logon ID:  0x147cd0f    Logon Type:   3    This event is generated when a logon session is destroyed. It may be positively correlated with a logon event using the Logon ID value. Logon IDs are only unique between reboots on the same computer.  "
24334,Security,Microsoft-Windows-Security-Auditing,SUCCESS AUDIT,BlackBox,10/31/2015 3:59:23 PM,4624,None,"An account was successfully logged on.    Subject:   Security ID:  S-1-0-0   Account Name:  -   Account Domain:  -   Logon ID:  0x0    Logon Information:   Logon Type:  3   Restricted Admin Mode: -   Virtual Account:  No     Elevated Token:  No      Impersonation Level:  Impersonation      New Logon:   Security ID:  S-1-5-7   Account Name:  ANONYMOUS LOGON   Account Domain:  NT AUTHORITY   Logon ID:  0x147cd0f   Linked Logon ID:  0x0   Network Account Name: -   Network Account Domain: -   Logon GUID:  {00000000-0000-0000-0000-000000000000}    Process Information:   Process ID:  0x0   Process Name:  -    Network Information:   Workstation Name: DOMINATOR-PC   Source Network Address: fe80::3c09:bae1:efcd:d116   Source Port:  3448    Detailed Authentication Information:   Logon Process:  NtLmSsp    Authentication Package: NTLM   Transited Services: -   Package Name (NTLM only): NTLM V1   Key Length:  128    This event is generated when a logon session is created. It is generated on the computer that was accessed.    The subject fields indicate the account on the local system which requested the logon. This is most commonly a service such as the Server service, or a local process such as Winlogon.exe or Services.exe.    The logon type field indicates the kind of logon that occurred. The most common types are 2 (interactive) and 3 (network).    The New Logon fields indicate the account for whom the new logon was created, i.e. the account that was logged on.    The network fields indicate where a remote logon request originated. Workstation name is not always available and may be left blank in some cases.    The impersonation level field indicates the extent to which a process in the logon session can impersonate.    The authentication information fields provide detailed information about this specific logon request.   - Logon GUID is a unique identifier that can be used to correlate this event with a KDC event.   - Transited services indicate which intermediate services have participated in this logon request.   - Package name indicates which sub-protocol was used among the NTLM protocols.   - Key length indicates the length of the generated session key. This will be 0 if no session key was requested.  "
24333,Security,Microsoft-Windows-Security-Auditing,SUCCESS AUDIT,BlackBox,10/31/2015 3:59:01 PM,4797,None,"An attempt was made to query the existence of a blank password for an account.    Subject:   Security ID:  S-1-5-21-2685230347-480699911-3812554201-1001   Account Name:  Kaiser   Account Domain:  BLACKBOX   Logon ID:  0x9d385    Additional Information:   Caller Workstation: BLACKBOX   Target Account Name: Guest   Target Account Domain: BlackBox  "
24332,Security,Microsoft-Windows-Security-Auditing,SUCCESS AUDIT,BlackBox,10/31/2015 3:58:45 PM,4797,None,"An attempt was made to query the existence of a blank password for an account.    Subject:   Security ID:  S-1-5-21-2685230347-480699911-3812554201-1001   Account Name:  Kaiser   Account Domain:  BLACKBOX   Logon ID:  0x9d385    Additional Information:   Caller Workstation: BLACKBOX   Target Account Name: Guest   Target Account Domain: BlackBox  "
24331,Security,Microsoft-Windows-Security-Auditing,SUCCESS AUDIT,BlackBox,10/31/2015 3:58:43 PM,4798,None,"A user's local group membership was enumerated.    Subject:   Security ID:  S-1-5-21-2685230347-480699911-3812554201-1001   Account Name:  Kaiser   Account Domain:  BLACKBOX   Logon ID:  0x9d385    User:   Security ID:  S-1-5-21-2685230347-480699911-3812554201-1001   Account Name:  Kaiser   Account Domain:  BlackBox    Process Information:   Process ID:  0x664   Process Name:  C:\Windows\explorer.exe  "
24330,Security,Microsoft-Windows-Security-Auditing,SUCCESS AUDIT,BlackBox,10/31/2015 3:58:43 PM,4797,None,"An attempt was made to query the existence of a blank password for an account.    Subject:   Security ID:  S-1-5-21-2685230347-480699911-3812554201-1001   Account Name:  Kaiser   Account Domain:  BLACKBOX   Logon ID:  0x9d385    Additional Information:   Caller Workstation: BLACKBOX   Target Account Name: HomeGroupUser$   Target Account Domain: BlackBox  "
24329,Security,Microsoft-Windows-Security-Auditing,SUCCESS AUDIT,BlackBox,10/31/2015 3:58:43 PM,4797,None,"An attempt was made to query the existence of a blank password for an account.    Subject:   Security ID:  S-1-5-21-2685230347-480699911-3812554201-1001   Account Name:  Kaiser   Account Domain:  BLACKBOX   Logon ID:  0x9d385    Additional Information:   Caller Workstation: BLACKBOX   Target Account Name: Guest   Target Account Domain: BlackBox  "
24328,Security,Microsoft-Windows-Security-Auditing,SUCCESS AUDIT,BlackBox,10/31/2015 3:58:43 PM,4797,None,"An attempt was made to query the existence of a blank password for an account.    Subject:   Security ID:  S-1-5-21-2685230347-480699911-3812554201-1001   Account Name:  Kaiser   Account Domain:  BLACKBOX   Logon ID:  0x9d385    Additional Information:   Caller Workstation: BLACKBOX   Target Account Name: DefaultAccount   Target Account Domain: BlackBox  "
24327,Security,Microsoft-Windows-Security-Auditing,SUCCESS AUDIT,BlackBox,10/31/2015 3:58:43 PM,4797,None,"An attempt was made to query the existence of a blank password for an account.    Subject:   Security ID:  S-1-5-21-2685230347-480699911-3812554201-1001   Account Name:  Kaiser   Account Domain:  BLACKBOX   Logon ID:  0x9d385    Additional Information:   Caller Workstation: BLACKBOX   Target Account Name: Administrator   Target Account Domain: BlackBox  "
24326,Security,Microsoft-Windows-Security-Auditing,SUCCESS AUDIT,BlackBox,10/31/2015 3:57:25 PM,4798,None,"A user's local group membership was enumerated.    Subject:   Security ID:  S-1-5-21-2685230347-480699911-3812554201-1001   Account Name:  Kaiser   Account Domain:  BLACKBOX   Logon ID:  0x9d385    User:   Security ID:  S-1-5-21-2685230347-480699911-3812554201-1001   Account Name:  Kaiser   Account Domain:  BlackBox    Process Information:   Process ID:  0x664   Process Name:  C:\Windows\explorer.exe  "
24325,Security,Microsoft-Windows-Security-Auditing,SUCCESS AUDIT,BlackBox,10/31/2015 3:57:25 PM,4797,None,"An attempt was made to query the existence of a blank password for an account.    Subject:   Security ID:  S-1-5-21-2685230347-480699911-3812554201-1001   Account Name:  Kaiser   Account Domain:  BLACKBOX   Logon ID:  0x9d385    Additional Information:   Caller Workstation: BLACKBOX   Target Account Name: HomeGroupUser$   Target Account Domain: BlackBox  "
24324,Security,Microsoft-Windows-Security-Auditing,SUCCESS AUDIT,BlackBox,10/31/2015 3:57:25 PM,4797,None,"An attempt was made to query the existence of a blank password for an account.    Subject:   Security ID:  S-1-5-21-2685230347-480699911-3812554201-1001   Account Name:  Kaiser   Account Domain:  BLACKBOX   Logon ID:  0x9d385    Additional Information:   Caller Workstation: BLACKBOX   Target Account Name: Guest   Target Account Domain: BlackBox  "
24323,Security,Microsoft-Windows-Security-Auditing,SUCCESS AUDIT,BlackBox,10/31/2015 3:57:25 PM,4797,None,"An attempt was made to query the existence of a blank password for an account.    Subject:   Security ID:  S-1-5-21-2685230347-480699911-3812554201-1001   Account Name:  Kaiser   Account Domain:  BLACKBOX   Logon ID:  0x9d385    Additional Information:   Caller Workstation: BLACKBOX   Target Account Name: DefaultAccount   Target Account Domain: BlackBox  "
24322,Security,Microsoft-Windows-Security-Auditing,SUCCESS AUDIT,BlackBox,10/31/2015 3:57:25 PM,4797,None,"An attempt was made to query the existence of a blank password for an account.    Subject:   Security ID:  S-1-5-21-2685230347-480699911-3812554201-1001   Account Name:  Kaiser   Account Domain:  BLACKBOX   Logon ID:  0x9d385    Additional Information:   Caller Workstation: BLACKBOX   Target Account Name: Administrator   Target Account Domain: BlackBox  "
24321,Security,Microsoft-Windows-Security-Auditing,SUCCESS AUDIT,BlackBox,10/31/2015 3:56:24 PM,4798,None,"A user's local group membership was enumerated.    Subject:   Security ID:  S-1-5-21-2685230347-480699911-3812554201-1001   Account Name:  Kaiser   Account Domain:  BLACKBOX   Logon ID:  0x9d385    User:   Security ID:  S-1-5-21-2685230347-480699911-3812554201-1001   Account Name:  Kaiser   Account Domain:  BlackBox    Process Information:   Process ID:  0x664   Process Name:  C:\Windows\explorer.exe  "
24320,Security,Microsoft-Windows-Security-Auditing,SUCCESS AUDIT,BlackBox,10/31/2015 3:56:24 PM,4797,None,"An attempt was made to query the existence of a blank password for an account.    Subject:   Security ID:  S-1-5-21-2685230347-480699911-3812554201-1001   Account Name:  Kaiser   Account Domain:  BLACKBOX   Logon ID:  0x9d385    Additional Information:   Caller Workstation: BLACKBOX   Target Account Name: HomeGroupUser$   Target Account Domain: BlackBox  "
24319,Security,Microsoft-Windows-Security-Auditing,SUCCESS AUDIT,BlackBox,10/31/2015 3:56:24 PM,4797,None,"An attempt was made to query the existence of a blank password for an account.    Subject:   Security ID:  S-1-5-21-2685230347-480699911-3812554201-1001   Account Name:  Kaiser   Account Domain:  BLACKBOX   Logon ID:  0x9d385    Additional Information:   Caller Workstation: BLACKBOX   Target Account Name: Guest   Target Account Domain: BlackBox  "
24318,Security,Microsoft-Windows-Security-Auditing,SUCCESS AUDIT,BlackBox,10/31/2015 3:56:24 PM,4797,None,"An attempt was made to query the existence of a blank password for an account.    Subject:   Security ID:  S-1-5-21-2685230347-480699911-3812554201-1001   Account Name:  Kaiser   Account Domain:  BLACKBOX   Logon ID:  0x9d385    Additional Information:   Caller Workstation: BLACKBOX   Target Account Name: DefaultAccount   Target Account Domain: BlackBox  "
24317,Security,Microsoft-Windows-Security-Auditing,SUCCESS AUDIT,BlackBox,10/31/2015 3:56:24 PM,4797,None,"An attempt was made to query the existence of a blank password for an account.    Subject:   Security ID:  S-1-5-21-2685230347-480699911-3812554201-1001   Account Name:  Kaiser   Account Domain:  BLACKBOX   Logon ID:  0x9d385    Additional Information:   Caller Workstation: BLACKBOX   Target Account Name: Administrator   Target Account Domain: BlackBox  "
24316,Security,Microsoft-Windows-Security-Auditing,FAILURE AUDIT,BlackBox,10/31/2015 3:56:10 PM,5061,None,"Cryptographic operation.    Subject:   Security ID:  S-1-5-18   Account Name:  BLACKBOX$   Account Domain:  WORKGROUP   Logon ID:  0x3e7    Cryptographic Parameters:   Provider Name: Microsoft Software Key Storage Provider   Algorithm Name: RSA   Key Name: 51a92691-66f1-280f-d0db-59fad4f73491   Key Type: User key.      Cryptographic Operation:   Operation: Open Key.     Return Code: 0x80090016  "
24315,Security,Microsoft-Windows-Security-Auditing,SUCCESS AUDIT,BlackBox,10/31/2015 3:56:10 PM,5058,None,"Key file operation.    Subject:   Security ID:  S-1-5-18   Account Name:  BLACKBOX$   Account Domain:  WORKGROUP   Logon ID:  0x3e7    Cryptographic Parameters:   Provider Name: Microsoft Software Key Storage Provider   Algorithm Name: UNKNOWN   Key Name: 51a92691-66f1-280f-d0db-59fad4f73491   Key Type: User key.      Key File Operation Information:   File Path: C:\ProgramData\Microsoft\Crypto\SystemKeys\6d00fa390c15cc4634c8ca8153b76f29_911499c7-ef29-47ed-a64c-6b1751f20848   Operation: Read persisted key from file.     Return Code: 0x0  "
24314,Security,Microsoft-Windows-Security-Auditing,SUCCESS AUDIT,BlackBox,10/31/2015 3:56:10 PM,4798,None,"A user's local group membership was enumerated.    Subject:   Security ID:  S-1-5-21-2685230347-480699911-3812554201-1001   Account Name:  Kaiser   Account Domain:  BLACKBOX   Logon ID:  0x9d385    User:   Security ID:  S-1-5-21-2685230347-480699911-3812554201-1001   Account Name:  Kaiser   Account Domain:  BlackBox    Process Information:   Process ID:  0x664   Process Name:  C:\Windows\explorer.exe  "
24313,Security,Microsoft-Windows-Security-Auditing,SUCCESS AUDIT,BlackBox,10/31/2015 3:56:10 PM,4797,None,"An attempt was made to query the existence of a blank password for an account.    Subject:   Security ID:  S-1-5-21-2685230347-480699911-3812554201-1001   Account Name:  Kaiser   Account Domain:  BLACKBOX   Logon ID:  0x9d385    Additional Information:   Caller Workstation: BLACKBOX   Target Account Name: HomeGroupUser$   Target Account Domain: BlackBox  "
24312,Security,Microsoft-Windows-Security-Auditing,SUCCESS AUDIT,BlackBox,10/31/2015 3:56:10 PM,4797,None,"An attempt was made to query the existence of a blank password for an account.    Subject:   Security ID:  S-1-5-21-2685230347-480699911-3812554201-1001   Account Name:  Kaiser   Account Domain:  BLACKBOX   Logon ID:  0x9d385    Additional Information:   Caller Workstation: BLACKBOX   Target Account Name: Guest   Target Account Domain: BlackBox  "
24311,Security,Microsoft-Windows-Security-Auditing,SUCCESS AUDIT,BlackBox,10/31/2015 3:56:10 PM,4797,None,"An attempt was made to query the existence of a blank password for an account.    Subject:   Security ID:  S-1-5-21-2685230347-480699911-3812554201-1001   Account Name:  Kaiser   Account Domain:  BLACKBOX   Logon ID:  0x9d385    Additional Information:   Caller Workstation: BLACKBOX   Target Account Name: DefaultAccount   Target Account Domain: BlackBox  "
24310,Security,Microsoft-Windows-Security-Auditing,SUCCESS AUDIT,BlackBox,10/31/2015 3:56:10 PM,4797,None,"An attempt was made to query the existence of a blank password for an account.    Subject:   Security ID:  S-1-5-21-2685230347-480699911-3812554201-1001   Account Name:  Kaiser   Account Domain:  BLACKBOX   Logon ID:  0x9d385    Additional Information:   Caller Workstation: BLACKBOX   Target Account Name: Administrator   Target Account Domain: BlackBox  "
24309,Security,Microsoft-Windows-Security-Auditing,SUCCESS AUDIT,BlackBox,10/31/2015 3:49:37 PM,4798,None,"A user's local group membership was enumerated.    Subject:   Security ID:  S-1-5-21-2685230347-480699911-3812554201-1001   Account Name:  Kaiser   Account Domain:  BLACKBOX   Logon ID:  0x9d385    User:   Security ID:  S-1-5-21-2685230347-480699911-3812554201-1001   Account Name:  Kaiser   Account Domain:  BlackBox    Process Information:   Process ID:  0x664   Process Name:  C:\Windows\explorer.exe  "
