23753,Security,Microsoft-Windows-Security-Auditing,SUCCESS AUDIT,BlackBox,10/30/2015 10:46:14 PM,4688,None,"A new process has been created.    Creator Subject:   Security ID:  S-1-5-18   Account Name:  -   Account Domain:  -   Logon ID:  0x3e7    Target Subject:   Security ID:  S-1-0-0   Account Name:  -   Account Domain:  -   Logon ID:  0x0    Process Information:   New Process ID:  0x2b4   New Process Name: ???????????????e??? ??   Token Elevation Type: TokenElevationTypeDefault (1)     Mandatory Label:  S-1-16-16384   Creator Process ID: 0x210   Creator Process Name: ????????????????????4   Process Command Line: ?????? ???????????????e??????    Token Elevation Type indicates the type of token that was assigned to the new process in accordance with User Account Control policy.    Type 1 is a full token with no privileges removed or groups disabled.  A full token is only used if User Account Control is disabled or if the user is the built-in Administrator account or a service account.    Type 2 is an elevated token with no privileges removed or groups disabled.  An elevated token is used when User Account Control is enabled and the user chooses to start the program using Run as administrator.  An elevated token is also used when an application is configured to always require administrative privilege or to always require maximum privilege, and the user is a member of the Administrators group.    Type 3 is a limited token with administrative privileges removed and administrative groups disabled.  The limited token is used when User Account Control is enabled, the application does not require administrative privilege, and the user does not choose to start the program using Run as administrator.  "
23752,Security,Microsoft-Windows-Security-Auditing,SUCCESS AUDIT,BlackBox,10/30/2015 10:46:14 PM,4688,None,"A new process has been created.    Creator Subject:   Security ID:  S-1-5-18   Account Name:  -   Account Domain:  -   Logon ID:  0x3e7    Target Subject:   Security ID:  S-1-0-0   Account Name:  -   Account Domain:  -   Logon ID:  0x0    Process Information:   New Process ID:  0x2ac   New Process Name: ??????????????-??6??c?????? ???????????????e??????   Token Elevation Type: TokenElevationTypeDefault (1)     Mandatory Label:  S-1-16-16384   Creator Process ID: 0x1bc   Creator Process Name: ????????????????????4   Process Command Line: ?????? ???????????????e??????    Token Elevation Type indicates the type of token that was assigned to the new process in accordance with User Account Control policy.    Type 1 is a full token with no privileges removed or groups disabled.  A full token is only used if User Account Control is disabled or if the user is the built-in Administrator account or a service account.    Type 2 is an elevated token with no privileges removed or groups disabled.  An elevated token is used when User Account Control is enabled and the user chooses to start the program using Run as administrator.  An elevated token is also used when an application is configured to always require administrative privilege or to always require maximum privilege, and the user is a member of the Administrators group.    Type 3 is a limited token with administrative privileges removed and administrative groups disabled.  The limited token is used when User Account Control is enabled, the application does not require administrative privilege, and the user does not choose to start the program using Run as administrator.  "
23751,Security,Microsoft-Windows-Security-Auditing,SUCCESS AUDIT,BlackBox,10/30/2015 10:46:12 PM,4688,None,"A new process has been created.    Creator Subject:   Security ID:  S-1-5-18   Account Name:  -   Account Domain:  -   Logon ID:  0x3e7    Target S--END 
