24170,Security,Microsoft-Windows-Security-Auditing,SUCCESS AUDIT,BlackBox,10/31/2015 12:06:16 PM,4624,None,"An account was successfully logged on.    Subject:   Security ID:  S-1-5-18   Account Name:  BLACKBOX$   Account Domain:  WORKGROUP   Logon ID:  0x3e7    Logon Information:   Logon Type:  5   Restricted Admin Mode: -   Virtual Account:  No     Elevated Token:  Yes      Impersonation Level:  Impersonation      New Logon:   Security ID:  S-1-5-18   Account Name:  SYSTEM   Account Domain:  NT AUTHORITY   Logon ID:  0x3e7   Linked Logon ID:  0x0   Network Account Name: -   Network Account Domain: -   Logon GUID:  {00000000-0000-0000-0000-000000000000}    Process Information:   Process ID:  0x2dc   Process Name:  C:\Windows\System32\services.exe    Network Information:   Workstation Name:    Source Network Address: -   Source Port:  -    Detailed Authentication Information:   Logon Process:  Advapi     Authentication Package: Negotiate   Transited Services: -   Package Name (NTLM only): -   Key Length:  0    This event is generated when a logon session is created. It is generated on the computer that was accessed.    The subject fields indicate the account on the local system which requested the logon. This is most commonly a service such as the Server service, or a local process such as Winlogon.exe or Services.exe.    The logon type field indicates the kind of logon that occurred. The most common types are 2 (interactive) and 3 (network).    The New Logon fields indicate the account for whom the new logon was created, i.e. the account that was logged on.    The network fields indicate where a remote logon request originated. Workstation name is not always available and may be left blank in some cases.    The impersonation level field indicates the extent to which a process in the logon session can impersonate.    The authentication information fields provide detailed information about this specific logon request.   - Logon GUID is a unique identifier that can be used to correlate this event with a KDC event.   - Transited services indicate which intermediate services have participated in this logon request.   - Package name indicates which sub-protocol was used among the NTLM protocols.   - Key length indicates the length of the generated session key. This will be 0 if no session key was requested.  "
24169,Security,Microsoft-Windows-Security-Auditing,SUCCESS AUDIT,BlackBox,10/31/2015 12:06:14 PM,4799,None,"A security-enabled local group membership was enumerated.    Subject:   Security ID:  S-1-5-18   Account Name:  BLACKBOX$   Account Domain:  WORKGROUP   Logon ID:  0x3e7    Group:   Security ID:  S-1-5-32-551   Group Name:  Backup Operators   Group Domain:  Builtin    Process Information:   Process ID:  0x180   Process Name:  C:\Windows\System32\svchost.exe  "
24168,Security,Microsoft-Windows-Security-Auditing,SUCCESS AUDIT,BlackBox,10/31/2015 12:06:14 PM,4799,None,"A security-enabled local group membership was enumerated.    Subject:   Security ID:  S-1-5-18   Account Name:  BLACKBOX$   Account Domain:  WORKGROUP   Logon ID:  0x3e7    Group:   Security ID:  S-1-5-32-544   Group Name:  Administrators   Group Domain:  Builtin    Process Information:   Process ID:  0x180   Process Name:  C:\Windows\System32\svchost.exe  "
24167,Security,Microsoft-Windows-Security-Auditing,SUCCESS AUDIT,BlackBox,10/31/2015 12:04:17 PM,4798,None,"A user's local group membership was enumerated.    Subject:   Security ID:  S-1-5-18   Account Name:  BLACKBOX$   Account Domain:  WORKGROUP   Logon ID:  0x3e7    User:   Security ID:  S-1-5-21-2685230347-480699911-3812554201-1001   Account Name:  Kaiser   Account Domain:  BlackBox    Process Information:   Process ID:  0x3ec   Process Name:  C:\Windows\System32\LogonUI.exe  "
24166,Security,Microsoft-Windows-Security-Auditing,FAILURE AUDIT,BlackBox,10/31/2015 12:04:13 PM,5038,None,"Code integrity determined that the image hash of a file is not valid.  The file could be corrupt due to unauthorized modification or the invalid hash could indicate a potential disk device error.    File Name: \Device\HarddiskVolume3\Program Files\Windows Defender\MsMpEng.exe   "
24165,Security,Microsoft-Windows-Security-Auditing,SUCCESS AUDIT,BlackBox,10/31/2015 12:04:07 PM,5024,None,"The Windows Firewall service started successfully.  "
24164,Security,Microsoft-Windows-Security-Auditing,SUCCESS AUDIT,BlackBox,10/31/2015 12:04:06 PM,4624,None,"An account was successfully logged on.    Subject:   Security ID:  S-1-0-0   Account Name:  -   Account Domain:  -   Logon ID:  0x0    Logon Information:   Logon Type:  3   Restricted Admin Mode: -   Virtual Account:  No     Elevated Token:  No      Impersonation Level:  Impersonation      New Logon:   Security ID:  S-1-5-7   Account Name:  ANONYMOUS LOGON   Account Domain:  NT AUTHORITY   Logon ID:  0x3034b   Linked Logon ID:  0x0   Network Account Name: -   Network Account Domain: -   Logon GUID:  {00000000-0000-0000-0000-000000000000}    Process Information:   Process ID:  0x0   Process Name:  -    Network Information:   Workstation Name:    Source Network Address: -   Source Port:  -    Detailed Authentication Information:   Logon Process:  NtLmSsp    Authentication Package: NTLM   Transited Services: -   Package Name (NTLM only): NTLM V1   Key Length:  0    This event is generated when a logon session is created. It is generated on the computer that was accessed.    The subject fields indicate the account on the local system which requested the logon. This is most commonly a service such as the Server service, or a local process such as Winlogon.exe or Services.exe.    The logon type field indicates the kind of logon that occurred. The most common types are 2 (interactive) and 3 (network).    The New Logon fields indicate the account for whom the new logon was created, i.e. the account that was logged on.    The network fields indicate where a remote logon request originated. Workstation name is not always available and may be left blank in some cases.    The impersonation level field indicates the extent to which a process in the logon session can impersonate.    The authentication information fields provide detailed information about this specific logon request.   - Logon GUID is a unique identifier that can be used to correlate this event with a KDC event.   - Transited services indicate which intermediate services have participated in this logon request.   - Package name indicates which sub-protocol was used among the NTLM protocols.   - Key length indicates the length of the generated session key. This will be 0 if no session key was requested.  "
24163,Security,Microsoft-Windows-Security-Auditing,SUCCESS AUDIT,BlackBox,10/31/2015 12:04:06 PM,4672,None,"Special privileges assigned to new logon.    Subject:   Security ID:  S-1-5-18   Account Name:  SYSTEM   Account Domain:  NT AUTHORITY   Logon ID:  0x3e7    Privileges:  SeAssignPrimaryTokenPrivilege     SeTcbPrivilege     SeSecurityPrivilege     SeTakeOwnershipPrivilege     SeLoadDriverPrivilege     SeBackupPrivilege     SeRestorePrivilege     SeDebugPrivilege     SeAuditPrivilege     SeSystemEnvironmentPrivilege     SeImpersonatePrivilege  "
24162,Security,Microsoft-Windows-Security-Auditing,SUCCESS AUDIT,BlackBox,10/31/2015 12:04:06 PM,4624,None,"An account was successfully logged on.    Subject:   Security ID:  S-1-5-18   Account Name:  BLACKBOX$   Account Domain:  WORKGROUP   Logon ID:  0x3e7    Logon Information:   Logon Type:  5   Restricted Admin Mode: -   Virtual Account:  No     Elevated Token:  Yes      Impersonation Level:  Impersonation      New Logon:   Security ID:  S-1-5-18   Account Name:  SYSTEM   Account Domain:  NT AUTHORITY   Logon ID:  0x3e7   Linked Logon ID:  0x0   Network Account Name: -   Network Account Domain: -   Logon GUID:  {00000000-0000-0000-0000-000000000000}    Process Information:   Process ID:  0x2dc   Process Name:  C:\Windows\System32\services.exe    Network Information:   Workstation Name:    Source Network Address: -   Source Port:  -    Detailed Authentication Information:   Logon Process:  Advapi     Authentication Package: Negotiate   Transited Services: -   Package Name (NTLM only): -   Key Length:  0    This event is generated when a logon session is created. It is generated on the computer that was accessed.    The subject fields indicate the account on the local system which requested the logon. This is most commonly a service such as the Server service, or a local process such as Winlogon.exe or Services.exe.    The logon type field indicates the kind of logon that occurred. The most common types are 2 (interactive) and 3 (network).    The New Logon fields indicate the account for whom the new logon was created, i.e. the account that was logged on.    The network fields indicate where a remote logon request originated. Workstation name is not always available and may be left blank in some cases.    The impersonation level field indicates the extent to which a process in the logon session can impersonate.    The authentication information fields provide detailed information about this specific logon request.   - Logon GUID is a unique identifier that can be used to correlate this event with a KDC event.   - Transited services indicate which intermediate services have participated in this logon request.   - Package name indicates which sub-protocol was used among the NTLM protocols.   - Key length indicates the length of the generated session key. This will be 0 if no session key was requested.  "
24161,Security,Microsoft-Windows-Security-Auditing,SUCCESS AUDIT,BlackBox,10/31/2015 12:04:06 PM,4799,None,"A security-enabled local group membership was enumerated.    Subject:   Security ID:  S-1-5-20   Account Name:  BLACKBOX$   Account Domain:  WORKGROUP   Logon ID:  0x3e4    Group:   Security ID:  S-1-5-32-551   Group Name:  Backup Operators   Group Domain:  Builtin    Process Information:   Process ID:  0x174   Process Name:  C:\Windows\System32\svchost.exe  "
24160,Security,Microsoft-Windows-Security-Auditing,SUCCESS AUDIT,BlackBox,10/31/2015 12:04:06 PM,4799,None,"A security-enabled local group membership was enumerated.    Subject:   Security ID:  S-1-5-20   Account Name:  BLACKBOX$   Account Domain:  WORKGROUP   Logon ID:  0x3e4    Group:   Security ID:  S-1-5-32-544   Group Name:  Administrators   Group Domain:  Builtin    Process Information:   Process ID:  0x174   Process Name:  C:\Windows\System32\svchost.exe  "
24159,Security,Microsoft-Windows-Security-Auditing,SUCCESS AUDIT,BlackBox,10/31/2015 12:04:06 PM,4672,None,"Special privileges assigned to new logon.    Subject:   Security ID:  S-1-5-18   Account Name:  SYSTEM   Account Domain:  NT AUTHORITY   Logon ID:  0x3e7    Privileges:  SeAssignPrimaryTokenPrivilege     SeTcbPrivilege     SeSecurityPrivilege     SeTakeOwnershipPrivilege     SeLoadDriverPrivilege     SeBackupPrivilege     SeRestorePrivilege     SeDebugPrivilege     SeAuditPrivilege     SeSystemEnvironmentPrivilege     SeImpersonatePrivilege  "
24158,Security,Microsoft-Windows-Security-Auditing,SUCCESS AUDIT,BlackBox,10/31/2015 12:04:06 PM,4624,None,"An account was successfully logged on.    Subject:   Security ID:  S-1-5-18   Account Name:  BLACKBOX$   Account Domain:  WORKGROUP   Logon ID:  0x3e7    Logon Information:   Logon Type:  5   Restricted Admin Mode: -   Virtual Account:  No     Elevated Token:  Yes      Impersonation Level:  Impersonation      New Logon:   Security ID:  S-1-5-18   Account Name:  SYSTEM   Account Domain:  NT AUTHORITY   Logon ID:  0x3e7   Linked Logon ID:  0x0   Network Account Name: -   Network Account Domain: -   Logon GUID:  {00000000-0000-0000-0000-000000000000}    Process Information:   Process ID:  0x2dc   Process Name:  C:\Windows\System32\services.exe    Network Information:   Workstation Name:    Source Network Address: -   Source Port:  -    Detailed Authentication Information:   Logon Process:  Advapi     Authentication Package: Negotiate   Transited Services: -   Package Name (NTLM only): -   Key Length:  0    This event is generated when a logon session is created. It is generated on the computer that was accessed.    The subject fields indicate the account on the local system which requested the logon. This is most commonly a service such as the Server service, or a local process such as Winlogon.exe or Services.exe.    The logon type field indicates the kind of logon that occurred. The most common types are 2 (interactive) and 3 (network).    The New Logon fields indicate the account for whom the new logon was created, i.e. the account that was logged on.    The network fields indicate where a remote logon request originated. Workstation name is not always available and may be left blank in some cases.    The impersonation level field indicates the extent to which a process in the logon session can impersonate.    The authentication information fields provide detailed information about this specific logon request.   - Logon GUID is a unique identifier that can be used to correlate this event with a KDC event.   - Transited services indicate which intermediate services have participated in this logon request.   - Package name indicates which sub-protocol was used among the NTLM protocols.   - Key length indicates the length of the generated session key. This will be 0 if no session key was requested.  "
24157,Security,Microsoft-Windows-Security-Auditing,SUCCESS AUDIT,BlackBox,10/31/2015 12:04:06 PM,4672,None,"Special privileges assigned to new logon.    Subject:   Security ID:  S-1-5-18   Account Name:  SYSTEM   Account Domain:  NT AUTHORITY   Logon ID:  0x3e7    Privileges:  SeAssignPrimaryTokenPrivilege     SeTcbPrivilege     SeSecurityPrivilege     SeTakeOwnershipPrivilege     SeLoadDriverPrivilege     SeBackupPrivilege     SeRestorePrivilege     SeDebugPrivilege     SeAuditPrivilege     SeSystemEnvironmentPrivilege     SeImpersonatePrivilege  "
24156,Security,Microsoft-Windows-Security-Auditing,SUCCESS AUDIT,BlackBox,10/31/2015 12:04:06 PM,4624,None,"An account was successfully logged on.    Subject:   Security ID:  S-1-5-18   Account Name:  BLACKBOX$   Account Domain:  WORKGROUP   Logon ID:  0x3e7    Logon Information:   Logon Type:  5   Restricted Admin Mode: -   Virtual Account:  No     Elevated Token:  Yes      Impersonation Level:  Impersonation      New Logon:   Security ID:  S-1-5-18   Account Name:  SYSTEM   Account Domain:  NT AUTHORITY   Logon ID:  0x3e7   Linked Logon ID:  0x0   Network Account Name: -   Network Account Domain: -   Logon GUID:  {00000000-0000-0000-0000-000000000000}    Process Information:   Process ID:  0x2dc   Process Name:  C:\Windows\System32\services.exe    Network Information:   Workstation Name:    Source Network Address: -   Source Port:  -    Detailed Authentication Information:   Logon Process:  Advapi     Authentication Package: Negotiate   Transited Services: -   Package Name (NTLM only): -   Key Length:  0    This event is generated when a logon session is created. It is generated on the computer that was accessed.    The subject fields indicate the account on the local system which requested the logon. This is most commonly a service such as the Server service, or a local process such as Winlogon.exe or Services.exe.    The logon type field indicates the kind of logon that occurred. The most common types are 2 (interactive) and 3 (network).    The New Logon fields indicate the account for whom the new logon was created, i.e. the account that was logged on.    The network fields indicate where a remote logon request originated. Workstation name is not always available and may be left blank in some cases.    The impersonation level field indicates the extent to which a process in the logon session can impersonate.    The authentication information fields provide detailed information about this specific logon request.   - Logon GUID is a unique identifier that can be used to correlate this event with a KDC event.   - Transited services indicate which intermediate services have participated in this logon request.   - Package name indicates which sub-protocol was used among the NTLM protocols.   - Key length indicates the length of the generated session key. This will be 0 if no session key was requested.  "
24155,Security,Microsoft-Windows-Security-Auditing,SUCCESS AUDIT,BlackBox,10/31/2015 12:04:05 PM,5033,None,"The Windows Firewall Driver started successfully.  "
24154,Security,Microsoft-Windows-Security-Auditing,SUCCESS AUDIT,BlackBox,10/31/2015 12:04:05 PM,4672,None,"Special privileges assigned to new logon.    Subject:   Security ID:  S-1-5-18   Account Name:  SYSTEM   Account Domain:  NT AUTHORITY   Logon ID:  0x3e7    Privileges:  SeAssignPrimaryTokenPrivilege     SeTcbPrivilege     SeSecurityPrivilege     SeTakeOwnershipPrivilege     SeLoadDriverPrivilege     SeBackupPrivilege     SeRestorePrivilege     SeDebugPrivilege     SeAuditPrivilege     SeSystemEnvironmentPrivilege     SeImpersonatePrivilege  "
24153,Security,Microsoft-Windows-Security-Auditing,SUCCESS AUDIT,BlackBox,10/31/2015 12:04:05 PM,4624,None,"An account was successfully logged on.    Subject:   Security ID:  S-1-5-18   Account Name:  BLACKBOX$   Account Domain:  WORKGROUP   Logon ID:  0x3e7    Logon Information:   Logon Type:  5   Restricted Admin Mode: -   Virtual Account:  No     Elevated Token:  Yes      Impersonation Level:  Impersonation      New Logon:   Security ID:  S-1-5-18   Account Name:  SYSTEM   Account Domain:  NT AUTHORITY   Logon ID:  0x3e7   Linked Logon ID:  0x0   Network Account Name: -   Network Account Domain: -   Logon GUID:  {00000000-0000-0000-0000-000000000000}    Process Information:   Process ID:  0x2dc   Process Name:  C:\Windows\System32\services.exe    Network Information:   Workstation Name:    Source Network Address: -   Source Port:  -    Detailed Authentication Information:   Logon Process:  Advapi     Authentication Package: Negotiate   Transited Services: -   Package Name (NTLM only): -   Key Length:  0    This event is generated when a logon session is created. It is generated on the computer that was accessed.    The subject fields indicate the account on the local system which requested the logon. This is most commonly a service such as the Server service, or a local process such as Winlogon.exe or Services.exe.    The logon type field indicates the kind of logon that occurred. The most common types are 2 (interactive) and 3 (network).    The New Logon fields indicate the account for whom the new logon was created, i.e. the account that was logged on.    The network fields indicate where a remote logon request originated. Workstation name is not always available and may be left blank in some cases.    The impersonation level field indicates the extent to which a process in the logon session can impersonate.    The authentication information fields provide detailed information about this specific logon request.   - Logon GUID is a unique identifier that can be used to correlate this event with a KDC event.   - Transited services indicate which intermediate services have participated in this logon request.   - Package name indicates which sub-protocol was used among the NTLM protocols.   - Key length indicates the length of the generated session key. This will be 0 if no session key was requested.  "
24152,Security,Microsoft-Windows-Security-Auditing,SUCCESS AUDIT,BlackBox,10/31/2015 12:04:04 PM,4799,None,"A security-enabled local group membership was enumerated.    Subject:   Security ID:  S-1-5-18   Account Name:  BLACKBOX$   Account Domain:  WORKGROUP   Logon ID:  0x3e7    Group:   Security ID:  S-1-5-32-551   Group Name:  Backup Operators   Group Domain:  Builtin    Process Information:   Process ID:  0x180   Process Name:  C:\Windows\System32\svchost.exe  "
24151,Security,Microsoft-Windows-Security-Auditing,SUCCESS AUDIT,BlackBox,10/31/2015 12:04:04 PM,4799,None,"A security-enabled local group membership was enumerated.    Subject:   Security ID:  S-1-5-18   Account Name:  BLACKBOX$   Account Domain:  WORKGROUP   Logon ID:  0x3e7    Group:   Security ID:  S-1-5-32-544   Group Name:  Administrators   Group Domain:  Builtin    Process Information:   Process ID:  0x180   Process Name:  C:\Windows\System32\svchost.exe  "
24150,Security,Microsoft-Windows-Security-Auditing,SUCCESS AUDIT,BlackBox,10/31/2015 12:04:04 PM,4672,None,"Special privileges assigned to new logon.    Subject:   Security ID:  S-1-5-18   Account Name:  SYSTEM   Account Domain:  NT AUTHORITY   Logon ID:  0x3e7    Privileges:  SeAssignPrimaryTokenPrivilege     SeTcbPrivilege     SeSecurityPrivilege     SeTakeOwnershipPrivilege     SeLoadDriverPrivilege     SeBackupPrivilege     SeRestorePrivilege     SeDebugPrivilege     SeAuditPrivilege     SeSystemEnvironmentPrivilege     SeImpersonatePrivilege  "
24149,Security,Microsoft-Windows-Security-Auditing,SUCCESS AUDIT,BlackBox,10/31/2015 12:04:04 PM,4624,None,"An account was successfully logged on.    Subject:   Security ID:  S-1-5-18   Account Name:  BLACKBOX$   Account Domain:  WORKGROUP   Logon ID:  0x3e7    Logon Information:   Logon Type:  5   Restricted Admin Mode: -   Virtual Account:  No     Elevated Token:  Yes      Impersonation Level:  Impersonation      New Logon:   Security ID:  S-1-5-18   Account Name:  SYSTEM   Account Domain:  NT AUTHORITY   Logon ID:  0x3e7   Linked Logon ID:  0x0   Network Account Name: -   Network Account Domain: -   Logon GUID:  {00000000-0000-0000-0000-000000000000}    Process Information:   Process ID:  0x2dc   Process Name:  C:\Windows\System32\services.exe    Network Information:   Workstation Name:    Source Network Address: -   Source Port:  -    Detailed Authentication Information:   Logon Process:  Advapi     Authentication Package: Negotiate   Transited Services: -   Package Name (NTLM only): -   Key Length:  0    This event is generated when a logon session is created. It is generated on the computer that was accessed.    The subject fields indicate the account on the local system which requested the logon. This is most commonly a service such as the Server service, or a local process such as Winlogon.exe or Services.exe.    The logon type field indicates the kind of logon that occurred. The most common types are 2 (interactive) and 3 (network).    The New Logon fields indicate the account for whom the new logon was created, i.e. the account that was logged on.    The network fields indicate where a remote logon request originated. Workstation name is not always available and may be left blank in some cases.    The impersonation level field indicates the extent to which a process in the logon session can impersonate.    The authentication information fields provide detailed information about this specific logon request.   - Logon GUID is a unique identifier that can be used to correlate this event with a KDC event.   - Transited services indicate which intermediate services have participated in this logon request.   - Package name indicates which sub-protocol was used among the NTLM protocols.   - Key length indicates the length of the generated session key. This will be 0 if no session key was requested.  "
24148,Security,Microsoft-Windows-Security-Auditing,SUCCESS AUDIT,BlackBox,10/31/2015 12:04:04 PM,4624,None,"An account was successfully logged on.    Subject:   Security ID:  S-1-5-18   Account Name:  BLACKBOX$   Account Domain:  WORKGROUP   Logon ID:  0x3e7    Logon Information:   Logon Type:  5   Restricted Admin Mode: -   Virtual Account:  No     Elevated Token:  Yes      Impersonation Level:  Impersonation      New Logon:   Security ID:  S-1-5-19   Account Name:  LOCAL SERVICE   Account Domain:  NT AUTHORITY   Logon ID:  0x3e5   Linked Logon ID:  0x0   Network Account Name: -   Network Account Domain: -   Logon GUID:  {00000000-0000-0000-0000-000000000000}    Process Information:   Process ID:  0x2dc   Process Name:  C:\Windows\System32\services.exe    Network Information:   Workstation Name:    Source Network Address: -   Source Port:  -    Detailed Authentication Information:   Logon Process:  Advapi     Authentication Package: Negotiate   Transited Services: -   Package Name (NTLM only): -   Key Length:  0    This event is generated when a logon session is created. It is generated on the computer that was accessed.    The subject fields indicate the account on the local system which requested the logon. This is most commonly a service such as the Server service, or a local process such as Winlogon.exe or Services.exe.    The logon type field indicates the kind of logon that occurred. The most common types are 2 (interactive) and 3 (network).    The New Logon fields indicate the account for whom the new logon was created, i.e. the account that was logged on.    The network fields indicate where a remote logon request originated. Workstation name is not always available and may be left blank in some cases.    The impersonation level field indicates the extent to which a process in the logon session can impersonate.    The authentication information fields provide detailed information about this specific logon request.   - Logon GUID is a unique identifier that can be used to correlate this event with a KDC event.   - Transited services indicate which intermediate services have participated in this logon request.   - Package name indicates which sub-protocol was used among the NTLM protocols.   - Key length indicates the length of the generated session key. This will be 0 if no session key was requested.  "
24147,Security,Microsoft-Windows-Security-Auditing,SUCCESS AUDIT,BlackBox,10/31/2015 12:04:04 PM,4672,None,"Special privileges assigned to new logon.    Subject:   Security ID:  S-1-5-19   Account Name:  LOCAL SERVICE   Account Domain:  NT AUTHORITY   Logon ID:  0x3e5    Privileges:  SeAssignPrimaryTokenPrivilege     SeAuditPrivilege     SeImpersonatePrivilege  "
24146,Security,Microsoft-Windows-Security-Auditing,SUCCESS AUDIT,BlackBox,10/31/2015 12:04:04 PM,4672,None,"Special privileges assigned to new logon.    Subject:   Security ID:  S-1-5-18   Account Name:  SYSTEM   Account Domain:  NT AUTHORITY   Logon ID:  0x3e7    Privileges:  SeAssignPrimaryTokenPrivilege     SeTcbPrivilege     SeSecurityPrivilege     SeTakeOwnershipPrivilege     SeLoadDriverPrivilege     SeBackupPrivilege     SeRestorePrivilege     SeDebugPrivilege     SeAuditPrivilege     SeSystemEnvironmentPrivilege     SeImpersonatePrivilege  "
24145,Security,Microsoft-Windows-Security-Auditing,SUCCESS AUDIT,BlackBox,10/31/2015 12:04:04 PM,4624,None,"An account was successfully logged on.    Subject:   Security ID:  S-1-5-18   Account Name:  BLACKBOX$   Account Domain:  WORKGROUP   Logon ID:  0x3e7    Logon Information:   Logon Type:  5   Restricted Admin Mode: -   Virtual Account:  No     Elevated Token:  Yes      Impersonation Level:  Impersonation      New Logon:   Security ID:  S-1-5-18   Account Name:  SYSTEM   Account Domain:  NT AUTHORITY   Logon ID:  0x3e7   Linked Logon ID:  0x0   Network Account Name: -   Network Account Domain: -   Logon GUID:  {00000000-0000-0000-0000-000000000000}    Process Information:   Process ID:  0x2dc   Process Name:  C:\Windows\System32\services.exe    Network Information:   Workstation Name:    Source Network Address: -   Source Port:  -    Detailed Authentication Information:   Logon Process:  Advapi     Authentication Package: Negotiate   Transited Services: -   Package Name (NTLM only): -   Key Length:  0    This event is generated when a logon session is created. It is generated on the computer that was accessed.    The subject fields indicate the account on the local system which requested the logon. This is most commonly a service such as the Server service, or a local process such as Winlogon.exe or Services.exe.    The logon type field indicates the kind of logon that occurred. The most common types are 2 (interactive) and 3 (network).    The New Logon fields indicate the account for whom the new logon was created, i.e. the account that was logged on.    The network fields indicate where a remote logon request originated. Workstation name is not always available and may be left blank in some cases.    The impersonation level field indicates the extent to which a process in the logon session can impersonate.    The authentication information fields provide detailed information about this specific logon request.   - Logon GUID is a unique identifier that can be used to correlate this event with a KDC event.   - Transited services indicate which intermediate services have participated in this logon request.   - Package name indicates which sub-protocol was used among the NTLM protocols.   - Key length indicates the length of the generated session key. This will be 0 if no session key was requested.  "
24144,Security,Microsoft-Windows-Security-Auditing,SUCCESS AUDIT,BlackBox,10/31/2015 12:04:04 PM,4672,None,"Special privileges assigned to new logon.    Subject:   Security ID:  S-1-5-18   Account Name:  SYSTEM   Account Domain:  NT AUTHORITY   Logon ID:  0x3e7    Privileges:  SeAssignPrimaryTokenPrivilege     SeTcbPrivilege     SeSecurityPrivilege     SeTakeOwnershipPrivilege     SeLoadDriverPrivilege     SeBackupPrivilege     SeRestorePrivilege     SeDebugPrivilege     SeAuditPrivilege     SeSystemEnvironmentPrivilege     SeImpersonatePrivilege  "
24143,Security,Microsoft-Windows-Security-Auditing,SUCCESS AUDIT,BlackBox,10/31/2015 12:04:04 PM,4624,None,"An account was successfully logged on.    Subject:   Security ID:  S-1-5-18   Account Name:  BLACKBOX$   Account Domain:  WORKGROUP   Logon ID:  0x3e7    Logon Information:   Logon Type:  5   Restricted Admin Mode: -   Virtual Account:  No     Elevated Token:  Yes      Impersonation Level:  Impersonation      New Logon:   Security ID:  S-1-5-18   Account Name:  SYSTEM   Account Domain:  NT AUTHORITY   Logon ID:  0x3e7   Linked Logon ID:  0x0   Network Account Name: -   Network Account Domain: -   Logon GUID:  {00000000-0000-0000-0000-000000000000}    Process Information:   Process ID:  0x2dc   Process Name:  C:\Windows\System32\services.exe    Network Information:   Workstation Name:    Source Network Address: -   Source Port:  -    Detailed Authentication Information:   Logon Process:  Advapi     Authentication Package: Negotiate   Transited Services: -   Package Name (NTLM only): -   Key Length:  0    This event is generated when a logon session is created. It is generated on the computer that was accessed.    The subject fields indicate the account on the local system which requested the logon. This is most commonly a service such as the Server service, or a local process such as Winlogon.exe or Services.exe.    The logon type field indicates the kind of logon that occurred. The most common types are 2 (interactive) and 3 (network).    The New Logon fields indicate the account for whom the new logon was created, i.e. the account that was logged on.    The network fields indicate where a remote logon request originated. Workstation name is not always available and may be left blank in some cases.    The impersonation level field indicates the extent to which a process in the logon session can impersonate.    The authentication information fields provide detailed information about this specific logon request.   - Logon GUID is a unique identifier that can be used to correlate this event with a KDC event.   - Transited services indicate which intermediate services have participated in this logon request.   - Package name indicates which sub-protocol was used among the NTLM protocols.   - Key length indicates the length of the generated session key. This will be 0 if no session key was requested.  "
24142,Security,Microsoft-Windows-Security-Auditing,SUCCESS AUDIT,BlackBox,10/31/2015 12:04:04 PM,4672,None,"Special privileges assigned to new logon.    Subject:   Security ID:  S-1-5-90-0-1   Account Name:  DWM-1   Account Domain:  Window Manager   Logon ID:  0x144cd    Privileges:  SeAssignPrimaryTokenPrivilege     SeAuditPrivilege  "
24141,Security,Microsoft-Windows-Security-Auditing,SUCCESS AUDIT,BlackBox,10/31/2015 12:04:04 PM,4672,None,"Special privileges assigned to new logon.    Subject:   Security ID:  S-1-5-90-0-1   Account Name:  DWM-1   Account Domain:  Window Manager   Logon ID:  0x144aa    Privileges:  SeAssignPrimaryTokenPrivilege     SeAuditPrivilege     SeImpersonatePrivilege  "
24140,Security,Microsoft-Windows-Security-Auditing,SUCCESS AUDIT,BlackBox,10/31/2015 12:04:04 PM,4624,None,"An account was successfully logged on.    Subject:   Security ID:  S-1-5-18   Account Name:  BLACKBOX$   Account Domain:  WORKGROUP   Logon ID:  0x3e7    Logon Information:   Logon Type:  2   Restricted Admin Mode: -   Virtual Account:  Yes     Elevated Token:  No      Impersonation Level:  Impersonation      New Logon:   Security ID:  S-1-5-90-0-1   Account Name:  DWM-1   Account Domain:  Window Manager   Logon ID:  0x144cd   Linked Logon ID:  0x144aa   Network Account Name: -   Network Account Domain: -   Logon GUID:  {00000000-0000-0000-0000-000000000000}    Process Information:   Process ID:  0x310   Process Name:  C:\Windows\System32\winlogon.exe    Network Information:   Workstation Name:    Source Network Address: -   Source Port:  -    Detailed Authentication Information:   Logon Process:  Advapi     Authentication Package: Negotiate   Transited Services: -   Package Name (NTLM only): -   Key Length:  0    This event is generated when a logon session is created. It is generated on the computer that was accessed.    The subject fields indicate the account on the local system which requested the logon. This is most commonly a service such as the Server service, or a local process such as Winlogon.exe or Services.exe.    The logon type field indicates the kind of logon that occurred. The most common types are 2 (interactive) and 3 (network).    The New Logon fields indicate the account for whom the new logon was created, i.e. the account that was logged on.    The network fields indicate where a remote logon request originated. Workstation name is not always available and may be left blank in some cases.    The impersonation level field indicates the extent to which a process in the logon session can impersonate.    The authentication information fields provide detailed information about this specific logon request.   - Logon GUID is a unique identifier that can be used to correlate this event with a KDC event.   - Transited services indicate which intermediate services have participated in this logon request.   - Package name indicates which sub-protocol was used among the NTLM protocols.   - Key length indicates the length of the generated session key. This will be 0 if no session key was requested.  "
24139,Security,Microsoft-Windows-Security-Auditing,SUCCESS AUDIT,BlackBox,10/31/2015 12:04:04 PM,4624,None,"An account was successfully logged on.    Subject:   Security ID:  S-1-5-18   Account Name:  BLACKBOX$   Account Domain:  WORKGROUP   Logon ID:  0x3e7    Logon Information:   Logon Type:  2   Restricted Admin Mode: -   Virtual Account:  Yes     Elevated Token:  Yes      Impersonation Level:  Impersonation      New Logon:   Security ID:  S-1-5-90-0-1   Account Name:  DWM-1   Account Domain:  Window Manager   Logon ID:  0x144aa   Linked Logon ID:  0x144cd   Network Account Name: -   Network Account Domain: -   Logon GUID:  {00000000-0000-0000-0000-000000000000}    Process Information:   Process ID:  0x310   Process Name:  C:\Windows\System32\winlogon.exe    Network Information:   Workstation Name:    Source Network Address: -   Source Port:  -    Detailed Authentication Information:   Logon Process:  Advapi     Authentication Package: Negotiate   Transited Services: -   Package Name (NTLM only): -   Key Length:  0    This event is generated when a logon session is created. It is generated on the computer that was accessed.    The subject fields indicate the account on the local system which requested the logon. This is most commonly a service such as the Server service, or a local process such as Winlogon.exe or Services.exe.    The logon type field indicates the kind of logon that occurred. The most common types are 2 (interactive) and 3 (network).    The New Logon fields indicate the account for whom the new logon was created, i.e. the account that was logged on.    The network fields indicate where a remote logon request originated. Workstation name is not always available and may be left blank in some cases.    The impersonation level field indicates the extent to which a process in the logon session can impersonate.    The authentication information fields provide detailed information about this specific logon request.   - Logon GUID is a unique identifier that can be used to correlate this event with a KDC event.   - Transited services indicate which intermediate services have participated in this logon request.   - Package name indicates which sub-protocol was used among the NTLM protocols.   - Key length indicates the length of the generated session key. This will be 0 if no session key was requested.  "
24138,Security,Microsoft-Windows-Security-Auditing,SUCCESS AUDIT,BlackBox,10/31/2015 12:04:04 PM,4648,None,"A logon was attempted using explicit credentials.    Subject:   Security ID:  S-1-5-18   Account Name:  BLACKBOX$   Account Domain:  WORKGROUP   Logon ID:  0x3e7   Logon GUID:  {00000000-0000-0000-0000-000000000000}    Account Whose Credentials Were Used:   Account Name:  DWM-1   Account Domain:  Window Manager   Logon GUID:  {00000000-0000-0000-0000-000000000000}    Target Server:   Target Server Name: localhost   Additional Information: localhost    Process Information:   Process ID:  0x310   Process Name:  C:\Windows\System32\winlogon.exe    Network Information:   Network Address: -   Port:   -    This event is generated when a process attempts to log on an account by explicitly specifying that accounts credentials.  This most commonly occurs in batch-type configurations such as scheduled tasks, or when using the RUNAS command.  "
24137,Security,Microsoft-Windows-Security-Auditing,SUCCESS AUDIT,BlackBox,10/31/2015 12:04:03 PM,4672,None,"Special privileges assigned to new logon.    Subject:   Security ID:  S-1-5-20   Account Name:  NETWORK SERVICE   Account Domain:  NT AUTHORITY   Logon ID:  0x3e4    Privileges:  SeAssignPrimaryTokenPrivilege     SeAuditPrivilege     SeImpersonatePrivilege  "
24136,Security,Microsoft-Windows-Security-Auditing,SUCCESS AUDIT,BlackBox,10/31/2015 12:04:03 PM,4624,None,"An account was successfully logged on.    Subject:   Security ID:  S-1-5-18   Account Name:  BLACKBOX$   Account Domain:  WORKGROUP   Logon ID:  0x3e7    Logon Information:   Logon Type:  5   Restricted Admin Mode: -   Virtual Account:  No     Elevated Token:  Yes      Impersonation Level:  Impersonation      New Logon:   Security ID:  S-1-5-20   Account Name:  NETWORK SERVICE   Account Domain:  NT AUTHORITY   Logon ID:  0x3e4   Linked Logon ID:  0x0   Network Account Name: -   Network Account Domain: -   Logon GUID:  {00000000-0000-0000-0000-000000000000}    Process Information:   Process ID:  0x2dc   Process Name:  C:\Windows\System32\services.exe    Network Information:   Workstation Name:    Source Network Address: -   Source Port:  -    Detailed Authentication Information:   Logon Process:  Advapi     Authentication Package: Negotiate   Transited Services: -   Package Name (NTLM only): -   Key Length:  0    This event is generated when a logon session is created. It is generated on the computer that was accessed.    The subject fields indicate the account on the local system which requested the logon. This is most commonly a service such as the Server service, or a local process such as Winlogon.exe or Services.exe.    The logon type field indicates the kind of logon that occurred. The most common types are 2 (interactive) and 3 (network).    The New Logon fields indicate the account for whom the new logon was created, i.e. the account that was logged on.    The network fields indicate where a remote logon request originated. Workstation name is not always available and may be left blank in some cases.    The impersonation level field indicates the extent to which a process in the logon session can impersonate.    The authentication information fields provide detailed information about this specific logon request.   - Logon GUID is a unique identifier that can be used to correlate this event with a KDC event.   - Transited services indicate which intermediate services have participated in this logon request.   - Package name indicates which sub-protocol was used among the NTLM protocols.   - Key length indicates the length of the generated session key. This will be 0 if no session key was requested.  "
24135,Security,Microsoft-Windows-Security-Auditing,SUCCESS AUDIT,BlackBox,10/31/2015 12:04:03 PM,4672,None,"Special privileges assigned to new logon.    Subject:   Security ID:  S-1-5-18   Account Name:  SYSTEM   Account Domain:  NT AUTHORITY   Logon ID:  0x3e7    Privileges:  SeAssignPrimaryTokenPrivilege     SeTcbPrivilege     SeSecurityPrivilege     SeTakeOwnershipPrivilege     SeLoadDriverPrivilege     SeBackupPrivilege     SeRestorePrivilege     SeDebugPrivilege     SeAuditPrivilege     SeSystemEnvironmentPrivilege     SeImpersonatePrivilege  "
24134,Security,Microsoft-Windows-Security-Auditing,SUCCESS AUDIT,BlackBox,10/31/2015 12:04:03 PM,4624,None,"An account was successfully logged on.    Subject:   Security ID:  S-1-5-18   Account Name:  BLACKBOX$   Account Domain:  WORKGROUP   Logon ID:  0x3e7    Logon Information:   Logon Type:  5   Restricted Admin Mode: -   Virtual Account:  No     Elevated Token:  Yes      Impersonation Level:  Impersonation      New Logon:   Security ID:  S-1-5-18   Account Name:  SYSTEM   Account Domain:  NT AUTHORITY   Logon ID:  0x3e7   Linked Logon ID:  0x0   Network Account Name: -   Network Account Domain: -   Logon GUID:  {00000000-0000-0000-0000-000000000000}    Process Information:   Process ID:  0x2dc   Process Name:  C:\Windows\System32\services.exe    Network Information:   Workstation Name:    Source Network Address: -   Source Port:  -    Detailed Authentication Information:   Logon Process:  Advapi     Authentication Package: Negotiate   Transited Services: -   Package Name (NTLM only): -   Key Length:  0    This event is generated when a logon session is created. It is generated on the computer that was accessed.    The subject fields indicate the account on the local system which requested the logon. This is most commonly a service such as the Server service, or a local process such as Winlogon.exe or Services.exe.    The logon type field indicates the kind of logon that occurred. The most common types are 2 (interactive) and 3 (network).    The New Logon fields indicate the account for whom the new logon was created, i.e. the account that was logged on.    The network fields indicate where a remote logon request originated. Workstation name is not always available and may be left blank in some cases.    The impersonation level field indicates the extent to which a process in the logon session can impersonate.    The authentication information fields provide detailed information about this specific logon request.   - Logon GUID is a unique identifier that can be used to correlate this event with a KDC event.   - Transited services indicate which intermediate services have participated in this logon request.   - Package name indicates which sub-protocol was used among the NTLM protocols.   - Key length indicates the length of the generated session key. This will be 0 if no session key was requested.  "
24133,Security,Microsoft-Windows-Security-Auditing,SUCCESS AUDIT,BlackBox,10/31/2015 12:04:03 PM,4902,None,"The Per-user audit policy table was created.    Number of Elements: 0  Policy ID: 0xdf8b  "
24132,Security,Microsoft-Windows-Security-Auditing,SUCCESS AUDIT,BlackBox,10/31/2015 12:04:03 PM,4624,None,"An account was successfully logged on.    Subject:   Security ID:  S-1-0-0   Account Name:  -   Account Domain:  -   Logon ID:  0x0    Logon Information:   Logon Type:  0   Restricted Admin Mode: -   Virtual Account:  No     Elevated Token:  Yes      Impersonation Level:  -    New Logon:   Security ID:  S-1-5-18   Account Name:  SYSTEM   Account Domain:  NT AUTHORITY   Logon ID:  0x3e7   Linked Logon ID:  0x0   Network Account Name: -   Network Account Domain: -   Logon GUID:  {00000000-0000-0000-0000-000000000000}    Process Information:   Process ID:  0x4   Process Name:      Network Information:   Workstation Name: -   Source Network Address: -   Source Port:  -    Detailed Authentication Information:   Logon Process:  -   Authentication Package: -   Transited Services: -   Package Name (NTLM only): -   Key Length:  0    This event is generated when a logon session is created. It is generated on the computer that was accessed.    The subject fields indicate the account on the local system which requested the logon. This is most commonly a service such as the Server service, or a local process such as Winlogon.exe or Services.exe.    The logon type field indicates the kind of logon that occurred. The most common types are 2 (interactive) and 3 (network).    The New Logon fields indicate the account for whom the new logon was created, i.e. the account that was logged on.    The network fields indicate where a remote logon request originated. Workstation name is not always available and may be left blank in some cases.    The impersonation level field indicates the extent to which a process in the logon session can impersonate.    The authentication information fields provide detailed information about this specific logon request.   - Logon GUID is a unique identifier that can be used to correlate this event with a KDC event.   - Transited services indicate which intermediate services have participated in this logon request.   - Package name indicates which sub-protocol was used among the NTLM protocols.   - Key length indicates the length of the generated session key. This will be 0 if no session key was requested.  "
24131,Security,Microsoft-Windows-Security-Auditing,SUCCESS AUDIT,BlackBox,10/31/2015 12:04:03 PM,4608,None,"Windows is starting up.    This event is logged when LSASS.EXE starts and the auditing subsystem is initialized.  "
24130,Security,Microsoft-Windows-Security-Auditing,SUCCESS AUDIT,BlackBox,10/31/2015 12:04:03 PM,4688,None,"A new process has been created.    Creator Subject:   Security ID:  S-1-5-18   Account Name:  -   Account Domain:  -   Logon ID:  0x3e7    Target Subject:   Security ID:  S-1-0-0   Account Name:  -   Account Domain:  -   Logon ID:  0x0    Process Information:   New Process ID:  0x2e4   New Process Name: ??????????????e??? ??   Token Elevation Type: TokenElevationTypeDefault (1)     Mandatory Label:  S-1-16-16384   Creator Process ID: 0x2ac   Creator Process Name: ???????????????e??????   Process Command Line: ?????? ???????????????????????4    Token Elevation Type indicates the type of token that was assigned to the new process in accordance with User Account Control policy.    Type 1 is a full token with no privileges removed or groups disabled.  A full token is only used if User Account Control is disabled or if the user is the built-in Administrator account or a service account.    Type 2 is an elevated token with no privileges removed or groups disabled.  An elevated token is used when User Account Control is enabled and the user chooses to start the program using Run as administrator.  An elevated token is also used when an application is configured to always require administrative privilege or to always require maximum privilege, and the user is a member of the Administrators group.    Type 3 is a limited token with administrative privileges removed and administrative groups disabled.  The limited token is used when User Account Control is enabled, the application does not require administrative privilege, and the user does not choose to start the program using Run as administrator.  "
24129,Security,Microsoft-Windows-Security-Auditing,SUCCESS AUDIT,BlackBox,10/31/2015 12:04:03 PM,4688,None,"A new process has been created.    Creator Subject:   Security ID:  S-1-5-18   Account Name:  -   Account Domain:  -   Logon ID:  0x3e7    Target Subject:   Security ID:  S-1-0-0   Account Name:  -   Account Domain:  -   Logon ID:  0x0    Process Information:   New Process ID:  0x2dc   New Process Name: ????????????????-??6??c?????? ???????????????????????4   Token Elevation Type: TokenElevationTypeDefault (1)     Mandatory Label:  S-1-16-16384   Creator Process ID: 0x2ac   Creator Process Name: ???????????????e??????   Process Command Line: ?????? ???????????????????????4    Token Elevation Type indicates the type of token that was assigned to the new process in accordance with User Account Control policy.    Type 1 is a full token with no privileges removed or groups disabled.  A full token is only used if User Account Control is disabled or if the user is the built-in Administrator account or a service account.    Type 2 is an elevated token with no privileges removed or groups disabled.  An elevated token is used when User Account Control is enabled and the user chooses to start the program using Run as administrator.  An elevated token is also used when an application is configured to always require administrative privilege or to always require maximum privilege, and the user is a member of the Administrators group.    Type 3 is a limited token with administrative privileges removed and administrative groups disabled.  The limited token is used when User Account Control is enabled, the application does not require administrative privilege, and the user does not choose to start the program using Run as administrator.  "
