--BEGIN 
Security log on \\BLACKBOX:
24408,Security,Microsoft-Windows-Security-Auditing,SUCCESS AUDIT,BlackBox,10/31/2015 6:19:12 PM,4634,None,"An account was logged off.    Subject:   Security ID:  S-1-5-7   Account Name:  ANONYMOUS LOGON   Account Domain:  NT AUTHORITY   Logon ID:  0x1c3b50b    Logon Type:   3    This event is generated when a logon session is destroyed. It may be positively correlated with a logon event using the Logon ID value. Logon IDs are only unique between reboots on the same computer.  "
24407,Security,Microsoft-Windows-Security-Auditing,SUCCESS AUDIT,BlackBox,10/31/2015 6:19:02 PM,4624,None,"An account was successfully logged on.    Subject:   Security ID:  S-1-0-0   Account Name:  -   Account Domain:  -   Logon ID:  0x0    Logon Information:   Logon Type:  3   Restricted Admin Mode: -   Virtual Account:  No     Elevated Token:  No      Impersonation Level:  Impersonation      New Logon:   Security ID:  S-1-5-7   Account Name:  ANONYMOUS LOGON   Account Domain:  NT AUTHORITY   Logon ID:  0x1c3b50b   Linked Logon ID:  0x0   Network Account Name: -   Network Account Domain: -   Logon GUID:  {00000000-0000-0000-0000-000000000000}    Process Information:   Process ID:  0x0   Process Name:  -    Network Information:   Workstation Name: DOMINATOR-PC   Source Network Address: 192.168.1.133   Source Port:  1683    Detailed Authentication Information:   Logon Process:  NtLmSsp    Authentication Package: NTLM   Transited Services: -   Package Name (NTLM only): NTLM V1   Key Length:  128    This event is generated when a logon session is created. It is generated on the computer that was accessed.    The subject fields indicate the account on the local system which requested the logon. This is most commonly a service such as the Server service, or a local process such as Winlogon.exe or Services.exe.    The logon type field indicates the kind of logon that occurred. The most common types are 2 (interactive) and 3 (network).    The New Logon fields indicate the account for whom the new logon was created, i.e. the account that was logged on.    The network fields indicate where a remote logon request originated. Workstation name is not always available and may be left blank in some cases.    The impersonation level field indicates the extent to which a process in the logon session can impersonate.    The authentication information fields provide detailed information about this specific logon request.   - Logon GUID is a unique identifier that can be used to correlate this event with a KDC event.   - Transited services indicate which intermediate services have participated in this logon request.   - Package name indicates which sub-protocol was used among the NTLM protocols.   - Key length indicates the length of the generated session key. This will be 0 if no session key was requested.  "
24406,Security,Microsoft-Windows-Security-Auditing,SUCCESS AUDIT,BlackBox,10/31/2015 6:19:02 PM,4634,None,"An account was logged off.    Subject:   Security ID:  S-1-5-7   Account Name:  ANONYMOUS LOGON   Account Domain:  NT AUTHORITY   Logon ID:  0x1c3b400    Logon Type:   3    This event is generated when a logon session is destroyed. It may be positively correlated with a logon event using the Logon ID value. Logon IDs are only unique between reboots on the same computer.  "
24405,Security,Microsoft-Windows-Security-Auditing,SUCCESS AUDIT,BlackBox,10/31/2015 6:19:02 PM,4624,None,"An account was successfully logged on.    Subject:   Security ID:  S-1-0-0   Account Name:  -   Account Domain:  -   Logon ID:  0x0    Logon Information:   Logon Type:  3   Restricted Admin Mode: -   Virtual Account:  No     Elevated Token:  No      Impersonation Level:  Impersonation      New Logon:   Security ID:  S-1-5-7   Account Name:  ANONYMOUS LOGON   Account Domain:  NT AUTHORITY   Logon ID:  0x1c3b400   Linked Logon ID:  0x0   Network Account Name: -   Network Account Domain: -   Logon GUID:  {00000000-0000-0000-0000-000000000000}    Process Information:   Process ID:  0x0   Process Name:  -    Network Information:   Workstation Name: DOMINATOR-PC   Source Network Address: 192.168.1.133   Source Port:  1682    Detailed Authentication Information:   Logon Process:  NtLmSsp    Authentication Package: NTLM   Transited Services: -   Package Name (NTLM only): NTLM V1   Key Length:  128    This event is generated when a logon session is created. It is generated on the computer that was accessed.    The subject fields indicate the account on the local system which requested the logon. This is most commonly a service such as the Server service, or a local process such as Winlogon.exe or Services.exe.    The logon type field indicates the kind of logon that occurred. The most common types are 2 (interactive) and 3 (network).    The New Logon fields indicate the account for whom the new logon was created, i.e. the account that was logged on.    The network fields indicate where a remote logon request originated. Workstation name is not always available and may be left blank in some cases.    The impersonation level field indicates the extent to which a process in the logon session can impersonate.    The authentication information fields provide detailed information about this specific logon request.   - Logon GUID is a unique identifier that can be used to correlate this event with a KDC event.   - Transited services indicate which intermediate services have participated in this logon request.   - Package name indicates which sub-protocol was used among the NTLM protocols.   - Key length indicates the length of the generated session key. This will be 0 if no session key was requested.  "
24404,Security,Microsoft-Windows-Security-Auditing,FAILURE AUDIT,BlackBox,10/31/2015 6:14:18 PM,5061,None,"Cryptographic operation.    Subject:   Security ID:  S-1-5-18   Account Name:  BLACKBOX$   Account Domain:  WORKGROUP   Logon ID:  0x3e7    Cryptographic Parameters:   Provider Name: Microsoft Software Key Storage Provider   Algorithm Name: RSA   Key Name: 51a92691-66f1-280f-d0db-59fad4f73491   Key Type: User key.      Cryptographic Operation:   Operation: Open Key.     Return Code: 0x80090016  "
24403,Security,Microsoft-Windows-Security-Auditing,SUCCESS AUDIT,BlackBox,10/31/2015 6:14:18 PM,5058,None,"Key file operation.    Subject:   Security ID:  S-1-5-18   Account Name:  BLACKBOX$   Account Domain:  WORKGROUP   Logon ID:  0x3e7    Cryptographic Parameters:   Provider Name: Microsoft Software Key Storage Provider   Algorithm Name: UNKNOWN   Key Name: 51a92691-66f1-280f-d0db-59fad4f73491   Key Type: User key.      Key File Operation Information:   File Path: C:\ProgramData\Microsoft\Crypto\SystemKeys\6d00fa390c15cc4634c8ca8153b76f29_911499c7-ef29-47ed-a64c-6b1751f20848   Operation: Read persisted key from file.     Return Code: 0x0  "
24402,Security,Microsoft-Windows-Security-Auditing,SUCCESS AUDIT,BlackBox,10/31/2015 6:06:42 PM,4634,None,"An account was logged off.    Subject:   Security ID:  S-1-5-7   Account Name:  ANONYMOUS LOGON   Account Domain:  NT AUTHORITY   Logon ID:  0x1b19fe8    Logon Type:   3    This event is generated when a logon session is destroyed. It may be positively correlated with a logon event using the Logon ID value. Logon IDs are only unique between reboots on the same computer.  "
24401,Security,Microsoft-Windows-Security-Auditing,SUCCESS AUDIT,BlackBox,10/31/2015 6:06:32 PM,4624,None,"An account was successfully logged on.    Subject:   Security ID:  S-1-0-0   Account Name:  -   Account Domain:  -   Logon ID:  0x0    Logon Information:   Logon Type:  3   Restricted Admin Mode: -   Virtual Account:  No     Elevated Token:  No      Impersonation Level:  Impersonation      New Logon:   Security ID:  S-1-5-7   Account Name:  ANONYMOUS LOGON   Account Domain:  NT AUTHORITY   Logon ID:  0x1b19fe8   Linked Logon ID:  0x0   Network Account Name: -   Network Account Domain: -   Logon GUID:  {00000000-0000-0000-0000-000000000000}    Process Information:   Process ID:  0x0   Process Name:  -    Network Information:   Workstation Name: DOMINATOR-PC   Source Network Address: 192.168.1.133   Source Port:  1653    Detailed Authentication Information:   Logon Process:  NtLmSsp    Authentication Package: NTLM   Transited Services: -   Package Name (NTLM only): NTLM V1   Key Length:  128    This event is generated when a logon session is created. It is generated on the computer that was accessed.    The subject fields indicate the account on the local system which requested the logon. This is most commonly a service such as the Server service, or a local process such as Winlogon.exe or Services.exe.    The logon type field indicates the kind of logon that occurred. The most common types are 2 (interactive) and 3 (network).    The New Logon fields indicate the account for whom the new logon was created, i.e. the account that was logged on.    The network fields indicate where a remote logon request originated. Workstation name is not always available and may be left blank in some cases.    The impersonation level field indicates the extent to which a process in the logon session can impersonate.    The authentication information fields provide detailed information about this specific logon request.   - Logon GUID is a unique identifier that can be used to correlate this event with a KDC event.   - Transited services indicate which intermediate services have participated in this logon request.   - Package name indicates which sub-protocol was used among the NTLM protocols.   - Key length indicates the length of the generated session key. This will be 0 if no session key was requested.  "
24400,Security,Microsoft-Windows-Security-Auditing,SUCCESS AUDIT,BlackBox,10/31/2015 6:06:32 PM,4634,None,"An account was logged off.    Subject:   Security ID:  S-1-5-7   Account Name:  ANONYMOUS LOGON   Account Domain:  NT AUTHORITY   Logon ID:  0x1b19edd    Logon Type:   3    This event is generated when a logon session is destroyed. It may be positively correlated with a logon event using the Logon ID value. Logon IDs are only unique between reboots on the same computer.  "
24399,Security,Microsoft-Windows-Security-Auditing,SUCCESS AUDIT,BlackBox,10/31/2015 6:06:32 PM,4624,None,"An account was successfully logged on.    Subject:   Security ID:  S-1-0-0   Account Name:  -   Account Domain:  -   Logon ID:  0x0    Logon Information:   Logon Type:  3   Restricted Admin Mode: -   Virtual Account:  No     Elevated Token:  No      Impersonation Level:  Impersonation      New Logon:   Security ID:  S-1-5-7   Account Name:  ANONYMOUS LOGON   Account Domain:  NT AUTHORITY   Logon ID:  0x1b19edd   Linked Logon ID:  0x0   Network Account Name: -   Network Account Domain: -   Logon GUID:  {00000000-0000-0000-0000-000000000000}    Process Information:   Process ID:  0x0   Process Name:  -    Network Information:   Workstation Name: DOMINATOR-PC   Source Network Address: 192.168.1.133   Source Port:  1652    Detailed Authentication Information:   Logon Process:  NtLmSsp    Authentication Package: NTLM   Transited Services: -   Package Name (NTLM only): NTLM V1   Key Length:  128    This event is generated when a logon session is created. It is generated on the computer that was accessed.    The subject fields indicate the account on the local system which requested the logon. This is most commonly a service such as the Server service, or a local process such as Winlogon.exe or Services.exe.    The logon type field indicates the kind of logon that occurred. The most common types are 2 (interactive) and 3 (network).    The New Logon fields indicate the account for whom the new logon was created, i.e. the account that was logged on.    The network fields indicate where a remote logon request originated. Workstation name is not always available and may be left blank in some cases.    The impersonation level field indicates the extent to which a process in the logon session can impersonate.    The authentication information fields provide detailed information about this specific logon request.   - Logon GUID is a unique identifier that can be used to correlate this event with a KDC event.   - Transited services indicate which intermediate services have participated in this logon request.   - Package name indicates which sub-protocol was used among the NTLM protocols.   - Key length indicates the length of the generated session key. This will be 0 if no session key was requested.  "
24398,Security,Microsoft-Windows-Security-Auditing,FAILURE AUDIT,BlackBox,10/31/2015 6:02:48 PM,5061,None,"Cryptographic operation.    Subject:   Security ID:  S-1-5-18   Account Name:  BLACKBOX$   Account Domain:  WORKGROUP   Logon ID:  0x3e7    Cryptographic Parameters:   Provider Name: Microsoft Software Key Storage Provider   Algorithm Name: RSA   Key Name: 51a92691-66f1-280f-d0db-59fad4f73491   Key Type: User key.      Cryptographic Operation:   Operation: Open Key.     Return Code: 0x80090016  "
24397,Security,Microsoft-Windows-Security-Auditing,SUCCESS AUDIT,BlackBox,10/31/2015 6:02:48 PM,5058,None,"Key file operation.    Subject:   Security ID:  S-1-5-18   Account Name:  BLACKBOX$   Account Domain:  WORKGROUP   Logon ID:  0x3e7    Cryptographic Parameters:   Provider Name: Microsoft Software Key Storage Provider   Algorithm Name: UNKNOWN   Key Name: 51a92691-66f1-280f-d0db-59fad4f73491   Key Type: User key.      Key File Operation Information:   File Path: C:\ProgramData\Microsoft\Crypto\SystemKeys\6d00fa390c15cc4634c8ca8153b76f29_911499c7-ef29-47ed-a64c-6b1751f20848   Operation: Read persisted key from file.     Return Code: 0x0  "
24396,Security,Microsoft-Windows-Security-Auditing,SUCCESS AUDIT,BlackBox,10/31/2015 5:54:12 PM,4634,None,"An account was logged off.    Subject:   Security ID:  S-1-5-7   Account Name:  ANONYMOUS LOGON   Account Domain:  NT AUTHORITY   Logon ID:  0x1a8232e    Logon Type:   3    This event is generated when a logon session is destroyed. It may be positively correlated with a logon event using the Logon ID value. Logon IDs are only unique between reboots on the same computer.  "
24395,Security,Microsoft-Windows-Security-Auditing,SUCCESS AUDIT,BlackBox,10/31/2015 5:54:02 PM,4624,None,"An account was successfully logged on.    Subject:   Security ID:  S-1-0-0   Account Name:  -   Account Domain:  -   Logon ID:  0x0    Logon Information:   Logon Type:  3   Restricted Admin Mode: -   Virtual Account:  No     Elevated Token:  No      Impersonation Level:  Impersonation      New Logon:   Security ID:  S-1-5-7   Account Name:  ANONYMOUS LOGON   Account Domain:  NT AUTHORITY   Logon ID:  0x1a8232e   Linked Logon ID:  0x0   Network Account Name: -   Network Account Domain: -   Logon GUID:  {00000000-0000-0000-0000-000000000000}    Process Information:   Process ID:  0x0   Process Name:  -    Network Information:   Workstation Name: DOMINATOR-PC   Source Network Address: 192.168.1.133   Source Port:  1626    Detailed Authentication Information:   Logon Process:  NtLmSsp    Authentication Package: NTLM   Transited Services: -   Package Name (NTLM only): NTLM V1   Key Length:  128    This event is generated when a logon session is created. It is generated on the computer that was accessed.    The subject fields indicate the account on the local system which requested the logon. This is most commonly a service such as the Server service, or a local process such as Winlogon.exe or Services.exe.    The logon type field indicates the kind of logon that occurred. The most common types are 2 (interactive) and 3 (network).    The New Logon fields indicate the account for whom the new logon was created, i.e. the account that was logged on.    The network fields indicate where a remote logon request originated. Workstation name is not always available and may be left blank in some cases.    The impersonation level field indicates the extent to which a process in the logon session can impersonate.    The authentication information fields provide detailed information about this specific logon request.   - Logon GUID is a unique identifier that can be used to correlate this event with a KDC event.   - Transited services indicate which intermediate services have participated in this logon request.   - Package name indicates which sub-protocol was used among the NTLM protocols.   - Key length indicates the length of the generated session key. This will be 0 if no session key was requested.  "
24394,Security,Microsoft-Windows-Security-Auditing,SUCCESS AUDIT,BlackBox,10/31/2015 5:54:02 PM,4634,None,"An account was logged off.    Subject:   Security ID:  S-1-5-7   Account Name:  ANONYMOUS LOGON   Account Domain:  NT AUTHORITY   Logon ID:  0x1a82220    Logon Type:   3    This event is generated when a logon session is destroyed. It may be positively correlated with a logon event using the Logon ID value. Logon IDs are only unique between reboots on the same computer.  "
24393,Security,Microsoft-Windows-Security-Auditing,SUCCESS AUDIT,BlackBox,10/31/2015 5:54:02 PM,4624,None,"An account was successfully logged on.    Subject:   Security ID:  S-1-0-0   Account Name:  -   Account Domain:  -   Logon ID:  0x0    Logon Information:   Logon Type:  3   Restricted Admin Mode: -   Virtual Account:  No     Elevated Token:  No      Impersonation Level:  Impersonation      New Logon:   Security ID:  S-1-5-7   Account Name:  ANONYMOUS LOGON   Account Domain:  NT AUTHORITY   Logon ID:  0x1a82220   Linked Logon ID:  0x0   Network Account Name: -   Network Account Domain: -   Logon GUID:  {00000000-0000-0000-0000-000000000000}    Process Information:   Process ID:  0x0   Process Name:  -    Network Information:   Workstation Name: DOMINATOR-PC   Source Network Address: 192.168.1.133   Source Port:  1625    Detailed Authentication Information:   Logon Process:  NtLmSsp    Authentication Package: NTLM   Transited Services: -   Package Name (NTLM only): NTLM V1   Key Length:  128    This event is generated when a logon session is created. It is generated on the computer that was accessed.    The subject fields indicate the account on the local system which requested the logon. This is most commonly a service such as the Server service, or a local process such as Winlogon.exe or Services.exe.    The logon type field indicates the kind of logon that occurred. The most common types are 2 (interactive) and 3 (network).    The New Logon fields indicate the account for whom the new logon was created, i.e. the account that was logged on.    The network fields indicate where a remote logon request originated. Workstation name is not always available and may be left blank in some cases.    The impersonation level field indicates the extent to which a process in the logon session can impersonate.    The authentication information fields provide detailed information about this specific logon request.   - Logon GUID is a unique identifier that can be used to correlate this event with a KDC event.   - Transited services indicate which intermediate services have participated in this logon request.   - Package name indicates which sub-protocol was used among the NTLM protocols.   - Key length indicates the length of the generated session key. This will be 0 if no session key was requested.  "
24392,Security,Microsoft-Windows-Security-Auditing,FAILURE AUDIT,BlackBox,10/31/2015 5:49:04 PM,5061,None,"Cryptographic operation.    Subject:   Security ID:  S-1-5-18   Account Name:  BLACKBOX$   Account Domain:  WORKGROUP   Logon ID:  0x3e7    Cryptographic Parameters:   Provider Name: Microsoft Software Key Storage Provider   Algorithm Name: RSA   Key Name: 51a92691-66f1-280f-d0db-59fad4f73491   Key Type: User key.      Cryptographic Operation:   Operation: Open Key.     Return Code: 0x80090016  "
24391,Security,Microsoft-Windows-Security-Auditing,SUCCESS AUDIT,BlackBox,10/31/2015 5:49:04 PM,5058,None,"Key file operation.    Subject:   Security ID:  S-1-5-18   Account Name:  BLACKBOX$   Account Domain:  WORKGROUP   Logon ID:  0x3e7    Cryptographic Parameters:   Provider Name: Microsoft Software Key Storage Provider   Algorithm Name: UNKNOWN   Key Name: 51a92691-66f1-280f-d0db-59fad4f73491   Key Type: User key.      Key File Operation Information:   File Path: C:\ProgramData\Microsoft\Crypto\SystemKeys\6d00fa390c15cc4634c8ca8153b76f29_911499c7-ef29-47ed-a64c-6b1751f20848   Operation: Read persisted key from file.     Return Code: 0x0  "
24390,Security,Microsoft-Windows-Security-Auditing,SUCCESS AUDIT,BlackBox,10/31/2015 5:42:12 PM,4634,None,"An account was logged off.    Subject:   Security ID:  S-1-5-7   Account Name:  ANONYMOUS LOGON   Account Domain:  NT AUTHORITY   Logon ID:  0x19e0163    Logon Type:   3    This event is generated when a logon session is destroyed. It may be positively correlated with a logon event using the Logon ID value. Logon IDs are only unique between reboots on the same computer.  "
24389,Security,Microsoft-Windows-Security-Auditing,SUCCESS AUDIT,BlackBox,10/31/2015 5:42:02 PM,4624,None,"An account was successfully logged on.    Subject:   Security ID:  S-1-0-0   Account Name:  -   Account Domain:  -   Logon ID:  0x0    Logon Information:   Logon Type:  3   Restricted Admin Mode: -   Virtual Account:  No     Elevated Token:  No      Impersonation Level:  Impersonation      New Logon:   Security ID:  S-1-5-7   Account Name:  ANONYMOUS LOGON   Account Domain:  NT AUTHORITY   Logon ID:  0x19e0163   Linked Logon ID:  0x0   Network Account Name: -   Network Account Domain: -   Logon GUID:  {00000000-0000-0000-0000-000000000000}    Process Information:   Process ID:  0x0   Process Name:  -    Network Information:   Workstation Name: DOMINATOR-PC   Source Network Address: 192.168.1.133   Source Port:  1598    Detailed Authentication Information:   Logon Process:  NtLmSsp    Authentication Package: NTLM   Transited Services: -   Package Name (NTLM only): NTLM V1   Key Length:  128    This event is generated when a logon session is created. It is generated on the computer that was accessed.    The subject fields indicate the account on the local system which requested the logon. This is most commonly a service such as the Server service, or a local process such as Winlogon.exe or Services.exe.    The logon type field indicates the kind of logon that occurred. The most common types are 2 (interactive) and 3 (network).    The New Logon fields indicate the account for whom the new logon was created, i.e. the account that was logged on.    The network fields indicate where a remote logon request originated. Workstation name is not always available and may be left blank in some cases.    The impersonation level field indicates the extent to which a process in the logon session can impersonate.    The authentication information fields provide detailed information about this specific logon request.   - Logon GUID is a unique identifier that can be used to correlate this event with a KDC event.   - Transited services indicate which intermediate services have participated in this logon request.   - Package name indicates which sub-protocol was used among the NTLM protocols.   - Key length indicates the length of the generated session key. This will be 0 if no session key was requested.  "
24388,Security,Microsoft-Windows-Security-Auditing,SUCCESS AUDIT,BlackBox,10/31/2015 5:42:02 PM,4634,None,"An account was logged off.    Subject:   Security ID:  S-1-5-7   Account Name:  ANONYMOUS LOGON   Account Domain:  NT AUTHORITY   Logon ID:  0x19e002d    Logon Type:   3    This event is generated when a logon session is destroyed. It may be positively correlated with a logon event using the Logon ID value. Logon IDs are only unique between reboots on the same computer.  "
24387,Security,Microsoft-Windows-Security-Auditing,SUCCESS AUDIT,BlackBox,10/31/2015 5:42:02 PM,4624,None,"An account was successfully logged on.    Subject:   Security ID:  S-1-0-0   Account Name:  -   Account Domain:  -   Logon ID:  0x0    Logon Information:   Logon Type:  3   Restricted Admin Mode: -   Virtual Account:  No     Elevated Token:  No      Impersonation Level:  Impersonation      New Logon:   Security ID:  S-1-5-7   Account Name:  ANONYMOUS LOGON   Account Domain:  NT AUTHORITY   Logon ID:  0x19e002d   Linked Logon ID:  0x0   Network Account Name: -   Network Account Domain: -   Logon GUID:  {00000000-0000-0000-0000-000000000000}    Process Information:   Process ID:  0x0   Process Name:  -    Network Information:   Workstation Name: DOMINATOR-PC   Source Network Address: 192.168.1.133   Source Port:  1597    Detailed Authentication Information:   Logon Process:  NtLmSsp    Authentication Package: NTLM   Transited Services: -   Package Name (NTLM only): NTLM V1   Key Length:  128    This event is generated when a logon session is created. It is generated on the computer that was accessed.    The subject fields indicate the account on the local system which requested the logon. This is most commonly a service such as the Server service, or a local process such as Winlogon.exe or Services.exe.    The logon type field indicates the kind of logon that occurred. The most common types are 2 (interactive) and 3 (network).    The New Logon fields indicate the account for whom the new logon was created, i.e. the account that was logged on.    The network fields indicate where a remote logon request originated. Workstation name is not always available and may be left blank in some cases.    The impersonation level field indicates the extent to which a process in the logon session can impersonate.    The authentication information fields provide detailed information about this specific logon request.   - Logon GUID is a unique identifier that can be used to correlate this event with a KDC event.   - Transited services indicate which intermediate services have participated in this logon request.   - Package name indicates which sub-protocol was used among the NTLM protocols.   - Key length indicates the length of the generated session key. This will be 0 if no session key was requested.  "
24386,Security,Microsoft-Windows-Security-Auditing,SUCCESS AUDIT,BlackBox,10/31/2015 5:30:12 PM,4634,None,"An account was logged off.    Subject:   Security ID:  S-1-5-7   Account Name:  ANONYMOUS LOGON   Account Domain:  NT AUTHORITY   Logon ID:  0x1940247    Logon Type:   3    This event is generated when a logon session is destroyed. It may be positively correlated with a logon event using the Logon ID value. Logon IDs are only unique between reboots on the same computer.  "
24385,Security,Microsoft-Windows-Security-Auditing,SUCCESS AUDIT,BlackBox,10/31/2015 5:30:02 PM,4624,None,"An account was successfully logged on.    Subject:   Security ID:  S-1-0-0   Account Name:  -   Account Domain:  -   Logon ID:  0x0    Logon Information:   Logon Type:  3   Restricted Admin Mode: -   Virtual Account:  No     Elevated Token:  No      Impersonation Level:  Impersonation      New Logon:   Security ID:  S-1-5-7   Account Name:  ANONYMOUS LOGON   Account Domain:  NT AUTHORITY   Logon ID:  0x1940247   Linked Logon ID:  0x0   Network Account Name: -   Network Account Domain: -   Logon GUID:  {00000000-0000-0000-0000-000000000000}    Process Information:   Process ID:  0x0   Process Name:  -    Network Information:   Workstation Name: DOMINATOR-PC   Source Network Address: 192.168.1.133   Source Port:  1575    Detailed Authentication Information:   Logon Process:  NtLmSsp    Authentication Package: NTLM   Transited Services: -   Package Name (NTLM only): NTLM V1   Key Length:  128    This event is generated when a logon session is created. It is generated on the computer that was accessed.    The subject fields indicate the account on the local system which requested the logon. This is most commonly a service such as the Server service, or a local process such as Winlogon.exe or Services.exe.    The logon type field indicates the kind of logon that occurred. The most common types are 2 (interactive) and 3 (network).    The New Logon fields indicate the account for whom the new logon was created, i.e. the account that was logged on.    The network fields indicate where a remote logon request originated. Workstation name is not always available and may be left blank in some cases.    The impersonation level field indicates the extent to which a process in the logon session can impersonate.    The authentication information fields provide detailed information about this specific logon request.   - Logon GUID is a unique identifier that can be used to correlate this event with a KDC event.   - Transited services indicate which intermediate services have participated in this logon request.   - Package name indicates which sub-protocol was used among the NTLM protocols.   - Key length indicates the length of the generated session key. This will be 0 if no session key was requested.  "
24384,Security,Microsoft-Windows-Security-Auditing,SUCCESS AUDIT,BlackBox,10/31/2015 5:30:02 PM,4634,None,"An account was logged off.    Subject:   Security ID:  S-1-5-7   Account Name:  ANONYMOUS LOGON   Account Domain:  NT AUTHORITY   Logon ID:  0x194013c    Logon Type:   3    This event is generated when a logon session is destroyed. It may be positively correlated with a logon event using the Logon ID value. Logon IDs are only unique between reboots on the same computer.  "
24383,Security,Microsoft-Windows-Security-Auditing,SUCCESS AUDIT,BlackBox,10/31/2015 5:30:02 PM,4624,None,"An account was successfully logged on.    Subject:   Security ID:  S-1-0-0   Account Name:  -   Account Domain:  -   Logon ID:  0x0    Logon Information:   Logon Type:  3   Restricted Admin Mode: -   Virtual Account:  No     Elevated Token:  No      Impersonation Level:  Impersonation      New Logon:   Security ID:  S-1-5-7   Account Name:  ANONYMOUS LOGON   Account Domain:  NT AUTHORITY   Logon ID:  0x194013c   Linked Logon ID:  0x0   Network Account Name: -   Network Account Domain: -   Logon GUID:  {00000000-0000-0000-0000-000000000000}    Process Information:   Process ID:  0x0   Process Name:  -    Network Information:   Workstation Name: DOMINATOR-PC   Source Network Address: 192.168.1.133   Source Port:  1574    Detailed Authentication Information:   Logon Process:  NtLmSsp    Authentication Package: NTLM   Transited Services: -   Package Name (NTLM only): NTLM V1   Key Length:  128    This event is generated when a logon session is created. It is generated on the computer that was accessed.    The subject fields indicate the account on the local system which requested the logon. This is most commonly a service such as the Server service, or a local process such as Winlogon.exe or Services.exe.    The logon type field indicates the kind of logon that occurred. The most common types are 2 (interactive) and 3 (network).    The New Logon fields indicate the account for whom the new logon was created, i.e. the account that was logged on.    The network fields indicate where a remote logon request originated. Workstation name is not always available and may be left blank in some cases.    The impersonation level field indicates the extent to which a process in the logon session can impersonate.    The authentication information fields provide detailed information about this specific logon request.   - Logon GUID is a unique identifier that can be used to correlate this event with a KDC event.   - Transited services indicate which intermediate services have participated in this logon request.   - Package name indicates which sub-protocol was used among the NTLM protocols.   - Key length indicates the length of the generated session key. This will be 0 if no session key was requested.  "
24382,Security,Microsoft-Windows-Security-Auditing,FAILURE AUDIT,BlackBox,10/31/2015 5:19:37 PM,5061,None,"Cryptographic operation.    Subject:   Security ID:  S-1-5-18   Account Name:  BLACKBOX$   Account Domain:  WORKGROUP   Logon ID:  0x3e7    Cryptographic Parameters:   Provider Name: Microsoft Software Key Storage Provider   Algorithm Name: RSA   Key Name: 51a92691-66f1-280f-d0db-59fad4f73491   Key Type: User key.      Cryptographic Operation:   Operation: Open Key.     Return Code: 0x80090016  "
24381,Security,Microsoft-Windows-Security-Auditing,SUCCESS AUDIT,BlackBox,10/31/2015 5:19:37 PM,5058,None,"Key file operation.    Subject:   Security ID:  S-1-5-18   Account Name:  BLACKBOX$   Account Domain:  WORKGROUP   Logon ID:  0x3e7    Cryptographic Parameters:   Provider Name: Microsoft Software Key Storage Provider   Algorithm Name: UNKNOWN   Key Name: 51a92691-66f1-280f-d0db-59fad4f73491   Key Type: User key.      Key File Operation Information:   File Path: C:\ProgramData\Microsoft\Crypto\SystemKeys\6d00fa390c15cc4634c8ca8153b76f29_911499c7-ef29-47ed-a64c-6b1751f20848   Operation: Read persisted key from file.     Return Code: 0x0  "
24380,Security,Microsoft-Windows-Security-Auditing,SUCCESS AUDIT,BlackBox,10/31/2015 5:18:08 PM,4634,None,"An account was logged off.    Subject:   Security ID:  S-1-5-7   Account Name:  ANONYMOUS LOGON   Account Domain:  NT AUTHORITY   Logon ID:  0x1896bb7    Logon Type:   3    This event is generated when a logon session is destroyed. It may be positively correlated with a logon event using the Logon ID value. Logon IDs are only unique between reboots on the same computer.  "
24379,Security,Microsoft-Windows-Security-Auditing,SUCCESS AUDIT,BlackBox,10/31/2015 5:17:57 PM,4624,None,"An account was successfully logged on.    Subject:   Security ID:  S-1-0-0   Account Name:  -   Account Domain:  -   Logon ID:  0x0    Logon Information:   Logon Type:  3   Restricted Admin Mode: -   Virtual Account:  No     Elevated Token:  No      Impersonation Level:  Impersonation      New Logon:   Security ID:  S-1-5-7   Account Name:  ANONYMOUS LOGON   Account Domain:  NT AUTHORITY   Logon ID:  0x1896bb7   Linked Logon ID:  0x0   Network Account Name: -   Network Account Domain: -   Logon GUID:  {00000000-0000-0000-0000-000000000000}    Process Information:   Process ID:  0x0   Process Name:  -    Network Information:   Workstation Name: DOMINATOR-PC   Source Network Address: 192.168.1.133   Source Port:  1549    Detailed Authentication Information:   Logon Process:  NtLmSsp    Authentication Package: NTLM   Transited Services: -   Package Name (NTLM only): NTLM V1   Key Length:  128    This event is generated when a logon session is created. It is generated on the computer that was accessed.    The subject fields indicate the account on the local system which requested the logon. This is most commonly a service such as the Server service, or a local process such as Winlogon.exe or Services.exe.    The logon type field indicates the kind of logon that occurred. The most common types are 2 (interactive) and 3 (network).    The New Logon fields indicate the account for whom the new logon was created, i.e. the account that was logged on.    The network fields indicate where a remote logon request originated. Workstation name is not always available and may be left blank in some cases.    The impersonation level field indicates the extent to which a process in the logon session can impersonate.    The authentication information fields provide detailed information about this specific logon request.   - Logon GUID is a unique identifier that can be used to correlate this event with a KDC event.   - Transited services indicate which intermediate services have participated in this logon request.   - Package name indicates which sub-protocol was used among the NTLM protocols.   - Key length indicates the length of the generated session key. This will be 0 if no session key was requested.  "
24378,Security,Microsoft-Windows-Security-Auditing,SUCCESS AUDIT,BlackBox,10/31/2015 5:17:57 PM,4634,None,"An account was logged off.    Subject:   Security ID:  S-1-5-7   Account Name:  ANONYMOUS LOGON   Account Domain:  NT AUTHORITY   Logon ID:  0x1896aa6    Logon Type:   3    This event is generated when a logon session is destroyed. It may be positively correlated with a logon event using the Logon ID value. Logon IDs are only unique between reboots on the same computer.  "
24377,Security,Microsoft-Windows-Security-Auditing,SUCCESS AUDIT,BlackBox,10/31/2015 5:17:57 PM,4624,None,"An account was successfully logged on.    Subject:   Security ID:  S-1-0-0   Account Name:  -   Account Domain:  -   Logon ID:  0x0    Logon Information:   Logon Type:  3   Restricted Admin Mode: -   Virtual Account:  No     Elevated Token:  No      Impersonation Level:  Impersonation      New Logon:   Security ID:  S-1-5-7   Account Name:  ANONYMOUS LOGON   Account Domain:  NT AUTHORITY   Logon ID:  0x1896aa6   Linked Logon ID:  0x0   Network Account Name: -   Network Account Domain: -   Logon GUID:  {00000000-0000-0000-0000-000000000000}    Process Information:   Process ID:  0x0   Process Name:  -    Network Information:   Workstation Name: DOMINATOR-PC   Source Network Address: 192.168.1.133   Source Port:  1548    Detailed Authentication Information:   Logon Process:  NtLmSsp    Authentication Package: NTLM   Transited Services: -   Package Name (NTLM only): NTLM V1   Key Length:  128    This event is generated when a logon session is created. It is generated on the computer that was accessed.    The subject fields indicate the account on the local system which requested the logon. This is most commonly a service such as the Server service, or a local process such as Winlogon.exe or Services.exe.    The logon type field indicates the kind of logon that occurred. The most common types are 2 (interactive) and 3 (network).    The New Logon fields indicate the account for whom the new logon was created, i.e. the account that was logged on.    The network fields indicate where a remote logon request originated. Workstation name is not always available and may be left blank in some cases.    The impersonation level field indicates the extent to which a process in the logon session can impersonate.    The authentication information fields provide detailed information about this specific logon request.   - Logon GUID is a unique identifier that can be used to correlate this event with a KDC event.   - Transited services indicate which intermediate services have participated in this logon request.   - Package name indicates which sub-protocol was used among the NTLM protocols.   - Key length indicates the length of the generated session key. This will be 0 if no session key was requested.  "
24376,Security,Microsoft-Windows-Security-Auditing,SUCCESS AUDIT,BlackBox,10/31/2015 5:06:08 PM,4634,None,"An account was logged off.    Subject:   Security ID:  S-1-5-7   Account Name:  ANONYMOUS LOGON   Account Domain:  NT AUTHORITY   Logon ID:  0x181171a    Logon Type:   3    This event is generated when a logon session is destroyed. It may be positively correlated with a logon event using the Logon ID value. Logon IDs are only unique between reboots on the same computer.  "
24375,Security,Microsoft-Windows-Security-Auditing,SUCCESS AUDIT,BlackBox,10/31/2015 5:05:57 PM,4624,None,"An account was successfully logged on.    Subject:   Security ID:  S-1-0-0   Account Name:  -   Account Domain:  -   Logon ID:  0x0    Logon Information:   Logon Type:  3   Restricted Admin Mode: -   Virtual Account:  No     Elevated Token:  No      Impersonation Level:  Impersonation      New Logon:   Security ID:  S-1-5-7   Account Name:  ANONYMOUS LOGON   Account Domain:  NT AUTHORITY   Logon ID:  0x181171a   Linked Logon ID:  0x0   Network Account Name: -   Network Account Domain: -   Logon GUID:  {00000000-0000-0000-0000-000000000000}    Process Information:   Process ID:  0x0   Process Name:  -    Network Information:   Workstation Name: DOMINATOR-PC   Source Network Address: 192.168.1.133   Source Port:  1525    Detailed Authentication Information:   Logon Process:  NtLmSsp    Authentication Package: NTLM   Transited Services: -   Package Name (NTLM only): NTLM V1   Key Length:  128    This event is generated when a logon session is created. It is generated on the computer that was accessed.    The subject fields indicate the account on the local system which requested the logon. This is most commonly a service such as the Server service, or a local process such as Winlogon.exe or Services.exe.    The logon type field indicates the kind of logon that occurred. The most common types are 2 (interactive) and 3 (network).    The New Logon fields indicate the account for whom the new logon was created, i.e. the account that was logged on.    The network fields indicate where a remote logon request originated. Workstation name is not always available and may be left blank in some cases.    The impersonation level field indicates the extent to which a process in the logon session can impersonate.    The authentication information fields provide detailed information about this specific logon request.   - Logon GUID is a unique identifier that can be used to correlate this event with a KDC event.   - Transited services indicate which intermediate services have participated in this logon request.   - Package name indicates which sub-protocol was used among the NTLM protocols.   - Key length indicates the length of the generated session key. This will be 0 if no session key was requested.  "
24374,Security,Microsoft-Windows-Security-Auditing,SUCCESS AUDIT,BlackBox,10/31/2015 5:05:57 PM,4634,None,"An account was logged off.    Subject:   Security ID:  S-1-5-7   Account Name:  ANONYMOUS LOGON   Account Domain:  NT AUTHORITY   Logon ID:  0x181160d    Logon Type:   3    This event is generated when a logon session is destroyed. It may be positively correlated with a logon event using the Logon ID value. Logon IDs are only unique between reboots on the same computer.  "
24373,Security,Microsoft-Windows-Security-Auditing,SUCCESS AUDIT,BlackBox,10/31/2015 5:05:57 PM,4624,None,"An account was successfully logged on.    Subject:   Security ID:  S-1-0-0   Account Name:  -   Account Domain:  -   Logon ID:  0x0    Logon Information:   Logon Type:  3   Restricted Admin Mode: -   Virtual Account:  No     Elevated Token:  No      Impersonation Level:  Impersonation      New Logon:   Security ID:  S-1-5-7   Account Name:  ANONYMOUS LOGON   Account Domain:  NT AUTHORITY   Logon ID:  0x181160d   Linked Logon ID:  0x0   Network Account Name: -   Network Account Domain: -   Logon GUID:  {00000000-0000-0000-0000-000000000000}    Process Information:   Process ID:  0x0   Process Name:  -    Network Information:   Workstation Name: DOMINATOR-PC   Source Network Address: 192.168.1.133   Source Port:  1524    Detailed Authentication Information:   Logon Process:  NtLmSsp    Authentication Package: NTLM   Transited Services: -   Package Name (NTLM only): NTLM V1   Key Length:  128    This event is generated when a logon session is created. It is generated on the computer that was accessed.    The subject fields indicate the account on the local system which requested the logon. This is most commonly a service such as the Server service, or a local process such as Winlogon.exe or Services.exe.    The logon type field indicates the kind of logon that occurred. The most common types are 2 (interactive) and 3 (network).    The New Logon fields indicate the account for whom the new logon was created, i.e. the account that was logged on.    The network fields indicate where a remote logon request originated. Workstation name is not always available and may be left blank in some cases.    The impersonation level field indicates the extent to which a process in the logon session can impersonate.    The authentication information fields provide detailed information about this specific logon request.   - Logon GUID is a unique identifier that can be used to correlate this event with a KDC event.   - Transited services indicate which intermediate services have participated in this logon request.   - Package name indicates which sub-protocol was used among the NTLM protocols.   - Key length indicates the length of the generated session key. This will be 0 if no session key was requested.  "
24372,Security,Microsoft-Windows-Security-Auditing,SUCCESS AUDIT,BlackBox,10/31/2015 4:53:38 PM,4634,None,"An account was logged off.    Subject:   Security ID:  S-1-5-7   Account Name:  ANONYMOUS LOGON   Account Domain:  NT AUTHORITY   Logon ID:  0x1746b33    Logon Type:   3    This event is generated when a logon session is destroyed. It may be positively correlated with a logon event using the Logon ID value. Logon IDs are only unique between reboots on the same computer.  "
24371,Security,Microsoft-Windows-Security-Auditing,SUCCESS AUDIT,BlackBox,10/31/2015 4:53:27 PM,4624,None,"An account was successfully logged on.    Subject:   Security ID:  S-1-0-0   Account Name:  -   Account Domain:  -   Logon ID:  0x0    Logon Information:   Logon Type:  3   Restricted Admin Mode: -   Virtual Account:  No     Elevated Token:  No      Impersonation Level:  Impersonation      New Logon:   Security ID:  S-1-5-7   Account Name:  ANONYMOUS LOGON   Account Domain:  NT AUTHORITY   Logon ID:  0x1746b33   Linked Logon ID:  0x0   Network Account Name: -   Network Account Domain: -   Logon GUID:  {00000000-0000-0000-0000-000000000000}    Process Information:   Process ID:  0x0   Process Name:  -    Network Information:   Workstation Name: DOMINATOR-PC   Source Network Address: 192.168.1.133   Source Port:  1501    Detailed Authentication Information:   Logon Process:  NtLmSsp    Authentication Package: NTLM   Transited Services: -   Package Name (NTLM only): NTLM V1   Key Length:  128    This event is generated when a logon session is created. It is generated on the computer that was accessed.    The subject fields indicate the account on the local system which requested the logon. This is most commonly a service such as the Server service, or a local process such as Winlogon.exe or Services.exe.    The logon type field indicates the kind of logon that occurred. The most common types are 2 (interactive) and 3 (network).    The New Logon fields indicate the account for whom the new logon was created, i.e. the account that was logged on.    The network fields indicate where a remote logon request originated. Workstation name is not always available and may be left blank in some cases.    The impersonation level field indicates the extent to which a process in the logon session can impersonate.    The authentication information fields provide detailed information about this specific logon request.   - Logon GUID is a unique identifier that can be used to correlate this event with a KDC event.   - Transited services indicate which intermediate services have participated in this logon request.   - Package name indicates which sub-protocol was used among the NTLM protocols.   - Key length indicates the length of the generated session key. This will be 0 if no session key was requested.  "
24370,Security,Microsoft-Windows-Security-Auditing,SUCCESS AUDIT,BlackBox,10/31/2015 4:53:27 PM,4634,None,"An account was logged off.    Subject:   Security ID:  S-1-5-7   Account Name:  ANONYMOUS LOGON   Account Domain:  NT AUTHORITY   Logon ID:  0x1746a19    Logon Type:   3    This event is generated when a logon session is destroyed. It may be positively correlated with a logon event using the Logon ID value. Logon IDs are only unique between reboots on the same computer.  "
24369,Security,Microsoft-Windows-Security-Auditing,SUCCESS AUDIT,BlackBox,10/31/2015 4:53:27 PM,4624,None,"An account was successfully logged on.    Subject:   Security ID:  S-1-0-0   Account Name:  -   Account Domain:  -   Logon ID:  0x0    Logon Information:   Logon Type:  3   Restricted Admin Mode: -   Virtual Account:  No     Elevated Token:  No      Impersonation Level:  Impersonation      New Logon:   Security ID:  S-1-5-7   Account Name:  ANONYMOUS LOGON   Account Domain:  NT AUTHORITY   Logon ID:  0x1746a19   Linked Logon ID:  0x0   Network Account Name: -   Network Account Domain: -   Logon GUID:  {00000000-0000-0000-0000-000000000000}    Process Information:   Process ID:  0x0   Process Name:  -    Network Information:   Workstation Name: DOMINATOR-PC   Source Network Address: 192.168.1.133   Source Port:  1500    Detailed Authentication Information:   Logon Process:  NtLmSsp    Authentication Package: NTLM   Transited Services: -   Package Name (NTLM only): NTLM V1   Key Length:  128    This event is generated when a logon session is created. It is generated on the computer that was accessed.    The subject fields indicate the account on the local system which requested the logon. This is most commonly a service such as the Server service, or a local process such as Winlogon.exe or Services.exe.    The logon type field indicates the kind of logon that occurred. The most common types are 2 (interactive) and 3 (network).    The New Logon fields indicate the account for whom the new logon was created, i.e. the account that was logged on.    The network fields indicate where a remote logon request originated. Workstation name is not always available and may be left blank in some cases.    The impersonation level field indicates the extent to which a process in the logon session can impersonate.    The authentication information fields provide detailed information about this specific logon request.   - Logon GUID is a unique identifier that can be used to correlate this event with a KDC event.   - Transited services indicate which intermediate services have participated in this logon request.   - Package name indicates which sub-protocol was used among the NTLM protocols.   - Key length indicates the length of the generated session key. This will be 0 if no session key was requested.  "
